#
# A fatal error has been detected by the Java Runtime Environment:
#
#  EXCEPTION_ACCESS_VIOLATION (0xc0000005) at pc=0x00007ffc811aa1a5, pid=13808, tid=2100
#
# JRE version: Java(TM) SE Runtime Environment (9.0+11) (build 9.0.4+11)
# Java VM: Java HotSpot(TM) 64-Bit Server VM (9.0.4+11, mixed mode, tiered, compressed oops, g1 gc, windows-amd64)
# Problematic frame:
# C  [librdi_common.dll+0x17a1a5]
#
# No core dump will be written. Minidumps are not enabled by default on client versions of Windows
#
# If you would like to submit a bug report, please visit:
#   http://bugreport.java.com/bugreport/crash.jsp
# The crash happened outside the Java Virtual Machine in native code.
# See problematic frame for where to report the bug.
#

---------------  S U M M A R Y ------------

Command Line: -Dsun.java2d.pmoffscreen=false -Dsun.java2d.xrender=false -Dsun.java2d.d3d=false -Dsun.awt.nopixfmt=true -Dsun.java2d.dpiaware=true -Dsun.java2d.uiScale.enabled=false -Xverify:none -Dswing.aatext=true -XX:-UsePerfData -Djdk.map.althashing.threshold=512 -XX:StringTableSize=4072 --add-opens=java.base/java.nio=ALL-UNNAMED --add-opens=java.desktop/sun.swing=ALL-UNNAMED --add-opens=java.desktop/javax.swing=ALL-UNNAMED --add-opens=java.desktop/javax.swing.tree=ALL-UNNAMED --add-opens=java.desktop/javax.swing.plaf.basic=ALL-UNNAMED --add-opens=java.desktop/javax.swing.plaf.synth=ALL-UNNAMED --add-opens=java.desktop/com.sun.awt=ALL-UNNAMED -XX:NewSize=60m -XX:MaxNewSize=60m -Xms128m -Xmx3072m -Xss5m 

Host: Intel(R) Core(TM) i7-10750H CPU @ 2.60GHz, 12 cores, 15G,  Windows 10 , 64 bit Build 19041 (10.0.19041.5794)
Time: Sun May 18 00:15:00 2025 ?¡Â?¡¤??¨¢?¨º¡À elapsed time: 329 seconds (0d 0h 5m 29s)

---------------  T H R E A D  ---------------

Current thread (0x0000025346727800):  JavaThread "AWT-EventQueue-1" [_thread_in_native, id=2100, stack(0x000000ed12100000,0x000000ed12600000)]

Stack: [0x000000ed12100000,0x000000ed12600000],  sp=0x000000ed125fa9d0,  free space=5098k
Native frames: (J=compiled Java code, j=interpreted, Vv=VM code, C=native code)
C  [librdi_common.dll+0x17a1a5]
C  [librdi_common.dll+0x16ee15]
C  [librdi_common.dll+0x1386da]
C  0x00007ffc3e061eff
C  0x00007ffc3e0e21df
C  0x00007ffc3e0e9e19
C  0x00007ffc3e0ba4cb
C  0x00007ffc3e0f6de7
C  0x000002532ba3921c

Java frames: (J=compiled Java code, j=interpreted, Vv=VM code)
j  ui.views.waveform.waveformi.WVExecutive_getTooltipTextDelayed(J)Ljava/lang/String;+0
j  ui.views.waveform.executive.a.gFj()Ljava/lang/String;+4
j  ui.views.waveform.b.a.bG(Ljava/awt/event/MouseEvent;)V+85
j  ui.views.waveform.b.a.bF(Ljava/awt/event/MouseEvent;)V+24
j  ui.views.waveform.b.a.mouseMoved(Ljava/awt/event/MouseEvent;)V+28
J 18117 c2 java.awt.AWTEventMulticaster.mouseMoved(Ljava/awt/event/MouseEvent;)V java.desktop@9.0.4 (27 bytes) @ 0x0000025334571174 [0x00000253345710c0+0x00000000000000b4]
J 18117 c2 java.awt.AWTEventMulticaster.mouseMoved(Ljava/awt/event/MouseEvent;)V java.desktop@9.0.4 (27 bytes) @ 0x0000025334571134 [0x00000253345710c0+0x0000000000000074]
J 8871 c1 java.awt.Component.processMouseMotionEvent(Ljava/awt/event/MouseEvent;)V java.desktop@9.0.4 (58 bytes) @ 0x000002532d40fa84 [0x000002532d40f7e0+0x00000000000002a4]
J 8870 c1 javax.swing.JComponent.processMouseMotionEvent(Ljava/awt/event/MouseEvent;)V java.desktop@9.0.4 (46 bytes) @ 0x000002532d40f17c [0x000002532d40ebc0+0x00000000000005bc]
j  ui.frmwork.c.i.processMouseMotionEvent(Ljava/awt/event/MouseEvent;)V+109
J 18038 c2 java.awt.Container.processEvent(Ljava/awt/AWTEvent;)V java.desktop@9.0.4 (22 bytes) @ 0x00000253345498c4 [0x0000025334549740+0x0000000000000184]
J 17745 c1 java.awt.Component.dispatchEventImpl(Ljava/awt/AWTEvent;)V java.desktop@9.0.4 (739 bytes) @ 0x000002532e5a9914 [0x000002532e5a5ae0+0x0000000000003e34]
J 18385 c2 java.awt.Container.dispatchEventImpl(Ljava/awt/AWTEvent;)V java.desktop@9.0.4 (129 bytes) @ 0x0000025333e6ccbc [0x0000025333e6c9a0+0x000000000000031c]
J 18137 c2 java.awt.LightweightDispatcher.retargetMouseEvent(Ljava/awt/Component;ILjava/awt/event/MouseEvent;)V java.desktop@9.0.4 (350 bytes) @ 0x00000253345789d4 [0x0000025334578420+0x00000000000005b4]
J 18385 c2 java.awt.Container.dispatchEventImpl(Ljava/awt/AWTEvent;)V java.desktop@9.0.4 (129 bytes) @ 0x0000025333e6d3c4 [0x0000025333e6c9a0+0x0000000000000a24]
J 8691 c1 java.awt.Window.dispatchEventImpl(Ljava/awt/AWTEvent;)V java.desktop@9.0.4 (23 bytes) @ 0x000002532d357374 [0x000002532d356da0+0x00000000000005d4]
J 13106 c2 java.awt.EventQueue$3.run()Ljava/lang/Object; java.desktop@9.0.4 (5 bytes) @ 0x0000025333f620a8 [0x0000025333f61aa0+0x0000000000000608]
v  ~StubRoutines::call_stub
J 3688  java.security.AccessController.doPrivileged(Ljava/security/PrivilegedAction;Ljava/security/AccessControlContext;)Ljava/lang/Object; java.base@9.0.4 (0 bytes) @ 0x00000253336e17c6 [0x00000253336e1760+0x0000000000000066]
J 17804 c2 java.awt.EventQueue$4.run()Ljava/lang/Object; java.desktop@9.0.4 (5 bytes) @ 0x0000025334513d40 [0x0000025334513ae0+0x0000000000000260]
v  ~StubRoutines::call_stub
J 3688  java.security.AccessController.doPrivileged(Ljava/security/PrivilegedAction;Ljava/security/AccessControlContext;)Ljava/lang/Object; java.base@9.0.4 (0 bytes) @ 0x00000253336e17c6 [0x00000253336e1760+0x0000000000000066]
J 12413 c2 ui.frmwork.b.d.dispatchEvent(Ljava/awt/AWTEvent;)V (34 bytes) @ 0x0000025333e73814 [0x0000025333e733e0+0x0000000000000434]
J 18381 c2 java.awt.EventDispatchThread.pumpOneEventForFilters(I)V java.desktop@9.0.4 (218 bytes) @ 0x0000025333c9a0f0 [0x0000025333c99c20+0x00000000000004d0]
j  java.awt.EventDispatchThread.pumpEventsForFilter(ILjava/awt/Conditional;Ljava/awt/EventFilter;)V+35 java.desktop@9.0.4
j  java.awt.EventDispatchThread.pumpEventsForHierarchy(ILjava/awt/Conditional;Ljava/awt/Component;)V+11 java.desktop@9.0.4
j  java.awt.EventDispatchThread.pumpEvents(ILjava/awt/Conditional;)V+4 java.desktop@9.0.4
j  java.awt.EventDispatchThread.pumpEvents(Ljava/awt/Conditional;)V+3 java.desktop@9.0.4
j  java.awt.EventDispatchThread.run()V+9 java.desktop@9.0.4
v  ~StubRoutines::call_stub

siginfo: EXCEPTION_ACCESS_VIOLATION (0xc0000005), reading address 0xffffffffffffffff


Register to memory mapping:

RIP=0x00007ffc811aa1a5 librdi_common.dll
RAX=0x000002531a153a01 is an unknown value
RBX=0x900733005cef2889 is an unknown value
RCX=0x000002531a153ab0 is an unknown value
RDX=0x900733005cef2889 is an unknown value
RSP=0x000000ed125fa9d0 is pointing into the stack for thread: 0x0000025346727800
RBP=0x000000ed125fab00 is pointing into the stack for thread: 0x0000025346727800
RSI=0x000002534b33c770 is an unknown value
RDI=0x000000ed125fabe8 is pointing into the stack for thread: 0x0000025346727800
R8 =0x000000ed125fabe8 is pointing into the stack for thread: 0x0000025346727800
R9 =0x0000000000000000 is an unknown value
R10=0x00007ffcb0020000 VCRUNTIME140.dll
R11=0xc2008c0000000100 is an unknown value
R12=0x000000ed125fabe8 is pointing into the stack for thread: 0x0000025346727800
R13=0x0000000000000000 is an unknown value
R14=0x00000253186f8fb0 is an unknown value
R15=0x900733005cef2889 is an unknown value


Registers:
RAX=0x000002531a153a01, RBX=0x900733005cef2889, RCX=0x000002531a153ab0, RDX=0x900733005cef2889
RSP=0x000000ed125fa9d0, RBP=0x000000ed125fab00, RSI=0x000002534b33c770, RDI=0x000000ed125fabe8
R8 =0x000000ed125fabe8, R9 =0x0000000000000000, R10=0x00007ffcb0020000, R11=0xc2008c0000000100
R12=0x000000ed125fabe8, R13=0x0000000000000000, R14=0x00000253186f8fb0, R15=0x900733005cef2889
RIP=0x00007ffc811aa1a5, EFLAGS=0x0000000000010202

Top of Stack: (sp=0x000000ed125fa9d0)
0x000000ed125fa9d0:   0000000000000018 000002534dfca3e0
0x000000ed125fa9e0:   0000000000000834 900733005cef2889
0x000000ed125fa9f0:   900733005cef2889 00007ffc8119ee15
0x000000ed125faa00:   00000000038d76d9 00007ffcaf9527a8
0x000000ed125faa10:   fffffffffffffffe 0000000000000000
0x000000ed125faa20:   00009c95c253416a 000002534dfca378
0x000000ed125faa30:   0000000000000002 00007ffc81208985
0x000000ed125faa40:   0000025348a165d0 000002534dfca398
0x000000ed125faa50:   000000ed125fad80 00007ffc81e63fe0
0x000000ed125faa60:   fffffffffffffffe 00007ffc81776a6d
0x000000ed125faa70:   fffffffffffffffe 00007ffc81e63fe0
0x000000ed125faa80:   000002534dfca350 00000253186e7b48
0x000000ed125faa90:   000000ed125fabe8 00007ffc81207c76
0x000000ed125faaa0:   000002534dfca350 000000ed125fabe8
0x000000ed125faab0:   0000025300000002 0000000000000000
0x000000ed125faac0:   fffffffffffffffe 000000000000000f 

Instructions: (pc=0x00007ffc811aa1a5)
0x00007ffc811aa185:   20 48 8b d9 e8 22 c4 04 00 48 8b c8 48 8b d3 e8
0x00007ffc811aa195:   27 0d 05 00 84 c0 75 08 33 c0 48 83 c4 20 5b c3
0x00007ffc811aa1a5:   48 8b 4b 50 48 85 c9 74 0a 48 83 c4 20 5b e9 68
0x00007ffc811aa1b5:   e2 04 00 48 8b d3 48 8d 0d 26 fc 73 00 e8 59 b7 



---------------  P R O C E S S  ---------------

Java Threads: ( => current thread )
  0x0000025346622000 JavaThread "Relaunch Simulation" [_thread_blocked, id=13380, stack(0x000000ed15600000,0x000000ed15b00000)]
  0x000002534662c000 JavaThread "Image Animator 0" daemon [_thread_blocked, id=10072, stack(0x000000ed16f00000,0x000000ed17400000)]
  0x0000025346629000 JavaThread "Thread-188" [_thread_in_native, id=13600, stack(0x000000ed0a100000,0x000000ed0a200000)]
  0x0000025346620800 JavaThread "Thread-187" [_thread_in_native, id=13920, stack(0x000000ed0a200000,0x000000ed0a300000)]
  0x0000025346623000 JavaThread "SyntheticaAnimation 50" daemon [_thread_blocked, id=6676, stack(0x000000ed14c00000,0x000000ed15100000)]
  0x0000025346626000 JavaThread "Update Runs Swing Worker" [_thread_blocked, id=2160, stack(0x000000ed16000000,0x000000ed16500000)]
  0x0000025346621800 JavaThread "hw_ila_monitor" [_thread_blocked, id=1580, stack(0x000000ed15100000,0x000000ed15600000)]
  0x0000025346624800 JavaThread "Refresh Filesets Swing Worker" [_thread_blocked, id=5728, stack(0x000000ed14700000,0x000000ed14c00000)]
  0x0000025321267800 JavaThread "SyntheticaAnimation 70" daemon [_thread_blocked, id=2524, stack(0x000000ed14200000,0x000000ed14700000)]
  0x0000025321265000 JavaThread "Swing-Shell" daemon [_thread_blocked, id=2936, stack(0x000000ed11200000,0x000000ed11700000)]
  0x0000025321264800 JavaThread "SyntheticaAnimation 25" daemon [_thread_blocked, id=4244, stack(0x000000ed13d00000,0x000000ed14200000)]
  0x0000025321261800 JavaThread "SyntheticaAnimation 50" daemon [_thread_blocked, id=4848, stack(0x000000ed13800000,0x000000ed13d00000)]
  0x0000025321266800 JavaThread "Monitor HEventQueue" [_thread_blocked, id=14232, stack(0x000000ed13300000,0x000000ed13800000)]
  0x0000025321262000 JavaThread "SyntheticaCleanerThread" daemon [_thread_blocked, id=2536, stack(0x000000ed12b00000,0x000000ed13000000)]
  0x0000025321263800 JavaThread "Batik CleanerThread" daemon [_thread_blocked, id=2152, stack(0x000000ed11700000,0x000000ed11c00000)]
=>0x0000025346727800 JavaThread "AWT-EventQueue-1" [_thread_in_native, id=2100, stack(0x000000ed12100000,0x000000ed12600000)]
  0x0000025346973800 JavaThread "Process Messages" [_thread_blocked, id=924, stack(0x000000ed11c00000,0x000000ed12100000)]
  0x000002534621c000 JavaThread "Thread-1" [_thread_in_native, id=8268, stack(0x000000ed0a500000,0x000000ed0b900000)]
  0x000002531fef4000 JavaThread "TimerQueue" daemon [_thread_blocked, id=1984, stack(0x000000ed10d00000,0x000000ed11200000)]
  0x000002531fc97000 JavaThread "AWT-Windows" daemon [_thread_in_native, id=1952, stack(0x000000ed10800000,0x000000ed10d00000)]
  0x000002531fc95800 JavaThread "AWT-Shutdown" [_thread_blocked, id=1992, stack(0x000000ed10300000,0x000000ed10800000)]
  0x000002531fc05800 JavaThread "Java2D Disposer" daemon [_thread_blocked, id=1988, stack(0x000000ed0fe00000,0x000000ed10300000)]
  0x000002531f58d800 JavaThread "Service Thread" daemon [_thread_blocked, id=15244, stack(0x000000ed0f800000,0x000000ed0fd00000)]
  0x0000025321aa8800 JavaThread "Common-Cleaner" daemon [_thread_blocked, id=15232, stack(0x000000ed0f300000,0x000000ed0f800000)]
  0x0000025321263000 JavaThread "Sweeper thread" daemon [_thread_blocked, id=15228, stack(0x000000ed0ee00000,0x000000ed0f300000)]
  0x0000025321aa1800 JavaThread "C1 CompilerThread3" daemon [_thread_blocked, id=15224, stack(0x000000ed0ed00000,0x000000ed0ee00000)]
  0x0000025321a9e800 JavaThread "C2 CompilerThread2" daemon [_thread_blocked, id=15220, stack(0x000000ed0ec00000,0x000000ed0ed00000)]
  0x0000025321a9e000 JavaThread "C2 CompilerThread1" daemon [_thread_blocked, id=15216, stack(0x000000ed0eb00000,0x000000ed0ec00000)]
  0x0000025321a9c000 JavaThread "C2 CompilerThread0" daemon [_thread_blocked, id=15212, stack(0x000000ed0ea00000,0x000000ed0eb00000)]
  0x0000025321a9b800 JavaThread "Attach Listener" daemon [_thread_blocked, id=15208, stack(0x000000ed0e500000,0x000000ed0ea00000)]
  0x000002531866c800 JavaThread "Signal Dispatcher" daemon [_thread_blocked, id=15204, stack(0x000000ed0e000000,0x000000ed0e500000)]
  0x000002531f1a2000 JavaThread "Finalizer" daemon [_thread_blocked, id=15200, stack(0x000000ed0db00000,0x000000ed0e000000)]
  0x000002531f1a1800 JavaThread "Reference Handler" daemon [_thread_blocked, id=15196, stack(0x000000ed0d600000,0x000000ed0db00000)]
  0x0000025321b77000 JavaThread "main" [_thread_blocked, id=15088, stack(0x000000ed0bb00000,0x000000ed0bc00000)]

Other Threads:
  0x000002531ea07800 VMThread "VM Thread" [stack: 0x000000ed0d500000,0x000000ed0d600000] [id=15192]
  0x000002531f666000 WatcherThread [stack: 0x000000ed0fd00000,0x000000ed0fe00000] [id=15248]
  0x0000025322836000 GCTaskThread "GC Thread#0" [stack: 0x000000ed0bc00000,0x000000ed0bd00000] [id=15092]
  0x0000025320f58000 GCTaskThread "GC Thread#1" [stack: 0x000000ed0bd00000,0x000000ed0be00000] [id=15096]
  0x0000025320f5a800 GCTaskThread "GC Thread#2" [stack: 0x000000ed0be00000,0x000000ed0bf00000] [id=15100]
  0x0000025320f58800 GCTaskThread "GC Thread#3" [stack: 0x000000ed0bf00000,0x000000ed0c000000] [id=15104]
  0x0000025320f5a000 GCTaskThread "GC Thread#4" [stack: 0x000000ed0c000000,0x000000ed0c100000] [id=15108]
  0x0000025320f5b800 GCTaskThread "GC Thread#5" [stack: 0x000000ed0c100000,0x000000ed0c200000] [id=15112]
  0x0000025320f59800 GCTaskThread "GC Thread#6" [stack: 0x000000ed0c200000,0x000000ed0c300000] [id=15116]
  0x0000025324b24800 GCTaskThread "GC Thread#7" [stack: 0x000000ed0c300000,0x000000ed0c400000] [id=15120]
  0x0000025324b29800 GCTaskThread "GC Thread#8" [stack: 0x000000ed0c400000,0x000000ed0c500000] [id=15124]
  0x0000025324b28800 GCTaskThread "GC Thread#9" [stack: 0x000000ed0c500000,0x000000ed0c600000] [id=15128]
  0x0000025321255800 ConcurrentGCThread "G1 Main Marker" [stack: 0x000000ed0d100000,0x000000ed0d200000] [id=15176]
  0x0000025324b29000 ConcurrentGCThread "G1 Marker#0" [stack: 0x000000ed0d200000,0x000000ed0d300000] [id=15180]
  0x0000025324b27800 ConcurrentGCThread "G1 Marker#1" [stack: 0x000000ed0d300000,0x000000ed0d400000] [id=15184]
  0x0000025324b24000 ConcurrentGCThread "G1 Marker#2" [stack: 0x000000ed0d400000,0x000000ed0d500000] [id=15188]
  0x000002531ed05000 ConcurrentGCThread "G1 Refine#0" [stack: 0x000000ed0cf00000,0x000000ed0d000000] [id=15168]
  0x0000025320b88800 ConcurrentGCThread "G1 Refine#1" [stack: 0x000000ed0ce00000,0x000000ed0cf00000] [id=15164]
  0x0000025320b88000 ConcurrentGCThread "G1 Refine#2" [stack: 0x000000ed0cd00000,0x000000ed0ce00000] [id=15160]
  0x000002532153e800 ConcurrentGCThread "G1 Refine#3" [stack: 0x000000ed0cc00000,0x000000ed0cd00000] [id=15156]
  0x000002532153e000 ConcurrentGCThread "G1 Refine#4" [stack: 0x000000ed0cb00000,0x000000ed0cc00000] [id=15152]
  0x0000025324b34000 ConcurrentGCThread "G1 Refine#5" [stack: 0x000000ed0ca00000,0x000000ed0cb00000] [id=15148]
  0x0000025324b33800 ConcurrentGCThread "G1 Refine#6" [stack: 0x000000ed0c900000,0x000000ed0ca00000] [id=15144]
  0x0000025324e3d000 ConcurrentGCThread "G1 Refine#7" [stack: 0x000000ed0c800000,0x000000ed0c900000] [id=15140]
  0x0000025324df1000 ConcurrentGCThread "G1 Refine#8" [stack: 0x000000ed0c700000,0x000000ed0c800000] [id=15136]
  0x0000025324103800 ConcurrentGCThread "G1 Refine#9" [stack: 0x000000ed0c600000,0x000000ed0c700000] [id=15132]
  0x000002531ed05800 ConcurrentGCThread "G1 Young RemSet Sampling" [stack: 0x000000ed0d000000,0x000000ed0d100000] [id=15172]

Threads with active compile tasks:

VM state:not at safepoint (normal execution)

VM Mutex/Monitor currently owned by a thread: None

Heap address: 0x0000000700000000, size: 3072 MB, Compressed Oops mode: Zero based, Oop shift amount: 3
Narrow klass base: 0x0000000000000000, Narrow klass shift: 3
Compressed class space size: 1073741824 Address: 0x00000007c0000000

Heap:
 garbage-first heap   total 131072K, used 116243K [0x0000000700000000, 0x0000000700100400, 0x00000007c0000000)
  region size 1024K, 50 young (51200K), 1 survivors (1024K)
 Metaspace       used 80754K, capacity 86463K, committed 86684K, reserved 1124352K
  class space    used 11177K, capacity 12176K, committed 12284K, reserved 1048576K
Heap Regions: E=young(eden), S=young(survivor), O=old, HS=humongous(starts), HC=humongous(continues), CS=collection set, F=free, A=archive, TS=gc time stamp, AC=allocation context, TAMS=top-at-mark-start (previous, next)
|   0|0x0000000700000000, 0x00000007000ffc68, 0x0000000700100000| 99%| O|  |TS  0|AC  0|TAMS 0x00000007000ffc68, 0x00000007000ffc68|
|   1|0x0000000700100000, 0x0000000700200000, 0x0000000700200000|100%|HS|  |TS  0|AC  0|TAMS 0x0000000700200000, 0x0000000700200000|
|   2|0x0000000700200000, 0x0000000700300000, 0x0000000700300000|100%|HC|  |TS  0|AC  0|TAMS 0x0000000700300000, 0x0000000700300000|
|   3|0x0000000700300000, 0x0000000700400000, 0x0000000700400000|100%|HS|  |TS  0|AC  0|TAMS 0x0000000700400000, 0x0000000700400000|
|   4|0x0000000700400000, 0x00000007004eeb30, 0x0000000700500000| 93%| O|  |TS  0|AC  0|TAMS 0x00000007004eeb30, 0x00000007004eeb30|
|   5|0x0000000700500000, 0x00000007005ff880, 0x0000000700600000| 99%| O|  |TS  0|AC  0|TAMS 0x00000007005ff880, 0x00000007005ff880|
|   6|0x0000000700600000, 0x0000000700700000, 0x0000000700700000|100%| O|  |TS  0|AC  0|TAMS 0x0000000700700000, 0x0000000700700000|
|   7|0x0000000700700000, 0x0000000700800000, 0x0000000700800000|100%| O|  |TS  0|AC  0|TAMS 0x0000000700800000, 0x0000000700800000|
|   8|0x0000000700800000, 0x00000007008fffe8, 0x0000000700900000| 99%| O|  |TS  0|AC  0|TAMS 0x00000007008fffe8, 0x00000007008fffe8|
|   9|0x0000000700900000, 0x00000007009fffe8, 0x0000000700a00000| 99%| O|  |TS  0|AC  0|TAMS 0x00000007009fffe8, 0x00000007009fffe8|
|  10|0x0000000700a00000, 0x0000000700aff9f8, 0x0000000700b00000| 99%| O|  |TS  0|AC  0|TAMS 0x0000000700aff9f8, 0x0000000700aff9f8|
|  11|0x0000000700b00000, 0x0000000700bdcf80, 0x0000000700c00000| 86%| O|  |TS  0|AC  0|TAMS 0x0000000700bdcf80, 0x0000000700bdcf80|
|  12|0x0000000700c00000, 0x0000000700cfbab0, 0x0000000700d00000| 98%| O|  |TS  0|AC  0|TAMS 0x0000000700cfbab0, 0x0000000700cfbab0|
|  13|0x0000000700d00000, 0x0000000700e00000, 0x0000000700e00000|100%| O|  |TS  0|AC  0|TAMS 0x0000000700e00000, 0x0000000700e00000|
|  14|0x0000000700e00000, 0x0000000700f00000, 0x0000000700f00000|100%| O|  |TS  0|AC  0|TAMS 0x0000000700f00000, 0x0000000700f00000|
|  15|0x0000000700f00000, 0x0000000700ff8488, 0x0000000701000000| 96%| O|  |TS  0|AC  0|TAMS 0x0000000700ff8488, 0x0000000700ff8488|
|  16|0x0000000701000000, 0x00000007010fffe8, 0x0000000701100000| 99%| O|  |TS  0|AC  0|TAMS 0x00000007010fffe8, 0x00000007010fffe8|
|  17|0x0000000701100000, 0x00000007011fffd8, 0x0000000701200000| 99%| O|  |TS  0|AC  0|TAMS 0x00000007011fffd8, 0x00000007011fffd8|
|  18|0x0000000701200000, 0x00000007012f8238, 0x0000000701300000| 96%| O|  |TS  0|AC  0|TAMS 0x00000007012f8238, 0x00000007012f8238|
|  19|0x0000000701300000, 0x00000007013ffd20, 0x0000000701400000| 99%| O|  |TS  0|AC  0|TAMS 0x00000007013ffd20, 0x00000007013ffd20|
|  20|0x0000000701400000, 0x0000000701500000, 0x0000000701500000|100%|HS|  |TS  0|AC  0|TAMS 0x0000000701500000, 0x0000000701500000|
|  21|0x0000000701500000, 0x00000007015ffff0, 0x0000000701600000| 99%| O|  |TS  0|AC  0|TAMS 0x00000007015ffff0, 0x00000007015ffff0|
|  22|0x0000000701600000, 0x00000007016ffff8, 0x0000000701700000| 99%| O|  |TS  0|AC  0|TAMS 0x00000007016ffff8, 0x00000007016ffff8|
|  23|0x0000000701700000, 0x0000000701800000, 0x0000000701800000|100%| O|  |TS  0|AC  0|TAMS 0x0000000701800000, 0x0000000701800000|
|  24|0x0000000701800000, 0x00000007018ffff8, 0x0000000701900000| 99%| O|  |TS  0|AC  0|TAMS 0x00000007018ffff8, 0x00000007018ffff8|
|  25|0x0000000701900000, 0x00000007019fffd0, 0x0000000701a00000| 99%| O|  |TS  0|AC  0|TAMS 0x00000007019fffd0, 0x00000007019fffd0|
|  26|0x0000000701a00000, 0x0000000701afff40, 0x0000000701b00000| 99%| O|  |TS  0|AC  0|TAMS 0x0000000701afff40, 0x0000000701afff40|
|  27|0x0000000701b00000, 0x0000000701bfffc0, 0x0000000701c00000| 99%| O|  |TS  0|AC  0|TAMS 0x0000000701bfffc0, 0x0000000701bfffc0|
|  28|0x0000000701c00000, 0x0000000701cffff8, 0x0000000701d00000| 99%| O|  |TS  0|AC  0|TAMS 0x0000000701cffff8, 0x0000000701cffff8|
|  29|0x0000000701d00000, 0x0000000701e00000, 0x0000000701e00000|100%| O|  |TS  0|AC  0|TAMS 0x0000000701e00000, 0x0000000701e00000|
|  30|0x0000000701e00000, 0x0000000701efff58, 0x0000000701f00000| 99%| O|  |TS  0|AC  0|TAMS 0x0000000701efff58, 0x0000000701efff58|
|  31|0x0000000701f00000, 0x0000000702000000, 0x0000000702000000|100%| O|  |TS  0|AC  0|TAMS 0x0000000702000000, 0x0000000702000000|
|  32|0x0000000702000000, 0x00000007020ffff0, 0x0000000702100000| 99%| O|  |TS  0|AC  0|TAMS 0x00000007020ffff0, 0x00000007020ffff0|
|  33|0x0000000702100000, 0x00000007021fffa8, 0x0000000702200000| 99%| O|  |TS  0|AC  0|TAMS 0x00000007021fffa8, 0x00000007021fffa8|
|  34|0x0000000702200000, 0x00000007022f4f70, 0x0000000702300000| 95%| O|  |TS  0|AC  0|TAMS 0x00000007022f4f70, 0x00000007022f4f70|
|  35|0x0000000702300000, 0x00000007023fe4b8, 0x0000000702400000| 99%| O|  |TS  0|AC  0|TAMS 0x00000007023fe4b8, 0x00000007023fe4b8|
|  36|0x0000000702400000, 0x00000007024ffff0, 0x0000000702500000| 99%| O|  |TS  0|AC  0|TAMS 0x00000007024ffff0, 0x00000007024ffff0|
|  37|0x0000000702500000, 0x00000007025ffff8, 0x0000000702600000| 99%| O|  |TS  0|AC  0|TAMS 0x00000007025ffff8, 0x00000007025ffff8|
|  38|0x0000000702600000, 0x00000007026ffff0, 0x0000000702700000| 99%| O|  |TS  0|AC  0|TAMS 0x00000007026ffff0, 0x00000007026ffff0|
|  39|0x0000000702700000, 0x0000000702800000, 0x0000000702800000|100%| O|  |TS  0|AC  0|TAMS 0x0000000702800000, 0x0000000702800000|
|  40|0x0000000702800000, 0x00000007028fffd8, 0x0000000702900000| 99%| O|  |TS  0|AC  0|TAMS 0x00000007028fffd8, 0x00000007028fffd8|
|  41|0x0000000702900000, 0x00000007029ffff8, 0x0000000702a00000| 99%| O|  |TS  0|AC  0|TAMS 0x00000007029ffff8, 0x00000007029ffff8|
|  42|0x0000000702a00000, 0x0000000702afffe0, 0x0000000702b00000| 99%| O|  |TS  0|AC  0|TAMS 0x0000000702afffe0, 0x0000000702afffe0|
|  43|0x0000000702b00000, 0x0000000702c00000, 0x0000000702c00000|100%| O|  |TS  0|AC  0|TAMS 0x0000000702c00000, 0x0000000702c00000|
|  44|0x0000000702c00000, 0x0000000702d00000, 0x0000000702d00000|100%| O|  |TS  0|AC  0|TAMS 0x0000000702d00000, 0x0000000702d00000|
|  45|0x0000000702d00000, 0x0000000702e00000, 0x0000000702e00000|100%|HS|  |TS  0|AC  0|TAMS 0x0000000702e00000, 0x0000000702e00000|
|  46|0x0000000702e00000, 0x0000000702f00000, 0x0000000702f00000|100%|HC|  |TS  0|AC  0|TAMS 0x0000000702f00000, 0x0000000702f00000|
|  47|0x0000000702f00000, 0x0000000703000000, 0x0000000703000000|100%|HC|  |TS  0|AC  0|TAMS 0x0000000703000000, 0x0000000703000000|
|  48|0x0000000703000000, 0x0000000703100000, 0x0000000703100000|100%|HC|  |TS  0|AC  0|TAMS 0x0000000703100000, 0x0000000703100000|
|  49|0x0000000703100000, 0x0000000703200000, 0x0000000703200000|100%|HC|  |TS  0|AC  0|TAMS 0x0000000703200000, 0x0000000703200000|
|  50|0x0000000703200000, 0x0000000703300000, 0x0000000703300000|100%|HC|  |TS  0|AC  0|TAMS 0x0000000703300000, 0x0000000703300000|
|  51|0x0000000703300000, 0x0000000703400000, 0x0000000703400000|100%|HC|  |TS  0|AC  0|TAMS 0x0000000703400000, 0x0000000703400000|
|  52|0x0000000703400000, 0x0000000703500000, 0x0000000703500000|100%|HC|  |TS  0|AC  0|TAMS 0x0000000703500000, 0x0000000703500000|
|  53|0x0000000703500000, 0x00000007035fffb0, 0x0000000703600000| 99%| O|  |TS  0|AC  0|TAMS 0x00000007035fffb0, 0x00000007035fffb0|
|  54|0x0000000703600000, 0x00000007036ff240, 0x0000000703700000| 99%| O|  |TS  0|AC  0|TAMS 0x00000007036ff240, 0x00000007036ff240|
|  55|0x0000000703700000, 0x00000007037fffc8, 0x0000000703800000| 99%| O|  |TS  0|AC  0|TAMS 0x00000007037fffc8, 0x00000007037fffc8|
|  56|0x0000000703800000, 0x0000000703900000, 0x0000000703900000|100%| O|  |TS  0|AC  0|TAMS 0x0000000703900000, 0x0000000703900000|
|  57|0x0000000703900000, 0x00000007039fffc8, 0x0000000703a00000| 99%| O|  |TS  0|AC  0|TAMS 0x00000007039fffc8, 0x00000007039fffc8|
|  58|0x0000000703a00000, 0x0000000703affff8, 0x0000000703b00000| 99%| O|  |TS  0|AC  0|TAMS 0x0000000703affff8, 0x0000000703affff8|
|  59|0x0000000703b00000, 0x0000000703c00000, 0x0000000703c00000|100%| O|  |TS  0|AC  0|TAMS 0x0000000703c00000, 0x0000000703c00000|
|  60|0x0000000703c00000, 0x0000000703cfff68, 0x0000000703d00000| 99%| O|  |TS  0|AC  0|TAMS 0x0000000703cfff68, 0x0000000703cfff68|
|  61|0x0000000703d00000, 0x0000000703dfffe8, 0x0000000703e00000| 99%| O|  |TS  0|AC  0|TAMS 0x0000000703dfffe8, 0x0000000703dfffe8|
|  62|0x0000000703e00000, 0x0000000703e86d30, 0x0000000703f00000| 52%| O|  |TS  0|AC  0|TAMS 0x0000000703e86d30, 0x0000000703e86d30|
|  63|0x0000000703f00000, 0x0000000703f00000, 0x0000000704000000|  0%| F|  |TS  0|AC  0|TAMS 0x0000000703f00000, 0x0000000703f00000|
|  64|0x0000000704000000, 0x00000007040555b0, 0x0000000704100000| 33%| S|CS|TS  0|AC  0|TAMS 0x0000000704000000, 0x0000000704000000|
|  65|0x0000000704100000, 0x0000000704100000, 0x0000000704200000|  0%| F|  |TS  0|AC  0|TAMS 0x0000000704100000, 0x0000000704100000|
|  66|0x0000000704200000, 0x0000000704200000, 0x0000000704300000|  0%| F|  |TS  0|AC  0|TAMS 0x0000000704200000, 0x0000000704200000|
|  67|0x0000000704300000, 0x0000000704300000, 0x0000000704400000|  0%| F|  |TS  0|AC  0|TAMS 0x0000000704300000, 0x0000000704300000|
|  68|0x0000000704400000, 0x0000000704400000, 0x0000000704500000|  0%| F|  |TS  0|AC  0|TAMS 0x0000000704400000, 0x0000000704400000|
|  69|0x0000000704500000, 0x0000000704600000, 0x0000000704600000|100%|HS|  |TS  0|AC  0|TAMS 0x0000000704600000, 0x0000000704600000|
|  70|0x0000000704600000, 0x0000000704700000, 0x0000000704700000|100%|HC|  |TS  0|AC  0|TAMS 0x0000000704700000, 0x0000000704700000|
|  71|0x0000000704700000, 0x0000000704800000, 0x0000000704800000|100%|HC|  |TS  0|AC  0|TAMS 0x0000000704800000, 0x0000000704800000|
|  72|0x0000000704800000, 0x0000000704800000, 0x0000000704900000|  0%| F|  |TS  0|AC  0|TAMS 0x0000000704800000, 0x0000000704800000|
|  73|0x0000000704900000, 0x0000000704900000, 0x0000000704a00000|  0%| F|  |TS  0|AC  0|TAMS 0x0000000704900000, 0x0000000704900000|
|  74|0x0000000704a00000, 0x0000000704a00000, 0x0000000704b00000|  0%| F|  |TS  0|AC  0|TAMS 0x0000000704a00000, 0x0000000704a00000|
|  75|0x0000000704b00000, 0x0000000704b00000, 0x0000000704c00000|  0%| F|  |TS  0|AC  0|TAMS 0x0000000704b00000, 0x0000000704b00000|
|  76|0x0000000704c00000, 0x0000000704c00000, 0x0000000704d00000|  0%| F|  |TS  0|AC  0|TAMS 0x0000000704c00000, 0x0000000704c00000|
|  77|0x0000000704d00000, 0x0000000704d00000, 0x0000000704e00000|  0%| F|  |TS  0|AC  0|TAMS 0x0000000704d00000, 0x0000000704d00000|
|  78|0x0000000704e00000, 0x0000000704e00000, 0x0000000704f00000|  0%| F|  |TS  0|AC  0|TAMS 0x0000000704e00000, 0x0000000704e00000|
|  79|0x0000000704f00000, 0x0000000704f063b0, 0x0000000705000000|  2%| E|  |TS  0|AC  0|TAMS 0x0000000704f00000, 0x0000000704f00000|
|  80|0x0000000705000000, 0x0000000705100000, 0x0000000705100000|100%| E|CS|TS  0|AC  0|TAMS 0x0000000705000000, 0x0000000705000000|
|  81|0x0000000705100000, 0x0000000705200000, 0x0000000705200000|100%| E|CS|TS  0|AC  0|TAMS 0x0000000705100000, 0x0000000705100000|
|  82|0x0000000705200000, 0x0000000705300000, 0x0000000705300000|100%| E|CS|TS  0|AC  0|TAMS 0x0000000705200000, 0x0000000705200000|
|  83|0x0000000705300000, 0x0000000705400000, 0x0000000705400000|100%| E|CS|TS  0|AC  0|TAMS 0x0000000705300000, 0x0000000705300000|
|  84|0x0000000705400000, 0x0000000705500000, 0x0000000705500000|100%| E|CS|TS  0|AC  0|TAMS 0x0000000705400000, 0x0000000705400000|
|  85|0x0000000705500000, 0x0000000705600000, 0x0000000705600000|100%| E|CS|TS  0|AC  0|TAMS 0x0000000705500000, 0x0000000705500000|
|  86|0x0000000705600000, 0x0000000705700000, 0x0000000705700000|100%| E|CS|TS  0|AC  0|TAMS 0x0000000705600000, 0x0000000705600000|
|  87|0x0000000705700000, 0x0000000705800000, 0x0000000705800000|100%| E|CS|TS  0|AC  0|TAMS 0x0000000705700000, 0x0000000705700000|
|  88|0x0000000705800000, 0x0000000705900000, 0x0000000705900000|100%| E|CS|TS  0|AC  0|TAMS 0x0000000705800000, 0x0000000705800000|
|  89|0x0000000705900000, 0x0000000705a00000, 0x0000000705a00000|100%| E|CS|TS  0|AC  0|TAMS 0x0000000705900000, 0x0000000705900000|
|  90|0x0000000705a00000, 0x0000000705b00000, 0x0000000705b00000|100%| E|CS|TS  0|AC  0|TAMS 0x0000000705a00000, 0x0000000705a00000|
|  91|0x0000000705b00000, 0x0000000705c00000, 0x0000000705c00000|100%| E|CS|TS  0|AC  0|TAMS 0x0000000705b00000, 0x0000000705b00000|
|  92|0x0000000705c00000, 0x0000000705d00000, 0x0000000705d00000|100%| E|CS|TS  0|AC  0|TAMS 0x0000000705c00000, 0x0000000705c00000|
|  93|0x0000000705d00000, 0x0000000705e00000, 0x0000000705e00000|100%| E|CS|TS  0|AC  0|TAMS 0x0000000705d00000, 0x0000000705d00000|
|  94|0x0000000705e00000, 0x0000000705f00000, 0x0000000705f00000|100%| E|CS|TS  0|AC  0|TAMS 0x0000000705e00000, 0x0000000705e00000|
|  95|0x0000000705f00000, 0x0000000706000000, 0x0000000706000000|100%| E|CS|TS  0|AC  0|TAMS 0x0000000705f00000, 0x0000000705f00000|
|  96|0x0000000706000000, 0x0000000706100000, 0x0000000706100000|100%| E|CS|TS  0|AC  0|TAMS 0x0000000706000000, 0x0000000706000000|
|  97|0x0000000706100000, 0x0000000706200000, 0x0000000706200000|100%| E|CS|TS  0|AC  0|TAMS 0x0000000706100000, 0x0000000706100000|
|  98|0x0000000706200000, 0x0000000706300000, 0x0000000706300000|100%| E|CS|TS  0|AC  0|TAMS 0x0000000706200000, 0x0000000706200000|
|  99|0x0000000706300000, 0x0000000706400000, 0x0000000706400000|100%| E|CS|TS  0|AC  0|TAMS 0x0000000706300000, 0x0000000706300000|
| 100|0x0000000706400000, 0x0000000706500000, 0x0000000706500000|100%| E|CS|TS  0|AC  0|TAMS 0x0000000706400000, 0x0000000706400000|
| 101|0x0000000706500000, 0x0000000706600000, 0x0000000706600000|100%| E|CS|TS  0|AC  0|TAMS 0x0000000706500000, 0x0000000706500000|
| 102|0x0000000706600000, 0x0000000706700000, 0x0000000706700000|100%| E|CS|TS  0|AC  0|TAMS 0x0000000706600000, 0x0000000706600000|
| 103|0x0000000706700000, 0x0000000706800000, 0x0000000706800000|100%| E|CS|TS  0|AC  0|TAMS 0x0000000706700000, 0x0000000706700000|
| 104|0x0000000706800000, 0x0000000706900000, 0x0000000706900000|100%| E|CS|TS  0|AC  0|TAMS 0x0000000706800000, 0x0000000706800000|
| 105|0x0000000706900000, 0x0000000706a00000, 0x0000000706a00000|100%| E|CS|TS  0|AC  0|TAMS 0x0000000706900000, 0x0000000706900000|
| 106|0x0000000706a00000, 0x0000000706b00000, 0x0000000706b00000|100%| E|CS|TS  0|AC  0|TAMS 0x0000000706a00000, 0x0000000706a00000|
| 107|0x0000000706b00000, 0x0000000706c00000, 0x0000000706c00000|100%| E|CS|TS  0|AC  0|TAMS 0x0000000706b00000, 0x0000000706b00000|
| 108|0x0000000706c00000, 0x0000000706d00000, 0x0000000706d00000|100%| E|CS|TS  0|AC  0|TAMS 0x0000000706c00000, 0x0000000706c00000|
| 109|0x0000000706d00000, 0x0000000706e00000, 0x0000000706e00000|100%| E|CS|TS  0|AC  0|TAMS 0x0000000706d00000, 0x0000000706d00000|
| 110|0x0000000706e00000, 0x0000000706f00000, 0x0000000706f00000|100%| E|CS|TS  0|AC  0|TAMS 0x0000000706e00000, 0x0000000706e00000|
| 111|0x0000000706f00000, 0x0000000707000000, 0x0000000707000000|100%| E|CS|TS  0|AC  0|TAMS 0x0000000706f00000, 0x0000000706f00000|
| 112|0x0000000707000000, 0x0000000707100000, 0x0000000707100000|100%| E|CS|TS  0|AC  0|TAMS 0x0000000707000000, 0x0000000707000000|
| 113|0x0000000707100000, 0x0000000707200000, 0x0000000707200000|100%| E|CS|TS  0|AC  0|TAMS 0x0000000707100000, 0x0000000707100000|
| 114|0x0000000707200000, 0x0000000707300000, 0x0000000707300000|100%| E|CS|TS  0|AC  0|TAMS 0x0000000707200000, 0x0000000707200000|
| 115|0x0000000707300000, 0x0000000707400000, 0x0000000707400000|100%| E|CS|TS  0|AC  0|TAMS 0x0000000707300000, 0x0000000707300000|
| 116|0x0000000707400000, 0x0000000707500000, 0x0000000707500000|100%| E|CS|TS  0|AC  0|TAMS 0x0000000707400000, 0x0000000707400000|
| 117|0x0000000707500000, 0x0000000707600000, 0x0000000707600000|100%| E|CS|TS  0|AC  0|TAMS 0x0000000707500000, 0x0000000707500000|
| 118|0x0000000707600000, 0x0000000707700000, 0x0000000707700000|100%| E|CS|TS  0|AC  0|TAMS 0x0000000707600000, 0x0000000707600000|
| 119|0x0000000707700000, 0x0000000707800000, 0x0000000707800000|100%| E|CS|TS  0|AC  0|TAMS 0x0000000707700000, 0x0000000707700000|
| 120|0x0000000707800000, 0x0000000707900000, 0x0000000707900000|100%| E|CS|TS  0|AC  0|TAMS 0x0000000707800000, 0x0000000707800000|
| 121|0x0000000707900000, 0x0000000707a00000, 0x0000000707a00000|100%| E|CS|TS  0|AC  0|TAMS 0x0000000707900000, 0x0000000707900000|
| 122|0x0000000707a00000, 0x0000000707b00000, 0x0000000707b00000|100%| E|CS|TS  0|AC  0|TAMS 0x0000000707a00000, 0x0000000707a00000|
| 123|0x0000000707b00000, 0x0000000707c00000, 0x0000000707c00000|100%| E|CS|TS  0|AC  0|TAMS 0x0000000707b00000, 0x0000000707b00000|
| 124|0x0000000707c00000, 0x0000000707d00000, 0x0000000707d00000|100%| E|CS|TS  0|AC  0|TAMS 0x0000000707c00000, 0x0000000707c00000|
| 125|0x0000000707d00000, 0x0000000707e00000, 0x0000000707e00000|100%| E|CS|TS  0|AC  0|TAMS 0x0000000707d00000, 0x0000000707d00000|
| 126|0x0000000707e00000, 0x0000000707f00000, 0x0000000707f00000|100%| E|CS|TS  0|AC  0|TAMS 0x0000000707e00000, 0x0000000707e00000|
| 127|0x0000000707f00000, 0x0000000708000000, 0x0000000708000000|100%| E|CS|TS  0|AC  0|TAMS 0x0000000707f00000, 0x0000000707f00000|

Card table byte_map: [0x000002533aa20000,0x000002533b020000] byte_map_base: 0x0000025337220000

Marking Bits (Prev, Next): (CMBitMap*) 0x0000025321ad6920, (CMBitMap*) 0x0000025321ad6958
 Prev Bits: [0x000002533b620000, 0x000002533e620000)
 Next Bits: [0x000002533e620000, 0x0000025341620000)

Polling page: 0x000002531a1f0000

CodeHeap 'non-profiled nmethods': size=120000Kb used=17095Kb max_used=17157Kb free=102904Kb
 bounds [0x00000253334f0000, 0x00000253345d0000, 0x000002533aa20000]
CodeHeap 'profiled nmethods': size=120000Kb used=38788Kb max_used=40481Kb free=81211Kb
 bounds [0x000002532bfc0000, 0x000002532e770000, 0x00000253334f0000]
CodeHeap 'non-nmethods': size=5760Kb used=1753Kb max_used=1816Kb free=4006Kb
 bounds [0x000002532ba20000, 0x000002532bc90000, 0x000002532bfc0000]
 total_blobs=26535 nmethods=15457 adapters=1070
 compilation: enabled

Compilation events (10 events):
Event: 329.875 Thread 0x0000025321aa1800 18482       3       javax.swing.plaf.basic.BasicInternalFrameTitlePane::createPropertyChangeListener (5 bytes)
Event: 329.875 Thread 0x0000025321aa1800 nmethod 18482 0x000002532c8b1c90 code [0x000002532c8b1e60, 0x000002532c8b22b8]
Event: 329.875 Thread 0x0000025321aa1800 18483       3       javax.swing.plaf.basic.BasicInternalFrameTitlePane::getHandler (25 bytes)
Event: 329.875 Thread 0x0000025321aa1800 nmethod 18483 0x000002532c9c6690 code [0x000002532c9c6860, 0x000002532c9c6c38]
Event: 329.875 Thread 0x0000025321aa1800 18484       3       javax.swing.plaf.basic.BasicInternalFrameTitlePane$Handler::<init> (6 bytes)
Event: 329.875 Thread 0x0000025321aa1800 nmethod 18484 0x000002532c97fb10 code [0x000002532c97fcc0, 0x000002532c97ff38]
Event: 329.875 Thread 0x0000025321aa1800 18485       3       javax.swing.plaf.basic.BasicInternalFrameTitlePane$Handler::<init> (10 bytes)
Event: 329.875 Thread 0x0000025321aa1800 nmethod 18485 0x000002532c9aa310 code [0x000002532c9aa4c0, 0x000002532c9aa6d8]
Event: 329.889 Thread 0x0000025321a9e800 18486       4       ui.d.d::cs (27 bytes)
Event: 329.889 Thread 0x0000025321a9e800 nmethod 18486 0x0000025333ccec90 code [0x0000025333ccee20, 0x0000025333cceeb8]

GC Heap History (10 events):
Event: 317.040 GC heap before
{Heap before GC invocations=94 (full 6):
 garbage-first heap   total 131072K, used 127250K [0x0000000700000000, 0x0000000700100400, 0x00000007c0000000)
  region size 1024K, 60 young (61440K), 1 survivors (1024K)
 Metaspace       used 80555K, capacity 86271K, committed 86684K, reserved 1124352K
  class space    used 11169K, capacity 12176K, committed 12284K, reserved 1048576K
}
Event: 317.042 GC heap after
{Heap after GC invocations=95 (full 6):
 garbage-first heap   total 131072K, used 66983K [0x0000000700000000, 0x0000000700100400, 0x00000007c0000000)
  region size 1024K, 1 young (1024K), 1 survivors (1024K)
 Metaspace       used 80555K, capacity 86271K, committed 86684K, reserved 1124352K
  class space    used 11169K, capacity 12176K, committed 12284K, reserved 1048576K
}
Event: 318.809 GC heap before
{Heap before GC invocations=96 (full 6):
 garbage-first heap   total 131072K, used 127399K [0x0000000700000000, 0x0000000700100400, 0x00000007c0000000)
  region size 1024K, 61 young (62464K), 1 survivors (1024K)
 Metaspace       used 80592K, capacity 86271K, committed 86684K, reserved 1124352K
  class space    used 11169K, capacity 12176K, committed 12284K, reserved 1048576K
}
Event: 318.811 GC heap after
{Heap after GC invocations=97 (full 6):
 garbage-first heap   total 131072K, used 67112K [0x0000000700000000, 0x0000000700100400, 0x00000007c0000000)
  region size 1024K, 1 young (1024K), 1 survivors (1024K)
 Metaspace       used 80592K, capacity 86271K, committed 86684K, reserved 1124352K
  class space    used 11169K, capacity 12176K, committed 12284K, reserved 1048576K
}
Event: 323.764 GC heap before
{Heap before GC invocations=97 (full 6):
 garbage-first heap   total 131072K, used 127528K [0x0000000700000000, 0x0000000700100400, 0x00000007c0000000)
  region size 1024K, 60 young (61440K), 1 survivors (1024K)
 Metaspace       used 80629K, capacity 86335K, committed 86684K, reserved 1124352K
  class space    used 11169K, capacity 12176K, committed 12284K, reserved 1048576K
}
Event: 323.766 GC heap after
{Heap after GC invocations=98 (full 6):
 garbage-first heap   total 131072K, used 67127K [0x0000000700000000, 0x0000000700100400, 0x00000007c0000000)
  region size 1024K, 1 young (1024K), 1 survivors (1024K)
 Metaspace       used 80629K, capacity 86335K, committed 86684K, reserved 1124352K
  class space    used 11169K, capacity 12176K, committed 12284K, reserved 1048576K
}
Event: 324.184 GC heap before
{Heap before GC invocations=99 (full 6):
 garbage-first heap   total 131072K, used 70199K [0x0000000700000000, 0x0000000700100400, 0x00000007c0000000)
  region size 1024K, 5 young (5120K), 1 survivors (1024K)
 Metaspace       used 80647K, capacity 86335K, committed 86684K, reserved 1124352K
  class space    used 11169K, capacity 12176K, committed 12284K, reserved 1048576K
}
Event: 324.304 GC heap after
{Heap after GC invocations=100 (full 7):
 garbage-first heap   total 131072K, used 66749K [0x0000000700000000, 0x0000000700100400, 0x00000007c0000000)
  region size 1024K, 0 young (0K), 0 survivors (0K)
 Metaspace       used 80647K, capacity 86335K, committed 86684K, reserved 1124352K
  class space    used 11169K, capacity 12176K, committed 12284K, reserved 1048576K
}
Event: 327.477 GC heap before
{Heap before GC invocations=100 (full 7):
 garbage-first heap   total 131072K, used 128189K [0x0000000700000000, 0x0000000700100400, 0x00000007c0000000)
  region size 1024K, 60 young (61440K), 0 survivors (0K)
 Metaspace       used 80667K, capacity 86399K, committed 86684K, reserved 1124352K
  class space    used 11169K, capacity 12176K, committed 12284K, reserved 1048576K
}
Event: 327.479 GC heap after
{Heap after GC invocations=101 (full 7):
 garbage-first heap   total 131072K, used 67091K [0x0000000700000000, 0x0000000700100400, 0x00000007c0000000)
  region size 1024K, 1 young (1024K), 1 survivors (1024K)
 Metaspace       used 80667K, capacity 86399K, committed 86684K, reserved 1124352K
  class space    used 11169K, capacity 12176K, committed 12284K, reserved 1048576K
}

Deoptimization events (10 events):
Event: 317.673 Thread 0x0000025346727800 Uncommon trap: reason=bimorphic_or_optimized_type_check action=maybe_recompile pc=0x0000025333b9812c method=java.lang.Throwable.<init>()V @ 24 c2
Event: 317.885 Thread 0x0000025346727800 Uncommon trap: reason=bimorphic_or_optimized_type_check action=maybe_recompile pc=0x0000025333b9812c method=java.lang.Throwable.<init>()V @ 24 c2
Event: 319.854 Thread 0x0000025346727800 Uncommon trap: reason=unstable_if action=reinterpret pc=0x00000253337ad23c method=javax.swing.JComponent.getBounds(Ljava/awt/Rectangle;)Ljava/awt/Rectangle; @ 1 c2
Event: 326.517 Thread 0x0000025346727800 Uncommon trap: reason=bimorphic_or_optimized_type_check action=maybe_recompile pc=0x000002533370856c method=java.util.TreeMap.getEntryUsingComparator(Ljava/lang/Object;)Ljava/util/TreeMap$Entry; @ 29 c2
Event: 328.861 Thread 0x0000025346727800 Uncommon trap: reason=bimorphic_or_optimized_type_check action=maybe_recompile pc=0x0000025333da1128 method=java.awt.Component.addNotify()V @ 200 c2
Event: 328.869 Thread 0x0000025346727800 Uncommon trap: reason=bimorphic_or_optimized_type_check action=maybe_recompile pc=0x00000253340f6a68 method=java.awt.DefaultKeyboardFocusManager.dispatchEvent(Ljava/awt/AWTEvent;)Z @ 491 c2
Event: 328.871 Thread 0x0000025346727800 Uncommon trap: reason=class_check action=maybe_recompile pc=0x000002533430c450 method=javax.swing.AbstractButton.setEnabled(Z)V @ 21 c2
Event: 329.839 Thread 0x0000025346727800 Uncommon trap: reason=unstable_if action=reinterpret pc=0x0000025333dd0fac method=java.text.DigitList.getDataChars(I)[C @ 4 c2
Event: 329.890 Thread 0x0000025346727800 Uncommon trap: reason=class_check action=maybe_recompile pc=0x0000025333c459fc method=javax.swing.plaf.synth.ParsedSynthStyle$DelegatingPainter.paintPanelBackground(Ljavax/swing/plaf/synth/SynthContext;Ljava/awt/Graphics;IIII)V @ 16 c2
Event: 329.893 Thread 0x0000025346727800 Uncommon trap: reason=class_check action=maybe_recompile pc=0x00000253340f6bd4 method=java.awt.DefaultKeyboardFocusManager.dispatchEvent(Ljava/awt/AWTEvent;)Z @ 507 c2

Classes redefined (0 events):
No events

Internal exceptions (10 events):
Event: 285.545 Thread 0x0000025346727800 Exception <a 'java/lang/NoSuchMethodError'{0x0000000705ac00e0}: java.lang.invoke.DirectMethodHandle$Holder.invokeSpecial(Ljava/lang/Object;Ljava/lang/Object;IIILjava/lang/Object;Ljava/lang/Object;ILjava/lang/Object;II)Ljava/lang/Object;> (0x0000000705ac00
Event: 285.545 Thread 0x0000025346727800 Exception <a 'java/lang/NoSuchMethodError'{0x0000000705ac3c08}: java.lang.invoke.DelegatingMethodHandle$Holder.reinvoke_L(Ljava/lang/Object;IIILjava/lang/Object;Ljava/lang/Object;ILjava/lang/Object;II)Ljava/lang/Object;> (0x0000000705ac3c08) thrown at [t:
Event: 285.545 Thread 0x0000025346727800 Exception <a 'java/lang/NoSuchMethodError'{0x0000000705ae1ec8}: method resolution failed> (0x0000000705ae1ec8) thrown at [t:/workspace/hotspot/src/share/vm/prims/methodHandles.cpp, line 1256]
Event: 285.605 Thread 0x0000025346727800 Exception <a 'java/lang/NoSuchMethodError'{0x00000007054afe30}: java.lang.invoke.DirectMethodHandle$Holder.invokeSpecial(Ljava/lang/Object;Ljava/lang/Object;ILjava/lang/Object;)V> (0x00000007054afe30) thrown at [t:/workspace/hotspot/src/share/vm/interpret
Event: 285.606 Thread 0x0000025346727800 Exception <a 'java/lang/NoSuchMethodError'{0x00000007054b5828}: java.lang.invoke.DirectMethodHandle$Holder.invokeStatic(Ljava/lang/Object;Ljava/lang/Object;ILjava/lang/Object;)Ljava/lang/Object;> (0x00000007054b5828) thrown at [t:/workspace/hotspot/src/sh
Event: 285.606 Thread 0x0000025346727800 Exception <a 'java/lang/NoSuchMethodError'{0x00000007054b8ee8}: method resolution failed> (0x00000007054b8ee8) thrown at [t:/workspace/hotspot/src/share/vm/prims/methodHandles.cpp, line 1256]
Event: 290.446 Thread 0x0000025346727800 Exception <a 'java/lang/NoSuchMethodError'{0x00000007065994f8}: java.lang.invoke.DirectMethodHandle$Holder.invokeSpecial(Ljava/lang/Object;Ljava/lang/Object;IILjava/lang/Object;ILjava/lang/Object;Ljava/lang/Object;Ljava/lang/Object;)Ljava/lang/Object;> (0
Event: 290.446 Thread 0x0000025346727800 Exception <a 'java/lang/NoSuchMethodError'{0x000000070659cf68}: java.lang.invoke.DelegatingMethodHandle$Holder.reinvoke_L(Ljava/lang/Object;IILjava/lang/Object;ILjava/lang/Object;Ljava/lang/Object;Ljava/lang/Object;)Ljava/lang/Object;> (0x000000070659cf68
Event: 290.447 Thread 0x0000025346727800 Exception <a 'java/lang/NoSuchMethodError'{0x00000007065f6898}: method resolution failed> (0x00000007065f6898) thrown at [t:/workspace/hotspot/src/share/vm/prims/methodHandles.cpp, line 1256]
Event: 290.448 Thread 0x0000025346727800 Exception <a 'java/lang/NoSuchMethodError'{0x00000007065fa578}: java.lang.invoke.DelegatingMethodHandle$Holder.reinvoke_L(Ljava/lang/Object;Ljava/lang/Object;ILjava/lang/Object;Ljava/lang/Object;Ljava/lang/Object;)Ljava/lang/Object;> (0x00000007065fa578) 

Events (10 events):
Event: 328.944 Thread 0x000002534662a800 Thread exited: 0x000002534662a800
Event: 329.839 Thread 0x0000025346727800 Uncommon trap: trap_request=0xffffff5d fr.pc=0x0000025333dd0fac relative=0x000000000000082c
Event: 329.839 Thread 0x0000025346727800 DEOPT PACKING pc=0x0000025333dd0fac sp=0x000000ed125f4e50
Event: 329.839 Thread 0x0000025346727800 DEOPT UNPACKING pc=0x000002532ba6df29 sp=0x000000ed125f4d68 mode 2
Event: 329.890 Thread 0x0000025346727800 Uncommon trap: trap_request=0xffffffde fr.pc=0x0000025333c459fc relative=0x0000000000000b1c
Event: 329.890 Thread 0x0000025346727800 DEOPT PACKING pc=0x0000025333c459fc sp=0x000000ed125fa9b0
Event: 329.890 Thread 0x0000025346727800 DEOPT UNPACKING pc=0x000002532ba6df29 sp=0x000000ed125fa928 mode 2
Event: 329.893 Thread 0x0000025346727800 Uncommon trap: trap_request=0xffffffde fr.pc=0x00000253340f6bd4 relative=0x0000000000004434
Event: 329.893 Thread 0x0000025346727800 DEOPT PACKING pc=0x00000253340f6bd4 sp=0x000000ed125f83c0
Event: 329.893 Thread 0x0000025346727800 DEOPT UNPACKING pc=0x000002532ba6df29 sp=0x000000ed125f8390 mode 2


Dynamic libraries:
0x00007ff7c7cd0000 - 0x00007ff7c7d00000 	D:\Xilinx\Vivado\2019.1\bin\unwrapped\win64.o\vivado.exe
0x00007ffcd4570000 - 0x00007ffcd4768000 	C:\WINDOWS\SYSTEM32\ntdll.dll
0x00007ffcd4260000 - 0x00007ffcd4322000 	C:\WINDOWS\System32\KERNEL32.DLL
0x00007ffcd1f40000 - 0x00007ffcd2236000 	C:\WINDOWS\System32\KERNELBASE.dll
0x00007ffcd1e40000 - 0x00007ffcd1f40000 	C:\WINDOWS\System32\ucrtbase.dll
0x00007ffcaf940000 - 0x00007ffcaf9cd000 	C:\WINDOWS\SYSTEM32\MSVCP140.dll
0x00007ffcb0020000 - 0x00007ffcb003e000 	C:\WINDOWS\SYSTEM32\VCRUNTIME140.dll
0x00007ffcb01e0000 - 0x00007ffcb01ec000 	C:\WINDOWS\SYSTEM32\VCRUNTIME140_1.dll
0x00007ffca76a0000 - 0x00007ffca76b4000 	D:\Xilinx\Vivado\2019.1\lib\win64.o\libboost_signals.dll
0x00007ffca7680000 - 0x00007ffca7694000 	D:\Xilinx\Vivado\2019.1\lib\win64.o\librdi_commonmain.dll
0x00007ffca7670000 - 0x00007ffca767a000 	D:\Xilinx\Vivado\2019.1\lib\win64.o\librdi_commonversion.dll
0x00007ffca7640000 - 0x00007ffca7666000 	D:\Xilinx\Vivado\2019.1\lib\win64.o\libboost_filesystem.dll
0x00007ffcd3120000 - 0x00007ffcd31cf000 	C:\WINDOWS\System32\ADVAPI32.dll
0x00007ffcd27f0000 - 0x00007ffcd288e000 	C:\WINDOWS\System32\msvcrt.dll
0x00007ffcd2fd0000 - 0x00007ffcd306f000 	C:\WINDOWS\System32\sechost.dll
0x00007ffcd4330000 - 0x00007ffcd4453000 	C:\WINDOWS\System32\RPCRT4.dll
0x00007ffcd2570000 - 0x00007ffcd2597000 	C:\WINDOWS\System32\bcrypt.dll
0x00007ffca1a20000 - 0x00007ffca1b41000 	D:\Xilinx\Vivado\2019.1\lib\win64.o\librdi_commonxillic.dll
0x00007ffcd3fb0000 - 0x00007ffcd414d000 	C:\WINDOWS\System32\USER32.dll
0x00007ffcd1ca0000 - 0x00007ffcd1cc2000 	C:\WINDOWS\System32\win32u.dll
0x00007ffcd25a0000 - 0x00007ffcd25cb000 	C:\WINDOWS\System32\GDI32.dll
0x00007ffcd1cd0000 - 0x00007ffcd1dea000 	C:\WINDOWS\System32\gdi32full.dll
0x00007ffcd2240000 - 0x00007ffcd22dd000 	C:\WINDOWS\System32\msvcp_win.dll
0x0000000054180000 - 0x00000000542ab000 	D:\Xilinx\Vivado\2019.1\lib\win64.o\tcl85t.dll
0x00007ffcd28f0000 - 0x00007ffcd295b000 	C:\WINDOWS\System32\WS2_32.dll
0x00007ffca7630000 - 0x00007ffca763b000 	D:\Xilinx\Vivado\2019.1\lib\win64.o\libboost_system.dll
0x00007ffc84000000 - 0x00007ffc842d8000 	D:\Xilinx\Vivado\2019.1\lib\win64.o\libXil_lmgr11.dll
0x00007ffcd32b0000 - 0x00007ffcd338a000 	C:\WINDOWS\System32\COMDLG32.dll
0x00007ffcd3390000 - 0x00007ffcd36e3000 	C:\WINDOWS\System32\combase.dll
0x00007ffcd3070000 - 0x00007ffcd311d000 	C:\WINDOWS\System32\shcore.dll
0x00007ffcd2890000 - 0x00007ffcd28e5000 	C:\WINDOWS\System32\SHLWAPI.dll
0x00007ffcd36f0000 - 0x00007ffcd3e5e000 	C:\WINDOWS\System32\SHELL32.dll
0x00007ffcd4460000 - 0x00007ffcd452d000 	C:\WINDOWS\System32\OLEAUT32.dll
0x00007ffcd2660000 - 0x00007ffcd278b000 	C:\WINDOWS\System32\ole32.dll
0x00007ffcd22e0000 - 0x00007ffcd2353000 	C:\WINDOWS\System32\WINTRUST.dll
0x00007ffcd2360000 - 0x00007ffcd24bd000 	C:\WINDOWS\System32\CRYPT32.dll
0x00007ffc93200000 - 0x00007ffc93314000 	D:\Xilinx\Vivado\2019.1\lib\win64.o\libboost_regex.dll
0x00007ffca5b40000 - 0x00007ffca5b59000 	C:\WINDOWS\SYSTEM32\NETAPI32.dll
0x00007ffcbe4e0000 - 0x00007ffcbe590000 	C:\WINDOWS\WinSxS\amd64_microsoft.windows.common-controls_6595b64144ccf1df_5.82.19041.4355_none_792ecafd2442822f\COMCTL32.dll
0x00007ffcade10000 - 0x00007ffcade19000 	C:\WINDOWS\SYSTEM32\WSOCK32.dll
0x00007ffccb1b0000 - 0x00007ffccb1cd000 	C:\WINDOWS\SYSTEM32\dhcpcsvc.DLL
0x00007ffc81030000 - 0x00007ffc81f12000 	D:\Xilinx\Vivado\2019.1\lib\win64.o\librdi_common.dll
0x00007ffca7540000 - 0x00007ffca7554000 	D:\Xilinx\Vivado\2019.1\lib\win64.o\libboost_date_time.dll
0x00007ffca3f00000 - 0x00007ffca3f7f000 	D:\Xilinx\Vivado\2019.1\lib\win64.o\libboost_program_options.dll
0x00007ffca2540000 - 0x00007ffca2561000 	D:\Xilinx\Vivado\2019.1\lib\win64.o\libboost_thread.dll
0x00007ffc80cc0000 - 0x00007ffc8102e000 	D:\Xilinx\Vivado\2019.1\lib\win64.o\libCOIN-all.dll
0x00007ffca7530000 - 0x00007ffca753f000 	D:\Xilinx\Vivado\2019.1\lib\win64.o\libboost_xilinx.dll
0x00007ffca2160000 - 0x00007ffca21e2000 	D:\Xilinx\Vivado\2019.1\lib\win64.o\libhdlpsolve.dll
0x00007ffca2080000 - 0x00007ffca2125000 	D:\Xilinx\Vivado\2019.1\lib\win64.o\libhdxml.dll
0x00007ffca2510000 - 0x00007ffca253e000 	D:\Xilinx\Vivado\2019.1\lib\win64.o\libisl_sysinfo.dll
0x00007ffca75c0000 - 0x00007ffca7625000 	D:\Xilinx\Vivado\2019.1\lib\win64.o\liblmx6.0.dll
0x00007ffca75a0000 - 0x00007ffca75ba000 	D:\Xilinx\Vivado\2019.1\lib\win64.o\pthreadVC2.dll
0x00007ffca7580000 - 0x00007ffca759c000 	D:\Xilinx\Vivado\2019.1\lib\win64.o\librdiconfig.dll
0x00007ffcaead0000 - 0x00007ffcaefa6000 	C:\WINDOWS\SYSTEM32\WININET.dll
0x00007ffcca670000 - 0x00007ffcca77a000 	C:\WINDOWS\SYSTEM32\WINHTTP.dll
0x00007ffcbf360000 - 0x00007ffcbf550000 	C:\WINDOWS\SYSTEM32\urlmon.dll
0x00007ffca23d0000 - 0x00007ffca23f1000 	D:\Xilinx\Vivado\2019.1\lib\win64.o\librdizlib.dll
0x00007ffca23a0000 - 0x00007ffca23d0000 	C:\WINDOWS\SYSTEM32\VCOMP140.DLL
0x00007ffca7570000 - 0x00007ffca757d000 	D:\Xilinx\Vivado\2019.1\lib\win64.o\libboost_chrono.dll
0x00007ffcbf070000 - 0x00007ffcbf32f000 	C:\WINDOWS\SYSTEM32\iertutil.dll
0x00007ffcbf330000 - 0x00007ffcbf358000 	C:\WINDOWS\SYSTEM32\srvcli.dll
0x00007ffcd1070000 - 0x00007ffcd107c000 	C:\WINDOWS\SYSTEM32\netutils.dll
0x00007ffccfc90000 - 0x00007ffcd0433000 	C:\WINDOWS\SYSTEM32\windows.storage.dll
0x00007ffcd1640000 - 0x00007ffcd166b000 	C:\WINDOWS\SYSTEM32\Wldp.dll
0x00007ffc7fe20000 - 0x00007ffc80cb1000 	D:\Xilinx\Vivado\2019.1\lib\win64.o\gurobi65.dll
0x0000000012000000 - 0x0000000012270000 	D:\Xilinx\Vivado\2019.1\lib\win64.o\xerces-c_3_1.dll
0x00007ffc7f270000 - 0x00007ffc7fe1f400 	D:\Xilinx\Vivado\2019.1\lib\win64.o\libisl_iostreams.dll
0x00007ffca22b0000 - 0x00007ffca22d5000 	D:\Xilinx\Vivado\2019.1\lib\win64.o\libisl_iosutils.dll
0x00007ffca3fb0000 - 0x00007ffca3fcb000 	D:\Xilinx\Vivado\2019.1\lib\win64.o\libboost_iostreams.dll
0x00007ffcd3f80000 - 0x00007ffcd3faf000 	C:\WINDOWS\System32\IMM32.DLL
0x00007ffcd17d0000 - 0x00007ffcd17e2000 	C:\WINDOWS\SYSTEM32\MSASN1.dll
0x00007ffccfb00000 - 0x00007ffccfb12000 	C:\WINDOWS\SYSTEM32\kernel.appcore.dll
0x00007ffc7ed50000 - 0x00007ffc7f267000 	D:\Xilinx\Vivado\2019.1\lib\win64.o\librdi_commontasks.dll
0x00007ffccc830000 - 0x00007ffccc83a000 	C:\WINDOWS\SYSTEM32\VERSION.dll
0x00007ffc7eac0000 - 0x00007ffc7ed46000 	D:\Xilinx\Vivado\2019.1\lib\win64.o\librdi_sio.dll
0x00007ffcd1030000 - 0x00007ffcd106b000 	C:\WINDOWS\SYSTEM32\IPHLPAPI.DLL
0x0000000053170000 - 0x0000000053b95000 	D:\Xilinx\Vivado\2019.1\tps\win64\jre9.0.4\bin\server\jvm.dll
0x00007ffcd2fb0000 - 0x00007ffcd2fb8000 	C:\WINDOWS\System32\PSAPI.DLL
0x00007ffcbe0e0000 - 0x00007ffcbe107000 	C:\WINDOWS\SYSTEM32\WINMM.dll
0x00007ffc83cc0000 - 0x00007ffc83daf000 	C:\WINDOWS\SYSTEM32\MSVCR120.dll
0x00007ffcd13a0000 - 0x00007ffcd140c000 	C:\WINDOWS\SYSTEM32\MSWSOCK.DLL
0x00007ffc7c600000 - 0x00007ffc7eabc000 	D:\Xilinx\Vivado\2019.1\lib\win64.o\librdi_tcltasks.dll
0x00007ffca1fc0000 - 0x00007ffca2038000 	D:\Xilinx\Vivado\2019.1\lib\win64.o\librdi_boarddep.dll
0x00007ffc7c510000 - 0x00007ffc7c5fb000 	D:\Xilinx\Vivado\2019.1\lib\win64.o\librdi_chipscope.dll
0x00007ffc7c100000 - 0x00007ffc7c508000 	D:\Xilinx\Vivado\2019.1\lib\win64.o\librdi_bitstream.dll
0x00007ffc7bf60000 - 0x00007ffc7c0f1000 	D:\Xilinx\Vivado\2019.1\lib\win64.o\librdi_board.dll
0x00007ffc7be00000 - 0x00007ffc7bf56000 	D:\Xilinx\Vivado\2019.1\lib\win64.o\librdi_containers.dll
0x00007ffc7bc40000 - 0x00007ffc7bdfd000 	D:\Xilinx\Vivado\2019.1\lib\win64.o\librdi_chipscopeimpl.dll
0x00007ffc77bf0000 - 0x00007ffc7bc33000 	D:\Xilinx\Vivado\2019.1\lib\win64.o\librdi_designutils.dll
0x00007ffc76200000 - 0x00007ffc77bea000 	D:\Xilinx\Vivado\2019.1\lib\win64.o\librdi_constraints.dll
0x00007ffc75ee0000 - 0x00007ffc761fe000 	D:\Xilinx\Vivado\2019.1\lib\win64.o\librdi_dlyest.dll
0x00007ffc75940000 - 0x00007ffc75eda000 	D:\Xilinx\Vivado\2019.1\lib\win64.o\librdi_drc.dll
0x00007ffc73a80000 - 0x00007ffc75931000 	D:\Xilinx\Vivado\2019.1\lib\win64.o\librdi_coregen.dll
0x00007ffc83f30000 - 0x00007ffc83ff4000 	D:\Xilinx\Vivado\2019.1\lib\win64.o\librdi_dsp.dll
0x00007ffc733a0000 - 0x00007ffc73a7a000 	D:\Xilinx\Vivado\2019.1\lib\win64.o\librdi_coregenipxact.dll
0x00007ffc730b0000 - 0x00007ffc73393000 	D:\Xilinx\Vivado\2019.1\lib\win64.o\librdi_guitools.dll
0x00007ffc72a60000 - 0x00007ffc730ad000 	D:\Xilinx\Vivado\2019.1\lib\win64.o\librdi_filemgmt.dll
0x00007ffca19b0000 - 0x00007ffca1a15000 	D:\Xilinx\Vivado\2019.1\lib\win64.o\librdi_hdf.dll
0x00007ffc60630000 - 0x00007ffc72a5c000 	D:\Xilinx\Vivado\2019.1\lib\win64.o\librdi_device.dll
0x00007ffc60010000 - 0x00007ffc60625000 	D:\Xilinx\Vivado\2019.1\lib\win64.o\librdi_memdata.dll
0x00007ffc5ea50000 - 0x00007ffc60010000 	D:\Xilinx\Vivado\2019.1\lib\win64.o\librdi_implflow.dll
0x00007ffc970c0000 - 0x00007ffc97133000 	D:\Xilinx\Vivado\2019.1\lib\win64.o\librdi_memoryarray.dll
0x00007ffc931b0000 - 0x00007ffc931fb000 	D:\Xilinx\Vivado\2019.1\lib\win64.o\librdi_pfi.dll
0x00007ffc5bd60000 - 0x00007ffc5ea46000 	D:\Xilinx\Vivado\2019.1\lib\win64.o\librdi_mig.dll
0x00007ffc5b6b0000 - 0x00007ffc5bd52000 	D:\Xilinx\Vivado\2019.1\lib\win64.o\librdi_netlist.dll
0x00007ffc5b3a0000 - 0x00007ffc5b6af000 	D:\Xilinx\Vivado\2019.1\lib\win64.o\librdi_platform.dll
0x00007ffc5ac50000 - 0x00007ffc5b39a000 	D:\Xilinx\Vivado\2019.1\lib\win64.o\librdi_power.dll
0x00007ffc585d0000 - 0x00007ffc5ac46000 	D:\Xilinx\Vivado\2019.1\lib\win64.o\librdi_place.dll
0x00007ffc58050000 - 0x00007ffc585cf000 	D:\Xilinx\Vivado\2019.1\lib\win64.o\librdi_project.dll
0x00007ffc57940000 - 0x00007ffc58046000 	D:\Xilinx\Vivado\2019.1\lib\win64.o\librdi_rsb.dll
0x00007ffc57230000 - 0x00007ffc57939000 	D:\Xilinx\Vivado\2019.1\lib\win64.o\librdi_psta.dll
0x00007ffc57130000 - 0x00007ffc5722a000 	D:\Xilinx\Vivado\2019.1\lib\win64.o\librdi_runsbase.dll
0x00007ffc56d30000 - 0x00007ffc57121000 	D:\Xilinx\Vivado\2019.1\lib\win64.o\librdi_runs.dll
0x00007ffc56ad0000 - 0x00007ffc56d26000 	D:\Xilinx\Vivado\2019.1\lib\win64.o\librdi_simdata.dll
0x00007ffc56950000 - 0x00007ffc56ac2000 	D:\Xilinx\Vivado\2019.1\lib\win64.o\librdi_advchipscopeimpl.dll
0x00007ffc55b30000 - 0x00007ffc56941000 	D:\Xilinx\Vivado\2019.1\lib\win64.o\librdi_timing.dll
0x00007ffc55ae0000 - 0x00007ffc55b2c000 	D:\Xilinx\Vivado\2019.1\lib\win64.o\libboost_serialization.dll
0x00007ffc556e0000 - 0x00007ffc55723000 	D:\Xilinx\Vivado\2019.1\lib\win64.o\librdi_noc_frameworks.dll
0x00007ffc55540000 - 0x00007ffc556df000 	D:\Xilinx\Vivado\2019.1\lib\win64.o\librdi_hip_devdesign.dll
0x00007ffc55150000 - 0x00007ffc55535000 	D:\Xilinx\Vivado\2019.1\lib\win64.o\librdi_hip_config.dll
0x00007ffc54c00000 - 0x00007ffc5514e000 	D:\Xilinx\Vivado\2019.1\lib\win64.o\librdi_xdm.dll
0x00007ffc54b30000 - 0x00007ffc54bf2000 	D:\Xilinx\Vivado\2019.1\lib\win64.o\librdi_ipconfig_readwrite.dll
0x00007ffc54a90000 - 0x00007ffc54b2e000 	D:\Xilinx\Vivado\2019.1\lib\win64.o\libise.dll
0x00007ffc54a50000 - 0x00007ffc54a90000 	D:\Xilinx\Vivado\2019.1\lib\win64.o\librdi_wavedata_SimpleApi.dll
0x00007ffc43440000 - 0x00007ffc43f87000 	D:\Xilinx\Vivado\2019.1\lib\win64.o\libverific.dll
0x00007ffc43400000 - 0x00007ffc4343f000 	D:\Xilinx\Vivado\2019.1\lib\win64.o\librdi_schedmon.dll
0x00007ffc402a0000 - 0x00007ffc4142d000 	D:\Xilinx\Vivado\2019.1\lib\win64.o\librdi_route.dll
0x00007ffc41430000 - 0x00007ffc433fd000 	D:\Xilinx\Vivado\2019.1\lib\win64.o\librdi_synth.dll

VM Arguments:
jvm_args: -Dsun.java2d.pmoffscreen=false -Dsun.java2d.xrender=false -Dsun.java2d.d3d=false -Dsun.awt.nopixfmt=true -Dsun.java2d.dpiaware=true -Dsun.java2d.uiScale.enabled=false -Xverify:none -Dswing.aatext=true -XX:-UsePerfData -Djdk.map.althashing.threshold=512 -XX:StringTableSize=4072 --add-opens=java.base/java.nio=ALL-UNNAMED --add-opens=java.desktop/sun.swing=ALL-UNNAMED --add-opens=java.desktop/javax.swing=ALL-UNNAMED --add-opens=java.desktop/javax.swing.tree=ALL-UNNAMED --add-opens=java.desktop/javax.swing.plaf.basic=ALL-UNNAMED --add-opens=java.desktop/javax.swing.plaf.synth=ALL-UNNAMED --add-opens=java.desktop/com.sun.awt=ALL-UNNAMED -XX:NewSize=60m -XX:MaxNewSize=60m -Xms128m -Xmx3072m -Xss5m 
java_command: <unknown>
java_class_path (initial): D:/Xilinx/Vivado/2019.1\lib\classes\alloy.jar;D:/Xilinx/Vivado/2019.1\lib\classes\autopilot.scelaborator.jar;D:/Xilinx/Vivado/2019.1\lib\classes\autopilot.sourceprocessor.jar;D:/Xilinx/Vivado/2019.1\lib\classes\autopilot.tbprocessor.jar;D:/Xilinx/Vivado/2019.1\lib\classes\batik-anim.jar;D:/Xilinx/Vivado/2019.1\lib\classes\batik-awt-util.jar;D:/Xilinx/Vivado/2019.1\lib\classes\batik-bridge.jar;D:/Xilinx/Vivado/2019.1\lib\classes\batik-codec.jar;D:/Xilinx/Vivado/2019.1\lib\classes\batik-css.jar;D:/Xilinx/Vivado/2019.1\lib\classes\batik-dom.jar;D:/Xilinx/Vivado/2019.1\lib\classes\batik-ext.jar;D:/Xilinx/Vivado/2019.1\lib\classes\batik-gui-util.jar;D:/Xilinx/Vivado/2019.1\lib\classes\batik-gvt.jar;D:/Xilinx/Vivado/2019.1\lib\classes\batik-parser.jar;D:/Xilinx/Vivado/2019.1\lib\classes\batik-script.jar;D:/Xilinx/Vivado/2019.1\lib\classes\batik-svg-dom.jar;D:/Xilinx/Vivado/2019.1\lib\classes\batik-swing.jar;D:/Xilinx/Vivado/2019.1\lib\classes\batik-transcoder.jar;D:/Xilinx/Vivado/2019.1\lib\classes\batik-util.jar;D:/Xilinx/Vivado/2019.1\lib\classes\batik-xml.jar;D:/Xilinx/Vivado/2019.1\lib\classes\com.google.gson_2.7.0.v20170129-0911.jar;D:/Xilinx/Vivado/2019.1\lib\classes\com.google.guava_21.0.0.v20170206-1425.jar;D:/Xilinx/Vivado/2019.1\lib\classes\com.google.inject_3.0.0.v201605172100.jar;D:/Xilinx/Vivado/2019.1\lib\classes\com.ibm.icu_4.4.2.v20110208.jar;D:/Xilinx/Vivado/2019.1\lib\classes\com.sigasi.hdt.annotations.runtime_4.3.0.201903071210.jar;D:/Xilinx/Vivado/2019.1\lib\classes\com.sigasi.hdt.blockdiagram.model_4.3.0.201903071210.jar;D:/Xilinx/Vivado/2019.1\lib\classes\com.sigasi.hdt.connection_4.3.0.201903071210.jar;D:/Xilinx/Vivado/2019.1\lib\classes\com.sigasi.hdt.dependencies.model_4.3.0.201903071210.jar;D:/Xilinx/Vivado/2019.1\lib\classes\com.sigasi.hdt.epl_4.3.0.201903071210.jar;D:/Xilinx/Vivado/2019.1\lib\classes\com.sigasi.hdt.graphics.model_4.3.0.201903071210.jar;D:/Xilinx/Vivado/2019.1\lib\classes\com.sigasi.hdt.project_4.3.0
Launcher Type: generic

Logging:
Log output configuration:
#0: stdout all=warning uptime,level,tags
#1: stderr all=off uptime,level,tags

Environment Variables:
JAVA_HOME=D:\JAVA\jdk-11.0.9
PATH=D:/Xilinx/Vivado/2019.1/bin;D:/Xilinx/Vivado/2019.1/lib/win64.o;D:/Xilinx/Vivado/2019.1/tps/win64/jre9.0.4/bin/server;D:/Xilinx/Vivado/2019.1/tps/win64/jre9.0.4/bin;D:/Xilinx/SDK/2019.1/bin;D:/Xilinx/Vivado/2019.1/ids_lite/ISE/bin/nt64;D:/Xilinx/Vivado/2019.1/ids_lite/ISE/lib/nt64;F:\openjdk\bin;F:\VMWare_Workstation\bin\;D:\JAVA\jdk-11.0.9\bin;C:\Program Files\Common Files\Oracle\Java\javapath;C:\windows\system32;C:\windows;C:\windows\System32\Wbem;C:\windows\System32\WindowsPowerShell\v1.0\;C:\windows\System32\OpenSSH\;C:\Program Files (x86)\NVIDIA Corporation\PhysX\Common;C:\Program Files\NVIDIA Corporation\NVIDIA NvDLISR;E:\bin;D:\JAVA\apache-maven-3.8.5\bin;D:\Sumo\bin\;D:\Sumo\tools\;D:\calibre2\;D:\Git\cmd;E:\texlive\2023\bin\windows;E:\anaconda3;E:\anaconda3\Library\mingw-w64\bin;E:\anaconda3\Library\usr\bin;E:\anaconda3\Library\bin;E:\anaconda3\Scripts;D:\Anaconda;D:\Anaconda\Library\mingw-w64\bin;D:\Anaconda\Library\usr\bin;D:\Anaconda\Library\bin;D:\Anaconda\Scripts;D:\python\Scripts\;D:\python\;C:\Users\lxy\AppData\Local\Microsoft\WindowsApps;F:\Tencent\QQGameTempest\Hall.58036\;F:\Quartus\modelsim_ae\win32aloem;F:\FPGA_yh\Modelsim\win64;E:\Microsoft VS Code\bin;D:/Xilinx/Vivado/2019.1\tps\mingw\6.2.0\win64.o\nt\bin;D:/Xilinx/Vivado/2019.1\tps\mingw\6.2.0\win64.o\nt\libexec\gcc\x86_64-w64-mingw32\6.2.0;D:/Xilinx/Vivado/2019.1\tps\win64\python-2.7.5;D:/Xilinx/Vivado/2019.1\tps\win64\python-2.7.5\lib;D:/Xilinx/Vivado/2019.1\tps\win64\python-2.7.5\Lib\lib-tk;D:/Xilinx/Vivado/2019.1\tps\win64\python-2.7.5\lib\site-packages
USERNAME=lxy
OS=Windows_NT
PROCESSOR_IDENTIFIER=Intel64 Family 6 Model 165 Stepping 2, GenuineIntel



---------------  S Y S T E M  ---------------

OS: Windows 10 , 64 bit Build 19041 (10.0.19041.5794)

CPU:total 12 (initial active 12) (6 cores per cpu, 2 threads per core) family 6 model 165 stepping 2, cmov, cx8, fxsr, mmx, sse, sse2, sse3, ssse3, sse4.1, sse4.2, popcnt, avx, avx2, aes, clmul, erms, 3dnowpref, lzcnt, ht, tsc, tscinvbit, bmi1, bmi2, adx, fma

Memory: 4k page, physical 16547960k(9919720k free), swap 20742264k(13059388k free)

vm_info: Java HotSpot(TM) 64-Bit Server VM (9.0.4+11) for windows-amd64 JRE (9.0.4+11), built on Dec 20 2017 02:18:54 by "mach5one" with MS VC++ 12.0 (VS2013)

END.
