#
# A fatal error has been detected by the Java Runtime Environment:
#
#  EXCEPTION_ACCESS_VIOLATION (0xc0000005) at pc=0x00007ffa1f7ea1a5, pid=23000, tid=22780
#
# JRE version: Java(TM) SE Runtime Environment (9.0+11) (build 9.0.4+11)
# Java VM: Java HotSpot(TM) 64-Bit Server VM (9.0.4+11, mixed mode, tiered, compressed oops, g1 gc, windows-amd64)
# Problematic frame:
# C  [librdi_common.dll+0x17a1a5]
#
# No core dump will be written. Minidumps are not enabled by default on client versions of Windows
#
# If you would like to submit a bug report, please visit:
#   http://bugreport.java.com/bugreport/crash.jsp
# The crash happened outside the Java Virtual Machine in native code.
# See problematic frame for where to report the bug.
#

---------------  S U M M A R Y ------------

Command Line: -Dsun.java2d.pmoffscreen=false -Dsun.java2d.xrender=false -Dsun.java2d.d3d=false -Dsun.awt.nopixfmt=true -Dsun.java2d.dpiaware=true -Dsun.java2d.uiScale.enabled=false -Xverify:none -Dswing.aatext=true -XX:-UsePerfData -Djdk.map.althashing.threshold=512 -XX:StringTableSize=4072 --add-opens=java.base/java.nio=ALL-UNNAMED --add-opens=java.desktop/sun.swing=ALL-UNNAMED --add-opens=java.desktop/javax.swing=ALL-UNNAMED --add-opens=java.desktop/javax.swing.tree=ALL-UNNAMED --add-opens=java.desktop/javax.swing.plaf.basic=ALL-UNNAMED --add-opens=java.desktop/javax.swing.plaf.synth=ALL-UNNAMED --add-opens=java.desktop/com.sun.awt=ALL-UNNAMED -XX:NewSize=60m -XX:MaxNewSize=60m -Xms128m -Xmx3072m -Xss5m 

Host: Intel(R) Core(TM) i7-10750H CPU @ 2.60GHz, 12 cores, 15G,  Windows 10 , 64 bit Build 19041 (10.0.19041.5794)
Time: Sun May 18 00:06:47 2025 ?¡Â?¡¤??¨¢?¨º¡À elapsed time: 46958 seconds (0d 13h 2m 38s)

---------------  T H R E A D  ---------------

Current thread (0x00000182baad8000):  JavaThread "AWT-EventQueue-1" [_thread_in_native, id=22780, stack(0x0000004347200000,0x0000004347700000)]

Stack: [0x0000004347200000,0x0000004347700000],  sp=0x00000043476fb280,  free space=5100k
Native frames: (J=compiled Java code, j=interpreted, Vv=VM code, C=native code)
C  [librdi_common.dll+0x17a1a5]
C  [librdi_common.dll+0x16ee15]
C  [librdi_common.dll+0x1386da]
C  0x00007ff9d9f51eff
C  0x00007ff9d9fd21df
C  0x00007ff9d9fd9e19
C  0x00007ff9d9faa4cb
C  0x00007ff9d9fe6de7
C  0x00000182a91c2f3a

Java frames: (J=compiled Java code, j=interpreted, Vv=VM code)
J 15938  ui.views.waveform.waveformi.WVExecutive_getTooltipTextDelayed(J)Ljava/lang/String; (0 bytes) @ 0x00000182a91c2ea1 [0x00000182a91c2e60+0x0000000000000041]
J 20187 c2 ui.views.waveform.b.a.bG(Ljava/awt/event/MouseEvent;)V (135 bytes) @ 0x00000182a968b900 [0x00000182a968b800+0x0000000000000100]
J 20208 c2 ui.views.waveform.b.a.mouseMoved(Ljava/awt/event/MouseEvent;)V (32 bytes) @ 0x00000182a969ceb4 [0x00000182a969cde0+0x00000000000000d4]
J 17357 c2 java.awt.AWTEventMulticaster.mouseMoved(Ljava/awt/event/MouseEvent;)V java.desktop@9.0.4 (27 bytes) @ 0x00000182a8cad3f4 [0x00000182a8cad340+0x00000000000000b4]
J 17357 c2 java.awt.AWTEventMulticaster.mouseMoved(Ljava/awt/event/MouseEvent;)V java.desktop@9.0.4 (27 bytes) @ 0x00000182a8cad3b4 [0x00000182a8cad340+0x0000000000000074]
J 20189 c2 ui.frmwork.c.i.processMouseMotionEvent(Ljava/awt/event/MouseEvent;)V (131 bytes) @ 0x00000182a968d2d0 [0x00000182a968cfc0+0x0000000000000310]
J 13466 c2 java.awt.Container.processEvent(Ljava/awt/AWTEvent;)V java.desktop@9.0.4 (22 bytes) @ 0x00000182a8ed7098 [0x00000182a8ed6f20+0x0000000000000178]
J 24364 c2 java.awt.Component.dispatchEventImpl(Ljava/awt/AWTEvent;)V java.desktop@9.0.4 (739 bytes) @ 0x00000182a9ae9824 [0x00000182a9ae8a60+0x0000000000000dc4]
J 14932 c2 java.awt.Container.dispatchEventImpl(Ljava/awt/AWTEvent;)V java.desktop@9.0.4 (129 bytes) @ 0x00000182a9083138 [0x00000182a90830e0+0x0000000000000058]
J 15742 c2 java.awt.LightweightDispatcher.retargetMouseEvent(Ljava/awt/Component;ILjava/awt/event/MouseEvent;)V java.desktop@9.0.4 (350 bytes) @ 0x00000182a917f068 [0x00000182a917ec60+0x0000000000000408]
J 18442 c2 java.awt.LightweightDispatcher.processMouseEvent(Ljava/awt/event/MouseEvent;)Z java.desktop@9.0.4 (265 bytes) @ 0x00000182a9489c0c [0x00000182a9489640+0x00000000000005cc]
J 14932 c2 java.awt.Container.dispatchEventImpl(Ljava/awt/AWTEvent;)V java.desktop@9.0.4 (129 bytes) @ 0x00000182a90835dc [0x00000182a90830e0+0x00000000000004fc]
J 18358 c2 java.awt.Window.dispatchEventImpl(Ljava/awt/AWTEvent;)V java.desktop@9.0.4 (23 bytes) @ 0x00000182a946bc0c [0x00000182a946bbc0+0x000000000000004c]
J 15106 c2 java.awt.EventQueue$3.run()Ljava/lang/Object; java.desktop@9.0.4 (5 bytes) @ 0x00000182a90f6074 [0x00000182a90f5a80+0x00000000000005f4]
v  ~StubRoutines::call_stub
J 3811  java.security.AccessController.doPrivileged(Ljava/security/PrivilegedAction;Ljava/security/AccessControlContext;)Ljava/lang/Object; java.base@9.0.4 (0 bytes) @ 0x00000182a85cffc6 [0x00000182a85cff60+0x0000000000000066]
J 17371 c2 java.awt.EventQueue$4.run()Ljava/lang/Object; java.desktop@9.0.4 (5 bytes) @ 0x00000182a8d34840 [0x00000182a8d345e0+0x0000000000000260]
v  ~StubRoutines::call_stub
J 3811  java.security.AccessController.doPrivileged(Ljava/security/PrivilegedAction;Ljava/security/AccessControlContext;)Ljava/lang/Object; java.base@9.0.4 (0 bytes) @ 0x00000182a85cffc6 [0x00000182a85cff60+0x0000000000000066]
J 20309 c2 java.awt.EventQueue.dispatchEvent(Ljava/awt/AWTEvent;)V java.desktop@9.0.4 (80 bytes) @ 0x00000182a860c0c0 [0x00000182a860bd40+0x0000000000000380]
J 20315 c2 ui.frmwork.b.d.dispatchEvent(Ljava/awt/AWTEvent;)V (34 bytes) @ 0x00000182a8607544 [0x00000182a8607440+0x0000000000000104]
J 21646 c2 java.awt.EventDispatchThread.pumpOneEventForFilters(I)V java.desktop@9.0.4 (218 bytes) @ 0x00000182a96f69d4 [0x00000182a96f66a0+0x0000000000000334]
J 20227% c2 java.awt.EventDispatchThread.pumpEventsForFilter(ILjava/awt/Conditional;Ljava/awt/EventFilter;)V java.desktop@9.0.4 (47 bytes) @ 0x00000182a96a9d78 [0x00000182a96a9c60+0x0000000000000118]
j  java.awt.EventDispatchThread.pumpEventsForHierarchy(ILjava/awt/Conditional;Ljava/awt/Component;)V+11 java.desktop@9.0.4
j  java.awt.EventDispatchThread.pumpEvents(ILjava/awt/Conditional;)V+4 java.desktop@9.0.4
j  java.awt.EventDispatchThread.pumpEvents(Ljava/awt/Conditional;)V+3 java.desktop@9.0.4
j  java.awt.EventDispatchThread.run()V+9 java.desktop@9.0.4
v  ~StubRoutines::call_stub

siginfo: EXCEPTION_ACCESS_VIOLATION (0xc0000005), reading address 0xffffffffffffffff


Register to memory mapping:

RIP=0x00007ffa1f7ea1a5 librdi_common.dll
RAX=0x000001829087e301 is an unknown value
RBX=0x9003500098a8f785 is an unknown value
RCX=0x000001829087e310 is an unknown value
RDX=0x9003500098a8f785 is an unknown value
RSP=0x00000043476fb280 is pointing into the stack for thread: 0x00000182baad8000
RBP=0x00000043476fb3b0 is pointing into the stack for thread: 0x00000182baad8000
RSI=0x0000018292257730 is an unknown value
RDI=0x00000043476fb498 is pointing into the stack for thread: 0x00000182baad8000
R8 =0x00000043476fb498 is pointing into the stack for thread: 0x00000182baad8000
R9 =0x0000000000000000 is an unknown value
R10=0x00007ffa64470000 VCRUNTIME140.dll
R11=0x66ab7d40e54e3541 is an unknown value
R12=0x00000043476fb498 is pointing into the stack for thread: 0x00000182baad8000
R13=0x0000000000000000 is an unknown value
R14=0x000001829000b200 is an unknown value
R15=0x9003500098a8f785 is an unknown value


Registers:
RAX=0x000001829087e301, RBX=0x9003500098a8f785, RCX=0x000001829087e310, RDX=0x9003500098a8f785
RSP=0x00000043476fb280, RBP=0x00000043476fb3b0, RSI=0x0000018292257730, RDI=0x00000043476fb498
R8 =0x00000043476fb498, R9 =0x0000000000000000, R10=0x00007ffa64470000, R11=0x66ab7d40e54e3541
R12=0x00000043476fb498, R13=0x0000000000000000, R14=0x000001829000b200, R15=0x9003500098a8f785
RIP=0x00007ffa1f7ea1a5, EFLAGS=0x0000000000010202

Top of Stack: (sp=0x00000043476fb280)
0x00000043476fb280:   0000000000000018 00000182c6e56bd0
0x00000043476fb290:   00000000000058fc 9003500098a8f785
0x00000043476fb2a0:   9003500098a8f785 00007ffa1f7dee15
0x00000043476fb2b0:   000000003551bff0 00007ffa639a27a8
0x00000043476fb2c0:   fffffffffffffffe 0000000000000000
0x00000043476fb2d0:   0000ba4d3777ae2e 00000182c6e56b68
0x00000043476fb2e0:   0000000000000002 00007ffa1f848985
0x00000043476fb2f0:   00000182bf9f7a50 00000182c6e56b88
0x00000043476fb300:   00000043476fb630 00007ffa204a3fe0
0x00000043476fb310:   fffffffffffffffe 00007ffa1fdb6a6d
0x00000043476fb320:   fffffffffffffffe 00007ffa204a3fe0
0x00000043476fb330:   00000182c6e56b40 000001828de83608
0x00000043476fb340:   00000043476fb498 00007ffa1f847c76
0x00000043476fb350:   00000182c6e56b40 00000043476fb498
0x00000043476fb360:   0000018200000002 0000000000000000
0x00000043476fb370:   fffffffffffffffe 000000000000000f 

Instructions: (pc=0x00007ffa1f7ea1a5)
0x00007ffa1f7ea185:   20 48 8b d9 e8 22 c4 04 00 48 8b c8 48 8b d3 e8
0x00007ffa1f7ea195:   27 0d 05 00 84 c0 75 08 33 c0 48 83 c4 20 5b c3
0x00007ffa1f7ea1a5:   48 8b 4b 50 48 85 c9 74 0a 48 83 c4 20 5b e9 68
0x00007ffa1f7ea1b5:   e2 04 00 48 8b d3 48 8d 0d 26 fc 73 00 e8 59 b7 



---------------  P R O C E S S  ---------------

Java Threads: ( => current thread )
  0x00000182bf496000 JavaThread "Relaunch Simulation" [_thread_blocked, id=6288, stack(0x000000434c000000,0x000000434c500000)]
  0x00000182bf497800 JavaThread "Thread-17437" [_thread_in_native, id=23392, stack(0x0000004346700000,0x0000004346800000)]
  0x00000182bf493000 JavaThread "Thread-17436" [_thread_in_native, id=24208, stack(0x000000433f300000,0x000000433f400000)]
  0x00000182bf498800 JavaThread "Image Animator 0" daemon [_thread_blocked, id=22132, stack(0x000000434d900000,0x000000434de00000)]
  0x00000182bf497000 JavaThread "Monitor File Timestamp Swing Worker" [_thread_blocked, id=11380, stack(0x000000434bb00000,0x000000434c000000)]
  0x00000182bf48b000 JavaThread "Timer-4" [_thread_blocked, id=22324, stack(0x000000434b600000,0x000000434bb00000)]
  0x00000182bf491800 JavaThread "Monitor File Timestamp Swing Worker" [_thread_blocked, id=16596, stack(0x000000434b100000,0x000000434b600000)]
  0x00000182bf48f800 JavaThread "Timer-3" [_thread_blocked, id=25140, stack(0x000000434ac00000,0x000000434b100000)]
  0x00000182bf48e000 JavaThread "Swing-Shell" daemon [_thread_blocked, id=25828, stack(0x000000434a200000,0x000000434a700000)]
  0x00000182bf48d000 JavaThread "SyntheticaAnimation 50" daemon [_thread_blocked, id=23204, stack(0x0000004349d00000,0x000000434a200000)]
  0x00000182bf48b800 JavaThread "Update Runs Swing Worker" [_thread_blocked, id=1208, stack(0x000000434a700000,0x000000434ac00000)]
  0x00000182bf48a000 JavaThread "hw_ila_monitor" [_thread_blocked, id=20008, stack(0x0000004349800000,0x0000004349d00000)]
  0x00000182958d1000 JavaThread "Refresh Filesets Swing Worker" [_thread_blocked, id=19552, stack(0x0000004349300000,0x0000004349800000)]
  0x00000182958d7000 JavaThread "SyntheticaAnimation 70" daemon [_thread_blocked, id=19928, stack(0x0000004347700000,0x0000004347c00000)]
  0x00000182958d6800 JavaThread "SyntheticaAnimation 25" daemon [_thread_blocked, id=23292, stack(0x0000004348e00000,0x0000004349300000)]
  0x00000182958d2000 JavaThread "SyntheticaAnimation 50" daemon [_thread_blocked, id=10152, stack(0x0000004348900000,0x0000004348e00000)]
  0x00000182958d0800 JavaThread "Monitor HEventQueue" [_thread_blocked, id=20876, stack(0x0000004348400000,0x0000004348900000)]
  0x00000182958d5800 JavaThread "SyntheticaCleanerThread" daemon [_thread_blocked, id=14788, stack(0x0000004347c00000,0x0000004348100000)]
  0x00000182958d4000 JavaThread "Batik CleanerThread" daemon [_thread_blocked, id=22904, stack(0x0000004346800000,0x0000004346d00000)]
=>0x00000182baad8000 JavaThread "AWT-EventQueue-1" [_thread_in_native, id=22780, stack(0x0000004347200000,0x0000004347700000)]
  0x00000182babdf800 JavaThread "Process Messages" [_thread_blocked, id=6304, stack(0x0000004346d00000,0x0000004347200000)]
  0x0000018292afe000 JavaThread "Thread-1" [_thread_in_native, id=21512, stack(0x000000433f600000,0x0000004340a00000)]
  0x00000182bac4e000 JavaThread "TimerQueue" daemon [_thread_blocked, id=12884, stack(0x0000004345e00000,0x0000004346300000)]
  0x0000018292a08800 JavaThread "AWT-Windows" daemon [_thread_in_native, id=19656, stack(0x0000004345900000,0x0000004345e00000)]
  0x0000018292b88800 JavaThread "AWT-Shutdown" [_thread_blocked, id=8276, stack(0x0000004345400000,0x0000004345900000)]
  0x0000018292b88000 JavaThread "Java2D Disposer" daemon [_thread_blocked, id=1808, stack(0x0000004344f00000,0x0000004345400000)]
  0x000001829224b000 JavaThread "Service Thread" daemon [_thread_blocked, id=10284, stack(0x0000004344900000,0x0000004344e00000)]
  0x0000018297411800 JavaThread "Common-Cleaner" daemon [_thread_blocked, id=14968, stack(0x0000004344400000,0x0000004344900000)]
  0x00000182958d3800 JavaThread "Sweeper thread" daemon [_thread_blocked, id=15804, stack(0x0000004343f00000,0x0000004344400000)]
  0x0000018290009800 JavaThread "C1 CompilerThread3" daemon [_thread_blocked, id=14948, stack(0x0000004343e00000,0x0000004343f00000)]
  0x000001829000a800 JavaThread "C2 CompilerThread2" daemon [_thread_blocked, id=2740, stack(0x0000004343d00000,0x0000004343e00000)]
  0x0000018290009000 JavaThread "C2 CompilerThread1" daemon [_thread_blocked, id=11616, stack(0x0000004343c00000,0x0000004343d00000)]
  0x0000018290006800 JavaThread "C2 CompilerThread0" daemon [_thread_blocked, id=22372, stack(0x0000004343b00000,0x0000004343c00000)]
  0x000001829742d000 JavaThread "Attach Listener" daemon [_thread_blocked, id=20836, stack(0x0000004343600000,0x0000004343b00000)]
  0x000001828de3c800 JavaThread "Signal Dispatcher" daemon [_thread_blocked, id=21636, stack(0x0000004343100000,0x0000004343600000)]
  0x000001829740b000 JavaThread "Finalizer" daemon [_thread_blocked, id=22708, stack(0x0000004342c00000,0x0000004343100000)]
  0x0000018297409800 JavaThread "Reference Handler" daemon [_thread_blocked, id=10352, stack(0x0000004342700000,0x0000004342c00000)]
  0x0000018295a23800 JavaThread "main" [_thread_blocked, id=12396, stack(0x000000433f500000,0x000000433f600000)]

Other Threads:
  0x0000018291e87800 VMThread "VM Thread" [stack: 0x0000004342600000,0x0000004342700000] [id=1368]
  0x00000182921b6800 WatcherThread [stack: 0x0000004344e00000,0x0000004344f00000] [id=9760]
  0x0000018296b57800 GCTaskThread "GC Thread#0" [stack: 0x0000004340d00000,0x0000004340e00000] [id=2000]
  0x00000182952a8000 GCTaskThread "GC Thread#1" [stack: 0x0000004340e00000,0x0000004340f00000] [id=14088]
  0x00000182952a5000 GCTaskThread "GC Thread#2" [stack: 0x0000004340f00000,0x0000004341000000] [id=19492]
  0x00000182952a3800 GCTaskThread "GC Thread#3" [stack: 0x0000004341000000,0x0000004341100000] [id=5956]
  0x00000182952a8800 GCTaskThread "GC Thread#4" [stack: 0x0000004341100000,0x0000004341200000] [id=14568]
  0x00000182952a3000 GCTaskThread "GC Thread#5" [stack: 0x0000004341200000,0x0000004341300000] [id=19640]
  0x00000182952a1800 GCTaskThread "GC Thread#6" [stack: 0x0000004341300000,0x0000004341400000] [id=10296]
  0x00000182952a2800 GCTaskThread "GC Thread#7" [stack: 0x0000004341400000,0x0000004341500000] [id=11300]
  0x00000182952a4000 GCTaskThread "GC Thread#8" [stack: 0x0000004341500000,0x0000004341600000] [id=21192]
  0x00000182952a5800 GCTaskThread "GC Thread#9" [stack: 0x0000004341600000,0x0000004341700000] [id=20504]
  0x0000018295645800 ConcurrentGCThread "G1 Main Marker" [stack: 0x0000004342200000,0x0000004342300000] [id=6100]
  0x00000182952a6000 ConcurrentGCThread "G1 Marker#0" [stack: 0x0000004342300000,0x0000004342400000] [id=21872]
  0x00000182952a6800 ConcurrentGCThread "G1 Marker#1" [stack: 0x0000004342400000,0x0000004342500000] [id=23144]
  0x00000182952a7800 ConcurrentGCThread "G1 Marker#2" [stack: 0x0000004342500000,0x0000004342600000] [id=19356]
  0x0000018296c12800 ConcurrentGCThread "G1 Refine#0" [stack: 0x0000004342000000,0x0000004342100000] [id=16372]
  0x0000018299371800 ConcurrentGCThread "G1 Refine#1" [stack: 0x0000004341f00000,0x0000004342000000] [id=1072]
  0x0000018295548800 ConcurrentGCThread "G1 Refine#2" [stack: 0x0000004341e00000,0x0000004341f00000] [id=8928]
  0x0000018295548000 ConcurrentGCThread "G1 Refine#3" [stack: 0x0000004341d00000,0x0000004341e00000] [id=22056]
  0x00000182966bf800 ConcurrentGCThread "G1 Refine#4" [stack: 0x0000004341c00000,0x0000004341d00000] [id=22824]
  0x00000182966bf000 ConcurrentGCThread "G1 Refine#5" [stack: 0x0000004341b00000,0x0000004341c00000] [id=16012]
  0x00000182966be800 ConcurrentGCThread "G1 Refine#6" [stack: 0x0000004341a00000,0x0000004341b00000] [id=20612]
  0x0000018296bac800 ConcurrentGCThread "G1 Refine#7" [stack: 0x0000004341900000,0x0000004341a00000] [id=20684]
  0x0000018291d83800 ConcurrentGCThread "G1 Refine#8" [stack: 0x0000004341800000,0x0000004341900000] [id=22556]
  0x0000018297133800 ConcurrentGCThread "G1 Refine#9" [stack: 0x0000004341700000,0x0000004341800000] [id=11656]
  0x0000018296c13800 ConcurrentGCThread "G1 Young RemSet Sampling" [stack: 0x0000004342100000,0x0000004342200000] [id=8756]

Threads with active compile tasks:

VM state:not at safepoint (normal execution)

VM Mutex/Monitor currently owned by a thread: None

Heap address: 0x0000000700000000, size: 3072 MB, Compressed Oops mode: Zero based, Oop shift amount: 3
Narrow klass base: 0x0000000000000000, Narrow klass shift: 3
Compressed class space size: 1073741824 Address: 0x00000007c0000000

Heap:
 garbage-first heap   total 223232K, used 99311K [0x0000000700000000, 0x00000007001006d0, 0x00000007c0000000)
  region size 1024K, 33 young (33792K), 1 survivors (1024K)
 Metaspace       used 82440K, capacity 83973K, committed 91312K, reserved 1128448K
  class space    used 10592K, capacity 10941K, committed 12464K, reserved 1048576K
Heap Regions: E=young(eden), S=young(survivor), O=old, HS=humongous(starts), HC=humongous(continues), CS=collection set, F=free, A=archive, TS=gc time stamp, AC=allocation context, TAMS=top-at-mark-start (previous, next)
|   0|0x0000000700000000, 0x00000007000f7a78, 0x0000000700100000| 96%| O|  |TS  0|AC  0|TAMS 0x0000000700000000, 0x0000000700000000|
|   1|0x0000000700100000, 0x0000000700200000, 0x0000000700200000|100%|HS|  |TS  0|AC  0|TAMS 0x0000000700100000, 0x0000000700100000|
|   2|0x0000000700200000, 0x0000000700300000, 0x0000000700300000|100%|HC|  |TS  0|AC  0|TAMS 0x0000000700200000, 0x0000000700200000|
|   3|0x0000000700300000, 0x0000000700400000, 0x0000000700400000|100%|HS|  |TS  0|AC  0|TAMS 0x0000000700300000, 0x0000000700300000|
|   4|0x0000000700400000, 0x00000007004ff878, 0x0000000700500000| 99%| O|  |TS  0|AC  0|TAMS 0x0000000700400000, 0x0000000700400000|
|   5|0x0000000700500000, 0x00000007005f2dc8, 0x0000000700600000| 94%| O|  |TS  0|AC  0|TAMS 0x0000000700500000, 0x0000000700500000|
|   6|0x0000000700600000, 0x00000007006fffc0, 0x0000000700700000| 99%| O|  |TS  0|AC  0|TAMS 0x0000000700600000, 0x0000000700600000|
|   7|0x0000000700700000, 0x00000007007fffe0, 0x0000000700800000| 99%| O|  |TS  0|AC  0|TAMS 0x0000000700700000, 0x0000000700700000|
|   8|0x0000000700800000, 0x00000007008f7c90, 0x0000000700900000| 96%| O|  |TS  0|AC  0|TAMS 0x0000000700800000, 0x0000000700800000|
|   9|0x0000000700900000, 0x00000007009efab8, 0x0000000700a00000| 93%| O|  |TS  0|AC  0|TAMS 0x0000000700900000, 0x0000000700900000|
|  10|0x0000000700a00000, 0x0000000700affff0, 0x0000000700b00000| 99%| O|  |TS  0|AC  0|TAMS 0x0000000700a00000, 0x0000000700a00000|
|  11|0x0000000700b00000, 0x0000000700c00000, 0x0000000700c00000|100%|HS|  |TS  0|AC  0|TAMS 0x0000000700b00000, 0x0000000700b00000|
|  12|0x0000000700c00000, 0x0000000700cfffd8, 0x0000000700d00000| 99%| O|  |TS  0|AC  0|TAMS 0x0000000700c00000, 0x0000000700c00000|
|  13|0x0000000700d00000, 0x0000000700dfe830, 0x0000000700e00000| 99%| O|  |TS  0|AC  0|TAMS 0x0000000700d00000, 0x0000000700d00000|
|  14|0x0000000700e00000, 0x0000000700ef8848, 0x0000000700f00000| 97%| O|  |TS  0|AC  0|TAMS 0x0000000700e00000, 0x0000000700e00000|
|  15|0x0000000700f00000, 0x0000000700ffffe0, 0x0000000701000000| 99%| O|  |TS  0|AC  0|TAMS 0x0000000700f00000, 0x0000000700f00000|
|  16|0x0000000701000000, 0x00000007010ffff0, 0x0000000701100000| 99%| O|  |TS  0|AC  0|TAMS 0x0000000701000000, 0x0000000701000000|
|  17|0x0000000701100000, 0x00000007011fe690, 0x0000000701200000| 99%| O|  |TS  0|AC  0|TAMS 0x0000000701100000, 0x0000000701100000|
|  18|0x0000000701200000, 0x00000007012ffff0, 0x0000000701300000| 99%| O|  |TS  0|AC  0|TAMS 0x0000000701200000, 0x0000000701200000|
|  19|0x0000000701300000, 0x00000007013ffff8, 0x0000000701400000| 99%| O|  |TS  0|AC  0|TAMS 0x0000000701300000, 0x0000000701300000|
|  20|0x0000000701400000, 0x00000007014fe208, 0x0000000701500000| 99%| O|  |TS  0|AC  0|TAMS 0x0000000701400000, 0x0000000701400000|
|  21|0x0000000701500000, 0x00000007015ffff8, 0x0000000701600000| 99%| O|  |TS  0|AC  0|TAMS 0x0000000701500000, 0x0000000701500000|
|  22|0x0000000701600000, 0x00000007016ffff8, 0x0000000701700000| 99%| O|  |TS  0|AC  0|TAMS 0x0000000701600000, 0x0000000701600000|
|  23|0x0000000701700000, 0x00000007017fffb8, 0x0000000701800000| 99%| O|  |TS  0|AC  0|TAMS 0x0000000701700000, 0x0000000701700000|
|  24|0x0000000701800000, 0x00000007018feea8, 0x0000000701900000| 99%| O|  |TS  0|AC  0|TAMS 0x0000000701800000, 0x0000000701800000|
|  25|0x0000000701900000, 0x00000007019fffd8, 0x0000000701a00000| 99%| O|  |TS  0|AC  0|TAMS 0x0000000701900000, 0x0000000701900000|
|  26|0x0000000701a00000, 0x0000000701affff0, 0x0000000701b00000| 99%| O|  |TS  0|AC  0|TAMS 0x0000000701a00000, 0x0000000701a00000|
|  27|0x0000000701b00000, 0x0000000701c00000, 0x0000000701c00000|100%| O|  |TS  0|AC  0|TAMS 0x0000000701b00000, 0x0000000701b00000|
|  28|0x0000000701c00000, 0x0000000701cffe80, 0x0000000701d00000| 99%| O|  |TS  0|AC  0|TAMS 0x0000000701c00000, 0x0000000701c00000|
|  29|0x0000000701d00000, 0x0000000701dfffc0, 0x0000000701e00000| 99%| O|  |TS  0|AC  0|TAMS 0x0000000701d00000, 0x0000000701d00000|
|  30|0x0000000701e00000, 0x0000000701efffe0, 0x0000000701f00000| 99%| O|  |TS  0|AC  0|TAMS 0x0000000701e00000, 0x0000000701e00000|
|  31|0x0000000701f00000, 0x0000000702000000, 0x0000000702000000|100%| O|  |TS  0|AC  0|TAMS 0x0000000701f00000, 0x0000000701f00000|
|  32|0x0000000702000000, 0x00000007020fc148, 0x0000000702100000| 98%| O|  |TS  0|AC  0|TAMS 0x0000000702000000, 0x0000000702000000|
|  33|0x0000000702100000, 0x00000007021c5980, 0x0000000702200000| 77%| O|  |TS  0|AC  0|TAMS 0x0000000702100000, 0x0000000702100000|
|  34|0x0000000702200000, 0x0000000702300000, 0x0000000702300000|100%| O|  |TS  0|AC  0|TAMS 0x0000000702200000, 0x0000000702200000|
|  35|0x0000000702300000, 0x00000007023fffe8, 0x0000000702400000| 99%| O|  |TS  0|AC  0|TAMS 0x0000000702300000, 0x0000000702300000|
|  36|0x0000000702400000, 0x00000007024ffff0, 0x0000000702500000| 99%| O|  |TS  0|AC  0|TAMS 0x0000000702400000, 0x0000000702400000|
|  37|0x0000000702500000, 0x00000007025fffe8, 0x0000000702600000| 99%| O|  |TS  0|AC  0|TAMS 0x0000000702500000, 0x0000000702500000|
|  38|0x0000000702600000, 0x00000007026fffb8, 0x0000000702700000| 99%| O|  |TS  0|AC  0|TAMS 0x0000000702600000, 0x0000000702600000|
|  39|0x0000000702700000, 0x00000007027ffff0, 0x0000000702800000| 99%| O|  |TS  0|AC  0|TAMS 0x0000000702700000, 0x0000000702700000|
|  40|0x0000000702800000, 0x0000000702900000, 0x0000000702900000|100%| O|  |TS  0|AC  0|TAMS 0x0000000702800000, 0x0000000702800000|
|  41|0x0000000702900000, 0x00000007029ffff0, 0x0000000702a00000| 99%| O|  |TS  0|AC  0|TAMS 0x0000000702900000, 0x0000000702900000|
|  42|0x0000000702a00000, 0x0000000702af69f0, 0x0000000702b00000| 96%| O|  |TS  0|AC  0|TAMS 0x0000000702a00000, 0x0000000702a00000|
|  43|0x0000000702b00000, 0x0000000702bfffc0, 0x0000000702c00000| 99%| O|  |TS  0|AC  0|TAMS 0x0000000702b00000, 0x0000000702b00000|
|  44|0x0000000702c00000, 0x0000000702cfe888, 0x0000000702d00000| 99%| O|  |TS  0|AC  0|TAMS 0x0000000702c00000, 0x0000000702c00000|
|  45|0x0000000702d00000, 0x0000000702dfffa0, 0x0000000702e00000| 99%| O|  |TS  0|AC  0|TAMS 0x0000000702d00000, 0x0000000702d00000|
|  46|0x0000000702e00000, 0x0000000702efff78, 0x0000000702f00000| 99%| O|  |TS  0|AC  0|TAMS 0x0000000702e00000, 0x0000000702e00000|
|  47|0x0000000702f00000, 0x0000000702fffff0, 0x0000000703000000| 99%| O|  |TS  0|AC  0|TAMS 0x0000000702f00000, 0x0000000702f00000|
|  48|0x0000000703000000, 0x00000007030fffe0, 0x0000000703100000| 99%| O|  |TS  0|AC  0|TAMS 0x0000000703000000, 0x0000000703000000|
|  49|0x0000000703100000, 0x0000000703200000, 0x0000000703200000|100%|HS|  |TS  0|AC  0|TAMS 0x0000000703100000, 0x0000000703100000|
|  50|0x0000000703200000, 0x0000000703300000, 0x0000000703300000|100%|HC|  |TS  0|AC  0|TAMS 0x0000000703200000, 0x0000000703200000|
|  51|0x0000000703300000, 0x0000000703400000, 0x0000000703400000|100%|HC|  |TS  0|AC  0|TAMS 0x0000000703300000, 0x0000000703300000|
|  52|0x0000000703400000, 0x0000000703500000, 0x0000000703500000|100%|HC|  |TS  0|AC  0|TAMS 0x0000000703400000, 0x0000000703400000|
|  53|0x0000000703500000, 0x0000000703600000, 0x0000000703600000|100%|HC|  |TS  0|AC  0|TAMS 0x0000000703500000, 0x0000000703500000|
|  54|0x0000000703600000, 0x0000000703700000, 0x0000000703700000|100%|HC|  |TS  0|AC  0|TAMS 0x0000000703600000, 0x0000000703600000|
|  55|0x0000000703700000, 0x0000000703800000, 0x0000000703800000|100%|HC|  |TS  0|AC  0|TAMS 0x0000000703700000, 0x0000000703700000|
|  56|0x0000000703800000, 0x0000000703900000, 0x0000000703900000|100%|HC|  |TS  0|AC  0|TAMS 0x0000000703800000, 0x0000000703800000|
|  57|0x0000000703900000, 0x00000007039fffe0, 0x0000000703a00000| 99%| O|  |TS  0|AC  0|TAMS 0x0000000703900000, 0x0000000703900000|
|  58|0x0000000703a00000, 0x0000000703affff8, 0x0000000703b00000| 99%| O|  |TS  0|AC  0|TAMS 0x0000000703a00000, 0x0000000703a00000|
|  59|0x0000000703b00000, 0x0000000703bedaf0, 0x0000000703c00000| 92%| O|  |TS  0|AC  0|TAMS 0x0000000703b00000, 0x0000000703b00000|
|  60|0x0000000703c00000, 0x0000000703cffff8, 0x0000000703d00000| 99%| O|  |TS  0|AC  0|TAMS 0x0000000703c00000, 0x0000000703c00000|
|  61|0x0000000703d00000, 0x0000000703e00000, 0x0000000703e00000|100%| O|  |TS  0|AC  0|TAMS 0x0000000703d00000, 0x0000000703d00000|
|  62|0x0000000703e00000, 0x0000000703f00000, 0x0000000703f00000|100%|HS|  |TS  0|AC  0|TAMS 0x0000000703e00000, 0x0000000703e00000|
|  63|0x0000000703f00000, 0x0000000704000000, 0x0000000704000000|100%|HC|  |TS  0|AC  0|TAMS 0x0000000703f00000, 0x0000000703f00000|
|  64|0x0000000704000000, 0x0000000704100000, 0x0000000704100000|100%|HC|  |TS  0|AC  0|TAMS 0x0000000704000000, 0x0000000704000000|
|  65|0x0000000704100000, 0x0000000704200000, 0x0000000704200000|100%|HC|  |TS  0|AC  0|TAMS 0x0000000704100000, 0x0000000704100000|
|  66|0x0000000704200000, 0x000000070420ac48, 0x0000000704300000|  4%| O|  |TS  0|AC  0|TAMS 0x0000000704200000, 0x0000000704200000|
|  67|0x0000000704300000, 0x0000000704300000, 0x0000000704400000|  0%| F|  |TS  0|AC  0|TAMS 0x0000000704300000, 0x0000000704300000|
|  68|0x0000000704400000, 0x0000000704400000, 0x0000000704500000|  0%| F|  |TS  0|AC  0|TAMS 0x0000000704400000, 0x0000000704400000|
|  69|0x0000000704500000, 0x0000000704500000, 0x0000000704600000|  0%| F|  |TS  0|AC  0|TAMS 0x0000000704500000, 0x0000000704500000|
|  70|0x0000000704600000, 0x0000000704600000, 0x0000000704700000|  0%| F|  |TS  0|AC  0|TAMS 0x0000000704600000, 0x0000000704600000|
|  71|0x0000000704700000, 0x0000000704700000, 0x0000000704800000|  0%| F|  |TS  0|AC  0|TAMS 0x0000000704700000, 0x0000000704700000|
|  72|0x0000000704800000, 0x0000000704800000, 0x0000000704900000|  0%| F|  |TS  0|AC  0|TAMS 0x0000000704800000, 0x0000000704800000|
|  73|0x0000000704900000, 0x0000000704900000, 0x0000000704a00000|  0%| F|  |TS  0|AC  0|TAMS 0x0000000704900000, 0x0000000704900000|
|  74|0x0000000704a00000, 0x0000000704a00000, 0x0000000704b00000|  0%| F|  |TS  0|AC  0|TAMS 0x0000000704a00000, 0x0000000704a00000|
|  75|0x0000000704b00000, 0x0000000704b00000, 0x0000000704c00000|  0%| F|  |TS  0|AC  0|TAMS 0x0000000704b00000, 0x0000000704b00000|
|  76|0x0000000704c00000, 0x0000000704c00000, 0x0000000704d00000|  0%| F|  |TS  0|AC  0|TAMS 0x0000000704c00000, 0x0000000704c00000|
|  77|0x0000000704d00000, 0x0000000704d00000, 0x0000000704e00000|  0%| F|  |TS  0|AC  0|TAMS 0x0000000704d00000, 0x0000000704d00000|
|  78|0x0000000704e00000, 0x0000000704e00000, 0x0000000704f00000|  0%| F|  |TS  0|AC  0|TAMS 0x0000000704e00000, 0x0000000704e00000|
|  79|0x0000000704f00000, 0x0000000704f00000, 0x0000000705000000|  0%| F|  |TS  0|AC  0|TAMS 0x0000000704f00000, 0x0000000704f00000|
|  80|0x0000000705000000, 0x0000000705000000, 0x0000000705100000|  0%| F|  |TS  0|AC  0|TAMS 0x0000000705000000, 0x0000000705000000|
|  81|0x0000000705100000, 0x0000000705100000, 0x0000000705200000|  0%| F|  |TS  0|AC  0|TAMS 0x0000000705100000, 0x0000000705100000|
|  82|0x0000000705200000, 0x0000000705200000, 0x0000000705300000|  0%| F|  |TS  0|AC  0|TAMS 0x0000000705200000, 0x0000000705200000|
|  83|0x0000000705300000, 0x0000000705300000, 0x0000000705400000|  0%| F|  |TS  0|AC  0|TAMS 0x0000000705300000, 0x0000000705300000|
|  84|0x0000000705400000, 0x0000000705400000, 0x0000000705500000|  0%| F|  |TS  0|AC  0|TAMS 0x0000000705400000, 0x0000000705400000|
|  85|0x0000000705500000, 0x0000000705500000, 0x0000000705600000|  0%| F|  |TS  0|AC  0|TAMS 0x0000000705500000, 0x0000000705500000|
|  86|0x0000000705600000, 0x0000000705600000, 0x0000000705700000|  0%| F|  |TS  0|AC  0|TAMS 0x0000000705600000, 0x0000000705600000|
|  87|0x0000000705700000, 0x0000000705700000, 0x0000000705800000|  0%| F|  |TS  0|AC  0|TAMS 0x0000000705700000, 0x0000000705700000|
|  88|0x0000000705800000, 0x0000000705800000, 0x0000000705900000|  0%| F|  |TS  0|AC  0|TAMS 0x0000000705800000, 0x0000000705800000|
|  89|0x0000000705900000, 0x0000000705900000, 0x0000000705a00000|  0%| F|  |TS  0|AC  0|TAMS 0x0000000705900000, 0x0000000705900000|
|  90|0x0000000705a00000, 0x0000000705a00000, 0x0000000705b00000|  0%| F|  |TS  0|AC  0|TAMS 0x0000000705a00000, 0x0000000705a00000|
|  91|0x0000000705b00000, 0x0000000705b00000, 0x0000000705c00000|  0%| F|  |TS  0|AC  0|TAMS 0x0000000705b00000, 0x0000000705b00000|
|  92|0x0000000705c00000, 0x0000000705c00000, 0x0000000705d00000|  0%| F|  |TS  0|AC  0|TAMS 0x0000000705c00000, 0x0000000705c00000|
|  93|0x0000000705d00000, 0x0000000705d00000, 0x0000000705e00000|  0%| F|  |TS  0|AC  0|TAMS 0x0000000705d00000, 0x0000000705d00000|
|  94|0x0000000705e00000, 0x0000000705e00000, 0x0000000705f00000|  0%| F|  |TS  0|AC  0|TAMS 0x0000000705e00000, 0x0000000705e00000|
|  95|0x0000000705f00000, 0x0000000705f00000, 0x0000000706000000|  0%| F|  |TS  0|AC  0|TAMS 0x0000000705f00000, 0x0000000705f00000|
|  96|0x0000000706000000, 0x0000000706000000, 0x0000000706100000|  0%| F|  |TS  0|AC  0|TAMS 0x0000000706000000, 0x0000000706000000|
|  97|0x0000000706100000, 0x0000000706100000, 0x0000000706200000|  0%| F|  |TS  0|AC  0|TAMS 0x0000000706100000, 0x0000000706100000|
|  98|0x0000000706200000, 0x0000000706200000, 0x0000000706300000|  0%| F|  |TS  0|AC  0|TAMS 0x0000000706200000, 0x0000000706200000|
|  99|0x0000000706300000, 0x0000000706300000, 0x0000000706400000|  0%| F|  |TS  0|AC  0|TAMS 0x0000000706300000, 0x0000000706300000|
| 100|0x0000000706400000, 0x0000000706400000, 0x0000000706500000|  0%| F|  |TS  0|AC  0|TAMS 0x0000000706400000, 0x0000000706400000|
| 101|0x0000000706500000, 0x0000000706500000, 0x0000000706600000|  0%| F|  |TS  0|AC  0|TAMS 0x0000000706500000, 0x0000000706500000|
| 102|0x0000000706600000, 0x0000000706600000, 0x0000000706700000|  0%| F|  |TS  0|AC  0|TAMS 0x0000000706600000, 0x0000000706600000|
| 103|0x0000000706700000, 0x0000000706700000, 0x0000000706800000|  0%| F|  |TS  0|AC  0|TAMS 0x0000000706700000, 0x0000000706700000|
| 104|0x0000000706800000, 0x0000000706800000, 0x0000000706900000|  0%| F|  |TS  0|AC  0|TAMS 0x0000000706800000, 0x0000000706800000|
| 105|0x0000000706900000, 0x0000000706900000, 0x0000000706a00000|  0%| F|  |TS  0|AC  0|TAMS 0x0000000706900000, 0x0000000706900000|
| 106|0x0000000706a00000, 0x0000000706a00000, 0x0000000706b00000|  0%| F|  |TS  0|AC  0|TAMS 0x0000000706a00000, 0x0000000706a00000|
| 107|0x0000000706b00000, 0x0000000706b00000, 0x0000000706c00000|  0%| F|  |TS  0|AC  0|TAMS 0x0000000706b00000, 0x0000000706b00000|
| 108|0x0000000706c00000, 0x0000000706c00000, 0x0000000706d00000|  0%| F|  |TS  0|AC  0|TAMS 0x0000000706c00000, 0x0000000706c00000|
| 109|0x0000000706d00000, 0x0000000706d00000, 0x0000000706e00000|  0%| F|  |TS  0|AC  0|TAMS 0x0000000706d00000, 0x0000000706d00000|
| 110|0x0000000706e00000, 0x0000000706e00000, 0x0000000706f00000|  0%| F|  |TS  0|AC  0|TAMS 0x0000000706e00000, 0x0000000706e00000|
| 111|0x0000000706f00000, 0x0000000706f00000, 0x0000000707000000|  0%| F|  |TS  0|AC  0|TAMS 0x0000000706f00000, 0x0000000706f00000|
| 112|0x0000000707000000, 0x0000000707000000, 0x0000000707100000|  0%| F|  |TS  0|AC  0|TAMS 0x0000000707000000, 0x0000000707000000|
| 113|0x0000000707100000, 0x0000000707100000, 0x0000000707200000|  0%| F|  |TS  0|AC  0|TAMS 0x0000000707100000, 0x0000000707100000|
| 114|0x0000000707200000, 0x0000000707200000, 0x0000000707300000|  0%| F|  |TS  0|AC  0|TAMS 0x0000000707200000, 0x0000000707200000|
| 115|0x0000000707300000, 0x0000000707300000, 0x0000000707400000|  0%| F|  |TS  0|AC  0|TAMS 0x0000000707300000, 0x0000000707300000|
| 116|0x0000000707400000, 0x0000000707400000, 0x0000000707500000|  0%| F|  |TS  0|AC  0|TAMS 0x0000000707400000, 0x0000000707400000|
| 117|0x0000000707500000, 0x0000000707500000, 0x0000000707600000|  0%| F|  |TS  0|AC  0|TAMS 0x0000000707500000, 0x0000000707500000|
| 118|0x0000000707600000, 0x0000000707600000, 0x0000000707700000|  0%| F|  |TS  0|AC  0|TAMS 0x0000000707600000, 0x0000000707600000|
| 119|0x0000000707700000, 0x0000000707700000, 0x0000000707800000|  0%| F|  |TS  0|AC  0|TAMS 0x0000000707700000, 0x0000000707700000|
| 120|0x0000000707800000, 0x0000000707800000, 0x0000000707900000|  0%| F|  |TS  0|AC  0|TAMS 0x0000000707800000, 0x0000000707800000|
| 121|0x0000000707900000, 0x0000000707900000, 0x0000000707a00000|  0%| F|  |TS  0|AC  0|TAMS 0x0000000707900000, 0x0000000707900000|
| 122|0x0000000707a00000, 0x0000000707a00000, 0x0000000707b00000|  0%| F|  |TS  0|AC  0|TAMS 0x0000000707a00000, 0x0000000707a00000|
| 123|0x0000000707b00000, 0x0000000707b00000, 0x0000000707c00000|  0%| F|  |TS  0|AC  0|TAMS 0x0000000707b00000, 0x0000000707b00000|
| 124|0x0000000707c00000, 0x0000000707c00000, 0x0000000707d00000|  0%| F|  |TS  0|AC  0|TAMS 0x0000000707c00000, 0x0000000707c00000|
| 125|0x0000000707d00000, 0x0000000707d00000, 0x0000000707e00000|  0%| F|  |TS  0|AC  0|TAMS 0x0000000707d00000, 0x0000000707d00000|
| 126|0x0000000707e00000, 0x0000000707e00000, 0x0000000707f00000|  0%| F|  |TS  0|AC  0|TAMS 0x0000000707e00000, 0x0000000707e00000|
| 127|0x0000000707f00000, 0x0000000707f00000, 0x0000000708000000|  0%| F|  |TS  0|AC  0|TAMS 0x0000000707f00000, 0x0000000707f00000|
| 128|0x0000000708000000, 0x0000000708000000, 0x0000000708100000|  0%| F|  |TS  0|AC  0|TAMS 0x0000000708000000, 0x0000000708000000|
| 129|0x0000000708100000, 0x0000000708100000, 0x0000000708200000|  0%| F|  |TS  0|AC  0|TAMS 0x0000000708100000, 0x0000000708100000|
| 130|0x0000000708200000, 0x0000000708200000, 0x0000000708300000|  0%| F|  |TS  0|AC  0|TAMS 0x0000000708200000, 0x0000000708200000|
| 131|0x0000000708300000, 0x0000000708300000, 0x0000000708400000|  0%| F|  |TS  0|AC  0|TAMS 0x0000000708300000, 0x0000000708300000|
| 132|0x0000000708400000, 0x0000000708400000, 0x0000000708500000|  0%| F|  |TS  0|AC  0|TAMS 0x0000000708400000, 0x0000000708400000|
| 133|0x0000000708500000, 0x0000000708500000, 0x0000000708600000|  0%| F|  |TS  0|AC  0|TAMS 0x0000000708500000, 0x0000000708500000|
| 134|0x0000000708600000, 0x0000000708600000, 0x0000000708700000|  0%| F|  |TS  0|AC  0|TAMS 0x0000000708600000, 0x0000000708600000|
| 135|0x0000000708700000, 0x0000000708700000, 0x0000000708800000|  0%| F|  |TS  0|AC  0|TAMS 0x0000000708700000, 0x0000000708700000|
| 136|0x0000000708800000, 0x0000000708800000, 0x0000000708900000|  0%| F|  |TS  0|AC  0|TAMS 0x0000000708800000, 0x0000000708800000|
| 137|0x0000000708900000, 0x0000000708900000, 0x0000000708a00000|  0%| F|  |TS  0|AC  0|TAMS 0x0000000708900000, 0x0000000708900000|
| 138|0x0000000708a00000, 0x0000000708a00000, 0x0000000708b00000|  0%| F|  |TS  0|AC  0|TAMS 0x0000000708a00000, 0x0000000708a00000|
| 139|0x0000000708b00000, 0x0000000708b00000, 0x0000000708c00000|  0%| F|  |TS  0|AC  0|TAMS 0x0000000708b00000, 0x0000000708b00000|
| 140|0x0000000708c00000, 0x0000000708c00000, 0x0000000708d00000|  0%| F|  |TS  0|AC  0|TAMS 0x0000000708c00000, 0x0000000708c00000|
| 141|0x0000000708d00000, 0x0000000708d00000, 0x0000000708e00000|  0%| F|  |TS  0|AC  0|TAMS 0x0000000708d00000, 0x0000000708d00000|
| 142|0x0000000708e00000, 0x0000000708e00000, 0x0000000708f00000|  0%| F|  |TS  0|AC  0|TAMS 0x0000000708e00000, 0x0000000708e00000|
| 143|0x0000000708f00000, 0x0000000708f00000, 0x0000000709000000|  0%| F|  |TS  0|AC  0|TAMS 0x0000000708f00000, 0x0000000708f00000|
| 144|0x0000000709000000, 0x0000000709000000, 0x0000000709100000|  0%| F|  |TS  0|AC  0|TAMS 0x0000000709000000, 0x0000000709000000|
| 145|0x0000000709100000, 0x0000000709100000, 0x0000000709200000|  0%| F|  |TS  0|AC  0|TAMS 0x0000000709100000, 0x0000000709100000|
| 146|0x0000000709200000, 0x0000000709200000, 0x0000000709300000|  0%| F|  |TS  0|AC  0|TAMS 0x0000000709200000, 0x0000000709200000|
| 147|0x0000000709300000, 0x0000000709300000, 0x0000000709400000|  0%| F|  |TS  0|AC  0|TAMS 0x0000000709300000, 0x0000000709300000|
| 148|0x0000000709400000, 0x0000000709400000, 0x0000000709500000|  0%| F|  |TS  0|AC  0|TAMS 0x0000000709400000, 0x0000000709400000|
| 149|0x0000000709500000, 0x0000000709500000, 0x0000000709600000|  0%| F|  |TS  0|AC  0|TAMS 0x0000000709500000, 0x0000000709500000|
| 150|0x0000000709600000, 0x0000000709600000, 0x0000000709700000|  0%| F|  |TS  0|AC  0|TAMS 0x0000000709600000, 0x0000000709600000|
| 151|0x0000000709700000, 0x0000000709700000, 0x0000000709800000|  0%| F|  |TS  0|AC  0|TAMS 0x0000000709700000, 0x0000000709700000|
| 152|0x0000000709800000, 0x0000000709800000, 0x0000000709900000|  0%| F|  |TS  0|AC  0|TAMS 0x0000000709800000, 0x0000000709800000|
| 153|0x0000000709900000, 0x0000000709900000, 0x0000000709a00000|  0%| F|  |TS  0|AC  0|TAMS 0x0000000709900000, 0x0000000709900000|
| 154|0x0000000709a00000, 0x0000000709a00000, 0x0000000709b00000|  0%| F|  |TS  0|AC  0|TAMS 0x0000000709a00000, 0x0000000709a00000|
| 155|0x0000000709b00000, 0x0000000709b00000, 0x0000000709c00000|  0%| F|  |TS  0|AC  0|TAMS 0x0000000709b00000, 0x0000000709b00000|
| 156|0x0000000709c00000, 0x0000000709c00000, 0x0000000709d00000|  0%| F|  |TS  0|AC  0|TAMS 0x0000000709c00000, 0x0000000709c00000|
| 157|0x0000000709d00000, 0x0000000709d88e20, 0x0000000709e00000| 53%| S|CS|TS  5|AC  0|TAMS 0x0000000709d00000, 0x0000000709d00000|
| 158|0x0000000709e00000, 0x0000000709e00000, 0x0000000709f00000|  0%| F|  |TS  5|AC  0|TAMS 0x0000000709e00000, 0x0000000709e00000|
| 159|0x0000000709f00000, 0x0000000709f00000, 0x000000070a000000|  0%| F|  |TS  5|AC  0|TAMS 0x0000000709f00000, 0x0000000709f00000|
| 160|0x000000070a000000, 0x000000070a000000, 0x000000070a100000|  0%| F|  |TS  5|AC  0|TAMS 0x000000070a000000, 0x000000070a000000|
| 161|0x000000070a100000, 0x000000070a100000, 0x000000070a200000|  0%| F|  |TS  5|AC  0|TAMS 0x000000070a100000, 0x000000070a100000|
| 162|0x000000070a200000, 0x000000070a200000, 0x000000070a300000|  0%| F|  |TS  5|AC  0|TAMS 0x000000070a200000, 0x000000070a200000|
| 163|0x000000070a300000, 0x000000070a300000, 0x000000070a400000|  0%| F|  |TS  5|AC  0|TAMS 0x000000070a300000, 0x000000070a300000|
| 164|0x000000070a400000, 0x000000070a400000, 0x000000070a500000|  0%| F|  |TS  5|AC  0|TAMS 0x000000070a400000, 0x000000070a400000|
| 165|0x000000070a500000, 0x000000070a500000, 0x000000070a600000|  0%| F|  |TS  5|AC  0|TAMS 0x000000070a500000, 0x000000070a500000|
| 166|0x000000070a600000, 0x000000070a600000, 0x000000070a700000|  0%| F|  |TS  5|AC  0|TAMS 0x000000070a600000, 0x000000070a600000|
| 167|0x000000070a700000, 0x000000070a700000, 0x000000070a800000|  0%| F|  |TS  5|AC  0|TAMS 0x000000070a700000, 0x000000070a700000|
| 168|0x000000070a800000, 0x000000070a800000, 0x000000070a900000|  0%| F|  |TS  5|AC  0|TAMS 0x000000070a800000, 0x000000070a800000|
| 169|0x000000070a900000, 0x000000070a900000, 0x000000070aa00000|  0%| F|  |TS  5|AC  0|TAMS 0x000000070a900000, 0x000000070a900000|
| 170|0x000000070aa00000, 0x000000070aa00000, 0x000000070ab00000|  0%| F|  |TS  5|AC  0|TAMS 0x000000070aa00000, 0x000000070aa00000|
| 171|0x000000070ab00000, 0x000000070ab00000, 0x000000070ac00000|  0%| F|  |TS  5|AC  0|TAMS 0x000000070ab00000, 0x000000070ab00000|
| 172|0x000000070ac00000, 0x000000070ac00000, 0x000000070ad00000|  0%| F|  |TS  5|AC  0|TAMS 0x000000070ac00000, 0x000000070ac00000|
| 173|0x000000070ad00000, 0x000000070ad00000, 0x000000070ae00000|  0%| F|  |TS  5|AC  0|TAMS 0x000000070ad00000, 0x000000070ad00000|
| 174|0x000000070ae00000, 0x000000070ae00000, 0x000000070af00000|  0%| F|  |TS  5|AC  0|TAMS 0x000000070ae00000, 0x000000070ae00000|
| 175|0x000000070af00000, 0x000000070af00000, 0x000000070b000000|  0%| F|  |TS  5|AC  0|TAMS 0x000000070af00000, 0x000000070af00000|
| 176|0x000000070b000000, 0x000000070b000000, 0x000000070b100000|  0%| F|  |TS  5|AC  0|TAMS 0x000000070b000000, 0x000000070b000000|
| 177|0x000000070b100000, 0x000000070b100000, 0x000000070b200000|  0%| F|  |TS  5|AC  0|TAMS 0x000000070b100000, 0x000000070b100000|
| 178|0x000000070b200000, 0x000000070b200000, 0x000000070b300000|  0%| F|  |TS  5|AC  0|TAMS 0x000000070b200000, 0x000000070b200000|
| 179|0x000000070b300000, 0x000000070b300000, 0x000000070b400000|  0%| F|  |TS  5|AC  0|TAMS 0x000000070b300000, 0x000000070b300000|
| 180|0x000000070b400000, 0x000000070b400000, 0x000000070b500000|  0%| F|  |TS  5|AC  0|TAMS 0x000000070b400000, 0x000000070b400000|
| 181|0x000000070b500000, 0x000000070b500000, 0x000000070b600000|  0%| F|  |TS  5|AC  0|TAMS 0x000000070b500000, 0x000000070b500000|
| 182|0x000000070b600000, 0x000000070b600000, 0x000000070b700000|  0%| F|  |TS  5|AC  0|TAMS 0x000000070b600000, 0x000000070b600000|
| 183|0x000000070b700000, 0x000000070b700000, 0x000000070b800000|  0%| F|  |TS  5|AC  0|TAMS 0x000000070b700000, 0x000000070b700000|
| 184|0x000000070b800000, 0x000000070b800000, 0x000000070b900000|  0%| F|  |TS  5|AC  0|TAMS 0x000000070b800000, 0x000000070b800000|
| 185|0x000000070b900000, 0x000000070b900000, 0x000000070ba00000|  0%| F|  |TS  5|AC  0|TAMS 0x000000070b900000, 0x000000070b900000|
| 186|0x000000070ba00000, 0x000000070ba03e28, 0x000000070bb00000|  1%| E|  |TS  5|AC  0|TAMS 0x000000070ba00000, 0x000000070ba00000|
| 187|0x000000070bb00000, 0x000000070bc00000, 0x000000070bc00000|100%| E|CS|TS  5|AC  0|TAMS 0x000000070bb00000, 0x000000070bb00000|
| 188|0x000000070bc00000, 0x000000070bd00000, 0x000000070bd00000|100%| E|CS|TS  5|AC  0|TAMS 0x000000070bc00000, 0x000000070bc00000|
| 189|0x000000070bd00000, 0x000000070be00000, 0x000000070be00000|100%| E|CS|TS  5|AC  0|TAMS 0x000000070bd00000, 0x000000070bd00000|
| 190|0x000000070be00000, 0x000000070bf00000, 0x000000070bf00000|100%| E|CS|TS  5|AC  0|TAMS 0x000000070be00000, 0x000000070be00000|
| 191|0x000000070bf00000, 0x000000070c000000, 0x000000070c000000|100%| E|CS|TS  5|AC  0|TAMS 0x000000070bf00000, 0x000000070bf00000|
| 192|0x000000070c000000, 0x000000070c100000, 0x000000070c100000|100%| E|CS|TS  5|AC  0|TAMS 0x000000070c000000, 0x000000070c000000|
| 193|0x000000070c100000, 0x000000070c200000, 0x000000070c200000|100%| E|CS|TS  5|AC  0|TAMS 0x000000070c100000, 0x000000070c100000|
| 194|0x000000070c200000, 0x000000070c300000, 0x000000070c300000|100%| E|CS|TS  5|AC  0|TAMS 0x000000070c200000, 0x000000070c200000|
| 195|0x000000070c300000, 0x000000070c400000, 0x000000070c400000|100%| E|CS|TS  5|AC  0|TAMS 0x000000070c300000, 0x000000070c300000|
| 196|0x000000070c400000, 0x000000070c500000, 0x000000070c500000|100%| E|CS|TS  5|AC  0|TAMS 0x000000070c400000, 0x000000070c400000|
| 197|0x000000070c500000, 0x000000070c600000, 0x000000070c600000|100%| E|CS|TS  5|AC  0|TAMS 0x000000070c500000, 0x000000070c500000|
| 198|0x000000070c600000, 0x000000070c700000, 0x000000070c700000|100%| E|CS|TS  5|AC  0|TAMS 0x000000070c600000, 0x000000070c600000|
| 199|0x000000070c700000, 0x000000070c800000, 0x000000070c800000|100%| E|CS|TS  5|AC  0|TAMS 0x000000070c700000, 0x000000070c700000|
| 200|0x000000070c800000, 0x000000070c900000, 0x000000070c900000|100%| E|CS|TS  5|AC  0|TAMS 0x000000070c800000, 0x000000070c800000|
| 201|0x000000070c900000, 0x000000070ca00000, 0x000000070ca00000|100%| E|CS|TS  5|AC  0|TAMS 0x000000070c900000, 0x000000070c900000|
| 202|0x000000070ca00000, 0x000000070cb00000, 0x000000070cb00000|100%| E|CS|TS  5|AC  0|TAMS 0x000000070ca00000, 0x000000070ca00000|
| 203|0x000000070cb00000, 0x000000070cc00000, 0x000000070cc00000|100%| E|CS|TS  5|AC  0|TAMS 0x000000070cb00000, 0x000000070cb00000|
| 204|0x000000070cc00000, 0x000000070cd00000, 0x000000070cd00000|100%| E|CS|TS  5|AC  0|TAMS 0x000000070cc00000, 0x000000070cc00000|
| 205|0x000000070cd00000, 0x000000070ce00000, 0x000000070ce00000|100%| E|CS|TS  5|AC  0|TAMS 0x000000070cd00000, 0x000000070cd00000|
| 206|0x000000070ce00000, 0x000000070cf00000, 0x000000070cf00000|100%| E|CS|TS  5|AC  0|TAMS 0x000000070ce00000, 0x000000070ce00000|
| 207|0x000000070cf00000, 0x000000070d000000, 0x000000070d000000|100%| E|CS|TS  5|AC  0|TAMS 0x000000070cf00000, 0x000000070cf00000|
| 208|0x000000070d000000, 0x000000070d100000, 0x000000070d100000|100%| E|CS|TS  5|AC  0|TAMS 0x000000070d000000, 0x000000070d000000|
| 209|0x000000070d100000, 0x000000070d200000, 0x000000070d200000|100%| E|CS|TS  5|AC  0|TAMS 0x000000070d100000, 0x000000070d100000|
| 210|0x000000070d200000, 0x000000070d300000, 0x000000070d300000|100%| E|CS|TS  5|AC  0|TAMS 0x000000070d200000, 0x000000070d200000|
| 211|0x000000070d300000, 0x000000070d400000, 0x000000070d400000|100%| E|CS|TS  5|AC  0|TAMS 0x000000070d300000, 0x000000070d300000|
| 212|0x000000070d400000, 0x000000070d500000, 0x000000070d500000|100%| E|CS|TS  5|AC  0|TAMS 0x000000070d400000, 0x000000070d400000|
| 213|0x000000070d500000, 0x000000070d600000, 0x000000070d600000|100%| E|CS|TS  5|AC  0|TAMS 0x000000070d500000, 0x000000070d500000|
| 214|0x000000070d600000, 0x000000070d700000, 0x000000070d700000|100%| E|CS|TS  5|AC  0|TAMS 0x000000070d600000, 0x000000070d600000|
| 215|0x000000070d700000, 0x000000070d800000, 0x000000070d800000|100%| E|CS|TS  5|AC  0|TAMS 0x000000070d700000, 0x000000070d700000|
| 216|0x000000070d800000, 0x000000070d900000, 0x000000070d900000|100%| E|CS|TS  5|AC  0|TAMS 0x000000070d800000, 0x000000070d800000|
| 217|0x000000070d900000, 0x000000070da00000, 0x000000070da00000|100%| E|CS|TS  5|AC  0|TAMS 0x000000070d900000, 0x000000070d900000|

Card table byte_map: [0x00000182b04f0000,0x00000182b0af0000] byte_map_base: 0x00000182accf0000

Marking Bits (Prev, Next): (CMBitMap*) 0x0000018291dea010, (CMBitMap*) 0x0000018291dea048
 Prev Bits: [0x00000182b10f0000, 0x00000182b40f0000)
 Next Bits: [0x00000182b40f0000, 0x00000182b70f0000)

Polling page: 0x000001828e0b0000

CodeHeap 'non-profiled nmethods': size=120000Kb used=23805Kb max_used=23805Kb free=96194Kb
 bounds [0x00000182a83c0000, 0x00000182a9b10000, 0x00000182af8f0000]
CodeHeap 'profiled nmethods': size=120000Kb used=40382Kb max_used=42832Kb free=79617Kb
 bounds [0x00000182a0e90000, 0x00000182a3950000, 0x00000182a83c0000]
CodeHeap 'non-nmethods': size=5760Kb used=1773Kb max_used=1817Kb free=3986Kb
 bounds [0x00000182a08f0000, 0x00000182a0b60000, 0x00000182a0e90000]
 total_blobs=36047 nmethods=18052 adapters=1095
 compilation: enabled

Compilation events (10 events):
Event: 46958.472 Thread 0x0000018290009800 24442       3       ui.views.S.b.j::b (43 bytes)
Event: 46958.472 Thread 0x0000018290009800 nmethod 24442 0x00000182a1182590 code [0x00000182a11827a0, 0x00000182a1182f60]
Event: 46958.472 Thread 0x0000018290009800 24443       3       ui.views.S.b.o::<init> (10 bytes)
Event: 46958.472 Thread 0x0000018290009800 nmethod 24443 0x00000182a1182010 code [0x00000182a11821e0, 0x00000182a11824b0]
Event: 46958.472 Thread 0x0000018290009800 24444       3       ui.views.c.o.S::k (8 bytes)
Event: 46958.472 Thread 0x0000018290009800 nmethod 24444 0x00000182a1181a90 code [0x00000182a1181c40, 0x00000182a1181ed8]
Event: 46958.472 Thread 0x0000018290009800 24445       3       ui.views.c.o.ad::k (8 bytes)
Event: 46958.472 Thread 0x0000018290009800 nmethod 24445 0x00000182a1181510 code [0x00000182a11816c0, 0x00000182a1181958]
Event: 46958.490 Thread 0x0000018290009000 24446       4       javax.swing.AbstractAction::firePropertyChange (35 bytes)
Event: 46958.495 Thread 0x0000018290009000 nmethod 24446 0x00000182a941ae10 code [0x00000182a941afc0, 0x00000182a941b528]

GC Heap History (10 events):
Event: 46652.895 GC heap before
{Heap before GC invocations=1879 (full 1027):
 garbage-first heap   total 223232K, used 73078K [0x0000000700000000, 0x00000007001006d0, 0x00000007c0000000)
  region size 1024K, 7 young (7168K), 0 survivors (0K)
 Metaspace       used 82434K, capacity 83973K, committed 91312K, reserved 1128448K
  class space    used 10592K, capacity 10941K, committed 12464K, reserved 1048576K
}
Event: 46653.017 GC heap after
{Heap after GC invocations=1880 (full 1028):
 garbage-first heap   total 223232K, used 67076K [0x0000000700000000, 0x00000007001006d0, 0x00000007c0000000)
  region size 1024K, 0 young (0K), 0 survivors (0K)
 Metaspace       used 82434K, capacity 83973K, committed 91312K, reserved 1128448K
  class space    used 10592K, capacity 10941K, committed 12464K, reserved 1048576K
}
Event: 46670.235 GC heap before
{Heap before GC invocations=1880 (full 1028):
 garbage-first heap   total 223232K, used 78340K [0x0000000700000000, 0x00000007001006d0, 0x00000007c0000000)
  region size 1024K, 12 young (12288K), 0 survivors (0K)
 Metaspace       used 82434K, capacity 83973K, committed 91312K, reserved 1128448K
  class space    used 10592K, capacity 10941K, committed 12464K, reserved 1048576K
}
Event: 46670.357 GC heap after
{Heap after GC invocations=1881 (full 1029):
 garbage-first heap   total 223232K, used 67019K [0x0000000700000000, 0x00000007001006d0, 0x00000007c0000000)
  region size 1024K, 0 young (0K), 0 survivors (0K)
 Metaspace       used 82434K, capacity 83973K, committed 91312K, reserved 1128448K
  class space    used 10592K, capacity 10941K, committed 12464K, reserved 1048576K
}
Event: 46806.232 GC heap before
{Heap before GC invocations=1881 (full 1029):
 garbage-first heap   total 223232K, used 128459K [0x0000000700000000, 0x00000007001006d0, 0x00000007c0000000)
  region size 1024K, 60 young (61440K), 0 survivors (0K)
 Metaspace       used 82437K, capacity 83973K, committed 91312K, reserved 1128448K
  class space    used 10592K, capacity 10941K, committed 12464K, reserved 1048576K
}
Event: 46806.234 GC heap after
{Heap after GC invocations=1882 (full 1029):
 garbage-first heap   total 223232K, used 67496K [0x0000000700000000, 0x00000007001006d0, 0x00000007c0000000)
  region size 1024K, 1 young (1024K), 1 survivors (1024K)
 Metaspace       used 82437K, capacity 83973K, committed 91312K, reserved 1128448K
  class space    used 10592K, capacity 10941K, committed 12464K, reserved 1048576K
}
Event: 46849.443 GC heap before
{Heap before GC invocations=1882 (full 1029):
 garbage-first heap   total 223232K, used 104360K [0x0000000700000000, 0x00000007001006d0, 0x00000007c0000000)
  region size 1024K, 38 young (38912K), 1 survivors (1024K)
 Metaspace       used 82437K, capacity 83973K, committed 91312K, reserved 1128448K
  class space    used 10592K, capacity 10941K, committed 12464K, reserved 1048576K
}
Event: 46849.445 GC heap after
{Heap after GC invocations=1883 (full 1029):
 garbage-first heap   total 223232K, used 67368K [0x0000000700000000, 0x00000007001006d0, 0x00000007c0000000)
  region size 1024K, 1 young (1024K), 1 survivors (1024K)
 Metaspace       used 82437K, capacity 83973K, committed 91312K, reserved 1128448K
  class space    used 10592K, capacity 10941K, committed 12464K, reserved 1048576K
}
Event: 46955.955 GC heap before
{Heap before GC invocations=1883 (full 1029):
 garbage-first heap   total 223232K, used 127784K [0x0000000700000000, 0x00000007001006d0, 0x00000007c0000000)
  region size 1024K, 60 young (61440K), 1 survivors (1024K)
 Metaspace       used 82437K, capacity 83973K, committed 91312K, reserved 1128448K
  class space    used 10592K, capacity 10941K, committed 12464K, reserved 1048576K
}
Event: 46955.958 GC heap after
{Heap after GC invocations=1884 (full 1029):
 garbage-first heap   total 223232K, used 67567K [0x0000000700000000, 0x00000007001006d0, 0x00000007c0000000)
  region size 1024K, 1 young (1024K), 1 survivors (1024K)
 Metaspace       used 82437K, capacity 83973K, committed 91312K, reserved 1128448K
  class space    used 10592K, capacity 10941K, committed 12464K, reserved 1048576K
}

Deoptimization events (10 events):
Event: 19469.675 Thread 0x00000182baad8000 Uncommon trap: reason=unstable_if action=reinterpret pc=0x00000182a98a0a68 method=ui.frmwork.c.i.ecQ()V @ 71 c2
Event: 19469.675 Thread 0x00000182baad8000 Uncommon trap: reason=unstable_if action=reinterpret pc=0x00000182a9149de4 method=ui.frmwork.c.p.cm(II)[Z @ 86 c2
Event: 19469.694 Thread 0x00000182baad8000 Uncommon trap: reason=unstable_if action=reinterpret pc=0x00000182a9650e7c method=ui.utils.o.h.b.f(Ljava/awt/Rectangle;Ljava/awt/Rectangle;)Z @ 73 c2
Event: 19469.695 Thread 0x00000182baad8000 Uncommon trap: reason=unstable_if action=reinterpret pc=0x00000182a926603c method=ui.utils.o.h.b.f(Ljava/awt/Rectangle;Ljava/awt/Rectangle;)Z @ 73 c2
Event: 19479.704 Thread 0x00000182baad8000 Uncommon trap: reason=array_check action=maybe_recompile pc=0x00000182a9af5734 method=java.util.TimSort.reverseRange([Ljava/lang/Object;II)V @ 27 c2
Event: 19499.609 Thread 0x00000182baad8000 Uncommon trap: reason=array_check action=maybe_recompile pc=0x00000182a9af5734 method=java.util.TimSort.reverseRange([Ljava/lang/Object;II)V @ 27 c2
Event: 42734.361 Thread 0x00000182baad8000 Uncommon trap: reason=unstable_if action=reinterpret pc=0x00000182a941b4b8 method=javax.swing.TimerQueue$DelayedTimer.compareTo(Ljava/util/concurrent/Delayed;)I @ 40 c2
Event: 42734.409 Thread 0x00000182bac4e000 Uncommon trap: reason=unstable_if action=reinterpret pc=0x00000182a93623fc method=javax.swing.TimerQueue$DelayedTimer.compareTo(Ljava/util/concurrent/Delayed;)I @ 40 c2
Event: 44811.261 Thread 0x00000182bac4e000 Uncommon trap: reason=unstable_if action=reinterpret pc=0x00000182a935ffe4 method=javax.swing.TimerQueue$DelayedTimer.compareTo(Ljava/util/concurrent/Delayed;)I @ 40 c2
Event: 46626.739 Thread 0x00000182baad8000 Uncommon trap: reason=class_check action=maybe_recompile pc=0x00000182a90d0900 method=sun.java2d.pipe.SpanShapeRenderer.fill(Lsun/java2d/SunGraphics2D;Ljava/awt/Shape;)V @ 1 c2

Classes redefined (0 events):
No events

Internal exceptions (10 events):
Event: 17355.680 Thread 0x00000182baad8000 Exception <a 'java/lang/NoSuchMethodError'{0x000000070d389240}: java.lang.invoke.DelegatingMethodHandle$Holder.reinvoke_L(Ljava/lang/Object;IIILjava/lang/Object;Ljava/lang/Object;I)Ljava/lang/Object;> (0x000000070d389240) thrown at [t:/workspace/hotspot/s
Event: 17535.004 Thread 0x00000182baad8000 Exception <a 'java/lang/NoSuchMethodError'{0x000000070abf93d0}: java.lang.invoke.DirectMethodHandle$Holder.invokeStatic(Ljava/lang/Object;Ljava/lang/Object;I)V> (0x000000070abf93d0) thrown at [t:/workspace/hotspot/src/share/vm/interpreter/linkResolver.cpp
Event: 17702.415 Thread 0x00000182bf495800 Exception <a 'java/lang/InterruptedException'{0x000000070d50d788}: sleep interrupted> (0x000000070d50d788) thrown at [t:/workspace/hotspot/src/share/vm/prims/jvm.cpp, line 2984]
Event: 17702.415 Thread 0x00000182baad8000 Implicit null exception at 0x00000182a991052a to 0x00000182a99127fd
Event: 17702.419 Thread 0x00000182bf495800 Exception <a 'java/lang/InterruptedException'{0x000000070d51afe8}: sleep interrupted> (0x000000070d51afe8) thrown at [t:/workspace/hotspot/src/share/vm/prims/jvm.cpp, line 2984]
Event: 17702.603 Thread 0x00000182bf494800 Exception <a 'java/lang/InterruptedException'{0x000000070b2067b0}: sleep interrupted> (0x000000070b2067b0) thrown at [t:/workspace/hotspot/src/share/vm/prims/jvm.cpp, line 3023]
Event: 18245.825 Thread 0x00000182bf493000 Implicit null exception at 0x00000182a8e5d589 to 0x00000182a8e5db25
Event: 42039.996 Thread 0x00000182958d1000 Exception <a 'java/lang/NoSuchMethodError'{0x000000070d7a1578}: java.lang.invoke.DirectMethodHandle$Holder.invokeSpecial(Ljava/lang/Object;Ljava/lang/Object;IILjava/lang/Object;JJ)Ljava/lang/Object;> (0x000000070d7a1578) thrown at [t:/workspace/hotspot/sr
Event: 42039.996 Thread 0x00000182958d1000 Exception <a 'java/lang/NoSuchMethodError'{0x000000070d7a5460}: java.lang.invoke.DelegatingMethodHandle$Holder.reinvoke_L(Ljava/lang/Object;IILjava/lang/Object;JJ)Ljava/lang/Object;> (0x000000070d7a5460) thrown at [t:/workspace/hotspot/src/share/vm/interp
Event: 42040.001 Thread 0x00000182958d1000 Exception <a 'java/lang/NoSuchMethodError'{0x000000070d7c5fe8}: method resolution failed> (0x000000070d7c5fe8) thrown at [t:/workspace/hotspot/src/share/vm/prims/methodHandles.cpp, line 1256]

Events (10 events):
Event: 46955.958 Executing VM operation: G1IncCollectionPause done
Event: 46956.593 Thread 0x00000182bf494800 Thread added: 0x00000182bf494800
Event: 46956.596 Thread 0x00000182bf494800 Thread exited: 0x00000182bf494800
Event: 46957.342 Thread 0x00000182bf496000 Thread added: 0x00000182bf496000
Event: 46957.344 Executing VM operation: RevokeBias
Event: 46957.346 Executing VM operation: RevokeBias done
Event: 46957.347 Executing VM operation: RevokeBias
Event: 46957.347 Executing VM operation: RevokeBias done
Event: 46957.594 Thread 0x00000182bf494800 Thread added: 0x00000182bf494800
Event: 46957.597 Thread 0x00000182bf494800 Thread exited: 0x00000182bf494800


Dynamic libraries:
0x00007ff6c9000000 - 0x00007ff6c9030000 	D:\Xilinx\Vivado\2019.1\bin\unwrapped\win64.o\vivado.exe
0x00007ffa7cb50000 - 0x00007ffa7cd48000 	C:\WINDOWS\SYSTEM32\ntdll.dll
0x00007ffa7b130000 - 0x00007ffa7b1f2000 	C:\WINDOWS\System32\KERNEL32.DLL
0x00007ffa7a4d0000 - 0x00007ffa7a7c6000 	C:\WINDOWS\System32\KERNELBASE.dll
0x00007ffa7a350000 - 0x00007ffa7a450000 	C:\WINDOWS\System32\ucrtbase.dll
0x00007ffa63990000 - 0x00007ffa63a1d000 	C:\WINDOWS\SYSTEM32\MSVCP140.dll
0x00007ffa762b0000 - 0x00007ffa762c4000 	D:\Xilinx\Vivado\2019.1\lib\win64.o\libboost_signals.dll
0x00007ffa1f670000 - 0x00007ffa20552000 	D:\Xilinx\Vivado\2019.1\lib\win64.o\librdi_common.dll
0x00007ffa76290000 - 0x00007ffa762a4000 	D:\Xilinx\Vivado\2019.1\lib\win64.o\librdi_commonmain.dll
0x00007ffa64470000 - 0x00007ffa6448e000 	C:\WINDOWS\SYSTEM32\VCRUNTIME140.dll
0x00007ffa7bb40000 - 0x00007ffa7bcdd000 	C:\WINDOWS\System32\USER32.dll
0x00007ffa7a7d0000 - 0x00007ffa7a7f2000 	C:\WINDOWS\System32\win32u.dll
0x00007ffa64460000 - 0x00007ffa6446c000 	C:\WINDOWS\SYSTEM32\VCRUNTIME140_1.dll
0x00007ffa7c840000 - 0x00007ffa7c86b000 	C:\WINDOWS\System32\GDI32.dll
0x00007ffa76200000 - 0x00007ffa76226000 	D:\Xilinx\Vivado\2019.1\lib\win64.o\libboost_filesystem.dll
0x00007ffa76280000 - 0x00007ffa7628a000 	D:\Xilinx\Vivado\2019.1\lib\win64.o\librdi_commonversion.dll
0x00007ffa7a830000 - 0x00007ffa7a94a000 	C:\WINDOWS\System32\gdi32full.dll
0x00007ffa7be90000 - 0x00007ffa7bf3f000 	C:\WINDOWS\System32\ADVAPI32.dll
0x00007ffa7aae0000 - 0x00007ffa7ab7d000 	C:\WINDOWS\System32\msvcp_win.dll
0x00007ffa7bce0000 - 0x00007ffa7bd7e000 	C:\WINDOWS\System32\msvcrt.dll
0x00007ffa7b3b0000 - 0x00007ffa7bb1e000 	C:\WINDOWS\System32\SHELL32.dll
0x00007ffa6dca0000 - 0x00007ffa6ddc1000 	D:\Xilinx\Vivado\2019.1\lib\win64.o\librdi_commonxillic.dll
0x00007ffa67b50000 - 0x00007ffa67ebe000 	D:\Xilinx\Vivado\2019.1\lib\win64.o\libCOIN-all.dll
0x00007ffa7ac90000 - 0x00007ffa7ad2f000 	C:\WINDOWS\System32\sechost.dll
0x00007ffa7ad90000 - 0x00007ffa7aeb3000 	C:\WINDOWS\System32\RPCRT4.dll
0x00007ffa761e0000 - 0x00007ffa761f4000 	D:\Xilinx\Vivado\2019.1\lib\win64.o\libboost_date_time.dll
0x00007ffa7a800000 - 0x00007ffa7a827000 	C:\WINDOWS\System32\bcrypt.dll
0x0000000050460000 - 0x000000005058b000 	D:\Xilinx\Vivado\2019.1\lib\win64.o\tcl85t.dll
0x00007ffa7b2d0000 - 0x00007ffa7b33b000 	C:\WINDOWS\System32\WS2_32.dll
0x00007ffa75a30000 - 0x00007ffa75aaf000 	D:\Xilinx\Vivado\2019.1\lib\win64.o\libboost_program_options.dll
0x00007ffa6db80000 - 0x00007ffa6dc94000 	D:\Xilinx\Vivado\2019.1\lib\win64.o\libboost_regex.dll
0x00007ffa76270000 - 0x00007ffa7627b000 	D:\Xilinx\Vivado\2019.1\lib\win64.o\libboost_system.dll
0x00007ffa759d0000 - 0x00007ffa759f1000 	D:\Xilinx\Vivado\2019.1\lib\win64.o\libboost_thread.dll
0x00007ffa737a0000 - 0x00007ffa73822000 	D:\Xilinx\Vivado\2019.1\lib\win64.o\libhdlpsolve.dll
0x00007ffa75a20000 - 0x00007ffa75a2f000 	D:\Xilinx\Vivado\2019.1\lib\win64.o\libboost_xilinx.dll
0x00007ffa67aa0000 - 0x00007ffa67b45000 	D:\Xilinx\Vivado\2019.1\lib\win64.o\libhdxml.dll
0x00007ffa2e380000 - 0x00007ffa2ef2f400 	D:\Xilinx\Vivado\2019.1\lib\win64.o\libisl_iostreams.dll
0x00007ffa73600000 - 0x00007ffa7362e000 	D:\Xilinx\Vivado\2019.1\lib\win64.o\libisl_sysinfo.dll
0x00007ffa73730000 - 0x00007ffa73795000 	D:\Xilinx\Vivado\2019.1\lib\win64.o\liblmx6.0.dll
0x00007ffa72e20000 - 0x00007ffa72e3a000 	D:\Xilinx\Vivado\2019.1\lib\win64.o\pthreadVC2.dll
0x00007ffa72860000 - 0x00007ffa7287c000 	D:\Xilinx\Vivado\2019.1\lib\win64.o\librdiconfig.dll
0x00007ffa6ee90000 - 0x00007ffa6eeb1000 	D:\Xilinx\Vivado\2019.1\lib\win64.o\librdizlib.dll
0x0000000012000000 - 0x0000000012270000 	D:\Xilinx\Vivado\2019.1\lib\win64.o\xerces-c_3_1.dll
0x00007ffa4cc60000 - 0x00007ffa4cc79000 	C:\WINDOWS\SYSTEM32\NETAPI32.dll
0x00007ffa550a0000 - 0x00007ffa55576000 	C:\WINDOWS\SYSTEM32\WININET.dll
0x00007ffa73a00000 - 0x00007ffa73b0a000 	C:\WINDOWS\SYSTEM32\WINHTTP.dll
0x00007ffa66da0000 - 0x00007ffa66f90000 	C:\WINDOWS\SYSTEM32\urlmon.dll
0x00007ffa2cb40000 - 0x00007ffa2ce18000 	D:\Xilinx\Vivado\2019.1\lib\win64.o\libXil_lmgr11.dll
0x00007ffa7ab80000 - 0x00007ffa7ac5a000 	C:\WINDOWS\System32\COMDLG32.dll
0x00007ffa7c4e0000 - 0x00007ffa7c833000 	C:\WINDOWS\System32\combase.dll
0x00007ffa541c0000 - 0x00007ffa541c9000 	C:\WINDOWS\SYSTEM32\WSOCK32.dll
0x00007ffa1dd50000 - 0x00007ffa1ebe1000 	D:\Xilinx\Vivado\2019.1\lib\win64.o\gurobi65.dll
0x00007ffa6ee60000 - 0x00007ffa6ee90000 	C:\WINDOWS\SYSTEM32\VCOMP140.DLL
0x00007ffa7aff0000 - 0x00007ffa7b09d000 	C:\WINDOWS\System32\shcore.dll
0x00007ffa7bd80000 - 0x00007ffa7bdd5000 	C:\WINDOWS\System32\SHLWAPI.dll
0x00007ffa7b200000 - 0x00007ffa7b2cd000 	C:\WINDOWS\System32\OLEAUT32.dll
0x00007ffa7aec0000 - 0x00007ffa7afeb000 	C:\WINDOWS\System32\ole32.dll
0x00007ffa759c0000 - 0x00007ffa759cd000 	D:\Xilinx\Vivado\2019.1\lib\win64.o\libboost_chrono.dll
0x00007ffa7a450000 - 0x00007ffa7a4c3000 	C:\WINDOWS\System32\WINTRUST.dll
0x00007ffa6de30000 - 0x00007ffa6de4b000 	D:\Xilinx\Vivado\2019.1\lib\win64.o\libboost_iostreams.dll
0x00007ffa6dea0000 - 0x00007ffa6dec5000 	D:\Xilinx\Vivado\2019.1\lib\win64.o\libisl_iosutils.dll
0x00007ffa7a1f0000 - 0x00007ffa7a34d000 	C:\WINDOWS\System32\CRYPT32.dll
0x00007ffa5dba0000 - 0x00007ffa5de5f000 	C:\WINDOWS\SYSTEM32\iertutil.dll
0x00007ffa5db70000 - 0x00007ffa5db98000 	C:\WINDOWS\SYSTEM32\srvcli.dll
0x00007ffa78270000 - 0x00007ffa78a13000 	C:\WINDOWS\SYSTEM32\windows.storage.dll
0x00007ffa79650000 - 0x00007ffa7965c000 	C:\WINDOWS\SYSTEM32\netutils.dll
0x00007ffa4ae80000 - 0x00007ffa4af30000 	C:\WINDOWS\WinSxS\amd64_microsoft.windows.common-controls_6595b64144ccf1df_5.82.19041.4355_none_792ecafd2442822f\COMCTL32.dll
0x00007ffa75900000 - 0x00007ffa7591d000 	C:\WINDOWS\SYSTEM32\dhcpcsvc.DLL
0x00007ffa79c20000 - 0x00007ffa79c4b000 	C:\WINDOWS\SYSTEM32\Wldp.dll
0x00007ffa7ac60000 - 0x00007ffa7ac8f000 	C:\WINDOWS\System32\IMM32.DLL
0x00007ffa79db0000 - 0x00007ffa79dc2000 	C:\WINDOWS\SYSTEM32\MSASN1.dll
0x00007ffa780c0000 - 0x00007ffa780d2000 	C:\WINDOWS\SYSTEM32\kernel.appcore.dll
0x00007ffa1f150000 - 0x00007ffa1f667000 	D:\Xilinx\Vivado\2019.1\lib\win64.o\librdi_commontasks.dll
0x00007ffa71be0000 - 0x00007ffa71bea000 	C:\WINDOWS\SYSTEM32\VERSION.dll
0x0000000076d80000 - 0x00000000777a5000 	D:\Xilinx\Vivado\2019.1\tps\win64\jre9.0.4\bin\server\jvm.dll
0x00007ffa2c250000 - 0x00007ffa2c4d6000 	D:\Xilinx\Vivado\2019.1\lib\win64.o\librdi_sio.dll
0x00007ffa7c3b0000 - 0x00007ffa7c3b8000 	C:\WINDOWS\System32\PSAPI.DLL
0x00007ffa79610000 - 0x00007ffa7964b000 	C:\WINDOWS\SYSTEM32\IPHLPAPI.DLL
0x00007ffa70650000 - 0x00007ffa70677000 	C:\WINDOWS\SYSTEM32\WINMM.dll
0x00007ffa4a870000 - 0x00007ffa4a95f000 	C:\WINDOWS\SYSTEM32\MSVCR120.dll
0x00007ffa79980000 - 0x00007ffa799ec000 	C:\WINDOWS\SYSTEM32\MSWSOCK.DLL
0x00007ffa1b890000 - 0x00007ffa1dd4c000 	D:\Xilinx\Vivado\2019.1\lib\win64.o\librdi_tcltasks.dll
0x00007ffa67a20000 - 0x00007ffa67a98000 	D:\Xilinx\Vivado\2019.1\lib\win64.o\librdi_boarddep.dll
0x00007ffa1ed40000 - 0x00007ffa1f148000 	D:\Xilinx\Vivado\2019.1\lib\win64.o\librdi_bitstream.dll
0x00007ffa4a3d0000 - 0x00007ffa4a561000 	D:\Xilinx\Vivado\2019.1\lib\win64.o\librdi_board.dll
0x00007ffa4a780000 - 0x00007ffa4a86b000 	D:\Xilinx\Vivado\2019.1\lib\win64.o\librdi_chipscope.dll
0x00007ffa351a0000 - 0x00007ffa352f6000 	D:\Xilinx\Vivado\2019.1\lib\win64.o\librdi_containers.dll
0x00007ffa453c0000 - 0x00007ffa4557d000 	D:\Xilinx\Vivado\2019.1\lib\win64.o\librdi_chipscopeimpl.dll
0x00007ff9f90a0000 - 0x00007ff9fd0e3000 	D:\Xilinx\Vivado\2019.1\lib\win64.o\librdi_designutils.dll
0x00007ff9fd0f0000 - 0x00007ff9feada000 	D:\Xilinx\Vivado\2019.1\lib\win64.o\librdi_constraints.dll
0x00007ffa1b570000 - 0x00007ffa1b88e000 	D:\Xilinx\Vivado\2019.1\lib\win64.o\librdi_dlyest.dll
0x00007ff9e66d0000 - 0x00007ff9e6c6a000 	D:\Xilinx\Vivado\2019.1\lib\win64.o\librdi_drc.dll
0x00007ff9feae0000 - 0x00007ffa00991000 	D:\Xilinx\Vivado\2019.1\lib\win64.o\librdi_coregen.dll
0x00007ffa49e10000 - 0x00007ffa49ed4000 	D:\Xilinx\Vivado\2019.1\lib\win64.o\librdi_dsp.dll
0x00007ffa18640000 - 0x00007ffa18923000 	D:\Xilinx\Vivado\2019.1\lib\win64.o\librdi_guitools.dll
0x00007ff9e6080000 - 0x00007ff9e66cd000 	D:\Xilinx\Vivado\2019.1\lib\win64.o\librdi_filemgmt.dll
0x00007ffa18930000 - 0x00007ffa1900a000 	D:\Xilinx\Vivado\2019.1\lib\win64.o\librdi_coregenipxact.dll
0x00007ff9e6c70000 - 0x00007ff9f909c000 	D:\Xilinx\Vivado\2019.1\lib\win64.o\librdi_device.dll
0x00007ffa4b750000 - 0x00007ffa4b7b5000 	D:\Xilinx\Vivado\2019.1\lib\win64.o\librdi_hdf.dll
0x00007ff9e44a0000 - 0x00007ff9e4ab5000 	D:\Xilinx\Vivado\2019.1\lib\win64.o\librdi_memdata.dll
0x00007ff9e4ac0000 - 0x00007ff9e6080000 	D:\Xilinx\Vivado\2019.1\lib\win64.o\librdi_implflow.dll
0x00007ffa4abd0000 - 0x00007ffa4ac43000 	D:\Xilinx\Vivado\2019.1\lib\win64.o\librdi_memoryarray.dll
0x00007ffa6a2a0000 - 0x00007ffa6a2eb000 	D:\Xilinx\Vivado\2019.1\lib\win64.o\librdi_pfi.dll
0x00007ff9e17b0000 - 0x00007ff9e4496000 	D:\Xilinx\Vivado\2019.1\lib\win64.o\librdi_mig.dll
0x00007ff9e1100000 - 0x00007ff9e17a2000 	D:\Xilinx\Vivado\2019.1\lib\win64.o\librdi_netlist.dll
0x00007ff9de020000 - 0x00007ff9de76a000 	D:\Xilinx\Vivado\2019.1\lib\win64.o\librdi_power.dll
0x00007ff9de770000 - 0x00007ff9dea7f000 	D:\Xilinx\Vivado\2019.1\lib\win64.o\librdi_platform.dll
0x00007ff9ddaa0000 - 0x00007ff9de01f000 	D:\Xilinx\Vivado\2019.1\lib\win64.o\librdi_project.dll
0x00007ff9dea80000 - 0x00007ff9e10f6000 	D:\Xilinx\Vivado\2019.1\lib\win64.o\librdi_place.dll
0x00007ff9dcc80000 - 0x00007ff9dd386000 	D:\Xilinx\Vivado\2019.1\lib\win64.o\librdi_rsb.dll
0x00007ff9dd390000 - 0x00007ff9dda99000 	D:\Xilinx\Vivado\2019.1\lib\win64.o\librdi_psta.dll
0x00007ff9dc880000 - 0x00007ff9dcc71000 	D:\Xilinx\Vivado\2019.1\lib\win64.o\librdi_runs.dll
0x00007ff9dc620000 - 0x00007ff9dc876000 	D:\Xilinx\Vivado\2019.1\lib\win64.o\librdi_simdata.dll
0x00007ffa460c0000 - 0x00007ffa461ba000 	D:\Xilinx\Vivado\2019.1\lib\win64.o\librdi_runsbase.dll
0x00007ffa30f50000 - 0x00007ffa310c2000 	D:\Xilinx\Vivado\2019.1\lib\win64.o\librdi_advchipscopeimpl.dll
0x00007ffa679d0000 - 0x00007ffa67a1c000 	D:\Xilinx\Vivado\2019.1\lib\win64.o\libboost_serialization.dll
0x00007ff9db800000 - 0x00007ff9dc611000 	D:\Xilinx\Vivado\2019.1\lib\win64.o\librdi_timing.dll
0x00007ffa30710000 - 0x00007ffa308af000 	D:\Xilinx\Vivado\2019.1\lib\win64.o\librdi_hip_devdesign.dll
0x00007ffa67730000 - 0x00007ffa67773000 	D:\Xilinx\Vivado\2019.1\lib\win64.o\librdi_noc_frameworks.dll
0x00007ff9da8c0000 - 0x00007ff9daca5000 	D:\Xilinx\Vivado\2019.1\lib\win64.o\librdi_hip_config.dll
0x00007ff9da370000 - 0x00007ff9da8be000 	D:\Xilinx\Vivado\2019.1\lib\win64.o\librdi_xdm.dll
0x00007ffa3bbc0000 - 0x00007ffa3bc82000 	D:\Xilinx\Vivado\2019.1\lib\win64.o\librdi_ipconfig_readwrite.dll
0x00007ffa4a330000 - 0x00007ffa4a3ce000 	D:\Xilinx\Vivado\2019.1\lib\win64.o\libise.dll
0x00007ffa63460000 - 0x00007ffa634a0000 	D:\Xilinx\Vivado\2019.1\lib\win64.o\librdi_wavedata_SimpleApi.dll
0x00007ff9dacb0000 - 0x00007ff9db7f7000 	D:\Xilinx\Vivado\2019.1\lib\win64.o\libverific.dll
0x00007ffa54b90000 - 0x00007ffa54bcf000 	D:\Xilinx\Vivado\2019.1\lib\win64.o\librdi_schedmon.dll
0x00007ff9d8be0000 - 0x00007ff9d9d6d000 	D:\Xilinx\Vivado\2019.1\lib\win64.o\librdi_route.dll
0x00007ff9d6c10000 - 0x00007ff9d8bdd000 	D:\Xilinx\Vivado\2019.1\lib\win64.o\librdi_synth.dll

VM Arguments:
jvm_args: -Dsun.java2d.pmoffscreen=false -Dsun.java2d.xrender=false -Dsun.java2d.d3d=false -Dsun.awt.nopixfmt=true -Dsun.java2d.dpiaware=true -Dsun.java2d.uiScale.enabled=false -Xverify:none -Dswing.aatext=true -XX:-UsePerfData -Djdk.map.althashing.threshold=512 -XX:StringTableSize=4072 --add-opens=java.base/java.nio=ALL-UNNAMED --add-opens=java.desktop/sun.swing=ALL-UNNAMED --add-opens=java.desktop/javax.swing=ALL-UNNAMED --add-opens=java.desktop/javax.swing.tree=ALL-UNNAMED --add-opens=java.desktop/javax.swing.plaf.basic=ALL-UNNAMED --add-opens=java.desktop/javax.swing.plaf.synth=ALL-UNNAMED --add-opens=java.desktop/com.sun.awt=ALL-UNNAMED -XX:NewSize=60m -XX:MaxNewSize=60m -Xms128m -Xmx3072m -Xss5m 
java_command: <unknown>
java_class_path (initial): D:/Xilinx/Vivado/2019.1\lib\classes\alloy.jar;D:/Xilinx/Vivado/2019.1\lib\classes\autopilot.scelaborator.jar;D:/Xilinx/Vivado/2019.1\lib\classes\autopilot.sourceprocessor.jar;D:/Xilinx/Vivado/2019.1\lib\classes\autopilot.tbprocessor.jar;D:/Xilinx/Vivado/2019.1\lib\classes\batik-anim.jar;D:/Xilinx/Vivado/2019.1\lib\classes\batik-awt-util.jar;D:/Xilinx/Vivado/2019.1\lib\classes\batik-bridge.jar;D:/Xilinx/Vivado/2019.1\lib\classes\batik-codec.jar;D:/Xilinx/Vivado/2019.1\lib\classes\batik-css.jar;D:/Xilinx/Vivado/2019.1\lib\classes\batik-dom.jar;D:/Xilinx/Vivado/2019.1\lib\classes\batik-ext.jar;D:/Xilinx/Vivado/2019.1\lib\classes\batik-gui-util.jar;D:/Xilinx/Vivado/2019.1\lib\classes\batik-gvt.jar;D:/Xilinx/Vivado/2019.1\lib\classes\batik-parser.jar;D:/Xilinx/Vivado/2019.1\lib\classes\batik-script.jar;D:/Xilinx/Vivado/2019.1\lib\classes\batik-svg-dom.jar;D:/Xilinx/Vivado/2019.1\lib\classes\batik-swing.jar;D:/Xilinx/Vivado/2019.1\lib\classes\batik-transcoder.jar;D:/Xilinx/Vivado/2019.1\lib\classes\batik-util.jar;D:/Xilinx/Vivado/2019.1\lib\classes\batik-xml.jar;D:/Xilinx/Vivado/2019.1\lib\classes\com.google.gson_2.7.0.v20170129-0911.jar;D:/Xilinx/Vivado/2019.1\lib\classes\com.google.guava_21.0.0.v20170206-1425.jar;D:/Xilinx/Vivado/2019.1\lib\classes\com.google.inject_3.0.0.v201605172100.jar;D:/Xilinx/Vivado/2019.1\lib\classes\com.ibm.icu_4.4.2.v20110208.jar;D:/Xilinx/Vivado/2019.1\lib\classes\com.sigasi.hdt.annotations.runtime_4.3.0.201903071210.jar;D:/Xilinx/Vivado/2019.1\lib\classes\com.sigasi.hdt.blockdiagram.model_4.3.0.201903071210.jar;D:/Xilinx/Vivado/2019.1\lib\classes\com.sigasi.hdt.connection_4.3.0.201903071210.jar;D:/Xilinx/Vivado/2019.1\lib\classes\com.sigasi.hdt.dependencies.model_4.3.0.201903071210.jar;D:/Xilinx/Vivado/2019.1\lib\classes\com.sigasi.hdt.epl_4.3.0.201903071210.jar;D:/Xilinx/Vivado/2019.1\lib\classes\com.sigasi.hdt.graphics.model_4.3.0.201903071210.jar;D:/Xilinx/Vivado/2019.1\lib\classes\com.sigasi.hdt.project_4.3.0
Launcher Type: generic

Logging:
Log output configuration:
#0: stdout all=warning uptime,level,tags
#1: stderr all=off uptime,level,tags

Environment Variables:
JAVA_HOME=D:\JAVA\jdk-11.0.9
PATH=D:/Xilinx/Vivado/2019.1/bin;D:/Xilinx/Vivado/2019.1/lib/win64.o;D:/Xilinx/Vivado/2019.1/tps/win64/jre9.0.4/bin/server;D:/Xilinx/Vivado/2019.1/tps/win64/jre9.0.4/bin;D:/Xilinx/SDK/2019.1/bin;D:/Xilinx/Vivado/2019.1/ids_lite/ISE/bin/nt64;D:/Xilinx/Vivado/2019.1/ids_lite/ISE/lib/nt64;F:\openjdk\bin;F:\VMWare_Workstation\bin\;D:\JAVA\jdk-11.0.9\bin;C:\Program Files\Common Files\Oracle\Java\javapath;C:\windows\system32;C:\windows;C:\windows\System32\Wbem;C:\windows\System32\WindowsPowerShell\v1.0\;C:\windows\System32\OpenSSH\;C:\Program Files (x86)\NVIDIA Corporation\PhysX\Common;C:\Program Files\NVIDIA Corporation\NVIDIA NvDLISR;E:\bin;D:\JAVA\apache-maven-3.8.5\bin;D:\Sumo\bin\;D:\Sumo\tools\;D:\calibre2\;D:\Git\cmd;E:\texlive\2023\bin\windows;E:\anaconda3;E:\anaconda3\Library\mingw-w64\bin;E:\anaconda3\Library\usr\bin;E:\anaconda3\Library\bin;E:\anaconda3\Scripts;D:\Anaconda;D:\Anaconda\Library\mingw-w64\bin;D:\Anaconda\Library\usr\bin;D:\Anaconda\Library\bin;D:\Anaconda\Scripts;D:\python\Scripts\;D:\python\;C:\Users\lxy\AppData\Local\Microsoft\WindowsApps;F:\Tencent\QQGameTempest\Hall.58036\;F:\Quartus\modelsim_ae\win32aloem;F:\FPGA_yh\Modelsim\win64;E:\Microsoft VS Code\bin;D:/Xilinx/Vivado/2019.1\tps\mingw\6.2.0\win64.o\nt\bin;D:/Xilinx/Vivado/2019.1\tps\mingw\6.2.0\win64.o\nt\libexec\gcc\x86_64-w64-mingw32\6.2.0;D:/Xilinx/Vivado/2019.1\tps\win64\python-2.7.5;D:/Xilinx/Vivado/2019.1\tps\win64\python-2.7.5\lib;D:/Xilinx/Vivado/2019.1\tps\win64\python-2.7.5\Lib\lib-tk;D:/Xilinx/Vivado/2019.1\tps\win64\python-2.7.5\lib\site-packages
USERNAME=lxy
OS=Windows_NT
PROCESSOR_IDENTIFIER=Intel64 Family 6 Model 165 Stepping 2, GenuineIntel



---------------  S Y S T E M  ---------------

OS: Windows 10 , 64 bit Build 19041 (10.0.19041.5794)

CPU:total 12 (initial active 12) (6 cores per cpu, 2 threads per core) family 6 model 165 stepping 2, cmov, cx8, fxsr, mmx, sse, sse2, sse3, ssse3, sse4.1, sse4.2, popcnt, avx, avx2, aes, clmul, erms, 3dnowpref, lzcnt, ht, tsc, tscinvbit, bmi1, bmi2, adx, fma

Memory: 4k page, physical 16547960k(6530824k free), swap 20742264k(5304084k free)

vm_info: Java HotSpot(TM) 64-Bit Server VM (9.0.4+11) for windows-amd64 JRE (9.0.4+11), built on Dec 20 2017 02:18:54 by "mach5one" with MS VC++ 12.0 (VS2013)

END.
