#
# A fatal error has been detected by the Java Runtime Environment:
#
#  EXCEPTION_ACCESS_VIOLATION (0xc0000005) at pc=0x00007ffc6b12a1a5, pid=1696, tid=2444
#
# JRE version: Java(TM) SE Runtime Environment (9.0+11) (build 9.0.4+11)
# Java VM: Java HotSpot(TM) 64-Bit Server VM (9.0.4+11, mixed mode, tiered, compressed oops, g1 gc, windows-amd64)
# Problematic frame:
# C  [librdi_common.dll+0x17a1a5]
#
# No core dump will be written. Minidumps are not enabled by default on client versions of Windows
#
# If you would like to submit a bug report, please visit:
#   http://bugreport.java.com/bugreport/crash.jsp
# The crash happened outside the Java Virtual Machine in native code.
# See problematic frame for where to report the bug.
#

---------------  S U M M A R Y ------------

Command Line: -Dsun.java2d.pmoffscreen=false -Dsun.java2d.xrender=false -Dsun.java2d.d3d=false -Dsun.awt.nopixfmt=true -Dsun.java2d.dpiaware=true -Dsun.java2d.uiScale.enabled=false -Xverify:none -Dswing.aatext=true -XX:-UsePerfData -Djdk.map.althashing.threshold=512 -XX:StringTableSize=4072 --add-opens=java.base/java.nio=ALL-UNNAMED --add-opens=java.desktop/sun.swing=ALL-UNNAMED --add-opens=java.desktop/javax.swing=ALL-UNNAMED --add-opens=java.desktop/javax.swing.tree=ALL-UNNAMED --add-opens=java.desktop/javax.swing.plaf.basic=ALL-UNNAMED --add-opens=java.desktop/javax.swing.plaf.synth=ALL-UNNAMED --add-opens=java.desktop/com.sun.awt=ALL-UNNAMED -XX:NewSize=60m -XX:MaxNewSize=60m -Xms128m -Xmx3072m -Xss5m 

Host: Intel(R) Core(TM) i7-10750H CPU @ 2.60GHz, 12 cores, 15G,  Windows 10 , 64 bit Build 19041 (10.0.19041.5794)
Time: Wed May 21 14:02:38 2025 ?¡Â?¡¤??¨¢?¨º¡À elapsed time: 751 seconds (0d 0h 12m 31s)

---------------  T H R E A D  ---------------

Current thread (0x000001e81299c800):  JavaThread "AWT-EventQueue-1" [_thread_in_native, id=2444, stack(0x0000006ef5200000,0x0000006ef5700000)]

Stack: [0x0000006ef5200000,0x0000006ef5700000],  sp=0x0000006ef56fabf0,  free space=5098k
Native frames: (J=compiled Java code, j=interpreted, Vv=VM code, C=native code)
C  [librdi_common.dll+0x17a1a5]
C  [librdi_common.dll+0x16ee15]
C  [librdi_common.dll+0x1386da]
C  [librdi_wavedata.dll+0x1e1eff]
C  [librdi_wavedata.dll+0x2621df]
C  [librdi_wavedata.dll+0x269e19]
C  [librdi_wavedata.dll+0x23a4cb]
C  [librdi_wavedata.dll+0x276de7]
C  0x000001e80887dcba

Java frames: (J=compiled Java code, j=interpreted, Vv=VM code)
J 16810  ui.views.waveform.waveformi.WVExecutive_getTooltipTextDelayed(J)Ljava/lang/String; (0 bytes) @ 0x000001e80887dc21 [0x000001e80887dbe0+0x0000000000000041]
J 16806 c1 ui.views.waveform.b.a.bG(Ljava/awt/event/MouseEvent;)V (135 bytes) @ 0x000001e802725a24 [0x000001e802725380+0x00000000000006a4]
J 16645 c1 ui.views.waveform.b.a.mouseMoved(Ljava/awt/event/MouseEvent;)V (32 bytes) @ 0x000001e8018be8cc [0x000001e8018be3a0+0x000000000000052c]
J 17142 c2 java.awt.AWTEventMulticaster.mouseMoved(Ljava/awt/event/MouseEvent;)V java.desktop@9.0.4 (27 bytes) @ 0x000001e80893bc74 [0x000001e80893bbc0+0x00000000000000b4]
J 17142 c2 java.awt.AWTEventMulticaster.mouseMoved(Ljava/awt/event/MouseEvent;)V java.desktop@9.0.4 (27 bytes) @ 0x000001e80893bc34 [0x000001e80893bbc0+0x0000000000000074]
J 18254 c2 javax.swing.JComponent.processMouseMotionEvent(Ljava/awt/event/MouseEvent;)V java.desktop@9.0.4 (46 bytes) @ 0x000001e808abab48 [0x000001e808abaac0+0x0000000000000088]
J 16643 c1 ui.frmwork.c.i.processMouseMotionEvent(Ljava/awt/event/MouseEvent;)V (131 bytes) @ 0x000001e801fbe144 [0x000001e801fbd280+0x0000000000000ec4]
J 13237 c2 java.awt.Container.processEvent(Ljava/awt/AWTEvent;)V java.desktop@9.0.4 (22 bytes) @ 0x000001e80851cd98 [0x000001e80851cc20+0x0000000000000178]
J 18619 c1 java.awt.Component.dispatchEventImpl(Ljava/awt/AWTEvent;)V java.desktop@9.0.4 (739 bytes) @ 0x000001e802b2aa54 [0x000001e802b26c40+0x0000000000003e14]
J 15340 c2 java.awt.Container.dispatchEventImpl(Ljava/awt/AWTEvent;)V java.desktop@9.0.4 (129 bytes) @ 0x000001e8086a0ab8 [0x000001e8086a0a60+0x0000000000000058]
J 16065 c2 java.awt.LightweightDispatcher.retargetMouseEvent(Ljava/awt/Component;ILjava/awt/event/MouseEvent;)V java.desktop@9.0.4 (350 bytes) @ 0x000001e8087c0d54 [0x000001e8087c07a0+0x00000000000005b4]
J 18160 c2 java.awt.LightweightDispatcher.processMouseEvent(Ljava/awt/event/MouseEvent;)Z java.desktop@9.0.4 (265 bytes) @ 0x000001e808a975c8 [0x000001e808a97020+0x00000000000005a8]
J 15340 c2 java.awt.Container.dispatchEventImpl(Ljava/awt/AWTEvent;)V java.desktop@9.0.4 (129 bytes) @ 0x000001e8086a0e50 [0x000001e8086a0a60+0x00000000000003f0]
J 18112 c2 java.awt.Window.dispatchEventImpl(Ljava/awt/AWTEvent;)V java.desktop@9.0.4 (23 bytes) @ 0x000001e808a7530c [0x000001e808a752c0+0x000000000000004c]
J 14553 c2 java.awt.EventQueue$3.run()Ljava/lang/Object; java.desktop@9.0.4 (5 bytes) @ 0x000001e8085bfd3c [0x000001e8085bfb80+0x00000000000001bc]
v  ~StubRoutines::call_stub
J 3793  java.security.AccessController.doPrivileged(Ljava/security/PrivilegedAction;Ljava/security/AccessControlContext;)Ljava/lang/Object; java.base@9.0.4 (0 bytes) @ 0x000001e807cd08c6 [0x000001e807cd0860+0x0000000000000066]
J 17428 c2 java.awt.EventQueue$4.run()Ljava/lang/Object; java.desktop@9.0.4 (5 bytes) @ 0x000001e8089dde40 [0x000001e8089ddbe0+0x0000000000000260]
v  ~StubRoutines::call_stub
J 3793  java.security.AccessController.doPrivileged(Ljava/security/PrivilegedAction;Ljava/security/AccessControlContext;)Ljava/lang/Object; java.base@9.0.4 (0 bytes) @ 0x000001e807cd08c6 [0x000001e807cd0860+0x0000000000000066]
J 14508 c2 ui.frmwork.b.d.dispatchEvent(Ljava/awt/AWTEvent;)V (34 bytes) @ 0x000001e8085a60cc [0x000001e8085a5c80+0x000000000000044c]
J 16656 c2 java.awt.EventDispatchThread.pumpOneEventForFilters(I)V java.desktop@9.0.4 (218 bytes) @ 0x000001e80853c264 [0x000001e80853bf20+0x0000000000000344]
j  java.awt.EventDispatchThread.pumpEventsForFilter(ILjava/awt/Conditional;Ljava/awt/EventFilter;)V+35 java.desktop@9.0.4
j  java.awt.EventDispatchThread.pumpEventsForHierarchy(ILjava/awt/Conditional;Ljava/awt/Component;)V+11 java.desktop@9.0.4
j  java.awt.EventDispatchThread.pumpEvents(ILjava/awt/Conditional;)V+4 java.desktop@9.0.4
j  java.awt.EventDispatchThread.pumpEvents(Ljava/awt/Conditional;)V+3 java.desktop@9.0.4
j  java.awt.EventDispatchThread.run()V+9 java.desktop@9.0.4
v  ~StubRoutines::call_stub

siginfo: EXCEPTION_ACCESS_VIOLATION (0xc0000005), reading address 0xffffffffffffffff


Register to memory mapping:

RIP=0x00007ffc6b12a1a5 librdi_common.dll
RAX=0x000001e867cb7f01 is an unknown value
RBX=0x9005aae84e5f3e75 is an unknown value
RCX=0x000001e867cb7f10 is an unknown value
RDX=0x9005aae84e5f3e75 is an unknown value
RSP=0x0000006ef56fabf0 is pointing into the stack for thread: 0x000001e81299c800
RBP=0x0000006ef56fad20 is pointing into the stack for thread: 0x000001e81299c800
RSI=0x000001e81f2f8390 is an unknown value
RDI=0x0000006ef56fae08 is pointing into the stack for thread: 0x000001e81299c800
R8 =0x0000006ef56fae08 is pointing into the stack for thread: 0x000001e81299c800
R9 =0x0000000000000000 is an unknown value
R10=0x00007ffcb0020000 VCRUNTIME140.dll
R11=0x86bb824ff27cdedb is an unknown value
R12=0x0000006ef56fae08 is pointing into the stack for thread: 0x000001e81299c800
R13=0x0000000000000000 is an unknown value
R14=0x000001e86742ce30 is an unknown value
R15=0x9005aae84e5f3e75 is an unknown value


Registers:
RAX=0x000001e867cb7f01, RBX=0x9005aae84e5f3e75, RCX=0x000001e867cb7f10, RDX=0x9005aae84e5f3e75
RSP=0x0000006ef56fabf0, RBP=0x0000006ef56fad20, RSI=0x000001e81f2f8390, RDI=0x0000006ef56fae08
R8 =0x0000006ef56fae08, R9 =0x0000000000000000, R10=0x00007ffcb0020000, R11=0x86bb824ff27cdedb
R12=0x0000006ef56fae08, R13=0x0000000000000000, R14=0x000001e86742ce30, R15=0x9005aae84e5f3e75
RIP=0x00007ffc6b12a1a5, EFLAGS=0x0000000000010202

Top of Stack: (sp=0x0000006ef56fabf0)
0x0000006ef56fabf0:   0000000000000018 000001e8178055a0
0x0000006ef56fac00:   000000000000098c 9005aae84e5f3e75
0x0000006ef56fac10:   9005aae84e5f3e75 00007ffc6b11ee15
0x0000006ef56fac20:   000000000b0f85cb 00007ffcaf9527a8
0x0000006ef56fac30:   fffffffffffffffe 0000000000000000
0x0000006ef56fac40:   0000fe371300a0c7 000001e817805538
0x0000006ef56fac50:   0000000000000002 00007ffc6b188985
0x0000006ef56fac60:   000001e816280ae0 000001e817805558
0x0000006ef56fac70:   0000006ef56fafa0 00007ffc6bde3fe0
0x0000006ef56fac80:   fffffffffffffffe 00007ffc6b6f6a6d
0x0000006ef56fac90:   fffffffffffffffe 00007ffc6bde3fe0
0x0000006ef56faca0:   000001e817805510 000001e865494b38
0x0000006ef56facb0:   0000006ef56fae08 00007ffc6b187c76
0x0000006ef56facc0:   000001e817805510 0000006ef56fae08
0x0000006ef56facd0:   000001e800000002 0000000000000000
0x0000006ef56face0:   fffffffffffffffe 000000000000000f 

Instructions: (pc=0x00007ffc6b12a1a5)
0x00007ffc6b12a185:   20 48 8b d9 e8 22 c4 04 00 48 8b c8 48 8b d3 e8
0x00007ffc6b12a195:   27 0d 05 00 84 c0 75 08 33 c0 48 83 c4 20 5b c3
0x00007ffc6b12a1a5:   48 8b 4b 50 48 85 c9 74 0a 48 83 c4 20 5b e9 68
0x00007ffc6b12a1b5:   e2 04 00 48 8b d3 48 8d 0d 26 fc 73 00 e8 59 b7 



---------------  P R O C E S S  ---------------

Java Threads: ( => current thread )
  0x000001e8173d0000 JavaThread "Relaunch Simulation" [_thread_blocked, id=10024, stack(0x0000006ef8700000,0x0000006ef8c00000)]
  0x000001e8173d3000 JavaThread "SyntheticaAnimation 50" daemon [_thread_blocked, id=812, stack(0x0000006ef8200000,0x0000006ef8700000)]
  0x000001e8173d4800 JavaThread "Update Runs Swing Worker" [_thread_blocked, id=11048, stack(0x0000006ef4300000,0x0000006ef4800000)]
  0x000001e86e901000 JavaThread "hw_ila_monitor" [_thread_blocked, id=2524, stack(0x0000006ef7d00000,0x0000006ef8200000)]
  0x000001e86e8fb000 JavaThread "Refresh Filesets Swing Worker" [_thread_blocked, id=5688, stack(0x0000006ef7800000,0x0000006ef7d00000)]
  0x000001e86e900800 JavaThread "SyntheticaAnimation 70" daemon [_thread_blocked, id=13060, stack(0x0000006ef7300000,0x0000006ef7800000)]
  0x000001e86e8fe000 JavaThread "SyntheticaAnimation 25" daemon [_thread_blocked, id=7772, stack(0x0000006ef6e00000,0x0000006ef7300000)]
  0x000001e86e8fd800 JavaThread "SyntheticaAnimation 50" daemon [_thread_blocked, id=18120, stack(0x0000006ef6900000,0x0000006ef6e00000)]
  0x000001e86e8fc800 JavaThread "Monitor HEventQueue" [_thread_blocked, id=16368, stack(0x0000006ef6400000,0x0000006ef6900000)]
  0x000001e86e8fc000 JavaThread "SyntheticaCleanerThread" daemon [_thread_blocked, id=16188, stack(0x0000006ef5c00000,0x0000006ef6100000)]
  0x000001e86e8ff000 JavaThread "Batik CleanerThread" daemon [_thread_blocked, id=5532, stack(0x0000006ef4800000,0x0000006ef4d00000)]
=>0x000001e81299c800 JavaThread "AWT-EventQueue-1" [_thread_in_native, id=2444, stack(0x0000006ef5200000,0x0000006ef5700000)]
  0x000001e81299b800 JavaThread "Process Messages" [_thread_blocked, id=17432, stack(0x0000006ef4d00000,0x0000006ef5200000)]
  0x000001e812520800 JavaThread "Thread-1" [_thread_in_native, id=9060, stack(0x0000006eed600000,0x0000006eeea00000)]
  0x000001e86d0d8000 JavaThread "TimerQueue" daemon [_thread_blocked, id=12836, stack(0x0000006ef3e00000,0x0000006ef4300000)]
  0x000001e86cacc800 JavaThread "AWT-Windows" daemon [_thread_in_native, id=9972, stack(0x0000006ef3900000,0x0000006ef3e00000)]
  0x000001e86ca71800 JavaThread "AWT-Shutdown" [_thread_blocked, id=13064, stack(0x0000006ef3400000,0x0000006ef3900000)]
  0x000001e86ca71000 JavaThread "Java2D Disposer" daemon [_thread_blocked, id=8432, stack(0x0000006ef2f00000,0x0000006ef3400000)]
  0x000001e86c8d4800 JavaThread "Service Thread" daemon [_thread_blocked, id=14496, stack(0x0000006ef2900000,0x0000006ef2e00000)]
  0x000001e86e90a800 JavaThread "Common-Cleaner" daemon [_thread_blocked, id=16516, stack(0x0000006ef2400000,0x0000006ef2900000)]
  0x000001e86e8fa800 JavaThread "Sweeper thread" daemon [_thread_blocked, id=5596, stack(0x0000006ef1f00000,0x0000006ef2400000)]
  0x000001e86df7f800 JavaThread "C1 CompilerThread3" daemon [_thread_blocked, id=16548, stack(0x0000006ef1e00000,0x0000006ef1f00000)]
  0x000001e86df7e800 JavaThread "C2 CompilerThread2" daemon [_thread_blocked, id=14312, stack(0x0000006ef1d00000,0x0000006ef1e00000)]
  0x000001e86df7d000 JavaThread "C2 CompilerThread1" daemon [_thread_blocked, id=8956, stack(0x0000006ef1c00000,0x0000006ef1d00000)]
  0x000001e86df7c000 JavaThread "C2 CompilerThread0" daemon [_thread_blocked, id=10804, stack(0x0000006ef1b00000,0x0000006ef1c00000)]
  0x000001e86df72800 JavaThread "Attach Listener" daemon [_thread_blocked, id=5656, stack(0x0000006ef1600000,0x0000006ef1b00000)]
  0x000001e86544d000 JavaThread "Signal Dispatcher" daemon [_thread_blocked, id=15436, stack(0x0000006ef1100000,0x0000006ef1600000)]
  0x000001e86df6c800 JavaThread "Finalizer" daemon [_thread_blocked, id=12160, stack(0x0000006ef0c00000,0x0000006ef1100000)]
  0x000001e86df6b800 JavaThread "Reference Handler" daemon [_thread_blocked, id=14968, stack(0x0000006ef0700000,0x0000006ef0c00000)]
  0x000001e873c2d800 JavaThread "main" [_thread_blocked, id=1692, stack(0x0000006eed500000,0x0000006eed600000)]

Other Threads:
  0x000001e86a430000 VMThread "VM Thread" [stack: 0x0000006ef0600000,0x0000006ef0700000] [id=8556]
  0x000001e86c8db800 WatcherThread [stack: 0x0000006ef2e00000,0x0000006ef2f00000] [id=17124]
  0x000001e86dc30800 GCTaskThread "GC Thread#0" [stack: 0x0000006eeed00000,0x0000006eeee00000] [id=13084]
  0x000001e86e51e000 GCTaskThread "GC Thread#1" [stack: 0x0000006eeee00000,0x0000006eeef00000] [id=17912]
  0x000001e86e51e800 GCTaskThread "GC Thread#2" [stack: 0x0000006eeef00000,0x0000006eef000000] [id=14764]
  0x000001e86e520000 GCTaskThread "GC Thread#3" [stack: 0x0000006eef000000,0x0000006eef100000] [id=15532]
  0x000001e86e51f000 GCTaskThread "GC Thread#4" [stack: 0x0000006eef100000,0x0000006eef200000] [id=18036]
  0x000001e86e520800 GCTaskThread "GC Thread#5" [stack: 0x0000006eef200000,0x0000006eef300000] [id=15772]
  0x000001e86e51d800 GCTaskThread "GC Thread#6" [stack: 0x0000006eef300000,0x0000006eef400000] [id=14640]
  0x000001e86ea54000 GCTaskThread "GC Thread#7" [stack: 0x0000006eef400000,0x0000006eef500000] [id=6004]
  0x000001e86ea51000 GCTaskThread "GC Thread#8" [stack: 0x0000006eef500000,0x0000006eef600000] [id=10756]
  0x000001e86ea53800 GCTaskThread "GC Thread#9" [stack: 0x0000006eef600000,0x0000006eef700000] [id=14812]
  0x000001e86c47a000 ConcurrentGCThread "G1 Main Marker" [stack: 0x0000006ef0200000,0x0000006ef0300000] [id=12728]
  0x000001e86ea54800 ConcurrentGCThread "G1 Marker#0" [stack: 0x0000006ef0300000,0x0000006ef0400000] [id=15676]
  0x000001e86ea55800 ConcurrentGCThread "G1 Marker#1" [stack: 0x0000006ef0400000,0x0000006ef0500000] [id=11188]
  0x000001e86ea51800 ConcurrentGCThread "G1 Marker#2" [stack: 0x0000006ef0500000,0x0000006ef0600000] [id=2092]
  0x000001e86ea64800 ConcurrentGCThread "G1 Refine#0" [stack: 0x0000006ef0000000,0x0000006ef0100000] [id=10408]
  0x000001e86eadf000 ConcurrentGCThread "G1 Refine#1" [stack: 0x0000006eeff00000,0x0000006ef0000000] [id=9300]
  0x000001e86eada800 ConcurrentGCThread "G1 Refine#2" [stack: 0x0000006eefe00000,0x0000006eeff00000] [id=18092]
  0x000001e869db9800 ConcurrentGCThread "G1 Refine#3" [stack: 0x0000006eefd00000,0x0000006eefe00000] [id=10292]
  0x000001e869db8800 ConcurrentGCThread "G1 Refine#4" [stack: 0x0000006eefc00000,0x0000006eefd00000] [id=3428]
  0x000001e869db8000 ConcurrentGCThread "G1 Refine#5" [stack: 0x0000006eefb00000,0x0000006eefc00000] [id=12364]
  0x000001e869db7800 ConcurrentGCThread "G1 Refine#6" [stack: 0x0000006eefa00000,0x0000006eefb00000] [id=8464]
  0x000001e873c00000 ConcurrentGCThread "G1 Refine#7" [stack: 0x0000006eef900000,0x0000006eefa00000] [id=5480]
  0x000001e86da2b800 ConcurrentGCThread "G1 Refine#8" [stack: 0x0000006eef800000,0x0000006eef900000] [id=6688]
  0x000001e86da2b000 ConcurrentGCThread "G1 Refine#9" [stack: 0x0000006eef700000,0x0000006eef800000] [id=16528]
  0x000001e86eae1000 ConcurrentGCThread "G1 Young RemSet Sampling" [stack: 0x0000006ef0100000,0x0000006ef0200000] [id=8476]

Threads with active compile tasks:

VM state:not at safepoint (normal execution)

VM Mutex/Monitor currently owned by a thread: None

Heap address: 0x0000000700000000, size: 3072 MB, Compressed Oops mode: Zero based, Oop shift amount: 3
Narrow klass base: 0x0000000000000000, Narrow klass shift: 3
Compressed class space size: 1073741824 Address: 0x00000007c0000000

Heap:
 garbage-first heap   total 200704K, used 66091K [0x0000000700000000, 0x0000000700100620, 0x00000007c0000000)
  region size 1024K, 2 young (2048K), 1 survivors (1024K)
 Metaspace       used 79884K, capacity 85471K, committed 85680K, reserved 1122304K
  class space    used 10855K, capacity 11840K, committed 11952K, reserved 1048576K
Heap Regions: E=young(eden), S=young(survivor), O=old, HS=humongous(starts), HC=humongous(continues), CS=collection set, F=free, A=archive, TS=gc time stamp, AC=allocation context, TAMS=top-at-mark-start (previous, next)
|   0|0x0000000700000000, 0x00000007000fffe0, 0x0000000700100000| 99%| O|  |TS  0|AC  0|TAMS 0x0000000700000000, 0x0000000700000000|
|   1|0x0000000700100000, 0x0000000700200000, 0x0000000700200000|100%|HS|  |TS  0|AC  0|TAMS 0x0000000700100000, 0x0000000700100000|
|   2|0x0000000700200000, 0x0000000700300000, 0x0000000700300000|100%|HC|  |TS  0|AC  0|TAMS 0x0000000700200000, 0x0000000700200000|
|   3|0x0000000700300000, 0x0000000700400000, 0x0000000700400000|100%|HS|  |TS  0|AC  0|TAMS 0x0000000700300000, 0x0000000700300000|
|   4|0x0000000700400000, 0x00000007004ffec8, 0x0000000700500000| 99%| O|  |TS  0|AC  0|TAMS 0x0000000700400000, 0x0000000700400000|
|   5|0x0000000700500000, 0x00000007005ffff8, 0x0000000700600000| 99%| O|  |TS  0|AC  0|TAMS 0x0000000700500000, 0x0000000700500000|
|   6|0x0000000700600000, 0x00000007006ffff0, 0x0000000700700000| 99%| O|  |TS  0|AC  0|TAMS 0x0000000700600000, 0x0000000700600000|
|   7|0x0000000700700000, 0x0000000700800000, 0x0000000700800000|100%| O|  |TS  0|AC  0|TAMS 0x0000000700700000, 0x0000000700700000|
|   8|0x0000000700800000, 0x00000007008fccc8, 0x0000000700900000| 98%| O|  |TS  0|AC  0|TAMS 0x0000000700800000, 0x0000000700800000|
|   9|0x0000000700900000, 0x0000000700a00000, 0x0000000700a00000|100%| O|  |TS  0|AC  0|TAMS 0x0000000700900000, 0x0000000700900000|
|  10|0x0000000700a00000, 0x0000000700afffe8, 0x0000000700b00000| 99%| O|  |TS  0|AC  0|TAMS 0x0000000700a00000, 0x0000000700a00000|
|  11|0x0000000700b00000, 0x0000000700bfffe8, 0x0000000700c00000| 99%| O|  |TS  0|AC  0|TAMS 0x0000000700b00000, 0x0000000700b00000|
|  12|0x0000000700c00000, 0x0000000700cf8c80, 0x0000000700d00000| 97%| O|  |TS  0|AC  0|TAMS 0x0000000700c00000, 0x0000000700c00000|
|  13|0x0000000700d00000, 0x0000000700df7f10, 0x0000000700e00000| 96%| O|  |TS  0|AC  0|TAMS 0x0000000700d00000, 0x0000000700d00000|
|  14|0x0000000700e00000, 0x0000000700ee76b0, 0x0000000700f00000| 90%| O|  |TS  0|AC  0|TAMS 0x0000000700e00000, 0x0000000700e00000|
|  15|0x0000000700f00000, 0x0000000701000000, 0x0000000701000000|100%| O|  |TS  0|AC  0|TAMS 0x0000000700f00000, 0x0000000700f00000|
|  16|0x0000000701000000, 0x00000007010fffc0, 0x0000000701100000| 99%| O|  |TS  0|AC  0|TAMS 0x0000000701000000, 0x0000000701000000|
|  17|0x0000000701100000, 0x0000000701200000, 0x0000000701200000|100%| O|  |TS  0|AC  0|TAMS 0x0000000701100000, 0x0000000701100000|
|  18|0x0000000701200000, 0x0000000701300000, 0x0000000701300000|100%| O|  |TS  0|AC  0|TAMS 0x0000000701200000, 0x0000000701200000|
|  19|0x0000000701300000, 0x00000007013ffc28, 0x0000000701400000| 99%| O|  |TS  0|AC  0|TAMS 0x0000000701300000, 0x0000000701300000|
|  20|0x0000000701400000, 0x00000007014ffff0, 0x0000000701500000| 99%| O|  |TS  0|AC  0|TAMS 0x0000000701400000, 0x0000000701400000|
|  21|0x0000000701500000, 0x0000000701600000, 0x0000000701600000|100%|HS|  |TS  0|AC  0|TAMS 0x0000000701500000, 0x0000000701500000|
|  22|0x0000000701600000, 0x00000007016fffc0, 0x0000000701700000| 99%| O|  |TS  0|AC  0|TAMS 0x0000000701600000, 0x0000000701600000|
|  23|0x0000000701700000, 0x00000007017fcf08, 0x0000000701800000| 98%| O|  |TS  0|AC  0|TAMS 0x0000000701700000, 0x0000000701700000|
|  24|0x0000000701800000, 0x00000007018fffe0, 0x0000000701900000| 99%| O|  |TS  0|AC  0|TAMS 0x0000000701800000, 0x0000000701800000|
|  25|0x0000000701900000, 0x00000007019ffff8, 0x0000000701a00000| 99%| O|  |TS  0|AC  0|TAMS 0x0000000701900000, 0x0000000701900000|
|  26|0x0000000701a00000, 0x0000000701affff8, 0x0000000701b00000| 99%| O|  |TS  0|AC  0|TAMS 0x0000000701a00000, 0x0000000701a00000|
|  27|0x0000000701b00000, 0x0000000701bffe60, 0x0000000701c00000| 99%| O|  |TS  0|AC  0|TAMS 0x0000000701b00000, 0x0000000701b00000|
|  28|0x0000000701c00000, 0x0000000701cffeb0, 0x0000000701d00000| 99%| O|  |TS  0|AC  0|TAMS 0x0000000701c00000, 0x0000000701c00000|
|  29|0x0000000701d00000, 0x0000000701dfff80, 0x0000000701e00000| 99%| O|  |TS  0|AC  0|TAMS 0x0000000701d00000, 0x0000000701d00000|
|  30|0x0000000701e00000, 0x0000000701effff8, 0x0000000701f00000| 99%| O|  |TS  0|AC  0|TAMS 0x0000000701e00000, 0x0000000701e00000|
|  31|0x0000000701f00000, 0x0000000701ffff38, 0x0000000702000000| 99%| O|  |TS  0|AC  0|TAMS 0x0000000701f00000, 0x0000000701f00000|
|  32|0x0000000702000000, 0x00000007020ffff0, 0x0000000702100000| 99%| O|  |TS  0|AC  0|TAMS 0x0000000702000000, 0x0000000702000000|
|  33|0x0000000702100000, 0x00000007021ffe78, 0x0000000702200000| 99%| O|  |TS  0|AC  0|TAMS 0x0000000702100000, 0x0000000702100000|
|  34|0x0000000702200000, 0x00000007022d3550, 0x0000000702300000| 82%| O|  |TS  0|AC  0|TAMS 0x0000000702200000, 0x0000000702200000|
|  35|0x0000000702300000, 0x00000007023ffff0, 0x0000000702400000| 99%| O|  |TS  0|AC  0|TAMS 0x0000000702300000, 0x0000000702300000|
|  36|0x0000000702400000, 0x00000007024fffd0, 0x0000000702500000| 99%| O|  |TS  0|AC  0|TAMS 0x0000000702400000, 0x0000000702400000|
|  37|0x0000000702500000, 0x00000007025ff760, 0x0000000702600000| 99%| O|  |TS  0|AC  0|TAMS 0x0000000702500000, 0x0000000702500000|
|  38|0x0000000702600000, 0x0000000702700000, 0x0000000702700000|100%| O|  |TS  0|AC  0|TAMS 0x0000000702600000, 0x0000000702600000|
|  39|0x0000000702700000, 0x00000007027fffe0, 0x0000000702800000| 99%| O|  |TS  0|AC  0|TAMS 0x0000000702700000, 0x0000000702700000|
|  40|0x0000000702800000, 0x00000007028fffb8, 0x0000000702900000| 99%| O|  |TS  0|AC  0|TAMS 0x0000000702800000, 0x0000000702800000|
|  41|0x0000000702900000, 0x00000007029fffd8, 0x0000000702a00000| 99%| O|  |TS  0|AC  0|TAMS 0x0000000702900000, 0x0000000702900000|
|  42|0x0000000702a00000, 0x0000000702afffd8, 0x0000000702b00000| 99%| O|  |TS  0|AC  0|TAMS 0x0000000702a00000, 0x0000000702a00000|
|  43|0x0000000702b00000, 0x0000000702bffff0, 0x0000000702c00000| 99%| O|  |TS  0|AC  0|TAMS 0x0000000702b00000, 0x0000000702b00000|
|  44|0x0000000702c00000, 0x0000000702d00000, 0x0000000702d00000|100%| O|  |TS  0|AC  0|TAMS 0x0000000702c00000, 0x0000000702c00000|
|  45|0x0000000702d00000, 0x0000000702df4278, 0x0000000702e00000| 95%| O|  |TS  0|AC  0|TAMS 0x0000000702d00000, 0x0000000702d00000|
|  46|0x0000000702e00000, 0x0000000702f00000, 0x0000000702f00000|100%|HS|  |TS  0|AC  0|TAMS 0x0000000702e00000, 0x0000000702e00000|
|  47|0x0000000702f00000, 0x0000000703000000, 0x0000000703000000|100%|HC|  |TS  0|AC  0|TAMS 0x0000000702f00000, 0x0000000702f00000|
|  48|0x0000000703000000, 0x0000000703100000, 0x0000000703100000|100%|HC|  |TS  0|AC  0|TAMS 0x0000000703000000, 0x0000000703000000|
|  49|0x0000000703100000, 0x0000000703200000, 0x0000000703200000|100%|HC|  |TS  0|AC  0|TAMS 0x0000000703100000, 0x0000000703100000|
|  50|0x0000000703200000, 0x0000000703300000, 0x0000000703300000|100%|HC|  |TS  0|AC  0|TAMS 0x0000000703200000, 0x0000000703200000|
|  51|0x0000000703300000, 0x0000000703400000, 0x0000000703400000|100%|HC|  |TS  0|AC  0|TAMS 0x0000000703300000, 0x0000000703300000|
|  52|0x0000000703400000, 0x0000000703500000, 0x0000000703500000|100%|HC|  |TS  0|AC  0|TAMS 0x0000000703400000, 0x0000000703400000|
|  53|0x0000000703500000, 0x0000000703600000, 0x0000000703600000|100%|HC|  |TS  0|AC  0|TAMS 0x0000000703500000, 0x0000000703500000|
|  54|0x0000000703600000, 0x0000000703700000, 0x0000000703700000|100%| O|  |TS  0|AC  0|TAMS 0x0000000703600000, 0x0000000703600000|
|  55|0x0000000703700000, 0x00000007037ffff8, 0x0000000703800000| 99%| O|  |TS  0|AC  0|TAMS 0x0000000703700000, 0x0000000703700000|
|  56|0x0000000703800000, 0x00000007038ffda8, 0x0000000703900000| 99%| O|  |TS  0|AC  0|TAMS 0x0000000703800000, 0x0000000703800000|
|  57|0x0000000703900000, 0x00000007039ffff0, 0x0000000703a00000| 99%| O|  |TS  0|AC  0|TAMS 0x0000000703900000, 0x0000000703900000|
|  58|0x0000000703a00000, 0x0000000703b00000, 0x0000000703b00000|100%| O|  |TS  0|AC  0|TAMS 0x0000000703a00000, 0x0000000703a00000|
|  59|0x0000000703b00000, 0x0000000703bffff0, 0x0000000703c00000| 99%| O|  |TS  0|AC  0|TAMS 0x0000000703b00000, 0x0000000703b00000|
|  60|0x0000000703c00000, 0x0000000703c61728, 0x0000000703d00000| 38%| O|  |TS  0|AC  0|TAMS 0x0000000703c00000, 0x0000000703c00000|
|  61|0x0000000703d00000, 0x0000000703d00000, 0x0000000703e00000|  0%| F|  |TS  0|AC  0|TAMS 0x0000000703d00000, 0x0000000703d00000|
|  62|0x0000000703e00000, 0x0000000703e00000, 0x0000000703f00000|  0%| F|  |TS  0|AC  0|TAMS 0x0000000703e00000, 0x0000000703e00000|
|  63|0x0000000703f00000, 0x0000000703f00000, 0x0000000704000000|  0%| F|  |TS  0|AC  0|TAMS 0x0000000703f00000, 0x0000000703f00000|
|  64|0x0000000704000000, 0x0000000704000000, 0x0000000704100000|  0%| F|  |TS  0|AC  0|TAMS 0x0000000704000000, 0x0000000704000000|
|  65|0x0000000704100000, 0x0000000704200000, 0x0000000704200000|100%|HS|  |TS  0|AC  0|TAMS 0x0000000704100000, 0x0000000704100000|
|  66|0x0000000704200000, 0x0000000704300000, 0x0000000704300000|100%|HC|  |TS  0|AC  0|TAMS 0x0000000704200000, 0x0000000704200000|
|  67|0x0000000704300000, 0x0000000704400000, 0x0000000704400000|100%|HC|  |TS  0|AC  0|TAMS 0x0000000704300000, 0x0000000704300000|
|  68|0x0000000704400000, 0x0000000704500000, 0x0000000704500000|100%|HC|  |TS  0|AC  0|TAMS 0x0000000704400000, 0x0000000704400000|
|  69|0x0000000704500000, 0x0000000704500000, 0x0000000704600000|  0%| F|  |TS  0|AC  0|TAMS 0x0000000704500000, 0x0000000704500000|
|  70|0x0000000704600000, 0x0000000704600000, 0x0000000704700000|  0%| F|  |TS  0|AC  0|TAMS 0x0000000704600000, 0x0000000704600000|
|  71|0x0000000704700000, 0x0000000704700000, 0x0000000704800000|  0%| F|  |TS  0|AC  0|TAMS 0x0000000704700000, 0x0000000704700000|
|  72|0x0000000704800000, 0x0000000704800000, 0x0000000704900000|  0%| F|  |TS  0|AC  0|TAMS 0x0000000704800000, 0x0000000704800000|
|  73|0x0000000704900000, 0x0000000704900000, 0x0000000704a00000|  0%| F|  |TS  0|AC  0|TAMS 0x0000000704900000, 0x0000000704900000|
|  74|0x0000000704a00000, 0x0000000704a00000, 0x0000000704b00000|  0%| F|  |TS  0|AC  0|TAMS 0x0000000704a00000, 0x0000000704a00000|
|  75|0x0000000704b00000, 0x0000000704b00000, 0x0000000704c00000|  0%| F|  |TS  0|AC  0|TAMS 0x0000000704b00000, 0x0000000704b00000|
|  76|0x0000000704c00000, 0x0000000704c00000, 0x0000000704d00000|  0%| F|  |TS  0|AC  0|TAMS 0x0000000704c00000, 0x0000000704c00000|
|  77|0x0000000704d00000, 0x0000000704d00000, 0x0000000704e00000|  0%| F|  |TS  0|AC  0|TAMS 0x0000000704d00000, 0x0000000704d00000|
|  78|0x0000000704e00000, 0x0000000704e00000, 0x0000000704f00000|  0%| F|  |TS  0|AC  0|TAMS 0x0000000704e00000, 0x0000000704e00000|
|  79|0x0000000704f00000, 0x0000000704f00000, 0x0000000705000000|  0%| F|  |TS  0|AC  0|TAMS 0x0000000704f00000, 0x0000000704f00000|
|  80|0x0000000705000000, 0x0000000705000000, 0x0000000705100000|  0%| F|  |TS  0|AC  0|TAMS 0x0000000705000000, 0x0000000705000000|
|  81|0x0000000705100000, 0x0000000705100000, 0x0000000705200000|  0%| F|  |TS  0|AC  0|TAMS 0x0000000705100000, 0x0000000705100000|
|  82|0x0000000705200000, 0x0000000705200000, 0x0000000705300000|  0%| F|  |TS  0|AC  0|TAMS 0x0000000705200000, 0x0000000705200000|
|  83|0x0000000705300000, 0x0000000705300000, 0x0000000705400000|  0%| F|  |TS  0|AC  0|TAMS 0x0000000705300000, 0x0000000705300000|
|  84|0x0000000705400000, 0x0000000705400000, 0x0000000705500000|  0%| F|  |TS  0|AC  0|TAMS 0x0000000705400000, 0x0000000705400000|
|  85|0x0000000705500000, 0x0000000705500000, 0x0000000705600000|  0%| F|  |TS  0|AC  0|TAMS 0x0000000705500000, 0x0000000705500000|
|  86|0x0000000705600000, 0x0000000705600000, 0x0000000705700000|  0%| F|  |TS  0|AC  0|TAMS 0x0000000705600000, 0x0000000705600000|
|  87|0x0000000705700000, 0x0000000705700000, 0x0000000705800000|  0%| F|  |TS  0|AC  0|TAMS 0x0000000705700000, 0x0000000705700000|
|  88|0x0000000705800000, 0x0000000705800000, 0x0000000705900000|  0%| F|  |TS  0|AC  0|TAMS 0x0000000705800000, 0x0000000705800000|
|  89|0x0000000705900000, 0x0000000705900000, 0x0000000705a00000|  0%| F|  |TS  0|AC  0|TAMS 0x0000000705900000, 0x0000000705900000|
|  90|0x0000000705a00000, 0x0000000705a00000, 0x0000000705b00000|  0%| F|  |TS  0|AC  0|TAMS 0x0000000705a00000, 0x0000000705a00000|
|  91|0x0000000705b00000, 0x0000000705b00000, 0x0000000705c00000|  0%| F|  |TS  0|AC  0|TAMS 0x0000000705b00000, 0x0000000705b00000|
|  92|0x0000000705c00000, 0x0000000705c00000, 0x0000000705d00000|  0%| F|  |TS  0|AC  0|TAMS 0x0000000705c00000, 0x0000000705c00000|
|  93|0x0000000705d00000, 0x0000000705d00000, 0x0000000705e00000|  0%| F|  |TS  0|AC  0|TAMS 0x0000000705d00000, 0x0000000705d00000|
|  94|0x0000000705e00000, 0x0000000705e00000, 0x0000000705f00000|  0%| F|  |TS  0|AC  0|TAMS 0x0000000705e00000, 0x0000000705e00000|
|  95|0x0000000705f00000, 0x0000000705f00000, 0x0000000706000000|  0%| F|  |TS  0|AC  0|TAMS 0x0000000705f00000, 0x0000000705f00000|
|  96|0x0000000706000000, 0x0000000706000000, 0x0000000706100000|  0%| F|  |TS  0|AC  0|TAMS 0x0000000706000000, 0x0000000706000000|
|  97|0x0000000706100000, 0x0000000706100000, 0x0000000706200000|  0%| F|  |TS  0|AC  0|TAMS 0x0000000706100000, 0x0000000706100000|
|  98|0x0000000706200000, 0x0000000706200000, 0x0000000706300000|  0%| F|  |TS  0|AC  0|TAMS 0x0000000706200000, 0x0000000706200000|
|  99|0x0000000706300000, 0x0000000706300000, 0x0000000706400000|  0%| F|  |TS  0|AC  0|TAMS 0x0000000706300000, 0x0000000706300000|
| 100|0x0000000706400000, 0x0000000706400000, 0x0000000706500000|  0%| F|  |TS  0|AC  0|TAMS 0x0000000706400000, 0x0000000706400000|
| 101|0x0000000706500000, 0x0000000706500000, 0x0000000706600000|  0%| F|  |TS  0|AC  0|TAMS 0x0000000706500000, 0x0000000706500000|
| 102|0x0000000706600000, 0x0000000706600000, 0x0000000706700000|  0%| F|  |TS  0|AC  0|TAMS 0x0000000706600000, 0x0000000706600000|
| 103|0x0000000706700000, 0x0000000706700000, 0x0000000706800000|  0%| F|  |TS  0|AC  0|TAMS 0x0000000706700000, 0x0000000706700000|
| 104|0x0000000706800000, 0x0000000706800000, 0x0000000706900000|  0%| F|  |TS  0|AC  0|TAMS 0x0000000706800000, 0x0000000706800000|
| 105|0x0000000706900000, 0x0000000706900000, 0x0000000706a00000|  0%| F|  |TS  0|AC  0|TAMS 0x0000000706900000, 0x0000000706900000|
| 106|0x0000000706a00000, 0x0000000706a00000, 0x0000000706b00000|  0%| F|  |TS  0|AC  0|TAMS 0x0000000706a00000, 0x0000000706a00000|
| 107|0x0000000706b00000, 0x0000000706b00000, 0x0000000706c00000|  0%| F|  |TS  0|AC  0|TAMS 0x0000000706b00000, 0x0000000706b00000|
| 108|0x0000000706c00000, 0x0000000706c00000, 0x0000000706d00000|  0%| F|  |TS  0|AC  0|TAMS 0x0000000706c00000, 0x0000000706c00000|
| 109|0x0000000706d00000, 0x0000000706d00000, 0x0000000706e00000|  0%| F|  |TS  0|AC  0|TAMS 0x0000000706d00000, 0x0000000706d00000|
| 110|0x0000000706e00000, 0x0000000706e00000, 0x0000000706f00000|  0%| F|  |TS  0|AC  0|TAMS 0x0000000706e00000, 0x0000000706e00000|
| 111|0x0000000706f00000, 0x0000000706f00000, 0x0000000707000000|  0%| F|  |TS  0|AC  0|TAMS 0x0000000706f00000, 0x0000000706f00000|
| 112|0x0000000707000000, 0x0000000707000000, 0x0000000707100000|  0%| F|  |TS  0|AC  0|TAMS 0x0000000707000000, 0x0000000707000000|
| 113|0x0000000707100000, 0x0000000707100000, 0x0000000707200000|  0%| F|  |TS  0|AC  0|TAMS 0x0000000707100000, 0x0000000707100000|
| 114|0x0000000707200000, 0x0000000707200000, 0x0000000707300000|  0%| F|  |TS  0|AC  0|TAMS 0x0000000707200000, 0x0000000707200000|
| 115|0x0000000707300000, 0x0000000707300000, 0x0000000707400000|  0%| F|  |TS  0|AC  0|TAMS 0x0000000707300000, 0x0000000707300000|
| 116|0x0000000707400000, 0x0000000707400000, 0x0000000707500000|  0%| F|  |TS  0|AC  0|TAMS 0x0000000707400000, 0x0000000707400000|
| 117|0x0000000707500000, 0x0000000707500000, 0x0000000707600000|  0%| F|  |TS  0|AC  0|TAMS 0x0000000707500000, 0x0000000707500000|
| 118|0x0000000707600000, 0x0000000707600000, 0x0000000707700000|  0%| F|  |TS  0|AC  0|TAMS 0x0000000707600000, 0x0000000707600000|
| 119|0x0000000707700000, 0x0000000707700000, 0x0000000707800000|  0%| F|  |TS  0|AC  0|TAMS 0x0000000707700000, 0x0000000707700000|
| 120|0x0000000707800000, 0x0000000707800000, 0x0000000707900000|  0%| F|  |TS  0|AC  0|TAMS 0x0000000707800000, 0x0000000707800000|
| 121|0x0000000707900000, 0x0000000707900000, 0x0000000707a00000|  0%| F|  |TS  0|AC  0|TAMS 0x0000000707900000, 0x0000000707900000|
| 122|0x0000000707a00000, 0x0000000707a00000, 0x0000000707b00000|  0%| F|  |TS  0|AC  0|TAMS 0x0000000707a00000, 0x0000000707a00000|
| 123|0x0000000707b00000, 0x0000000707b00000, 0x0000000707c00000|  0%| F|  |TS  0|AC  0|TAMS 0x0000000707b00000, 0x0000000707b00000|
| 124|0x0000000707c00000, 0x0000000707c00000, 0x0000000707d00000|  0%| F|  |TS  0|AC  0|TAMS 0x0000000707c00000, 0x0000000707c00000|
| 125|0x0000000707d00000, 0x0000000707d00000, 0x0000000707e00000|  0%| F|  |TS  0|AC  0|TAMS 0x0000000707d00000, 0x0000000707d00000|
| 126|0x0000000707e00000, 0x0000000707e00000, 0x0000000707f00000|  0%| F|  |TS  0|AC  0|TAMS 0x0000000707e00000, 0x0000000707e00000|
| 127|0x0000000707f00000, 0x0000000707f00000, 0x0000000708000000|  0%| F|  |TS  0|AC  0|TAMS 0x0000000707f00000, 0x0000000707f00000|
| 128|0x0000000708000000, 0x0000000708000000, 0x0000000708100000|  0%| F|  |TS  0|AC  0|TAMS 0x0000000708000000, 0x0000000708000000|
| 129|0x0000000708100000, 0x0000000708100000, 0x0000000708200000|  0%| F|  |TS  0|AC  0|TAMS 0x0000000708100000, 0x0000000708100000|
| 130|0x0000000708200000, 0x0000000708200000, 0x0000000708300000|  0%| F|  |TS  0|AC  0|TAMS 0x0000000708200000, 0x0000000708200000|
| 131|0x0000000708300000, 0x0000000708300000, 0x0000000708400000|  0%| F|  |TS  0|AC  0|TAMS 0x0000000708300000, 0x0000000708300000|
| 132|0x0000000708400000, 0x0000000708400000, 0x0000000708500000|  0%| F|  |TS  0|AC  0|TAMS 0x0000000708400000, 0x0000000708400000|
| 133|0x0000000708500000, 0x0000000708500000, 0x0000000708600000|  0%| F|  |TS  0|AC  0|TAMS 0x0000000708500000, 0x0000000708500000|
| 134|0x0000000708600000, 0x0000000708600000, 0x0000000708700000|  0%| F|  |TS  0|AC  0|TAMS 0x0000000708600000, 0x0000000708600000|
| 135|0x0000000708700000, 0x0000000708791868, 0x0000000708800000| 56%| S|CS|TS  5|AC  0|TAMS 0x0000000708700000, 0x0000000708700000|
| 136|0x0000000708800000, 0x0000000708800000, 0x0000000708900000|  0%| F|  |TS  5|AC  0|TAMS 0x0000000708800000, 0x0000000708800000|
| 137|0x0000000708900000, 0x0000000708900000, 0x0000000708a00000|  0%| F|  |TS  5|AC  0|TAMS 0x0000000708900000, 0x0000000708900000|
| 138|0x0000000708a00000, 0x0000000708a00000, 0x0000000708b00000|  0%| F|  |TS  5|AC  0|TAMS 0x0000000708a00000, 0x0000000708a00000|
| 139|0x0000000708b00000, 0x0000000708b00000, 0x0000000708c00000|  0%| F|  |TS  5|AC  0|TAMS 0x0000000708b00000, 0x0000000708b00000|
| 140|0x0000000708c00000, 0x0000000708c00000, 0x0000000708d00000|  0%| F|  |TS  5|AC  0|TAMS 0x0000000708c00000, 0x0000000708c00000|
| 141|0x0000000708d00000, 0x0000000708d00000, 0x0000000708e00000|  0%| F|  |TS  5|AC  0|TAMS 0x0000000708d00000, 0x0000000708d00000|
| 142|0x0000000708e00000, 0x0000000708e00000, 0x0000000708f00000|  0%| F|  |TS  5|AC  0|TAMS 0x0000000708e00000, 0x0000000708e00000|
| 143|0x0000000708f00000, 0x0000000708f00000, 0x0000000709000000|  0%| F|  |TS  5|AC  0|TAMS 0x0000000708f00000, 0x0000000708f00000|
| 144|0x0000000709000000, 0x0000000709000000, 0x0000000709100000|  0%| F|  |TS  5|AC  0|TAMS 0x0000000709000000, 0x0000000709000000|
| 145|0x0000000709100000, 0x0000000709100000, 0x0000000709200000|  0%| F|  |TS  5|AC  0|TAMS 0x0000000709100000, 0x0000000709100000|
| 146|0x0000000709200000, 0x0000000709200000, 0x0000000709300000|  0%| F|  |TS  5|AC  0|TAMS 0x0000000709200000, 0x0000000709200000|
| 147|0x0000000709300000, 0x0000000709300000, 0x0000000709400000|  0%| F|  |TS  5|AC  0|TAMS 0x0000000709300000, 0x0000000709300000|
| 148|0x0000000709400000, 0x0000000709400000, 0x0000000709500000|  0%| F|  |TS  5|AC  0|TAMS 0x0000000709400000, 0x0000000709400000|
| 149|0x0000000709500000, 0x0000000709500000, 0x0000000709600000|  0%| F|  |TS  5|AC  0|TAMS 0x0000000709500000, 0x0000000709500000|
| 150|0x0000000709600000, 0x0000000709600000, 0x0000000709700000|  0%| F|  |TS  5|AC  0|TAMS 0x0000000709600000, 0x0000000709600000|
| 151|0x0000000709700000, 0x0000000709700000, 0x0000000709800000|  0%| F|  |TS  5|AC  0|TAMS 0x0000000709700000, 0x0000000709700000|
| 152|0x0000000709800000, 0x0000000709800000, 0x0000000709900000|  0%| F|  |TS  5|AC  0|TAMS 0x0000000709800000, 0x0000000709800000|
| 153|0x0000000709900000, 0x0000000709900000, 0x0000000709a00000|  0%| F|  |TS  5|AC  0|TAMS 0x0000000709900000, 0x0000000709900000|
| 154|0x0000000709a00000, 0x0000000709a00000, 0x0000000709b00000|  0%| F|  |TS  5|AC  0|TAMS 0x0000000709a00000, 0x0000000709a00000|
| 155|0x0000000709b00000, 0x0000000709b00000, 0x0000000709c00000|  0%| F|  |TS  5|AC  0|TAMS 0x0000000709b00000, 0x0000000709b00000|
| 156|0x0000000709c00000, 0x0000000709c00000, 0x0000000709d00000|  0%| F|  |TS  5|AC  0|TAMS 0x0000000709c00000, 0x0000000709c00000|
| 157|0x0000000709d00000, 0x0000000709d00000, 0x0000000709e00000|  0%| F|  |TS  5|AC  0|TAMS 0x0000000709d00000, 0x0000000709d00000|
| 158|0x0000000709e00000, 0x0000000709e00000, 0x0000000709f00000|  0%| F|  |TS  5|AC  0|TAMS 0x0000000709e00000, 0x0000000709e00000|
| 159|0x0000000709f00000, 0x0000000709f00000, 0x000000070a000000|  0%| F|  |TS  5|AC  0|TAMS 0x0000000709f00000, 0x0000000709f00000|
| 160|0x000000070a000000, 0x000000070a000000, 0x000000070a100000|  0%| F|  |TS  5|AC  0|TAMS 0x000000070a000000, 0x000000070a000000|
| 161|0x000000070a100000, 0x000000070a100000, 0x000000070a200000|  0%| F|  |TS  5|AC  0|TAMS 0x000000070a100000, 0x000000070a100000|
| 162|0x000000070a200000, 0x000000070a200000, 0x000000070a300000|  0%| F|  |TS  5|AC  0|TAMS 0x000000070a200000, 0x000000070a200000|
| 163|0x000000070a300000, 0x000000070a300000, 0x000000070a400000|  0%| F|  |TS  5|AC  0|TAMS 0x000000070a300000, 0x000000070a300000|
| 164|0x000000070a400000, 0x000000070a400000, 0x000000070a500000|  0%| F|  |TS  5|AC  0|TAMS 0x000000070a400000, 0x000000070a400000|
| 165|0x000000070a500000, 0x000000070a500000, 0x000000070a600000|  0%| F|  |TS  5|AC  0|TAMS 0x000000070a500000, 0x000000070a500000|
| 166|0x000000070a600000, 0x000000070a600000, 0x000000070a700000|  0%| F|  |TS  5|AC  0|TAMS 0x000000070a600000, 0x000000070a600000|
| 167|0x000000070a700000, 0x000000070a700000, 0x000000070a800000|  0%| F|  |TS  5|AC  0|TAMS 0x000000070a700000, 0x000000070a700000|
| 168|0x000000070a800000, 0x000000070a800000, 0x000000070a900000|  0%| F|  |TS  5|AC  0|TAMS 0x000000070a800000, 0x000000070a800000|
| 169|0x000000070a900000, 0x000000070a900000, 0x000000070aa00000|  0%| F|  |TS  5|AC  0|TAMS 0x000000070a900000, 0x000000070a900000|
| 170|0x000000070aa00000, 0x000000070aa00000, 0x000000070ab00000|  0%| F|  |TS  5|AC  0|TAMS 0x000000070aa00000, 0x000000070aa00000|
| 171|0x000000070ab00000, 0x000000070ab00000, 0x000000070ac00000|  0%| F|  |TS  5|AC  0|TAMS 0x000000070ab00000, 0x000000070ab00000|
| 172|0x000000070ac00000, 0x000000070ac00000, 0x000000070ad00000|  0%| F|  |TS  5|AC  0|TAMS 0x000000070ac00000, 0x000000070ac00000|
| 173|0x000000070ad00000, 0x000000070ad00000, 0x000000070ae00000|  0%| F|  |TS  5|AC  0|TAMS 0x000000070ad00000, 0x000000070ad00000|
| 174|0x000000070ae00000, 0x000000070ae00000, 0x000000070af00000|  0%| F|  |TS  5|AC  0|TAMS 0x000000070ae00000, 0x000000070ae00000|
| 175|0x000000070af00000, 0x000000070af00000, 0x000000070b000000|  0%| F|  |TS  5|AC  0|TAMS 0x000000070af00000, 0x000000070af00000|
| 176|0x000000070b000000, 0x000000070b000000, 0x000000070b100000|  0%| F|  |TS  5|AC  0|TAMS 0x000000070b000000, 0x000000070b000000|
| 177|0x000000070b100000, 0x000000070b100000, 0x000000070b200000|  0%| F|  |TS  5|AC  0|TAMS 0x000000070b100000, 0x000000070b100000|
| 178|0x000000070b200000, 0x000000070b200000, 0x000000070b300000|  0%| F|  |TS  5|AC  0|TAMS 0x000000070b200000, 0x000000070b200000|
| 179|0x000000070b300000, 0x000000070b300000, 0x000000070b400000|  0%| F|  |TS  5|AC  0|TAMS 0x000000070b300000, 0x000000070b300000|
| 180|0x000000070b400000, 0x000000070b400000, 0x000000070b500000|  0%| F|  |TS  5|AC  0|TAMS 0x000000070b400000, 0x000000070b400000|
| 181|0x000000070b500000, 0x000000070b500000, 0x000000070b600000|  0%| F|  |TS  5|AC  0|TAMS 0x000000070b500000, 0x000000070b500000|
| 182|0x000000070b600000, 0x000000070b600000, 0x000000070b700000|  0%| F|  |TS  5|AC  0|TAMS 0x000000070b600000, 0x000000070b600000|
| 183|0x000000070b700000, 0x000000070b700000, 0x000000070b800000|  0%| F|  |TS  5|AC  0|TAMS 0x000000070b700000, 0x000000070b700000|
| 184|0x000000070b800000, 0x000000070b800000, 0x000000070b900000|  0%| F|  |TS  5|AC  0|TAMS 0x000000070b800000, 0x000000070b800000|
| 185|0x000000070b900000, 0x000000070b900000, 0x000000070ba00000|  0%| F|  |TS  5|AC  0|TAMS 0x000000070b900000, 0x000000070b900000|
| 186|0x000000070ba00000, 0x000000070ba00000, 0x000000070bb00000|  0%| F|  |TS  5|AC  0|TAMS 0x000000070ba00000, 0x000000070ba00000|
| 187|0x000000070bb00000, 0x000000070bb00000, 0x000000070bc00000|  0%| F|  |TS  5|AC  0|TAMS 0x000000070bb00000, 0x000000070bb00000|
| 188|0x000000070bc00000, 0x000000070bc00000, 0x000000070bd00000|  0%| F|  |TS  5|AC  0|TAMS 0x000000070bc00000, 0x000000070bc00000|
| 189|0x000000070bd00000, 0x000000070bd00000, 0x000000070be00000|  0%| F|  |TS  5|AC  0|TAMS 0x000000070bd00000, 0x000000070bd00000|
| 190|0x000000070be00000, 0x000000070be00000, 0x000000070bf00000|  0%| F|  |TS  5|AC  0|TAMS 0x000000070be00000, 0x000000070be00000|
| 191|0x000000070bf00000, 0x000000070bf00000, 0x000000070c000000|  0%| F|  |TS  5|AC  0|TAMS 0x000000070bf00000, 0x000000070bf00000|
| 192|0x000000070c000000, 0x000000070c000000, 0x000000070c100000|  0%| F|  |TS  5|AC  0|TAMS 0x000000070c000000, 0x000000070c000000|
| 193|0x000000070c100000, 0x000000070c100000, 0x000000070c200000|  0%| F|  |TS  5|AC  0|TAMS 0x000000070c100000, 0x000000070c100000|
| 194|0x000000070c200000, 0x000000070c200000, 0x000000070c300000|  0%| F|  |TS  5|AC  0|TAMS 0x000000070c200000, 0x000000070c200000|
| 195|0x000000070c300000, 0x000000070c30c050, 0x000000070c400000|  4%| E|  |TS  5|AC  0|TAMS 0x000000070c300000, 0x000000070c300000|

Card table byte_map: [0x000001e870bf0000,0x000001e8711f0000] byte_map_base: 0x000001e86d3f0000

Marking Bits (Prev, Next): (CMBitMap*) 0x000001e8732868f8, (CMBitMap*) 0x000001e8732868c0
 Prev Bits: [0x000001e80f000000, 0x000001e812000000)
 Next Bits: [0x000001e87a900000, 0x000001e87d900000)

Polling page: 0x000001e866ed0000

CodeHeap 'non-profiled nmethods': size=120000Kb used=17054Kb max_used=17535Kb free=102946Kb
 bounds [0x000001e807ad0000, 0x000001e808bf0000, 0x000001e80f000000]
CodeHeap 'profiled nmethods': size=120000Kb used=38472Kb max_used=40489Kb free=81528Kb
 bounds [0x000001e8005a0000, 0x000001e802d60000, 0x000001e807ad0000]
CodeHeap 'non-nmethods': size=5760Kb used=1752Kb max_used=1808Kb free=4007Kb
 bounds [0x000001e800000000, 0x000001e800270000, 0x000001e8005a0000]
 total_blobs=27706 nmethods=15453 adapters=1069
 compilation: enabled

Compilation events (10 events):
Event: 751.820 Thread 0x000001e86df7e800 nmethod 19275 0x000001e807d20590 code [0x000001e807d20720, 0x000001e807d207b8]
Event: 751.842 Thread 0x000001e86df7f800 19276       3       com.jidesoft.status.StatusBar::componentMoved (1 bytes)
Event: 751.842 Thread 0x000001e86df7f800 nmethod 19276 0x000001e800604b10 code [0x000001e800604cc0, 0x000001e800604e18]
Event: 751.842 Thread 0x000001e86df7f800 19277       1       com.jidesoft.docking.DefaultDockingManager$MainPanel::getDockingManager (5 bytes)
Event: 751.842 Thread 0x000001e86df7f800 nmethod 19277 0x000001e807d79210 code [0x000001e807d793c0, 0x000001e807d794d8]
Event: 751.889 Thread 0x000001e86df7c000 19278   !   4       java.awt.DefaultKeyboardFocusManager::dispatchEvent (1616 bytes)
Event: 751.949 Thread 0x000001e86df7f800 19279       3       java.awt.geom.RoundRectangle2D$Float::getX (6 bytes)
Event: 751.949 Thread 0x000001e86df7f800 nmethod 19279 0x000001e800617a10 code [0x000001e800617bc0, 0x000001e800617d18]
Event: 751.949 Thread 0x000001e86df7f800 19280       3       java.awt.geom.RoundRectangle2D$Float::getY (6 bytes)
Event: 751.949 Thread 0x000001e86df7f800 nmethod 19280 0x000001e800617590 code [0x000001e800617740, 0x000001e800617898]

GC Heap History (10 events):
Event: 683.317 GC heap before
{Heap before GC invocations=163 (full 70):
 garbage-first heap   total 200704K, used 126076K [0x0000000700000000, 0x0000000700100620, 0x00000007c0000000)
  region size 1024K, 60 young (61440K), 1 survivors (1024K)
 Metaspace       used 79811K, capacity 85401K, committed 85680K, reserved 1122304K
  class space    used 10855K, capacity 11839K, committed 11952K, reserved 1048576K
}
Event: 683.320 GC heap after
{Heap after GC invocations=164 (full 70):
 garbage-first heap   total 200704K, used 65826K [0x0000000700000000, 0x0000000700100620, 0x00000007c0000000)
  region size 1024K, 1 young (1024K), 1 survivors (1024K)
 Metaspace       used 79811K, capacity 85401K, committed 85680K, reserved 1122304K
  class space    used 10855K, capacity 11839K, committed 11952K, reserved 1048576K
}
Event: 683.418 GC heap before
{Heap before GC invocations=164 (full 70):
 garbage-first heap   total 200704K, used 78114K [0x0000000700000000, 0x0000000700100620, 0x00000007c0000000)
  region size 1024K, 14 young (14336K), 1 survivors (1024K)
 Metaspace       used 79811K, capacity 85401K, committed 85680K, reserved 1122304K
  class space    used 10855K, capacity 11839K, committed 11952K, reserved 1048576K
}
Event: 683.604 GC heap after
{Heap after GC invocations=165 (full 71):
 garbage-first heap   total 200704K, used 65454K [0x0000000700000000, 0x0000000700100620, 0x00000007c0000000)
  region size 1024K, 0 young (0K), 0 survivors (0K)
 Metaspace       used 79811K, capacity 85401K, committed 85680K, reserved 1122304K
  class space    used 10855K, capacity 11839K, committed 11952K, reserved 1048576K
}
Event: 689.443 GC heap before
{Heap before GC invocations=165 (full 71):
 garbage-first heap   total 200704K, used 110510K [0x0000000700000000, 0x0000000700100620, 0x00000007c0000000)
  region size 1024K, 45 young (46080K), 0 survivors (0K)
 Metaspace       used 79835K, capacity 85465K, committed 85680K, reserved 1122304K
  class space    used 10855K, capacity 11839K, committed 11952K, reserved 1048576K
}
Event: 689.665 GC heap after
{Heap after GC invocations=166 (full 72):
 garbage-first heap   total 200704K, used 65509K [0x0000000700000000, 0x0000000700100620, 0x00000007c0000000)
  region size 1024K, 0 young (0K), 0 survivors (0K)
 Metaspace       used 79835K, capacity 85465K, committed 85680K, reserved 1122304K
  class space    used 10855K, capacity 11839K, committed 11952K, reserved 1048576K
}
Event: 749.320 GC heap before
{Heap before GC invocations=166 (full 72):
 garbage-first heap   total 200704K, used 126949K [0x0000000700000000, 0x0000000700100620, 0x00000007c0000000)
  region size 1024K, 60 young (61440K), 0 survivors (0K)
 Metaspace       used 79859K, capacity 85465K, committed 85680K, reserved 1122304K
  class space    used 10855K, capacity 11839K, committed 11952K, reserved 1048576K
}
Event: 749.323 GC heap after
{Heap after GC invocations=167 (full 72):
 garbage-first heap   total 200704K, used 66019K [0x0000000700000000, 0x0000000700100620, 0x00000007c0000000)
  region size 1024K, 1 young (1024K), 1 survivors (1024K)
 Metaspace       used 79859K, capacity 85465K, committed 85680K, reserved 1122304K
  class space    used 10855K, capacity 11839K, committed 11952K, reserved 1048576K
}
Event: 750.316 GC heap before
{Heap before GC invocations=167 (full 72):
 garbage-first heap   total 200704K, used 126435K [0x0000000700000000, 0x0000000700100620, 0x00000007c0000000)
  region size 1024K, 60 young (61440K), 1 survivors (1024K)
 Metaspace       used 79878K, capacity 85471K, committed 85680K, reserved 1122304K
  class space    used 10855K, capacity 11840K, committed 11952K, reserved 1048576K
}
Event: 750.319 GC heap after
{Heap after GC invocations=168 (full 72):
 garbage-first heap   total 200704K, used 65934K [0x0000000700000000, 0x0000000700100620, 0x00000007c0000000)
  region size 1024K, 1 young (1024K), 1 survivors (1024K)
 Metaspace       used 79878K, capacity 85471K, committed 85680K, reserved 1122304K
  class space    used 10855K, capacity 11840K, committed 11952K, reserved 1048576K
}

Deoptimization events (10 events):
Event: 668.461 Thread 0x000001e81299c800 Uncommon trap: reason=unstable_if action=reinterpret pc=0x000001e808b01b34 method=javax.swing.tree.DefaultTreeCellRenderer.getTreeCellRendererComponent(Ljavax/swing/JTree;Ljava/lang/Object;ZZZIZ)Ljava/awt/Component; @ 114 c2
Event: 668.461 Thread 0x000001e81299c800 Uncommon trap: reason=unstable_if action=reinterpret pc=0x000001e808909ecc method=de.javasoft.plaf.synthetica.painter.LabelPainter.paintLabelBackground(Ljavax/swing/plaf/synth/SynthContext;Ljava/awt/Graphics;IIII)V @ 542 c2
Event: 683.225 Thread 0x000001e81299c800 Uncommon trap: reason=unstable_if action=reinterpret pc=0x000001e808b73e54 method=ui.views.waveform.f.e.getTreeCellRendererComponent(Ljavax/swing/JTree;Ljava/lang/Object;ZZZIZ)Ljava/awt/Component; @ 67 c2
Event: 683.260 Thread 0x000001e81299c800 Uncommon trap: reason=unstable_if action=reinterpret pc=0x000001e8087b0d50 method=javax.swing.tree.VariableHeightLayoutCache.getBounds(Ljavax/swing/tree/TreePath;Ljava/awt/Rectangle;)Ljava/awt/Rectangle; @ 16 c2
Event: 683.334 Thread 0x000001e81299c800 Uncommon trap: reason=unstable_if action=reinterpret pc=0x000001e808bce34c method=javax.swing.DefaultListCellRenderer.getListCellRendererComponent(Ljavax/swing/JList;Ljava/lang/Object;IZZ)Ljava/awt/Component; @ 201 c2
Event: 683.335 Thread 0x000001e81299c800 Uncommon trap: reason=unstable_if action=reinterpret pc=0x000001e808ba8a28 method=javax.swing.table.DefaultTableCellRenderer.getTableCellRendererComponent(Ljavax/swing/JTable;Ljava/lang/Object;ZZII)Ljava/awt/Component; @ 234 c2
Event: 695.080 Thread 0x000001e81299c800 Uncommon trap: reason=unstable_if action=reinterpret pc=0x000001e808a5bcd4 method=com.jidesoft.document.c.a(Ljava/awt/AWTEvent;)V @ 398 c2
Event: 750.160 Thread 0x000001e81299c800 Uncommon trap: reason=class_check action=maybe_recompile pc=0x000001e8081752d0 method=javax.swing.AbstractButton.setEnabled(Z)V @ 21 c2
Event: 750.421 Thread 0x000001e81299c800 Uncommon trap: reason=bimorphic_or_optimized_type_check action=maybe_recompile pc=0x000001e80848cb80 method=java.awt.DefaultKeyboardFocusManager.dispatchEvent(Ljava/awt/AWTEvent;)Z @ 1467 c2
Event: 751.610 Thread 0x000001e81299c800 Uncommon trap: reason=bimorphic_or_optimized_type_check action=maybe_recompile pc=0x000001e808480970 method=java.awt.Container.findComponentAt(IIZ)Ljava/awt/Component; @ 9 c2

Classes redefined (0 events):
No events

Internal exceptions (10 events):
Event: 127.399 Thread 0x000001e81299c800 Exception <a 'java/lang/NoSuchMethodError'{0x0000000709ec57e0}: method resolution failed> (0x0000000709ec57e0) thrown at [t:/workspace/hotspot/src/share/vm/prims/methodHandles.cpp, line 1256]
Event: 555.233 Thread 0x000001e81299c800 Exception <a 'java/lang/NoSuchMethodError'{0x0000000709c8f3b8}: java.lang.invoke.DirectMethodHandle$Holder.invokeSpecial(Ljava/lang/Object;Ljava/lang/Object;Ljava/lang/Object;IILjava/lang/Object;Ljava/lang/Object;Ljava/lang/Object;Ljava/lang/Object;Ljava/
Event: 555.233 Thread 0x000001e81299c800 Exception <a 'java/lang/NoSuchMethodError'{0x0000000709c939a0}: java.lang.invoke.DelegatingMethodHandle$Holder.reinvoke_L(Ljava/lang/Object;Ljava/lang/Object;IILjava/lang/Object;Ljava/lang/Object;Ljava/lang/Object;Ljava/lang/Object;Ljava/lang/Object;Ljava
Event: 555.239 Thread 0x000001e81299c800 Exception <a 'java/lang/NoSuchMethodError'{0x0000000709b03eb0}: java.lang.invoke.DirectMethodHandle$Holder.invokeSpecial(Ljava/lang/Object;Ljava/lang/Object;IIILjava/lang/Object;Ljava/lang/Object;Ljava/lang/Object;Ljava/lang/Object;Ljava/lang/Object;Ljava
Event: 555.240 Thread 0x000001e81299c800 Exception <a 'java/lang/NoSuchMethodError'{0x0000000709b07d38}: java.lang.invoke.DelegatingMethodHandle$Holder.reinvoke_L(Ljava/lang/Object;IIILjava/lang/Object;Ljava/lang/Object;Ljava/lang/Object;Ljava/lang/Object;Ljava/lang/Object;Ljava/lang/Object;)Lja
Event: 555.244 Thread 0x000001e81299c800 Exception <a 'java/lang/NoSuchMethodError'{0x0000000709b37610}: java.lang.invoke.DirectMethodHandle$Holder.invokeStatic(Ljava/lang/Object;Ljava/lang/Object;Ljava/lang/Object;Ljava/lang/Object;Ljava/lang/Object;IILjava/lang/Object;Ljava/lang/Object;Ljava/l
Event: 555.246 Thread 0x000001e81299c800 Exception <a 'java/lang/NoSuchMethodError'{0x0000000709b54498}: method resolution failed> (0x0000000709b54498) thrown at [t:/workspace/hotspot/src/share/vm/prims/methodHandles.cpp, line 1256]
Event: 555.249 Thread 0x000001e81299c800 Exception <a 'java/lang/NoSuchMethodError'{0x0000000709b72a18}: method resolution failed> (0x0000000709b72a18) thrown at [t:/workspace/hotspot/src/share/vm/prims/methodHandles.cpp, line 1256]
Event: 555.419 Thread 0x000001e81299c800 Exception <a 'java/lang/NoSuchMethodError'{0x00000007092b7ef8}: method resolution failed> (0x00000007092b7ef8) thrown at [t:/workspace/hotspot/src/share/vm/prims/methodHandles.cpp, line 1256]
Event: 625.360 Thread 0x000001e81299c800 Implicit null exception at 0x000001e808ab549c to 0x000001e808ab74ed

Events (10 events):
Event: 750.421 Thread 0x000001e81299c800 Uncommon trap: trap_request=0xffffffc6 fr.pc=0x000001e80848cb80 relative=0x0000000000003c00
Event: 750.421 Thread 0x000001e81299c800 DEOPT PACKING pc=0x000001e80848cb80 sp=0x0000006ef56f2800
Event: 750.421 Thread 0x000001e81299c800 DEOPT UNPACKING pc=0x000001e80004df29 sp=0x0000006ef56f27c0 mode 2
Event: 750.464 Thread 0x000001e8173d1800 Thread added: 0x000001e8173d1800
Event: 750.478 Thread 0x000001e8173d1800 Thread exited: 0x000001e8173d1800
Event: 751.465 Thread 0x000001e8173d6000 Thread added: 0x000001e8173d6000
Event: 751.479 Thread 0x000001e8173d6000 Thread exited: 0x000001e8173d6000
Event: 751.610 Thread 0x000001e81299c800 Uncommon trap: trap_request=0xffffffc6 fr.pc=0x000001e808480970 relative=0x0000000000001870
Event: 751.610 Thread 0x000001e81299c800 DEOPT PACKING pc=0x000001e808480970 sp=0x0000006ef56f5ca0
Event: 751.610 Thread 0x000001e81299c800 DEOPT UNPACKING pc=0x000001e80004df29 sp=0x0000006ef56f5998 mode 2


Dynamic libraries:
0x00007ff673ef0000 - 0x00007ff673f20000 	D:\Xilinx\Vivado\2019.1\bin\unwrapped\win64.o\vivado.exe
0x00007ffcd4570000 - 0x00007ffcd4768000 	C:\WINDOWS\SYSTEM32\ntdll.dll
0x00007ffcd4260000 - 0x00007ffcd4322000 	C:\WINDOWS\System32\KERNEL32.DLL
0x00007ffcd1f40000 - 0x00007ffcd2236000 	C:\WINDOWS\System32\KERNELBASE.dll
0x00007ffcd1e40000 - 0x00007ffcd1f40000 	C:\WINDOWS\System32\ucrtbase.dll
0x00007ffcaf940000 - 0x00007ffcaf9cd000 	C:\WINDOWS\SYSTEM32\MSVCP140.dll
0x00007ffccc300000 - 0x00007ffccc314000 	D:\Xilinx\Vivado\2019.1\lib\win64.o\libboost_signals.dll
0x00007ffcb35b0000 - 0x00007ffcb35c4000 	D:\Xilinx\Vivado\2019.1\lib\win64.o\librdi_commonmain.dll
0x00007ffc6afb0000 - 0x00007ffc6be92000 	D:\Xilinx\Vivado\2019.1\lib\win64.o\librdi_common.dll
0x00007ffcb0020000 - 0x00007ffcb003e000 	C:\WINDOWS\SYSTEM32\VCRUNTIME140.dll
0x00007ffcd3fb0000 - 0x00007ffcd414d000 	C:\WINDOWS\System32\USER32.dll
0x00007ffcb01e0000 - 0x00007ffcb01ec000 	C:\WINDOWS\SYSTEM32\VCRUNTIME140_1.dll
0x00007ffcd1ca0000 - 0x00007ffcd1cc2000 	C:\WINDOWS\System32\win32u.dll
0x00007ffcc4420000 - 0x00007ffcc4446000 	D:\Xilinx\Vivado\2019.1\lib\win64.o\libboost_filesystem.dll
0x00007ffcd25a0000 - 0x00007ffcd25cb000 	C:\WINDOWS\System32\GDI32.dll
0x00007ffcd3120000 - 0x00007ffcd31cf000 	C:\WINDOWS\System32\ADVAPI32.dll
0x00007ffcd1cd0000 - 0x00007ffcd1dea000 	C:\WINDOWS\System32\gdi32full.dll
0x00007ffc93330000 - 0x00007ffc93451000 	D:\Xilinx\Vivado\2019.1\lib\win64.o\librdi_commonxillic.dll
0x00007ffccbb60000 - 0x00007ffccbb6a000 	D:\Xilinx\Vivado\2019.1\lib\win64.o\librdi_commonversion.dll
0x00007ffcd27f0000 - 0x00007ffcd288e000 	C:\WINDOWS\System32\msvcrt.dll
0x00007ffcd2240000 - 0x00007ffcd22dd000 	C:\WINDOWS\System32\msvcp_win.dll
0x00007ffcd2fd0000 - 0x00007ffcd306f000 	C:\WINDOWS\System32\sechost.dll
0x00007ffcd36f0000 - 0x00007ffcd3e5e000 	C:\WINDOWS\System32\SHELL32.dll
0x00007ffcd4330000 - 0x00007ffcd4453000 	C:\WINDOWS\System32\RPCRT4.dll
0x0000000054130000 - 0x000000005425b000 	D:\Xilinx\Vivado\2019.1\lib\win64.o\tcl85t.dll
0x00007ffcd2570000 - 0x00007ffcd2597000 	C:\WINDOWS\System32\bcrypt.dll
0x00007ffcd28f0000 - 0x00007ffcd295b000 	C:\WINDOWS\System32\WS2_32.dll
0x00007ffc6ac40000 - 0x00007ffc6afae000 	D:\Xilinx\Vivado\2019.1\lib\win64.o\libCOIN-all.dll
0x00007ffcca010000 - 0x00007ffcca024000 	D:\Xilinx\Vivado\2019.1\lib\win64.o\libboost_date_time.dll
0x00007ffcb2e10000 - 0x00007ffcb2f24000 	D:\Xilinx\Vivado\2019.1\lib\win64.o\libboost_regex.dll
0x00007ffcb43c0000 - 0x00007ffcb443f000 	D:\Xilinx\Vivado\2019.1\lib\win64.o\libboost_program_options.dll
0x00007ffccc540000 - 0x00007ffccc54b000 	D:\Xilinx\Vivado\2019.1\lib\win64.o\libboost_system.dll
0x00007ffcc1ab0000 - 0x00007ffcc1ad1000 	D:\Xilinx\Vivado\2019.1\lib\win64.o\libboost_thread.dll
0x00007ffccc290000 - 0x00007ffccc29f000 	D:\Xilinx\Vivado\2019.1\lib\win64.o\libboost_xilinx.dll
0x00007ffcb4330000 - 0x00007ffcb43b2000 	D:\Xilinx\Vivado\2019.1\lib\win64.o\libhdlpsolve.dll
0x00007ffc9dc70000 - 0x00007ffc9dd15000 	D:\Xilinx\Vivado\2019.1\lib\win64.o\libhdxml.dll
0x00007ffc68430000 - 0x00007ffc68fdf400 	D:\Xilinx\Vivado\2019.1\lib\win64.o\libisl_iostreams.dll
0x00007ffcc1830000 - 0x00007ffcc185e000 	D:\Xilinx\Vivado\2019.1\lib\win64.o\libisl_sysinfo.dll
0x00007ffcb3170000 - 0x00007ffcb31d5000 	D:\Xilinx\Vivado\2019.1\lib\win64.o\liblmx6.0.dll
0x00007ffcc1a90000 - 0x00007ffcc1aaa000 	D:\Xilinx\Vivado\2019.1\lib\win64.o\pthreadVC2.dll
0x00007ffcc1810000 - 0x00007ffcc182c000 	D:\Xilinx\Vivado\2019.1\lib\win64.o\librdiconfig.dll
0x00007ffcb69e0000 - 0x00007ffcb6a01000 	D:\Xilinx\Vivado\2019.1\lib\win64.o\librdizlib.dll
0x0000000012000000 - 0x0000000012270000 	D:\Xilinx\Vivado\2019.1\lib\win64.o\xerces-c_3_1.dll
0x00007ffc5f680000 - 0x00007ffc5f958000 	D:\Xilinx\Vivado\2019.1\lib\win64.o\libXil_lmgr11.dll
0x00007ffcd32b0000 - 0x00007ffcd338a000 	C:\WINDOWS\System32\COMDLG32.dll
0x00007ffcd3390000 - 0x00007ffcd36e3000 	C:\WINDOWS\System32\combase.dll
0x00007ffca5b40000 - 0x00007ffca5b59000 	C:\WINDOWS\SYSTEM32\NETAPI32.dll
0x00007ffcd3070000 - 0x00007ffcd311d000 	C:\WINDOWS\System32\shcore.dll
0x00007ffcaead0000 - 0x00007ffcaefa6000 	C:\WINDOWS\SYSTEM32\WININET.dll
0x00007ffcca670000 - 0x00007ffcca77a000 	C:\WINDOWS\SYSTEM32\WINHTTP.dll
0x00007ffcd2890000 - 0x00007ffcd28e5000 	C:\WINDOWS\System32\SHLWAPI.dll
0x00007ffcbf360000 - 0x00007ffcbf550000 	C:\WINDOWS\SYSTEM32\urlmon.dll
0x00007ffcd4460000 - 0x00007ffcd452d000 	C:\WINDOWS\System32\OLEAUT32.dll
0x00007ffcd2660000 - 0x00007ffcd278b000 	C:\WINDOWS\System32\ole32.dll
0x00007ffc59a70000 - 0x00007ffc5a901000 	D:\Xilinx\Vivado\2019.1\lib\win64.o\gurobi65.dll
0x00007ffcb4a50000 - 0x00007ffcb4a80000 	C:\WINDOWS\SYSTEM32\VCOMP140.DLL
0x00007ffcd22e0000 - 0x00007ffcd2353000 	C:\WINDOWS\System32\WINTRUST.dll
0x00007ffcade10000 - 0x00007ffcade19000 	C:\WINDOWS\SYSTEM32\WSOCK32.dll
0x00007ffcd2360000 - 0x00007ffcd24bd000 	C:\WINDOWS\System32\CRYPT32.dll
0x00007ffccbc10000 - 0x00007ffccbc1d000 	D:\Xilinx\Vivado\2019.1\lib\win64.o\libboost_chrono.dll
0x00007ffcb41c0000 - 0x00007ffcb41e5000 	D:\Xilinx\Vivado\2019.1\lib\win64.o\libisl_iosutils.dll
0x00007ffcb88b0000 - 0x00007ffcb88cb000 	D:\Xilinx\Vivado\2019.1\lib\win64.o\libboost_iostreams.dll
0x00007ffcbe4e0000 - 0x00007ffcbe590000 	C:\WINDOWS\WinSxS\amd64_microsoft.windows.common-controls_6595b64144ccf1df_5.82.19041.4355_none_792ecafd2442822f\COMCTL32.dll
0x00007ffcbf070000 - 0x00007ffcbf32f000 	C:\WINDOWS\SYSTEM32\iertutil.dll
0x00007ffcbf330000 - 0x00007ffcbf358000 	C:\WINDOWS\SYSTEM32\srvcli.dll
0x00007ffcd1070000 - 0x00007ffcd107c000 	C:\WINDOWS\SYSTEM32\netutils.dll
0x00007ffccfc90000 - 0x00007ffcd0433000 	C:\WINDOWS\SYSTEM32\windows.storage.dll
0x00007ffccb1b0000 - 0x00007ffccb1cd000 	C:\WINDOWS\SYSTEM32\dhcpcsvc.DLL
0x00007ffcd1640000 - 0x00007ffcd166b000 	C:\WINDOWS\SYSTEM32\Wldp.dll
0x00007ffcd3f80000 - 0x00007ffcd3faf000 	C:\WINDOWS\System32\IMM32.DLL
0x00007ffcd17d0000 - 0x00007ffcd17e2000 	C:\WINDOWS\SYSTEM32\MSASN1.dll
0x00007ffccfb00000 - 0x00007ffccfb12000 	C:\WINDOWS\SYSTEM32\kernel.appcore.dll
0x00007ffc59550000 - 0x00007ffc59a67000 	D:\Xilinx\Vivado\2019.1\lib\win64.o\librdi_commontasks.dll
0x00007ffccc830000 - 0x00007ffccc83a000 	C:\WINDOWS\SYSTEM32\VERSION.dll
0x0000000053170000 - 0x0000000053b95000 	D:\Xilinx\Vivado\2019.1\tps\win64\jre9.0.4\bin\server\jvm.dll
0x00007ffc84a40000 - 0x00007ffc84cc6000 	D:\Xilinx\Vivado\2019.1\lib\win64.o\librdi_sio.dll
0x00007ffcd2fb0000 - 0x00007ffcd2fb8000 	C:\WINDOWS\System32\PSAPI.DLL
0x00007ffcbe0e0000 - 0x00007ffcbe107000 	C:\WINDOWS\SYSTEM32\WINMM.dll
0x00007ffcd1030000 - 0x00007ffcd106b000 	C:\WINDOWS\SYSTEM32\IPHLPAPI.DLL
0x00007ffc96bc0000 - 0x00007ffc96caf000 	C:\WINDOWS\SYSTEM32\MSVCR120.dll
0x00007ffcd13a0000 - 0x00007ffcd140c000 	C:\WINDOWS\SYSTEM32\MSWSOCK.DLL
0x00007ffc57090000 - 0x00007ffc5954c000 	D:\Xilinx\Vivado\2019.1\lib\win64.o\librdi_tcltasks.dll
0x00007ffc56c80000 - 0x00007ffc57088000 	D:\Xilinx\Vivado\2019.1\lib\win64.o\librdi_bitstream.dll
0x00007ffcb1970000 - 0x00007ffcb19e8000 	D:\Xilinx\Vivado\2019.1\lib\win64.o\librdi_boarddep.dll
0x00007ffc8bb10000 - 0x00007ffc8bca1000 	D:\Xilinx\Vivado\2019.1\lib\win64.o\librdi_board.dll
0x00007ffc926f0000 - 0x00007ffc927db000 	D:\Xilinx\Vivado\2019.1\lib\win64.o\librdi_chipscope.dll
0x00007ffc88370000 - 0x00007ffc8852d000 	D:\Xilinx\Vivado\2019.1\lib\win64.o\librdi_chipscopeimpl.dll
0x00007ffc8aa80000 - 0x00007ffc8abd6000 	D:\Xilinx\Vivado\2019.1\lib\win64.o\librdi_containers.dll
0x00007ffc55290000 - 0x00007ffc56c7a000 	D:\Xilinx\Vivado\2019.1\lib\win64.o\librdi_constraints.dll
0x00007ffc4e340000 - 0x00007ffc501f1000 	D:\Xilinx\Vivado\2019.1\lib\win64.o\librdi_coregen.dll
0x00007ffc4d610000 - 0x00007ffc4dcea000 	D:\Xilinx\Vivado\2019.1\lib\win64.o\librdi_coregenipxact.dll
0x00007ffc50ac0000 - 0x00007ffc54b03000 	D:\Xilinx\Vivado\2019.1\lib\win64.o\librdi_designutils.dll
0x00007ffc306c0000 - 0x00007ffc42aec000 	D:\Xilinx\Vivado\2019.1\lib\win64.o\librdi_device.dll
0x00007ffc507a0000 - 0x00007ffc50abe000 	D:\Xilinx\Vivado\2019.1\lib\win64.o\librdi_dlyest.dll
0x00007ffc9d800000 - 0x00007ffc9d8c4000 	D:\Xilinx\Vivado\2019.1\lib\win64.o\librdi_dsp.dll
0x00007ffc4dcf0000 - 0x00007ffc4e33d000 	D:\Xilinx\Vivado\2019.1\lib\win64.o\librdi_filemgmt.dll
0x00007ffc50200000 - 0x00007ffc5079a000 	D:\Xilinx\Vivado\2019.1\lib\win64.o\librdi_drc.dll
0x00007ffc5f390000 - 0x00007ffc5f673000 	D:\Xilinx\Vivado\2019.1\lib\win64.o\librdi_guitools.dll
0x00007ffcab000000 - 0x00007ffcab065000 	D:\Xilinx\Vivado\2019.1\lib\win64.o\librdi_hdf.dll
0x00007ffc48e80000 - 0x00007ffc4a440000 	D:\Xilinx\Vivado\2019.1\lib\win64.o\librdi_implflow.dll
0x00007ffc4cff0000 - 0x00007ffc4d605000 	D:\Xilinx\Vivado\2019.1\lib\win64.o\librdi_memdata.dll
0x00007ffca19c0000 - 0x00007ffca1a33000 	D:\Xilinx\Vivado\2019.1\lib\win64.o\librdi_memoryarray.dll
0x00007ffc46190000 - 0x00007ffc48e76000 	D:\Xilinx\Vivado\2019.1\lib\win64.o\librdi_mig.dll
0x00007ffcb15c0000 - 0x00007ffcb160b000 	D:\Xilinx\Vivado\2019.1\lib\win64.o\librdi_pfi.dll
0x00007ffc2d930000 - 0x00007ffc2ffa6000 	D:\Xilinx\Vivado\2019.1\lib\win64.o\librdi_place.dll
0x00007ffc4cce0000 - 0x00007ffc4cfef000 	D:\Xilinx\Vivado\2019.1\lib\win64.o\librdi_platform.dll
0x00007ffc45ae0000 - 0x00007ffc46182000 	D:\Xilinx\Vivado\2019.1\lib\win64.o\librdi_netlist.dll
0x00007ffc44e10000 - 0x00007ffc4538f000 	D:\Xilinx\Vivado\2019.1\lib\win64.o\librdi_project.dll
0x00007ffc45390000 - 0x00007ffc45ada000 	D:\Xilinx\Vivado\2019.1\lib\win64.o\librdi_power.dll
0x00007ffc2d220000 - 0x00007ffc2d929000 	D:\Xilinx\Vivado\2019.1\lib\win64.o\librdi_psta.dll
0x00007ffc2ffb0000 - 0x00007ffc306b6000 	D:\Xilinx\Vivado\2019.1\lib\win64.o\librdi_rsb.dll
0x00007ffc91740000 - 0x00007ffc9183a000 	D:\Xilinx\Vivado\2019.1\lib\win64.o\librdi_runsbase.dll
0x00007ffc2ce20000 - 0x00007ffc2d211000 	D:\Xilinx\Vivado\2019.1\lib\win64.o\librdi_runs.dll
0x00007ffc55030000 - 0x00007ffc55286000 	D:\Xilinx\Vivado\2019.1\lib\win64.o\librdi_simdata.dll
0x00007ffc2c000000 - 0x00007ffc2ce11000 	D:\Xilinx\Vivado\2019.1\lib\win64.o\librdi_timing.dll
0x00007ffc85110000 - 0x00007ffc85282000 	D:\Xilinx\Vivado\2019.1\lib\win64.o\librdi_advchipscopeimpl.dll
0x00007ffcb0620000 - 0x00007ffcb066c000 	D:\Xilinx\Vivado\2019.1\lib\win64.o\libboost_serialization.dll
0x00007ffc6aaa0000 - 0x00007ffc6ac3f000 	D:\Xilinx\Vivado\2019.1\lib\win64.o\librdi_hip_devdesign.dll
0x00007ffc95690000 - 0x00007ffc95752000 	D:\Xilinx\Vivado\2019.1\lib\win64.o\librdi_ipconfig_readwrite.dll
0x00007ffcabad0000 - 0x00007ffcabb13000 	D:\Xilinx\Vivado\2019.1\lib\win64.o\librdi_noc_frameworks.dll
0x00007ffc2a570000 - 0x00007ffc2b0b7000 	D:\Xilinx\Vivado\2019.1\lib\win64.o\libverific.dll
0x00007ffc2bc10000 - 0x00007ffc2bff5000 	D:\Xilinx\Vivado\2019.1\lib\win64.o\librdi_hip_config.dll
0x00007ffc2b6c0000 - 0x00007ffc2bc0e000 	D:\Xilinx\Vivado\2019.1\lib\win64.o\librdi_xdm.dll
0x00007ffc976b0000 - 0x00007ffc9774e000 	D:\Xilinx\Vivado\2019.1\lib\win64.o\libise.dll
0x00007ffc2b0c0000 - 0x00007ffc2b6bc000 	D:\Xilinx\Vivado\2019.1\lib\win64.o\librdi_wavedata.dll
0x00007ffcabe30000 - 0x00007ffcabe70000 	D:\Xilinx\Vivado\2019.1\lib\win64.o\librdi_wavedata_SimpleApi.dll
0x00007ffca3ec0000 - 0x00007ffca3eff000 	D:\Xilinx\Vivado\2019.1\lib\win64.o\librdi_schedmon.dll
0x00007ffc271b0000 - 0x00007ffc2917d000 	D:\Xilinx\Vivado\2019.1\lib\win64.o\librdi_synth.dll

VM Arguments:
jvm_args: -Dsun.java2d.pmoffscreen=false -Dsun.java2d.xrender=false -Dsun.java2d.d3d=false -Dsun.awt.nopixfmt=true -Dsun.java2d.dpiaware=true -Dsun.java2d.uiScale.enabled=false -Xverify:none -Dswing.aatext=true -XX:-UsePerfData -Djdk.map.althashing.threshold=512 -XX:StringTableSize=4072 --add-opens=java.base/java.nio=ALL-UNNAMED --add-opens=java.desktop/sun.swing=ALL-UNNAMED --add-opens=java.desktop/javax.swing=ALL-UNNAMED --add-opens=java.desktop/javax.swing.tree=ALL-UNNAMED --add-opens=java.desktop/javax.swing.plaf.basic=ALL-UNNAMED --add-opens=java.desktop/javax.swing.plaf.synth=ALL-UNNAMED --add-opens=java.desktop/com.sun.awt=ALL-UNNAMED -XX:NewSize=60m -XX:MaxNewSize=60m -Xms128m -Xmx3072m -Xss5m 
java_command: <unknown>
java_class_path (initial): D:/Xilinx/Vivado/2019.1\lib\classes\alloy.jar;D:/Xilinx/Vivado/2019.1\lib\classes\autopilot.scelaborator.jar;D:/Xilinx/Vivado/2019.1\lib\classes\autopilot.sourceprocessor.jar;D:/Xilinx/Vivado/2019.1\lib\classes\autopilot.tbprocessor.jar;D:/Xilinx/Vivado/2019.1\lib\classes\batik-anim.jar;D:/Xilinx/Vivado/2019.1\lib\classes\batik-awt-util.jar;D:/Xilinx/Vivado/2019.1\lib\classes\batik-bridge.jar;D:/Xilinx/Vivado/2019.1\lib\classes\batik-codec.jar;D:/Xilinx/Vivado/2019.1\lib\classes\batik-css.jar;D:/Xilinx/Vivado/2019.1\lib\classes\batik-dom.jar;D:/Xilinx/Vivado/2019.1\lib\classes\batik-ext.jar;D:/Xilinx/Vivado/2019.1\lib\classes\batik-gui-util.jar;D:/Xilinx/Vivado/2019.1\lib\classes\batik-gvt.jar;D:/Xilinx/Vivado/2019.1\lib\classes\batik-parser.jar;D:/Xilinx/Vivado/2019.1\lib\classes\batik-script.jar;D:/Xilinx/Vivado/2019.1\lib\classes\batik-svg-dom.jar;D:/Xilinx/Vivado/2019.1\lib\classes\batik-swing.jar;D:/Xilinx/Vivado/2019.1\lib\classes\batik-transcoder.jar;D:/Xilinx/Vivado/2019.1\lib\classes\batik-util.jar;D:/Xilinx/Vivado/2019.1\lib\classes\batik-xml.jar;D:/Xilinx/Vivado/2019.1\lib\classes\com.google.gson_2.7.0.v20170129-0911.jar;D:/Xilinx/Vivado/2019.1\lib\classes\com.google.guava_21.0.0.v20170206-1425.jar;D:/Xilinx/Vivado/2019.1\lib\classes\com.google.inject_3.0.0.v201605172100.jar;D:/Xilinx/Vivado/2019.1\lib\classes\com.ibm.icu_4.4.2.v20110208.jar;D:/Xilinx/Vivado/2019.1\lib\classes\com.sigasi.hdt.annotations.runtime_4.3.0.201903071210.jar;D:/Xilinx/Vivado/2019.1\lib\classes\com.sigasi.hdt.blockdiagram.model_4.3.0.201903071210.jar;D:/Xilinx/Vivado/2019.1\lib\classes\com.sigasi.hdt.connection_4.3.0.201903071210.jar;D:/Xilinx/Vivado/2019.1\lib\classes\com.sigasi.hdt.dependencies.model_4.3.0.201903071210.jar;D:/Xilinx/Vivado/2019.1\lib\classes\com.sigasi.hdt.epl_4.3.0.201903071210.jar;D:/Xilinx/Vivado/2019.1\lib\classes\com.sigasi.hdt.graphics.model_4.3.0.201903071210.jar;D:/Xilinx/Vivado/2019.1\lib\classes\com.sigasi.hdt.project_4.3.0
Launcher Type: generic

Logging:
Log output configuration:
#0: stdout all=warning uptime,level,tags
#1: stderr all=off uptime,level,tags

Environment Variables:
JAVA_HOME=D:\JAVA\jdk-11.0.9
PATH=D:/Xilinx/Vivado/2019.1/bin;D:/Xilinx/Vivado/2019.1/lib/win64.o;D:/Xilinx/Vivado/2019.1/tps/win64/jre9.0.4/bin/server;D:/Xilinx/Vivado/2019.1/tps/win64/jre9.0.4/bin;D:/Xilinx/SDK/2019.1/bin;D:/Xilinx/Vivado/2019.1/ids_lite/ISE/bin/nt64;D:/Xilinx/Vivado/2019.1/ids_lite/ISE/lib/nt64;F:\openjdk\bin;F:\VMWare_Workstation\bin\;D:\JAVA\jdk-11.0.9\bin;C:\Program Files\Common Files\Oracle\Java\javapath;C:\windows\system32;C:\windows;C:\windows\System32\Wbem;C:\windows\System32\WindowsPowerShell\v1.0\;C:\windows\System32\OpenSSH\;C:\Program Files (x86)\NVIDIA Corporation\PhysX\Common;C:\Program Files\NVIDIA Corporation\NVIDIA NvDLISR;E:\bin;D:\JAVA\apache-maven-3.8.5\bin;D:\Sumo\bin\;D:\Sumo\tools\;D:\calibre2\;D:\Git\cmd;E:\texlive\2023\bin\windows;E:\anaconda3;E:\anaconda3\Library\mingw-w64\bin;E:\anaconda3\Library\usr\bin;E:\anaconda3\Library\bin;E:\anaconda3\Scripts;D:\Anaconda;D:\Anaconda\Library\mingw-w64\bin;D:\Anaconda\Library\usr\bin;D:\Anaconda\Library\bin;D:\Anaconda\Scripts;D:\python\Scripts\;D:\python\;C:\Users\lxy\AppData\Local\Microsoft\WindowsApps;F:\Tencent\QQGameTempest\Hall.58036\;F:\Quartus\modelsim_ae\win32aloem;F:\FPGA_yh\Modelsim\win64;E:\Microsoft VS Code\bin;D:/Xilinx/Vivado/2019.1\tps\mingw\6.2.0\win64.o\nt\bin;D:/Xilinx/Vivado/2019.1\tps\mingw\6.2.0\win64.o\nt\libexec\gcc\x86_64-w64-mingw32\6.2.0;D:/Xilinx/Vivado/2019.1\tps\win64\python-2.7.5;D:/Xilinx/Vivado/2019.1\tps\win64\python-2.7.5\lib;D:/Xilinx/Vivado/2019.1\tps\win64\python-2.7.5\Lib\lib-tk;D:/Xilinx/Vivado/2019.1\tps\win64\python-2.7.5\lib\site-packages
USERNAME=lxy
OS=Windows_NT
PROCESSOR_IDENTIFIER=Intel64 Family 6 Model 165 Stepping 2, GenuineIntel



---------------  S Y S T E M  ---------------

OS: Windows 10 , 64 bit Build 19041 (10.0.19041.5794)

CPU:total 12 (initial active 12) (6 cores per cpu, 2 threads per core) family 6 model 165 stepping 2, cmov, cx8, fxsr, mmx, sse, sse2, sse3, ssse3, sse4.1, sse4.2, popcnt, avx, avx2, aes, clmul, erms, 3dnowpref, lzcnt, ht, tsc, tscinvbit, bmi1, bmi2, adx, fma

Memory: 4k page, physical 16547960k(6628212k free), swap 20742264k(7680220k free)

vm_info: Java HotSpot(TM) 64-Bit Server VM (9.0.4+11) for windows-amd64 JRE (9.0.4+11), built on Dec 20 2017 02:18:54 by "mach5one" with MS VC++ 12.0 (VS2013)

END.
