#
# A fatal error has been detected by the Java Runtime Environment:
#
#  EXCEPTION_ACCESS_VIOLATION (0xc0000005) at pc=0x00007ffc6b12a1a5, pid=17232, tid=2332
#
# JRE version: Java(TM) SE Runtime Environment (9.0+11) (build 9.0.4+11)
# Java VM: Java HotSpot(TM) 64-Bit Server VM (9.0.4+11, mixed mode, tiered, compressed oops, g1 gc, windows-amd64)
# Problematic frame:
# C  [librdi_common.dll+0x17a1a5]
#
# No core dump will be written. Minidumps are not enabled by default on client versions of Windows
#
# If you would like to submit a bug report, please visit:
#   http://bugreport.java.com/bugreport/crash.jsp
# The crash happened outside the Java Virtual Machine in native code.
# See problematic frame for where to report the bug.
#

---------------  S U M M A R Y ------------

Command Line: -Dsun.java2d.pmoffscreen=false -Dsun.java2d.xrender=false -Dsun.java2d.d3d=false -Dsun.awt.nopixfmt=true -Dsun.java2d.dpiaware=true -Dsun.java2d.uiScale.enabled=false -Xverify:none -Dswing.aatext=true -XX:-UsePerfData -Djdk.map.althashing.threshold=512 -XX:StringTableSize=4072 --add-opens=java.base/java.nio=ALL-UNNAMED --add-opens=java.desktop/sun.swing=ALL-UNNAMED --add-opens=java.desktop/javax.swing=ALL-UNNAMED --add-opens=java.desktop/javax.swing.tree=ALL-UNNAMED --add-opens=java.desktop/javax.swing.plaf.basic=ALL-UNNAMED --add-opens=java.desktop/javax.swing.plaf.synth=ALL-UNNAMED --add-opens=java.desktop/com.sun.awt=ALL-UNNAMED -XX:NewSize=60m -XX:MaxNewSize=60m -Xms128m -Xmx3072m -Xss5m 

Host: Intel(R) Core(TM) i7-10750H CPU @ 2.60GHz, 12 cores, 15G,  Windows 10 , 64 bit Build 19041 (10.0.19041.5794)
Time: Wed May 21 10:54:32 2025 ?¡Â?¡¤??¨¢?¨º¡À elapsed time: 2428 seconds (0d 0h 40m 28s)

---------------  T H R E A D  ---------------

Current thread (0x000002064618b800):  JavaThread "AWT-EventQueue-1" [_thread_in_native, id=2332, stack(0x0000004418c00000,0x0000004419100000)]

Stack: [0x0000004418c00000,0x0000004419100000],  sp=0x00000044190fb200,  free space=5100k
Native frames: (J=compiled Java code, j=interpreted, Vv=VM code, C=native code)
C  [librdi_common.dll+0x17a1a5]
C  [librdi_common.dll+0x16ee15]
C  [librdi_common.dll+0x1386da]
C  [librdi_wavedata.dll+0x1e1eff]
C  [librdi_wavedata.dll+0x2621df]
C  [librdi_wavedata.dll+0x269e19]
C  [librdi_wavedata.dll+0x23a4cb]
C  [librdi_wavedata.dll+0x276de7]
C  0x0000020635b302ba

Java frames: (J=compiled Java code, j=interpreted, Vv=VM code)
J 17657  ui.views.waveform.waveformi.WVExecutive_getTooltipTextDelayed(J)Ljava/lang/String; (0 bytes) @ 0x0000020635b30221 [0x0000020635b301e0+0x0000000000000041]
J 21308 c2 ui.views.waveform.b.a.bG(Ljava/awt/event/MouseEvent;)V (135 bytes) @ 0x00000206359b2b00 [0x00000206359b2a00+0x0000000000000100]
J 21316 c2 ui.views.waveform.b.a.mouseMoved(Ljava/awt/event/MouseEvent;)V (32 bytes) @ 0x0000020635e4e6b4 [0x0000020635e4e5e0+0x00000000000000d4]
J 18097 c2 java.awt.AWTEventMulticaster.mouseMoved(Ljava/awt/event/MouseEvent;)V java.desktop@9.0.4 (27 bytes) @ 0x00000206355468f4 [0x0000020635546840+0x00000000000000b4]
J 18097 c2 java.awt.AWTEventMulticaster.mouseMoved(Ljava/awt/event/MouseEvent;)V java.desktop@9.0.4 (27 bytes) @ 0x00000206355468b4 [0x0000020635546840+0x0000000000000074]
J 21173 c2 ui.frmwork.c.i.processMouseMotionEvent(Ljava/awt/event/MouseEvent;)V (131 bytes) @ 0x00000206357c5bb0 [0x00000206357c58a0+0x0000000000000310]
J 12726 c2 java.awt.Container.processEvent(Ljava/awt/AWTEvent;)V java.desktop@9.0.4 (22 bytes) @ 0x0000020635563518 [0x00000206355633a0+0x0000000000000178]
J 19347 c2 java.awt.Component.dispatchEventImpl(Ljava/awt/AWTEvent;)V java.desktop@9.0.4 (739 bytes) @ 0x0000020635303b2c [0x00000206353031e0+0x000000000000094c]
J 16696 c2 java.awt.Container.dispatchEventImpl(Ljava/awt/AWTEvent;)V java.desktop@9.0.4 (129 bytes) @ 0x00000206359ff998 [0x00000206359ff940+0x0000000000000058]
J 17507 c2 java.awt.LightweightDispatcher.retargetMouseEvent(Ljava/awt/Component;ILjava/awt/event/MouseEvent;)V java.desktop@9.0.4 (350 bytes) @ 0x0000020635b01d70 [0x0000020635b017e0+0x0000000000000590]
J 18647 c2 java.awt.LightweightDispatcher.processMouseEvent(Ljava/awt/event/MouseEvent;)Z java.desktop@9.0.4 (265 bytes) @ 0x0000020635c5254c [0x0000020635c51fa0+0x00000000000005ac]
J 18293 c2 java.awt.Window.dispatchEventImpl(Ljava/awt/AWTEvent;)V java.desktop@9.0.4 (23 bytes) @ 0x0000020635bd2da4 [0x0000020635bd2ae0+0x00000000000002c4]
J 13933 c2 java.awt.EventQueue$3.run()Ljava/lang/Object; java.desktop@9.0.4 (5 bytes) @ 0x00000206356a557c [0x00000206356a4f80+0x00000000000005fc]
v  ~StubRoutines::call_stub
J 3804  java.security.AccessController.doPrivileged(Ljava/security/PrivilegedAction;Ljava/security/AccessControlContext;)Ljava/lang/Object; java.base@9.0.4 (0 bytes) @ 0x0000020634c43846 [0x0000020634c437e0+0x0000000000000066]
J 17691 c2 java.awt.EventQueue$4.run()Ljava/lang/Object; java.desktop@9.0.4 (5 bytes) @ 0x0000020635b38eb4 [0x0000020635b38c60+0x0000000000000254]
v  ~StubRoutines::call_stub
J 3804  java.security.AccessController.doPrivileged(Ljava/security/PrivilegedAction;Ljava/security/AccessControlContext;)Ljava/lang/Object; java.base@9.0.4 (0 bytes) @ 0x0000020634c43846 [0x0000020634c437e0+0x0000000000000066]
J 13829 c2 ui.frmwork.b.d.dispatchEvent(Ljava/awt/AWTEvent;)V (34 bytes) @ 0x0000020634e0e894 [0x0000020634e0e460+0x0000000000000434]
J 17639 c2 java.awt.EventDispatchThread.pumpOneEventForFilters(I)V java.desktop@9.0.4 (218 bytes) @ 0x0000020635b2af6c [0x0000020635b2ac20+0x000000000000034c]
J 21135% c2 java.awt.EventDispatchThread.pumpEventsForFilter(ILjava/awt/Conditional;Ljava/awt/EventFilter;)V java.desktop@9.0.4 (47 bytes) @ 0x0000020635792af8 [0x00000206357929e0+0x0000000000000118]
j  java.awt.EventDispatchThread.pumpEventsForHierarchy(ILjava/awt/Conditional;Ljava/awt/Component;)V+11 java.desktop@9.0.4
j  java.awt.EventDispatchThread.pumpEvents(ILjava/awt/Conditional;)V+4 java.desktop@9.0.4
j  java.awt.EventDispatchThread.pumpEvents(Ljava/awt/Conditional;)V+3 java.desktop@9.0.4
j  java.awt.EventDispatchThread.run()V+9 java.desktop@9.0.4
v  ~StubRoutines::call_stub

siginfo: EXCEPTION_ACCESS_VIOLATION (0xc0000005), reading address 0xffffffffffffffff


Register to memory mapping:

RIP=0x00007ffc6b12a1a5 librdi_common.dll
RAX=0x000002061c8b1401 is an unknown value
RBX=0x9001a540d366f30b is an unknown value
RCX=0x000002061c8b14d0 is an unknown value
RDX=0x9001a540d366f30b is an unknown value
RSP=0x00000044190fb200 is pointing into the stack for thread: 0x000002064618b800
RBP=0x00000044190fb330 is pointing into the stack for thread: 0x000002064618b800
RSI=0x0000020646c70750 is an unknown value
RDI=0x00000044190fb418 is pointing into the stack for thread: 0x000002064618b800
R8 =0x00000044190fb418 is pointing into the stack for thread: 0x000002064618b800
R9 =0x0000000000000000 is an unknown value
R10=0x00007ffcb0020000 VCRUNTIME140.dll
R11=0x9155e815f8434043 is an unknown value
R12=0x00000044190fb418 is pointing into the stack for thread: 0x000002064618b800
R13=0x0000000000000000 is an unknown value
R14=0x000002061cf90080 is an unknown value
R15=0x9001a540d366f30b is an unknown value


Registers:
RAX=0x000002061c8b1401, RBX=0x9001a540d366f30b, RCX=0x000002061c8b14d0, RDX=0x9001a540d366f30b
RSP=0x00000044190fb200, RBP=0x00000044190fb330, RSI=0x0000020646c70750, RDI=0x00000044190fb418
R8 =0x00000044190fb418, R9 =0x0000000000000000, R10=0x00007ffcb0020000, R11=0x9155e815f8434043
R12=0x00000044190fb418, R13=0x0000000000000000, R14=0x000002061cf90080, R15=0x9001a540d366f30b
RIP=0x00007ffc6b12a1a5, EFLAGS=0x0000000000010202

Top of Stack: (sp=0x00000044190fb200)
0x00000044190fb200:   0000000000000018 000002064b21bee0
0x00000044190fb210:   000000000000091c 9001a540d366f30b
0x00000044190fb220:   9001a540d366f30b 00007ffc6b11ee15
0x00000044190fb230:   000000000cf23580 00007ffcaf9527a8
0x00000044190fb240:   fffffffffffffffe 0000000000000000
0x00000044190fb250:   00006d24cb3dfa9a 000002064b21be78
0x00000044190fb260:   0000000000000002 00007ffc6b188985
0x00000044190fb270:   000002064ce8c230 000002064b21be98
0x00000044190fb280:   00000044190fb5b0 00007ffc6bde3fe0
0x00000044190fb290:   fffffffffffffffe 00007ffc6b6f6a6d
0x00000044190fb2a0:   fffffffffffffffe 00007ffc6bde3fe0
0x00000044190fb2b0:   000002064b21be50 00000206199ee888
0x00000044190fb2c0:   00000044190fb418 00007ffc6b187c76
0x00000044190fb2d0:   000002064b21be50 00000044190fb418
0x00000044190fb2e0:   0000020600000002 0000000000000000
0x00000044190fb2f0:   fffffffffffffffe 000000000000000f 

Instructions: (pc=0x00007ffc6b12a1a5)
0x00007ffc6b12a185:   20 48 8b d9 e8 22 c4 04 00 48 8b c8 48 8b d3 e8
0x00007ffc6b12a195:   27 0d 05 00 84 c0 75 08 33 c0 48 83 c4 20 5b c3
0x00007ffc6b12a1a5:   48 8b 4b 50 48 85 c9 74 0a 48 83 c4 20 5b e9 68
0x00007ffc6b12a1b5:   e2 04 00 48 8b d3 48 8d 0d 26 fc 73 00 e8 59 b7 



---------------  P R O C E S S  ---------------

Java Threads: ( => current thread )
  0x000002064b04a000 JavaThread "Relaunch Simulation" [_thread_blocked, id=4272, stack(0x000000441ca00000,0x000000441cf00000)]
  0x000002064b04e800 JavaThread "SyntheticaAnimation 50" daemon [_thread_blocked, id=14684, stack(0x000000441b700000,0x000000441bc00000)]
  0x000002064b04d800 JavaThread "SyntheticaAnimation 50" daemon [_thread_blocked, id=10344, stack(0x0000004417d00000,0x0000004418200000)]
  0x000002064b04c000 JavaThread "Update Runs Swing Worker" [_thread_blocked, id=6044, stack(0x000000441c100000,0x000000441c600000)]
  0x000002064b04a800 JavaThread "hw_ila_monitor" [_thread_blocked, id=8044, stack(0x000000441b200000,0x000000441b700000)]
  0x000002064b047800 JavaThread "Refresh Filesets Swing Worker" [_thread_blocked, id=3536, stack(0x000000441ad00000,0x000000441b200000)]
  0x000002064b043800 JavaThread "SyntheticaAnimation 70" daemon [_thread_blocked, id=18060, stack(0x0000004419100000,0x0000004419600000)]
  0x000002064b048800 JavaThread "SyntheticaAnimation 25" daemon [_thread_blocked, id=3436, stack(0x000000441a800000,0x000000441ad00000)]
  0x0000020646722000 JavaThread "SyntheticaAnimation 50" daemon [_thread_blocked, id=16980, stack(0x000000441a300000,0x000000441a800000)]
  0x0000020646723800 JavaThread "Monitor HEventQueue" [_thread_blocked, id=15372, stack(0x0000004419e00000,0x000000441a300000)]
  0x0000020646722800 JavaThread "SyntheticaCleanerThread" daemon [_thread_blocked, id=15636, stack(0x0000004419600000,0x0000004419b00000)]
  0x0000020646720800 JavaThread "Batik CleanerThread" daemon [_thread_blocked, id=14632, stack(0x0000004418200000,0x0000004418700000)]
=>0x000002064618b800 JavaThread "AWT-EventQueue-1" [_thread_in_native, id=2332, stack(0x0000004418c00000,0x0000004419100000)]
  0x000002064618a000 JavaThread "Process Messages" [_thread_blocked, id=17552, stack(0x0000004418700000,0x0000004418c00000)]
  0x0000020646125000 JavaThread "Thread-1" [_thread_in_native, id=17136, stack(0x0000004411000000,0x0000004412400000)]
  0x00000206464c2000 JavaThread "TimerQueue" daemon [_thread_blocked, id=15084, stack(0x0000004417800000,0x0000004417d00000)]
  0x00000206242dd000 JavaThread "AWT-Windows" daemon [_thread_in_native, id=10900, stack(0x0000004417300000,0x0000004417800000)]
  0x0000020645cee800 JavaThread "AWT-Shutdown" [_thread_blocked, id=1452, stack(0x0000004416e00000,0x0000004417300000)]
  0x0000020624252000 JavaThread "Java2D Disposer" daemon [_thread_blocked, id=17104, stack(0x0000004416900000,0x0000004416e00000)]
  0x0000020623b41800 JavaThread "Service Thread" daemon [_thread_blocked, id=7816, stack(0x0000004416300000,0x0000004416800000)]
  0x00000206228d9000 JavaThread "Common-Cleaner" daemon [_thread_blocked, id=5152, stack(0x0000004415e00000,0x0000004416300000)]
  0x00000206228d7000 JavaThread "Sweeper thread" daemon [_thread_blocked, id=6012, stack(0x0000004415900000,0x0000004415e00000)]
  0x000002062250e000 JavaThread "C1 CompilerThread3" daemon [_thread_blocked, id=6968, stack(0x0000004415800000,0x0000004415900000)]
  0x000002061c3ee800 JavaThread "C2 CompilerThread2" daemon [_thread_blocked, id=12608, stack(0x0000004415700000,0x0000004415800000)]
  0x000002061c3ed800 JavaThread "C2 CompilerThread1" daemon [_thread_blocked, id=6528, stack(0x0000004415600000,0x0000004415700000)]
  0x000002061c3eb800 JavaThread "C2 CompilerThread0" daemon [_thread_blocked, id=5456, stack(0x0000004415500000,0x0000004415600000)]
  0x00000206228d5000 JavaThread "Attach Listener" daemon [_thread_blocked, id=12516, stack(0x0000004415000000,0x0000004415500000)]
  0x00000206228d4000 JavaThread "Signal Dispatcher" daemon [_thread_blocked, id=16552, stack(0x0000004414b00000,0x0000004415000000)]
  0x00000206228c1000 JavaThread "Finalizer" daemon [_thread_blocked, id=11420, stack(0x0000004414600000,0x0000004414b00000)]
  0x00000206228c0000 JavaThread "Reference Handler" daemon [_thread_blocked, id=14564, stack(0x0000004414100000,0x0000004414600000)]
  0x0000020621dca800 JavaThread "main" [_thread_blocked, id=13136, stack(0x0000004412600000,0x0000004412700000)]

Other Threads:
  0x000002062376e800 VMThread "VM Thread" [stack: 0x0000004414000000,0x0000004414100000] [id=16628]
  0x0000020623a43000 WatcherThread [stack: 0x0000004416800000,0x0000004416900000] [id=16340]
  0x0000020621eb1800 GCTaskThread "GC Thread#0" [stack: 0x0000004412700000,0x0000004412800000] [id=6452]
  0x000002062641b000 GCTaskThread "GC Thread#1" [stack: 0x0000004412800000,0x0000004412900000] [id=6076]
  0x000002062641a000 GCTaskThread "GC Thread#2" [stack: 0x0000004412900000,0x0000004412a00000] [id=12748]
  0x0000020626419800 GCTaskThread "GC Thread#3" [stack: 0x0000004412a00000,0x0000004412b00000] [id=7232]
  0x000002062641b800 GCTaskThread "GC Thread#4" [stack: 0x0000004412b00000,0x0000004412c00000] [id=1936]
  0x0000020626418800 GCTaskThread "GC Thread#5" [stack: 0x0000004412c00000,0x0000004412d00000] [id=15308]
  0x0000020626419000 GCTaskThread "GC Thread#6" [stack: 0x0000004412d00000,0x0000004412e00000] [id=12476]
  0x000002062046f800 GCTaskThread "GC Thread#7" [stack: 0x0000004412e00000,0x0000004412f00000] [id=6948]
  0x0000020620472000 GCTaskThread "GC Thread#8" [stack: 0x0000004412f00000,0x0000004413000000] [id=15924]
  0x0000020620470800 GCTaskThread "GC Thread#9" [stack: 0x0000004413000000,0x0000004413100000] [id=17684]
  0x0000020625941800 ConcurrentGCThread "G1 Main Marker" [stack: 0x0000004413c00000,0x0000004413d00000] [id=4604]
  0x0000020620471000 ConcurrentGCThread "G1 Marker#0" [stack: 0x0000004413d00000,0x0000004413e00000] [id=4324]
  0x0000020620472800 ConcurrentGCThread "G1 Marker#1" [stack: 0x0000004413e00000,0x0000004413f00000] [id=9208]
  0x0000020620475800 ConcurrentGCThread "G1 Marker#2" [stack: 0x0000004413f00000,0x0000004414000000] [id=2552]
  0x0000020621e21800 ConcurrentGCThread "G1 Refine#0" [stack: 0x0000004413a00000,0x0000004413b00000] [id=15244]
  0x0000020621e20800 ConcurrentGCThread "G1 Refine#1" [stack: 0x0000004413900000,0x0000004413a00000] [id=4568]
  0x00000206224f5800 ConcurrentGCThread "G1 Refine#2" [stack: 0x0000004413800000,0x0000004413900000] [id=1512]
  0x00000206224f5000 ConcurrentGCThread "G1 Refine#3" [stack: 0x0000004413700000,0x0000004413800000] [id=14580]
  0x00000206220ae800 ConcurrentGCThread "G1 Refine#4" [stack: 0x0000004413600000,0x0000004413700000] [id=12408]
  0x00000206220ad800 ConcurrentGCThread "G1 Refine#5" [stack: 0x0000004413500000,0x0000004413600000] [id=12004]
  0x0000020620482000 ConcurrentGCThread "G1 Refine#6" [stack: 0x0000004413400000,0x0000004413500000] [id=16000]
  0x000002062249e800 ConcurrentGCThread "G1 Refine#7" [stack: 0x0000004413300000,0x0000004413400000] [id=6068]
  0x000002062249d800 ConcurrentGCThread "G1 Refine#8" [stack: 0x0000004413200000,0x0000004413300000] [id=8952]
  0x0000020625643000 ConcurrentGCThread "G1 Refine#9" [stack: 0x0000004413100000,0x0000004413200000] [id=7236]
  0x0000020622583000 ConcurrentGCThread "G1 Young RemSet Sampling" [stack: 0x0000004413b00000,0x0000004413c00000] [id=12184]

Threads with active compile tasks:

VM state:not at safepoint (normal execution)

VM Mutex/Monitor currently owned by a thread: None

Heap address: 0x0000000700000000, size: 3072 MB, Compressed Oops mode: Zero based, Oop shift amount: 3
Narrow klass base: 0x0000000000000000, Narrow klass shift: 3
Compressed class space size: 1073741824 Address: 0x00000007c0000000

Heap:
 garbage-first heap   total 229376K, used 95732K [0x0000000700000000, 0x0000000700100700, 0x00000007c0000000)
  region size 1024K, 21 young (21504K), 1 survivors (1024K)
 Metaspace       used 82917K, capacity 89083K, committed 89392K, reserved 1126400K
  class space    used 11210K, capacity 12284K, committed 12336K, reserved 1048576K
Heap Regions: E=young(eden), S=young(survivor), O=old, HS=humongous(starts), HC=humongous(continues), CS=collection set, F=free, A=archive, TS=gc time stamp, AC=allocation context, TAMS=top-at-mark-start (previous, next)
|   0|0x0000000700000000, 0x00000007000fbe50, 0x0000000700100000| 98%| O|  |TS  0|AC  0|TAMS 0x0000000700000000, 0x0000000700000000|
|   1|0x0000000700100000, 0x0000000700200000, 0x0000000700200000|100%|HS|  |TS  0|AC  0|TAMS 0x0000000700100000, 0x0000000700100000|
|   2|0x0000000700200000, 0x0000000700300000, 0x0000000700300000|100%|HC|  |TS  0|AC  0|TAMS 0x0000000700200000, 0x0000000700200000|
|   3|0x0000000700300000, 0x0000000700400000, 0x0000000700400000|100%|HS|  |TS  0|AC  0|TAMS 0x0000000700300000, 0x0000000700300000|
|   4|0x0000000700400000, 0x00000007004fa9a8, 0x0000000700500000| 97%| O|  |TS  0|AC  0|TAMS 0x0000000700400000, 0x0000000700400000|
|   5|0x0000000700500000, 0x00000007005f36b0, 0x0000000700600000| 95%| O|  |TS  0|AC  0|TAMS 0x0000000700500000, 0x0000000700500000|
|   6|0x0000000700600000, 0x0000000700700000, 0x0000000700700000|100%| O|  |TS  0|AC  0|TAMS 0x0000000700600000, 0x0000000700600000|
|   7|0x0000000700700000, 0x00000007007ffff0, 0x0000000700800000| 99%| O|  |TS  0|AC  0|TAMS 0x0000000700700000, 0x0000000700700000|
|   8|0x0000000700800000, 0x00000007008ffff8, 0x0000000700900000| 99%| O|  |TS  0|AC  0|TAMS 0x0000000700800000, 0x0000000700800000|
|   9|0x0000000700900000, 0x0000000700a00000, 0x0000000700a00000|100%| O|  |TS  0|AC  0|TAMS 0x0000000700900000, 0x0000000700900000|
|  10|0x0000000700a00000, 0x0000000700affff8, 0x0000000700b00000| 99%| O|  |TS  0|AC  0|TAMS 0x0000000700a00000, 0x0000000700a00000|
|  11|0x0000000700b00000, 0x0000000700bf69b8, 0x0000000700c00000| 96%| O|  |TS  0|AC  0|TAMS 0x0000000700b00000, 0x0000000700b00000|
|  12|0x0000000700c00000, 0x0000000700cfeee8, 0x0000000700d00000| 99%| O|  |TS  0|AC  0|TAMS 0x0000000700c00000, 0x0000000700c00000|
|  13|0x0000000700d00000, 0x0000000700df21d8, 0x0000000700e00000| 94%| O|  |TS  0|AC  0|TAMS 0x0000000700d00000, 0x0000000700d00000|
|  14|0x0000000700e00000, 0x0000000700ef92f8, 0x0000000700f00000| 97%| O|  |TS  0|AC  0|TAMS 0x0000000700e00000, 0x0000000700e00000|
|  15|0x0000000700f00000, 0x0000000700ff70d0, 0x0000000701000000| 96%| O|  |TS  0|AC  0|TAMS 0x0000000700f00000, 0x0000000700f00000|
|  16|0x0000000701000000, 0x0000000701100000, 0x0000000701100000|100%| O|  |TS  0|AC  0|TAMS 0x0000000701000000, 0x0000000701000000|
|  17|0x0000000701100000, 0x00000007011fff98, 0x0000000701200000| 99%| O|  |TS  0|AC  0|TAMS 0x0000000701100000, 0x0000000701100000|
|  18|0x0000000701200000, 0x00000007012ffff8, 0x0000000701300000| 99%| O|  |TS  0|AC  0|TAMS 0x0000000701200000, 0x0000000701200000|
|  19|0x0000000701300000, 0x00000007013fffe0, 0x0000000701400000| 99%| O|  |TS  0|AC  0|TAMS 0x0000000701300000, 0x0000000701300000|
|  20|0x0000000701400000, 0x00000007014ffff8, 0x0000000701500000| 99%| O|  |TS  0|AC  0|TAMS 0x0000000701400000, 0x0000000701400000|
|  21|0x0000000701500000, 0x0000000701600000, 0x0000000701600000|100%|HS|  |TS  0|AC  0|TAMS 0x0000000701500000, 0x0000000701500000|
|  22|0x0000000701600000, 0x00000007016ffff8, 0x0000000701700000| 99%| O|  |TS  0|AC  0|TAMS 0x0000000701600000, 0x0000000701600000|
|  23|0x0000000701700000, 0x00000007017ffff0, 0x0000000701800000| 99%| O|  |TS  0|AC  0|TAMS 0x0000000701700000, 0x0000000701700000|
|  24|0x0000000701800000, 0x0000000701900000, 0x0000000701900000|100%| O|  |TS  0|AC  0|TAMS 0x0000000701800000, 0x0000000701800000|
|  25|0x0000000701900000, 0x00000007019fffc8, 0x0000000701a00000| 99%| O|  |TS  0|AC  0|TAMS 0x0000000701900000, 0x0000000701900000|
|  26|0x0000000701a00000, 0x0000000701afffd8, 0x0000000701b00000| 99%| O|  |TS  0|AC  0|TAMS 0x0000000701a00000, 0x0000000701a00000|
|  27|0x0000000701b00000, 0x0000000701bfffd0, 0x0000000701c00000| 99%| O|  |TS  0|AC  0|TAMS 0x0000000701b00000, 0x0000000701b00000|
|  28|0x0000000701c00000, 0x0000000701cfffd8, 0x0000000701d00000| 99%| O|  |TS  0|AC  0|TAMS 0x0000000701c00000, 0x0000000701c00000|
|  29|0x0000000701d00000, 0x0000000701dffff0, 0x0000000701e00000| 99%| O|  |TS  0|AC  0|TAMS 0x0000000701d00000, 0x0000000701d00000|
|  30|0x0000000701e00000, 0x0000000701efffd0, 0x0000000701f00000| 99%| O|  |TS  0|AC  0|TAMS 0x0000000701e00000, 0x0000000701e00000|
|  31|0x0000000701f00000, 0x0000000702000000, 0x0000000702000000|100%| O|  |TS  0|AC  0|TAMS 0x0000000701f00000, 0x0000000701f00000|
|  32|0x0000000702000000, 0x00000007020fffd8, 0x0000000702100000| 99%| O|  |TS  0|AC  0|TAMS 0x0000000702000000, 0x0000000702000000|
|  33|0x0000000702100000, 0x00000007021fffd8, 0x0000000702200000| 99%| O|  |TS  0|AC  0|TAMS 0x0000000702100000, 0x0000000702100000|
|  34|0x0000000702200000, 0x00000007022abcd0, 0x0000000702300000| 67%| O|  |TS  0|AC  0|TAMS 0x0000000702200000, 0x0000000702200000|
|  35|0x0000000702300000, 0x00000007023f5968, 0x0000000702400000| 95%| O|  |TS  0|AC  0|TAMS 0x0000000702300000, 0x0000000702300000|
|  36|0x0000000702400000, 0x00000007024ffff0, 0x0000000702500000| 99%| O|  |TS  0|AC  0|TAMS 0x0000000702400000, 0x0000000702400000|
|  37|0x0000000702500000, 0x00000007025ffff8, 0x0000000702600000| 99%| O|  |TS  0|AC  0|TAMS 0x0000000702500000, 0x0000000702500000|
|  38|0x0000000702600000, 0x00000007026ffff8, 0x0000000702700000| 99%| O|  |TS  0|AC  0|TAMS 0x0000000702600000, 0x0000000702600000|
|  39|0x0000000702700000, 0x00000007027ffff8, 0x0000000702800000| 99%| O|  |TS  0|AC  0|TAMS 0x0000000702700000, 0x0000000702700000|
|  40|0x0000000702800000, 0x00000007028fffd0, 0x0000000702900000| 99%| O|  |TS  0|AC  0|TAMS 0x0000000702800000, 0x0000000702800000|
|  41|0x0000000702900000, 0x00000007029ffff8, 0x0000000702a00000| 99%| O|  |TS  0|AC  0|TAMS 0x0000000702900000, 0x0000000702900000|
|  42|0x0000000702a00000, 0x0000000702afffd0, 0x0000000702b00000| 99%| O|  |TS  0|AC  0|TAMS 0x0000000702a00000, 0x0000000702a00000|
|  43|0x0000000702b00000, 0x0000000702bfff18, 0x0000000702c00000| 99%| O|  |TS  0|AC  0|TAMS 0x0000000702b00000, 0x0000000702b00000|
|  44|0x0000000702c00000, 0x0000000702cffff0, 0x0000000702d00000| 99%| O|  |TS  0|AC  0|TAMS 0x0000000702c00000, 0x0000000702c00000|
|  45|0x0000000702d00000, 0x0000000702dffff0, 0x0000000702e00000| 99%| O|  |TS  0|AC  0|TAMS 0x0000000702d00000, 0x0000000702d00000|
|  46|0x0000000702e00000, 0x0000000702efffc8, 0x0000000702f00000| 99%| O|  |TS  0|AC  0|TAMS 0x0000000702e00000, 0x0000000702e00000|
|  47|0x0000000702f00000, 0x0000000703000000, 0x0000000703000000|100%|HS|  |TS  0|AC  0|TAMS 0x0000000702f00000, 0x0000000702f00000|
|  48|0x0000000703000000, 0x0000000703100000, 0x0000000703100000|100%|HC|  |TS  0|AC  0|TAMS 0x0000000703000000, 0x0000000703000000|
|  49|0x0000000703100000, 0x0000000703200000, 0x0000000703200000|100%|HC|  |TS  0|AC  0|TAMS 0x0000000703100000, 0x0000000703100000|
|  50|0x0000000703200000, 0x0000000703300000, 0x0000000703300000|100%|HC|  |TS  0|AC  0|TAMS 0x0000000703200000, 0x0000000703200000|
|  51|0x0000000703300000, 0x0000000703400000, 0x0000000703400000|100%|HC|  |TS  0|AC  0|TAMS 0x0000000703300000, 0x0000000703300000|
|  52|0x0000000703400000, 0x0000000703500000, 0x0000000703500000|100%|HC|  |TS  0|AC  0|TAMS 0x0000000703400000, 0x0000000703400000|
|  53|0x0000000703500000, 0x0000000703600000, 0x0000000703600000|100%|HC|  |TS  0|AC  0|TAMS 0x0000000703500000, 0x0000000703500000|
|  54|0x0000000703600000, 0x0000000703700000, 0x0000000703700000|100%|HC|  |TS  0|AC  0|TAMS 0x0000000703600000, 0x0000000703600000|
|  55|0x0000000703700000, 0x00000007037fff88, 0x0000000703800000| 99%| O|  |TS  0|AC  0|TAMS 0x0000000703700000, 0x0000000703700000|
|  56|0x0000000703800000, 0x00000007038fffd0, 0x0000000703900000| 99%| O|  |TS  0|AC  0|TAMS 0x0000000703800000, 0x0000000703800000|
|  57|0x0000000703900000, 0x00000007039fff38, 0x0000000703a00000| 99%| O|  |TS  0|AC  0|TAMS 0x0000000703900000, 0x0000000703900000|
|  58|0x0000000703a00000, 0x0000000703afff90, 0x0000000703b00000| 99%| O|  |TS  0|AC  0|TAMS 0x0000000703a00000, 0x0000000703a00000|
|  59|0x0000000703b00000, 0x0000000703c00000, 0x0000000703c00000|100%| O|  |TS  0|AC  0|TAMS 0x0000000703b00000, 0x0000000703b00000|
|  60|0x0000000703c00000, 0x0000000703cffff0, 0x0000000703d00000| 99%| O|  |TS  0|AC  0|TAMS 0x0000000703c00000, 0x0000000703c00000|
|  61|0x0000000703d00000, 0x0000000703dfffe8, 0x0000000703e00000| 99%| O|  |TS  0|AC  0|TAMS 0x0000000703d00000, 0x0000000703d00000|
|  62|0x0000000703e00000, 0x0000000703eff050, 0x0000000703f00000| 99%| O|  |TS  0|AC  0|TAMS 0x0000000703e00000, 0x0000000703e00000|
|  63|0x0000000703f00000, 0x0000000703fffff8, 0x0000000704000000| 99%| O|  |TS  0|AC  0|TAMS 0x0000000703f00000, 0x0000000703f00000|
|  64|0x0000000704000000, 0x0000000704100000, 0x0000000704100000|100%| O|  |TS  0|AC  0|TAMS 0x0000000704000000, 0x0000000704000000|
|  65|0x0000000704100000, 0x000000070416a100, 0x0000000704200000| 41%| O|  |TS  0|AC  0|TAMS 0x0000000704100000, 0x0000000704100000|
|  66|0x0000000704200000, 0x0000000704200000, 0x0000000704300000|  0%| F|  |TS  0|AC  0|TAMS 0x0000000704200000, 0x0000000704200000|
|  67|0x0000000704300000, 0x0000000704400000, 0x0000000704400000|100%|HS|  |TS  0|AC  0|TAMS 0x0000000704300000, 0x0000000704300000|
|  68|0x0000000704400000, 0x0000000704500000, 0x0000000704500000|100%|HS|  |TS  0|AC  0|TAMS 0x0000000704400000, 0x0000000704400000|
|  69|0x0000000704500000, 0x0000000704600000, 0x0000000704600000|100%|HC|  |TS  0|AC  0|TAMS 0x0000000704500000, 0x0000000704500000|
|  70|0x0000000704600000, 0x0000000704700000, 0x0000000704700000|100%|HC|  |TS  0|AC  0|TAMS 0x0000000704600000, 0x0000000704600000|
|  71|0x0000000704700000, 0x0000000704800000, 0x0000000704800000|100%|HC|  |TS  0|AC  0|TAMS 0x0000000704700000, 0x0000000704700000|
|  72|0x0000000704800000, 0x0000000704900000, 0x0000000704900000|100%|HS|  |TS  0|AC  0|TAMS 0x0000000704800000, 0x0000000704800000|
|  73|0x0000000704900000, 0x0000000704a00000, 0x0000000704a00000|100%|HC|  |TS  0|AC  0|TAMS 0x0000000704900000, 0x0000000704900000|
|  74|0x0000000704a00000, 0x0000000704b00000, 0x0000000704b00000|100%|HC|  |TS  0|AC  0|TAMS 0x0000000704a00000, 0x0000000704a00000|
|  75|0x0000000704b00000, 0x0000000704c00000, 0x0000000704c00000|100%|HC|  |TS  0|AC  0|TAMS 0x0000000704b00000, 0x0000000704b00000|
|  76|0x0000000704c00000, 0x0000000704c00000, 0x0000000704d00000|  0%| F|  |TS  0|AC  0|TAMS 0x0000000704c00000, 0x0000000704c00000|
|  77|0x0000000704d00000, 0x0000000704d00000, 0x0000000704e00000|  0%| F|  |TS  0|AC  0|TAMS 0x0000000704d00000, 0x0000000704d00000|
|  78|0x0000000704e00000, 0x0000000704e00000, 0x0000000704f00000|  0%| F|  |TS  0|AC  0|TAMS 0x0000000704e00000, 0x0000000704e00000|
|  79|0x0000000704f00000, 0x0000000704f00000, 0x0000000705000000|  0%| F|  |TS  0|AC  0|TAMS 0x0000000704f00000, 0x0000000704f00000|
|  80|0x0000000705000000, 0x0000000705000000, 0x0000000705100000|  0%| F|  |TS  0|AC  0|TAMS 0x0000000705000000, 0x0000000705000000|
|  81|0x0000000705100000, 0x0000000705100000, 0x0000000705200000|  0%| F|  |TS  0|AC  0|TAMS 0x0000000705100000, 0x0000000705100000|
|  82|0x0000000705200000, 0x0000000705200000, 0x0000000705300000|  0%| F|  |TS  0|AC  0|TAMS 0x0000000705200000, 0x0000000705200000|
|  83|0x0000000705300000, 0x0000000705300000, 0x0000000705400000|  0%| F|  |TS  0|AC  0|TAMS 0x0000000705300000, 0x0000000705300000|
|  84|0x0000000705400000, 0x0000000705400000, 0x0000000705500000|  0%| F|  |TS  0|AC  0|TAMS 0x0000000705400000, 0x0000000705400000|
|  85|0x0000000705500000, 0x0000000705500000, 0x0000000705600000|  0%| F|  |TS  0|AC  0|TAMS 0x0000000705500000, 0x0000000705500000|
|  86|0x0000000705600000, 0x0000000705600000, 0x0000000705700000|  0%| F|  |TS  0|AC  0|TAMS 0x0000000705600000, 0x0000000705600000|
|  87|0x0000000705700000, 0x0000000705700000, 0x0000000705800000|  0%| F|  |TS  0|AC  0|TAMS 0x0000000705700000, 0x0000000705700000|
|  88|0x0000000705800000, 0x0000000705800000, 0x0000000705900000|  0%| F|  |TS  0|AC  0|TAMS 0x0000000705800000, 0x0000000705800000|
|  89|0x0000000705900000, 0x0000000705900000, 0x0000000705a00000|  0%| F|  |TS  0|AC  0|TAMS 0x0000000705900000, 0x0000000705900000|
|  90|0x0000000705a00000, 0x0000000705a00000, 0x0000000705b00000|  0%| F|  |TS  0|AC  0|TAMS 0x0000000705a00000, 0x0000000705a00000|
|  91|0x0000000705b00000, 0x0000000705b00000, 0x0000000705c00000|  0%| F|  |TS  0|AC  0|TAMS 0x0000000705b00000, 0x0000000705b00000|
|  92|0x0000000705c00000, 0x0000000705c00000, 0x0000000705d00000|  0%| F|  |TS  0|AC  0|TAMS 0x0000000705c00000, 0x0000000705c00000|
|  93|0x0000000705d00000, 0x0000000705d00000, 0x0000000705e00000|  0%| F|  |TS  0|AC  0|TAMS 0x0000000705d00000, 0x0000000705d00000|
|  94|0x0000000705e00000, 0x0000000705e00000, 0x0000000705f00000|  0%| F|  |TS  0|AC  0|TAMS 0x0000000705e00000, 0x0000000705e00000|
|  95|0x0000000705f00000, 0x0000000705f00000, 0x0000000706000000|  0%| F|  |TS  0|AC  0|TAMS 0x0000000705f00000, 0x0000000705f00000|
|  96|0x0000000706000000, 0x0000000706000000, 0x0000000706100000|  0%| F|  |TS  0|AC  0|TAMS 0x0000000706000000, 0x0000000706000000|
|  97|0x0000000706100000, 0x0000000706100000, 0x0000000706200000|  0%| F|  |TS  0|AC  0|TAMS 0x0000000706100000, 0x0000000706100000|
|  98|0x0000000706200000, 0x0000000706200000, 0x0000000706300000|  0%| F|  |TS  0|AC  0|TAMS 0x0000000706200000, 0x0000000706200000|
|  99|0x0000000706300000, 0x0000000706300000, 0x0000000706400000|  0%| F|  |TS  0|AC  0|TAMS 0x0000000706300000, 0x0000000706300000|
| 100|0x0000000706400000, 0x0000000706400000, 0x0000000706500000|  0%| F|  |TS  0|AC  0|TAMS 0x0000000706400000, 0x0000000706400000|
| 101|0x0000000706500000, 0x0000000706500000, 0x0000000706600000|  0%| F|  |TS  0|AC  0|TAMS 0x0000000706500000, 0x0000000706500000|
| 102|0x0000000706600000, 0x0000000706600000, 0x0000000706700000|  0%| F|  |TS  0|AC  0|TAMS 0x0000000706600000, 0x0000000706600000|
| 103|0x0000000706700000, 0x0000000706700000, 0x0000000706800000|  0%| F|  |TS  0|AC  0|TAMS 0x0000000706700000, 0x0000000706700000|
| 104|0x0000000706800000, 0x0000000706800000, 0x0000000706900000|  0%| F|  |TS  0|AC  0|TAMS 0x0000000706800000, 0x0000000706800000|
| 105|0x0000000706900000, 0x0000000706900000, 0x0000000706a00000|  0%| F|  |TS  0|AC  0|TAMS 0x0000000706900000, 0x0000000706900000|
| 106|0x0000000706a00000, 0x0000000706a00000, 0x0000000706b00000|  0%| F|  |TS  0|AC  0|TAMS 0x0000000706a00000, 0x0000000706a00000|
| 107|0x0000000706b00000, 0x0000000706b00000, 0x0000000706c00000|  0%| F|  |TS  0|AC  0|TAMS 0x0000000706b00000, 0x0000000706b00000|
| 108|0x0000000706c00000, 0x0000000706c00000, 0x0000000706d00000|  0%| F|  |TS  0|AC  0|TAMS 0x0000000706c00000, 0x0000000706c00000|
| 109|0x0000000706d00000, 0x0000000706d00000, 0x0000000706e00000|  0%| F|  |TS  0|AC  0|TAMS 0x0000000706d00000, 0x0000000706d00000|
| 110|0x0000000706e00000, 0x0000000706e00000, 0x0000000706f00000|  0%| F|  |TS  0|AC  0|TAMS 0x0000000706e00000, 0x0000000706e00000|
| 111|0x0000000706f00000, 0x0000000706f00000, 0x0000000707000000|  0%| F|  |TS  0|AC  0|TAMS 0x0000000706f00000, 0x0000000706f00000|
| 112|0x0000000707000000, 0x0000000707000000, 0x0000000707100000|  0%| F|  |TS  0|AC  0|TAMS 0x0000000707000000, 0x0000000707000000|
| 113|0x0000000707100000, 0x0000000707100000, 0x0000000707200000|  0%| F|  |TS  0|AC  0|TAMS 0x0000000707100000, 0x0000000707100000|
| 114|0x0000000707200000, 0x0000000707200000, 0x0000000707300000|  0%| F|  |TS  0|AC  0|TAMS 0x0000000707200000, 0x0000000707200000|
| 115|0x0000000707300000, 0x0000000707300000, 0x0000000707400000|  0%| F|  |TS  0|AC  0|TAMS 0x0000000707300000, 0x0000000707300000|
| 116|0x0000000707400000, 0x0000000707400000, 0x0000000707500000|  0%| F|  |TS  0|AC  0|TAMS 0x0000000707400000, 0x0000000707400000|
| 117|0x0000000707500000, 0x0000000707500000, 0x0000000707600000|  0%| F|  |TS  0|AC  0|TAMS 0x0000000707500000, 0x0000000707500000|
| 118|0x0000000707600000, 0x0000000707600000, 0x0000000707700000|  0%| F|  |TS  0|AC  0|TAMS 0x0000000707600000, 0x0000000707600000|
| 119|0x0000000707700000, 0x0000000707700000, 0x0000000707800000|  0%| F|  |TS  0|AC  0|TAMS 0x0000000707700000, 0x0000000707700000|
| 120|0x0000000707800000, 0x0000000707800000, 0x0000000707900000|  0%| F|  |TS  0|AC  0|TAMS 0x0000000707800000, 0x0000000707800000|
| 121|0x0000000707900000, 0x0000000707900000, 0x0000000707a00000|  0%| F|  |TS  0|AC  0|TAMS 0x0000000707900000, 0x0000000707900000|
| 122|0x0000000707a00000, 0x0000000707a00000, 0x0000000707b00000|  0%| F|  |TS  0|AC  0|TAMS 0x0000000707a00000, 0x0000000707a00000|
| 123|0x0000000707b00000, 0x0000000707b00000, 0x0000000707c00000|  0%| F|  |TS  0|AC  0|TAMS 0x0000000707b00000, 0x0000000707b00000|
| 124|0x0000000707c00000, 0x0000000707c00000, 0x0000000707d00000|  0%| F|  |TS  0|AC  0|TAMS 0x0000000707c00000, 0x0000000707c00000|
| 125|0x0000000707d00000, 0x0000000707d00000, 0x0000000707e00000|  0%| F|  |TS  0|AC  0|TAMS 0x0000000707d00000, 0x0000000707d00000|
| 126|0x0000000707e00000, 0x0000000707e00000, 0x0000000707f00000|  0%| F|  |TS  0|AC  0|TAMS 0x0000000707e00000, 0x0000000707e00000|
| 127|0x0000000707f00000, 0x0000000707f00000, 0x0000000708000000|  0%| F|  |TS  0|AC  0|TAMS 0x0000000707f00000, 0x0000000707f00000|
| 128|0x0000000708000000, 0x0000000708000000, 0x0000000708100000|  0%| F|  |TS  0|AC  0|TAMS 0x0000000708000000, 0x0000000708000000|
| 129|0x0000000708100000, 0x0000000708100000, 0x0000000708200000|  0%| F|  |TS  0|AC  0|TAMS 0x0000000708100000, 0x0000000708100000|
| 130|0x0000000708200000, 0x0000000708200000, 0x0000000708300000|  0%| F|  |TS  0|AC  0|TAMS 0x0000000708200000, 0x0000000708200000|
| 131|0x0000000708300000, 0x0000000708300000, 0x0000000708400000|  0%| F|  |TS  0|AC  0|TAMS 0x0000000708300000, 0x0000000708300000|
| 132|0x0000000708400000, 0x0000000708400000, 0x0000000708500000|  0%| F|  |TS  0|AC  0|TAMS 0x0000000708400000, 0x0000000708400000|
| 133|0x0000000708500000, 0x0000000708500000, 0x0000000708600000|  0%| F|  |TS  0|AC  0|TAMS 0x0000000708500000, 0x0000000708500000|
| 134|0x0000000708600000, 0x0000000708600000, 0x0000000708700000|  0%| F|  |TS  0|AC  0|TAMS 0x0000000708600000, 0x0000000708600000|
| 135|0x0000000708700000, 0x0000000708700000, 0x0000000708800000|  0%| F|  |TS  0|AC  0|TAMS 0x0000000708700000, 0x0000000708700000|
| 136|0x0000000708800000, 0x0000000708800000, 0x0000000708900000|  0%| F|  |TS  0|AC  0|TAMS 0x0000000708800000, 0x0000000708800000|
| 137|0x0000000708900000, 0x0000000708900000, 0x0000000708a00000|  0%| F|  |TS  0|AC  0|TAMS 0x0000000708900000, 0x0000000708900000|
| 138|0x0000000708a00000, 0x0000000708a00000, 0x0000000708b00000|  0%| F|  |TS  0|AC  0|TAMS 0x0000000708a00000, 0x0000000708a00000|
| 139|0x0000000708b00000, 0x0000000708b00000, 0x0000000708c00000|  0%| F|  |TS  0|AC  0|TAMS 0x0000000708b00000, 0x0000000708b00000|
| 140|0x0000000708c00000, 0x0000000708c00000, 0x0000000708d00000|  0%| F|  |TS  0|AC  0|TAMS 0x0000000708c00000, 0x0000000708c00000|
| 141|0x0000000708d00000, 0x0000000708d00000, 0x0000000708e00000|  0%| F|  |TS  0|AC  0|TAMS 0x0000000708d00000, 0x0000000708d00000|
| 142|0x0000000708e00000, 0x0000000708e00000, 0x0000000708f00000|  0%| F|  |TS  0|AC  0|TAMS 0x0000000708e00000, 0x0000000708e00000|
| 143|0x0000000708f00000, 0x0000000708f00000, 0x0000000709000000|  0%| F|  |TS  0|AC  0|TAMS 0x0000000708f00000, 0x0000000708f00000|
| 144|0x0000000709000000, 0x0000000709000000, 0x0000000709100000|  0%| F|  |TS  0|AC  0|TAMS 0x0000000709000000, 0x0000000709000000|
| 145|0x0000000709100000, 0x0000000709100000, 0x0000000709200000|  0%| F|  |TS  0|AC  0|TAMS 0x0000000709100000, 0x0000000709100000|
| 146|0x0000000709200000, 0x0000000709200000, 0x0000000709300000|  0%| F|  |TS  0|AC  0|TAMS 0x0000000709200000, 0x0000000709200000|
| 147|0x0000000709300000, 0x0000000709300000, 0x0000000709400000|  0%| F|  |TS  0|AC  0|TAMS 0x0000000709300000, 0x0000000709300000|
| 148|0x0000000709400000, 0x0000000709400000, 0x0000000709500000|  0%| F|  |TS  0|AC  0|TAMS 0x0000000709400000, 0x0000000709400000|
| 149|0x0000000709500000, 0x0000000709500000, 0x0000000709600000|  0%| F|  |TS  0|AC  0|TAMS 0x0000000709500000, 0x0000000709500000|
| 150|0x0000000709600000, 0x0000000709600000, 0x0000000709700000|  0%| F|  |TS  0|AC  0|TAMS 0x0000000709600000, 0x0000000709600000|
| 151|0x0000000709700000, 0x0000000709700000, 0x0000000709800000|  0%| F|  |TS  0|AC  0|TAMS 0x0000000709700000, 0x0000000709700000|
| 152|0x0000000709800000, 0x0000000709800000, 0x0000000709900000|  0%| F|  |TS  0|AC  0|TAMS 0x0000000709800000, 0x0000000709800000|
| 153|0x0000000709900000, 0x0000000709900000, 0x0000000709a00000|  0%| F|  |TS  0|AC  0|TAMS 0x0000000709900000, 0x0000000709900000|
| 154|0x0000000709a00000, 0x0000000709a00000, 0x0000000709b00000|  0%| F|  |TS  0|AC  0|TAMS 0x0000000709a00000, 0x0000000709a00000|
| 155|0x0000000709b00000, 0x0000000709b00000, 0x0000000709c00000|  0%| F|  |TS  0|AC  0|TAMS 0x0000000709b00000, 0x0000000709b00000|
| 156|0x0000000709c00000, 0x0000000709c00000, 0x0000000709d00000|  0%| F|  |TS  0|AC  0|TAMS 0x0000000709c00000, 0x0000000709c00000|
| 157|0x0000000709d00000, 0x0000000709d00000, 0x0000000709e00000|  0%| F|  |TS  0|AC  0|TAMS 0x0000000709d00000, 0x0000000709d00000|
| 158|0x0000000709e00000, 0x0000000709e00000, 0x0000000709f00000|  0%| F|  |TS  0|AC  0|TAMS 0x0000000709e00000, 0x0000000709e00000|
| 159|0x0000000709f00000, 0x0000000709f00000, 0x000000070a000000|  0%| F|  |TS  0|AC  0|TAMS 0x0000000709f00000, 0x0000000709f00000|
| 160|0x000000070a000000, 0x000000070a000000, 0x000000070a100000|  0%| F|  |TS  0|AC  0|TAMS 0x000000070a000000, 0x000000070a000000|
| 161|0x000000070a100000, 0x000000070a100000, 0x000000070a200000|  0%| F|  |TS  0|AC  0|TAMS 0x000000070a100000, 0x000000070a100000|
| 162|0x000000070a200000, 0x000000070a200000, 0x000000070a300000|  0%| F|  |TS  0|AC  0|TAMS 0x000000070a200000, 0x000000070a200000|
| 163|0x000000070a300000, 0x000000070a300000, 0x000000070a400000|  0%| F|  |TS  3|AC  0|TAMS 0x000000070a300000, 0x000000070a300000|
| 164|0x000000070a400000, 0x000000070a4b1250, 0x000000070a500000| 69%| S|CS|TS  3|AC  0|TAMS 0x000000070a400000, 0x000000070a400000|
| 165|0x000000070a500000, 0x000000070a500000, 0x000000070a600000|  0%| F|  |TS  3|AC  0|TAMS 0x000000070a500000, 0x000000070a500000|
| 166|0x000000070a600000, 0x000000070a600000, 0x000000070a700000|  0%| F|  |TS  3|AC  0|TAMS 0x000000070a600000, 0x000000070a600000|
| 167|0x000000070a700000, 0x000000070a700000, 0x000000070a800000|  0%| F|  |TS  3|AC  0|TAMS 0x000000070a700000, 0x000000070a700000|
| 168|0x000000070a800000, 0x000000070a800000, 0x000000070a900000|  0%| F|  |TS  3|AC  0|TAMS 0x000000070a800000, 0x000000070a800000|
| 169|0x000000070a900000, 0x000000070a900000, 0x000000070aa00000|  0%| F|  |TS  3|AC  0|TAMS 0x000000070a900000, 0x000000070a900000|
| 170|0x000000070aa00000, 0x000000070aa00000, 0x000000070ab00000|  0%| F|  |TS  3|AC  0|TAMS 0x000000070aa00000, 0x000000070aa00000|
| 171|0x000000070ab00000, 0x000000070ab00000, 0x000000070ac00000|  0%| F|  |TS  3|AC  0|TAMS 0x000000070ab00000, 0x000000070ab00000|
| 172|0x000000070ac00000, 0x000000070ac00000, 0x000000070ad00000|  0%| F|  |TS  3|AC  0|TAMS 0x000000070ac00000, 0x000000070ac00000|
| 173|0x000000070ad00000, 0x000000070ad00000, 0x000000070ae00000|  0%| F|  |TS  3|AC  0|TAMS 0x000000070ad00000, 0x000000070ad00000|
| 174|0x000000070ae00000, 0x000000070ae00000, 0x000000070af00000|  0%| F|  |TS  3|AC  0|TAMS 0x000000070ae00000, 0x000000070ae00000|
| 175|0x000000070af00000, 0x000000070af00000, 0x000000070b000000|  0%| F|  |TS  3|AC  0|TAMS 0x000000070af00000, 0x000000070af00000|
| 176|0x000000070b000000, 0x000000070b000000, 0x000000070b100000|  0%| F|  |TS  3|AC  0|TAMS 0x000000070b000000, 0x000000070b000000|
| 177|0x000000070b100000, 0x000000070b100000, 0x000000070b200000|  0%| F|  |TS  3|AC  0|TAMS 0x000000070b100000, 0x000000070b100000|
| 178|0x000000070b200000, 0x000000070b200000, 0x000000070b300000|  0%| F|  |TS  3|AC  0|TAMS 0x000000070b200000, 0x000000070b200000|
| 179|0x000000070b300000, 0x000000070b300000, 0x000000070b400000|  0%| F|  |TS  3|AC  0|TAMS 0x000000070b300000, 0x000000070b300000|
| 180|0x000000070b400000, 0x000000070b400000, 0x000000070b500000|  0%| F|  |TS  3|AC  0|TAMS 0x000000070b400000, 0x000000070b400000|
| 181|0x000000070b500000, 0x000000070b500000, 0x000000070b600000|  0%| F|  |TS  3|AC  0|TAMS 0x000000070b500000, 0x000000070b500000|
| 182|0x000000070b600000, 0x000000070b600000, 0x000000070b700000|  0%| F|  |TS  3|AC  0|TAMS 0x000000070b600000, 0x000000070b600000|
| 183|0x000000070b700000, 0x000000070b700000, 0x000000070b800000|  0%| F|  |TS  3|AC  0|TAMS 0x000000070b700000, 0x000000070b700000|
| 184|0x000000070b800000, 0x000000070b800000, 0x000000070b900000|  0%| F|  |TS  3|AC  0|TAMS 0x000000070b800000, 0x000000070b800000|
| 185|0x000000070b900000, 0x000000070b900000, 0x000000070ba00000|  0%| F|  |TS  3|AC  0|TAMS 0x000000070b900000, 0x000000070b900000|
| 186|0x000000070ba00000, 0x000000070ba00000, 0x000000070bb00000|  0%| F|  |TS  3|AC  0|TAMS 0x000000070ba00000, 0x000000070ba00000|
| 187|0x000000070bb00000, 0x000000070bb00000, 0x000000070bc00000|  0%| F|  |TS  3|AC  0|TAMS 0x000000070bb00000, 0x000000070bb00000|
| 188|0x000000070bc00000, 0x000000070bc00000, 0x000000070bd00000|  0%| F|  |TS  3|AC  0|TAMS 0x000000070bc00000, 0x000000070bc00000|
| 189|0x000000070bd00000, 0x000000070bd00000, 0x000000070be00000|  0%| F|  |TS  3|AC  0|TAMS 0x000000070bd00000, 0x000000070bd00000|
| 190|0x000000070be00000, 0x000000070be00000, 0x000000070bf00000|  0%| F|  |TS  3|AC  0|TAMS 0x000000070be00000, 0x000000070be00000|
| 191|0x000000070bf00000, 0x000000070bf00000, 0x000000070c000000|  0%| F|  |TS  3|AC  0|TAMS 0x000000070bf00000, 0x000000070bf00000|
| 192|0x000000070c000000, 0x000000070c000000, 0x000000070c100000|  0%| F|  |TS  3|AC  0|TAMS 0x000000070c000000, 0x000000070c000000|
| 193|0x000000070c100000, 0x000000070c100000, 0x000000070c200000|  0%| F|  |TS  3|AC  0|TAMS 0x000000070c100000, 0x000000070c100000|
| 194|0x000000070c200000, 0x000000070c200000, 0x000000070c300000|  0%| F|  |TS  3|AC  0|TAMS 0x000000070c200000, 0x000000070c200000|
| 195|0x000000070c300000, 0x000000070c300000, 0x000000070c400000|  0%| F|  |TS  3|AC  0|TAMS 0x000000070c300000, 0x000000070c300000|
| 196|0x000000070c400000, 0x000000070c400000, 0x000000070c500000|  0%| F|  |TS  3|AC  0|TAMS 0x000000070c400000, 0x000000070c400000|
| 197|0x000000070c500000, 0x000000070c500000, 0x000000070c600000|  0%| F|  |TS  3|AC  0|TAMS 0x000000070c500000, 0x000000070c500000|
| 198|0x000000070c600000, 0x000000070c600000, 0x000000070c700000|  0%| F|  |TS  3|AC  0|TAMS 0x000000070c600000, 0x000000070c600000|
| 199|0x000000070c700000, 0x000000070c700000, 0x000000070c800000|  0%| F|  |TS  3|AC  0|TAMS 0x000000070c700000, 0x000000070c700000|
| 200|0x000000070c800000, 0x000000070c800000, 0x000000070c900000|  0%| F|  |TS  3|AC  0|TAMS 0x000000070c800000, 0x000000070c800000|
| 201|0x000000070c900000, 0x000000070c900000, 0x000000070ca00000|  0%| F|  |TS  3|AC  0|TAMS 0x000000070c900000, 0x000000070c900000|
| 202|0x000000070ca00000, 0x000000070ca00000, 0x000000070cb00000|  0%| F|  |TS  3|AC  0|TAMS 0x000000070ca00000, 0x000000070ca00000|
| 203|0x000000070cb00000, 0x000000070cb00000, 0x000000070cc00000|  0%| F|  |TS  3|AC  0|TAMS 0x000000070cb00000, 0x000000070cb00000|
| 204|0x000000070cc00000, 0x000000070cc0d178, 0x000000070cd00000|  5%| E|  |TS  3|AC  0|TAMS 0x000000070cc00000, 0x000000070cc00000|
| 205|0x000000070cd00000, 0x000000070ce00000, 0x000000070ce00000|100%| E|CS|TS  3|AC  0|TAMS 0x000000070cd00000, 0x000000070cd00000|
| 206|0x000000070ce00000, 0x000000070cf00000, 0x000000070cf00000|100%| E|CS|TS  3|AC  0|TAMS 0x000000070ce00000, 0x000000070ce00000|
| 207|0x000000070cf00000, 0x000000070d000000, 0x000000070d000000|100%| E|CS|TS  3|AC  0|TAMS 0x000000070cf00000, 0x000000070cf00000|
| 208|0x000000070d000000, 0x000000070d100000, 0x000000070d100000|100%| E|CS|TS  3|AC  0|TAMS 0x000000070d000000, 0x000000070d000000|
| 209|0x000000070d100000, 0x000000070d200000, 0x000000070d200000|100%| E|CS|TS  3|AC  0|TAMS 0x000000070d100000, 0x000000070d100000|
| 210|0x000000070d200000, 0x000000070d300000, 0x000000070d300000|100%| E|CS|TS  3|AC  0|TAMS 0x000000070d200000, 0x000000070d200000|
| 211|0x000000070d300000, 0x000000070d400000, 0x000000070d400000|100%| E|CS|TS  3|AC  0|TAMS 0x000000070d300000, 0x000000070d300000|
| 212|0x000000070d400000, 0x000000070d500000, 0x000000070d500000|100%| E|CS|TS  3|AC  0|TAMS 0x000000070d400000, 0x000000070d400000|
| 213|0x000000070d500000, 0x000000070d600000, 0x000000070d600000|100%| E|CS|TS  3|AC  0|TAMS 0x000000070d500000, 0x000000070d500000|
| 214|0x000000070d600000, 0x000000070d700000, 0x000000070d700000|100%| E|CS|TS  3|AC  0|TAMS 0x000000070d600000, 0x000000070d600000|
| 215|0x000000070d700000, 0x000000070d800000, 0x000000070d800000|100%| E|CS|TS  3|AC  0|TAMS 0x000000070d700000, 0x000000070d700000|
| 216|0x000000070d800000, 0x000000070d900000, 0x000000070d900000|100%| E|CS|TS  3|AC  0|TAMS 0x000000070d800000, 0x000000070d800000|
| 217|0x000000070d900000, 0x000000070da00000, 0x000000070da00000|100%| E|CS|TS  3|AC  0|TAMS 0x000000070d900000, 0x000000070d900000|
| 218|0x000000070da00000, 0x000000070db00000, 0x000000070db00000|100%| E|CS|TS  3|AC  0|TAMS 0x000000070da00000, 0x000000070da00000|
| 219|0x000000070db00000, 0x000000070dc00000, 0x000000070dc00000|100%| E|CS|TS  3|AC  0|TAMS 0x000000070db00000, 0x000000070db00000|
| 220|0x000000070dc00000, 0x000000070dd00000, 0x000000070dd00000|100%| E|CS|TS  3|AC  0|TAMS 0x000000070dc00000, 0x000000070dc00000|
| 221|0x000000070dd00000, 0x000000070de00000, 0x000000070de00000|100%| E|CS|TS  3|AC  0|TAMS 0x000000070dd00000, 0x000000070dd00000|
| 222|0x000000070de00000, 0x000000070df00000, 0x000000070df00000|100%| E|CS|TS  3|AC  0|TAMS 0x000000070de00000, 0x000000070de00000|
| 223|0x000000070df00000, 0x000000070e000000, 0x000000070e000000|100%| E|CS|TS  3|AC  0|TAMS 0x000000070df00000, 0x000000070df00000|

Card table byte_map: [0x000002063bf60000,0x000002063c560000] byte_map_base: 0x0000020638760000

Marking Bits (Prev, Next): (CMBitMap*) 0x0000020625940ce8, (CMBitMap*) 0x0000020625940cb0
 Prev Bits: [0x000002063fb60000, 0x0000020642b60000)
 Next Bits: [0x000002063cb60000, 0x000002063fb60000)

Polling page: 0x0000020619bb0000

CodeHeap 'non-profiled nmethods': size=120000Kb used=20074Kb max_used=20694Kb free=99925Kb
 bounds [0x0000020634a30000, 0x0000020635e70000, 0x000002063bf60000]
CodeHeap 'profiled nmethods': size=120000Kb used=37493Kb max_used=41812Kb free=82506Kb
 bounds [0x000002062d500000, 0x000002062fe40000, 0x0000020634a30000]
CodeHeap 'non-nmethods': size=5760Kb used=1769Kb max_used=1826Kb free=3990Kb
 bounds [0x000002062cf60000, 0x000002062d1d0000, 0x000002062d500000]
 total_blobs=31923 nmethods=16463 adapters=1087
 compilation: enabled

Compilation events (10 events):
Event: 2427.953 Thread 0x000002062250e000 21913       3       com.jidesoft.editor.folding.DefaultFoldingModel::setAdjusting (73 bytes)
Event: 2427.954 Thread 0x000002062250e000 nmethod 21913 0x000002062e34ee10 code [0x000002062e34f000, 0x000002062e34f710]
Event: 2428.384 Thread 0x000002062250e000 21914       3       ui.data.design.o::b (25 bytes)
Event: 2428.384 Thread 0x000002062250e000 nmethod 21914 0x000002062e265710 code [0x000002062e2658e0, 0x000002062e265d58]
Event: 2428.384 Thread 0x000002062250e000 21915       3       com.jidesoft.tree.DefaultTreeModelWrapper::treeStructureChanged (54 bytes)
Event: 2428.384 Thread 0x000002062250e000 nmethod 21915 0x000002062e36bd10 code [0x000002062e36bfa0, 0x000002062e36cbe0]
Event: 2428.384 Thread 0x000002062250e000 21916       3       com.jidesoft.tree.AbstractTreeModel::fireTreeStructureChanged (89 bytes)
Event: 2428.385 Thread 0x000002062250e000 nmethod 21916 0x000002062e384e10 code [0x000002062e385060, 0x000002062e385bf0]
Event: 2428.417 Thread 0x000002061c3ee800 21917       4       de.javasoft.plaf.synthetica.styles.PopupMenuStyle::getInsets (37 bytes)
Event: 2428.428 Thread 0x000002061c3ee800 nmethod 21917 0x0000020635822c90 code [0x0000020635822f80, 0x0000020635824130]

GC Heap History (10 events):
Event: 2380.672 GC heap before
{Heap before GC invocations=570 (full 341):
 garbage-first heap   total 229376K, used 132503K [0x0000000700000000, 0x0000000700100700, 0x00000007c0000000)
  region size 1024K, 60 young (61440K), 1 survivors (1024K)
 Metaspace       used 82828K, capacity 89019K, committed 89136K, reserved 1126400K
  class space    used 11210K, capacity 12284K, committed 12336K, reserved 1048576K
}
Event: 2380.674 GC heap after
{Heap after GC invocations=571 (full 341):
 garbage-first heap   total 229376K, used 72293K [0x0000000700000000, 0x0000000700100700, 0x00000007c0000000)
  region size 1024K, 2 young (2048K), 2 survivors (2048K)
 Metaspace       used 82828K, capacity 89019K, committed 89136K, reserved 1126400K
  class space    used 11210K, capacity 12284K, committed 12336K, reserved 1048576K
}
Event: 2388.356 GC heap before
{Heap before GC invocations=571 (full 341):
 garbage-first heap   total 229376K, used 116325K [0x0000000700000000, 0x0000000700100700, 0x00000007c0000000)
  region size 1024K, 42 young (43008K), 2 survivors (2048K)
 Metaspace       used 82854K, capacity 89083K, committed 89392K, reserved 1126400K
  class space    used 11210K, capacity 12284K, committed 12336K, reserved 1048576K
}
Event: 2388.489 GC heap after
{Heap after GC invocations=572 (full 342):
 garbage-first heap   total 229376K, used 71621K [0x0000000700000000, 0x0000000700100700, 0x00000007c0000000)
  region size 1024K, 0 young (0K), 0 survivors (0K)
 Metaspace       used 82854K, capacity 89083K, committed 89392K, reserved 1126400K
  class space    used 11210K, capacity 12284K, committed 12336K, reserved 1048576K
}
Event: 2401.851 GC heap before
{Heap before GC invocations=572 (full 342):
 garbage-first heap   total 229376K, used 118725K [0x0000000700000000, 0x0000000700100700, 0x00000007c0000000)
  region size 1024K, 43 young (44032K), 0 survivors (0K)
 Metaspace       used 82861K, capacity 89083K, committed 89392K, reserved 1126400K
  class space    used 11210K, capacity 12284K, committed 12336K, reserved 1048576K
}
Event: 2401.980 GC heap after
{Heap after GC invocations=573 (full 343):
 garbage-first heap   total 229376K, used 71471K [0x0000000700000000, 0x0000000700100700, 0x00000007c0000000)
  region size 1024K, 0 young (0K), 0 survivors (0K)
 Metaspace       used 82861K, capacity 89083K, committed 89392K, reserved 1126400K
  class space    used 11210K, capacity 12284K, committed 12336K, reserved 1048576K
}
Event: 2426.103 GC heap before
{Heap before GC invocations=573 (full 343):
 garbage-first heap   total 229376K, used 137007K [0x0000000700000000, 0x0000000700100700, 0x00000007c0000000)
  region size 1024K, 60 young (61440K), 0 survivors (0K)
 Metaspace       used 82908K, capacity 89083K, committed 89392K, reserved 1126400K
  class space    used 11210K, capacity 12284K, committed 12336K, reserved 1048576K
}
Event: 2426.104 GC heap after
{Heap after GC invocations=574 (full 343):
 garbage-first heap   total 229376K, used 76521K [0x0000000700000000, 0x0000000700100700, 0x00000007c0000000)
  region size 1024K, 1 young (1024K), 1 survivors (1024K)
 Metaspace       used 82908K, capacity 89083K, committed 89392K, reserved 1126400K
  class space    used 11210K, capacity 12284K, committed 12336K, reserved 1048576K
}
Event: 2428.386 GC heap before
{Heap before GC invocations=574 (full 343):
 garbage-first heap   total 229376K, used 136937K [0x0000000700000000, 0x0000000700100700, 0x00000007c0000000)
  region size 1024K, 60 young (61440K), 1 survivors (1024K)
 Metaspace       used 82917K, capacity 89083K, committed 89392K, reserved 1126400K
  class space    used 11210K, capacity 12284K, committed 12336K, reserved 1048576K
}
Event: 2428.387 GC heap after
{Heap after GC invocations=575 (full 343):
 garbage-first heap   total 229376K, used 76276K [0x0000000700000000, 0x0000000700100700, 0x00000007c0000000)
  region size 1024K, 1 young (1024K), 1 survivors (1024K)
 Metaspace       used 82917K, capacity 89083K, committed 89392K, reserved 1126400K
  class space    used 11210K, capacity 12284K, committed 12336K, reserved 1048576K
}

Deoptimization events (10 events):
Event: 1880.624 Thread 0x000002064618b800 Uncommon trap: reason=bimorphic_or_optimized_type_check action=maybe_recompile pc=0x0000020635854e08 method=java.awt.Component.processMouseMotionEvent(Ljava/awt/event/MouseEvent;)V @ 52 c2
Event: 1880.633 Thread 0x000002064618b800 Uncommon trap: reason=bimorphic_or_optimized_type_check action=maybe_recompile pc=0x0000020635854e08 method=java.awt.Component.processMouseMotionEvent(Ljava/awt/event/MouseEvent;)V @ 52 c2
Event: 1880.642 Thread 0x000002064618b800 Uncommon trap: reason=bimorphic_or_optimized_type_check action=maybe_recompile pc=0x0000020635ca559c method=java.awt.Component.processMouseMotionEvent(Ljava/awt/event/MouseEvent;)V @ 52 c2
Event: 1882.966 Thread 0x000002064618b800 Uncommon trap: reason=unstable_if action=reinterpret pc=0x00000206351e24b0 method=java.awt.Container.remove(Ljava/awt/Component;)V @ 12 c2
Event: 2041.729 Thread 0x000002064618b800 Uncommon trap: reason=unstable_if action=reinterpret pc=0x000002063571fe70 method=javax.swing.JViewport.setViewPosition(Ljava/awt/Point;)V @ 83 c2
Event: 2043.855 Thread 0x000002064618b800 Uncommon trap: reason=class_check action=maybe_recompile pc=0x00000206351008c4 method=java.util.HashMap.removeNode(ILjava/lang/Object;Ljava/lang/Object;ZZ)Ljava/util/HashMap$Node; @ 143 c2
Event: 2043.862 Thread 0x000002064618b800 Uncommon trap: reason=class_check action=maybe_recompile pc=0x00000206351007cc method=java.util.HashMap.removeNode(ILjava/lang/Object;Ljava/lang/Object;ZZ)Ljava/util/HashMap$Node; @ 68 c2
Event: 2088.376 Thread 0x000002064618b800 Uncommon trap: reason=class_check action=maybe_recompile pc=0x0000020635711bb0 method=sun.java2d.SunGraphics2D.drawBytes([BIIII)V @ 141 c2
Event: 2088.484 Thread 0x000002064618b800 Uncommon trap: reason=class_check action=maybe_recompile pc=0x0000020635711bb0 method=sun.java2d.SunGraphics2D.drawBytes([BIIII)V @ 141 c2
Event: 2316.021 Thread 0x000002064618b800 Uncommon trap: reason=class_check action=maybe_recompile pc=0x00000206351008c4 method=java.util.HashMap.removeNode(ILjava/lang/Object;Ljava/lang/Object;ZZ)Ljava/util/HashMap$Node; @ 143 c2

Classes redefined (0 events):
No events

Internal exceptions (10 events):
Event: 1421.882 Thread 0x000002064618b800 Implicit null exception at 0x00000206357b1d1d to 0x00000206357b2349
Event: 1422.092 Thread 0x000002064618b800 Implicit null exception at 0x00000206357b3cd0 to 0x00000206357b3d15
Event: 1424.526 Thread 0x000002064b050000 Exception <a 'java/lang/InterruptedException'{0x000000070b705f28}: sleep interrupted> (0x000000070b705f28) thrown at [t:/workspace/hotspot/src/share/vm/prims/jvm.cpp, line 3023]
Event: 1442.111 Thread 0x000002064b045800 Exception <a 'java/lang/InterruptedException'{0x000000070a2d8558}: sleep interrupted> (0x000000070a2d8558) thrown at [t:/workspace/hotspot/src/share/vm/prims/jvm.cpp, line 3023]
Event: 1449.924 Thread 0x000002064618b800 Exception <a 'sun/nio/fs/WindowsException'{0x0000000707fd9470}> (0x0000000707fd9470) thrown at [t:/workspace/hotspot/src/share/vm/prims/jni.cpp, line 604]
Event: 1449.924 Thread 0x000002064618b800 Exception <a 'sun/nio/fs/WindowsException'{0x0000000707fd9798}> (0x0000000707fd9798) thrown at [t:/workspace/hotspot/src/share/vm/prims/jni.cpp, line 604]
Event: 1488.340 Thread 0x000002064618b800 Exception <a 'sun/nio/fs/WindowsException'{0x000000070a815020}> (0x000000070a815020) thrown at [t:/workspace/hotspot/src/share/vm/prims/jni.cpp, line 604]
Event: 1488.340 Thread 0x000002064618b800 Exception <a 'sun/nio/fs/WindowsException'{0x000000070a815348}> (0x000000070a815348) thrown at [t:/workspace/hotspot/src/share/vm/prims/jni.cpp, line 604]
Event: 2057.941 Thread 0x000002064618b800 Exception <a 'sun/nio/fs/WindowsException'{0x000000070cb6e448}> (0x000000070cb6e448) thrown at [t:/workspace/hotspot/src/share/vm/prims/jni.cpp, line 604]
Event: 2057.941 Thread 0x000002064618b800 Exception <a 'sun/nio/fs/WindowsException'{0x000000070cb6e770}> (0x000000070cb6e770) thrown at [t:/workspace/hotspot/src/share/vm/prims/jni.cpp, line 604]

Events (10 events):
Event: 2427.126 Thread 0x000002064b044800 Thread exited: 0x000002064b044800
Event: 2427.408 Thread 0x000002064b04a000 Thread added: 0x000002064b04a000
Event: 2427.410 Executing VM operation: RevokeBias
Event: 2427.412 Executing VM operation: RevokeBias done
Event: 2427.412 Executing VM operation: RevokeBias
Event: 2427.412 Executing VM operation: RevokeBias done
Event: 2428.019 Thread 0x000002064b044800 Thread added: 0x000002064b044800
Event: 2428.022 Thread 0x000002064b044800 Thread exited: 0x000002064b044800
Event: 2428.386 Executing VM operation: G1IncCollectionPause
Event: 2428.387 Executing VM operation: G1IncCollectionPause done


Dynamic libraries:
0x00007ff673ef0000 - 0x00007ff673f20000 	D:\Xilinx\Vivado\2019.1\bin\unwrapped\win64.o\vivado.exe
0x00007ffcd4570000 - 0x00007ffcd4768000 	C:\WINDOWS\SYSTEM32\ntdll.dll
0x00007ffcd4260000 - 0x00007ffcd4322000 	C:\WINDOWS\System32\KERNEL32.DLL
0x00007ffcd1f40000 - 0x00007ffcd2236000 	C:\WINDOWS\System32\KERNELBASE.dll
0x00007ffcd1e40000 - 0x00007ffcd1f40000 	C:\WINDOWS\System32\ucrtbase.dll
0x00007ffcaf940000 - 0x00007ffcaf9cd000 	C:\WINDOWS\SYSTEM32\MSVCP140.dll
0x00007ffcb0020000 - 0x00007ffcb003e000 	C:\WINDOWS\SYSTEM32\VCRUNTIME140.dll
0x00007ffccc300000 - 0x00007ffccc314000 	D:\Xilinx\Vivado\2019.1\lib\win64.o\libboost_signals.dll
0x00007ffcb01e0000 - 0x00007ffcb01ec000 	C:\WINDOWS\SYSTEM32\VCRUNTIME140_1.dll
0x00007ffc6afb0000 - 0x00007ffc6be92000 	D:\Xilinx\Vivado\2019.1\lib\win64.o\librdi_common.dll
0x00007ffcd3fb0000 - 0x00007ffcd414d000 	C:\WINDOWS\System32\USER32.dll
0x00007ffcd1ca0000 - 0x00007ffcd1cc2000 	C:\WINDOWS\System32\win32u.dll
0x00007ffc6ac40000 - 0x00007ffc6afae000 	D:\Xilinx\Vivado\2019.1\lib\win64.o\libCOIN-all.dll
0x00007ffcd25a0000 - 0x00007ffcd25cb000 	C:\WINDOWS\System32\GDI32.dll
0x00007ffcd1cd0000 - 0x00007ffcd1dea000 	C:\WINDOWS\System32\gdi32full.dll
0x00007ffcd2240000 - 0x00007ffcd22dd000 	C:\WINDOWS\System32\msvcp_win.dll
0x00007ffcca010000 - 0x00007ffcca024000 	D:\Xilinx\Vivado\2019.1\lib\win64.o\libboost_date_time.dll
0x00007ffcd3120000 - 0x00007ffcd31cf000 	C:\WINDOWS\System32\ADVAPI32.dll
0x00007ffcd27f0000 - 0x00007ffcd288e000 	C:\WINDOWS\System32\msvcrt.dll
0x00007ffcd2fd0000 - 0x00007ffcd306f000 	C:\WINDOWS\System32\sechost.dll
0x00007ffcd4330000 - 0x00007ffcd4453000 	C:\WINDOWS\System32\RPCRT4.dll
0x00007ffcc4420000 - 0x00007ffcc4446000 	D:\Xilinx\Vivado\2019.1\lib\win64.o\libboost_filesystem.dll
0x00007ffcd2570000 - 0x00007ffcd2597000 	C:\WINDOWS\System32\bcrypt.dll
0x00007ffcd36f0000 - 0x00007ffcd3e5e000 	C:\WINDOWS\System32\SHELL32.dll
0x00007ffcb43c0000 - 0x00007ffcb443f000 	D:\Xilinx\Vivado\2019.1\lib\win64.o\libboost_program_options.dll
0x00007ffccc540000 - 0x00007ffccc54b000 	D:\Xilinx\Vivado\2019.1\lib\win64.o\libboost_system.dll
0x00007ffcb2e10000 - 0x00007ffcb2f24000 	D:\Xilinx\Vivado\2019.1\lib\win64.o\libboost_regex.dll
0x00007ffcc1ab0000 - 0x00007ffcc1ad1000 	D:\Xilinx\Vivado\2019.1\lib\win64.o\libboost_thread.dll
0x00007ffccc290000 - 0x00007ffccc29f000 	D:\Xilinx\Vivado\2019.1\lib\win64.o\libboost_xilinx.dll
0x00007ffcb4330000 - 0x00007ffcb43b2000 	D:\Xilinx\Vivado\2019.1\lib\win64.o\libhdlpsolve.dll
0x00007ffc9dc70000 - 0x00007ffc9dd15000 	D:\Xilinx\Vivado\2019.1\lib\win64.o\libhdxml.dll
0x00007ffcc1830000 - 0x00007ffcc185e000 	D:\Xilinx\Vivado\2019.1\lib\win64.o\libisl_sysinfo.dll
0x00007ffcd28f0000 - 0x00007ffcd295b000 	C:\WINDOWS\System32\WS2_32.dll
0x00007ffcb3170000 - 0x00007ffcb31d5000 	D:\Xilinx\Vivado\2019.1\lib\win64.o\liblmx6.0.dll
0x00007ffcc1a90000 - 0x00007ffcc1aaa000 	D:\Xilinx\Vivado\2019.1\lib\win64.o\pthreadVC2.dll
0x00007ffc93330000 - 0x00007ffc93451000 	D:\Xilinx\Vivado\2019.1\lib\win64.o\librdi_commonxillic.dll
0x00007ffcc1810000 - 0x00007ffcc182c000 	D:\Xilinx\Vivado\2019.1\lib\win64.o\librdiconfig.dll
0x00007ffcb69e0000 - 0x00007ffcb6a01000 	D:\Xilinx\Vivado\2019.1\lib\win64.o\librdizlib.dll
0x00007ffc68430000 - 0x00007ffc68fdf400 	D:\Xilinx\Vivado\2019.1\lib\win64.o\libisl_iostreams.dll
0x0000000054130000 - 0x000000005425b000 	D:\Xilinx\Vivado\2019.1\lib\win64.o\tcl85t.dll
0x0000000012000000 - 0x0000000012270000 	D:\Xilinx\Vivado\2019.1\lib\win64.o\xerces-c_3_1.dll
0x00007ffca5b40000 - 0x00007ffca5b59000 	C:\WINDOWS\SYSTEM32\NETAPI32.dll
0x00007ffcaead0000 - 0x00007ffcaefa6000 	C:\WINDOWS\SYSTEM32\WININET.dll
0x00007ffcca670000 - 0x00007ffcca77a000 	C:\WINDOWS\SYSTEM32\WINHTTP.dll
0x00007ffcbf360000 - 0x00007ffcbf550000 	C:\WINDOWS\SYSTEM32\urlmon.dll
0x00007ffcade10000 - 0x00007ffcade19000 	C:\WINDOWS\SYSTEM32\WSOCK32.dll
0x00007ffc59a70000 - 0x00007ffc5a901000 	D:\Xilinx\Vivado\2019.1\lib\win64.o\gurobi65.dll
0x00007ffcb4a50000 - 0x00007ffcb4a80000 	C:\WINDOWS\SYSTEM32\VCOMP140.DLL
0x00007ffccbc10000 - 0x00007ffccbc1d000 	D:\Xilinx\Vivado\2019.1\lib\win64.o\libboost_chrono.dll
0x00007ffc5f680000 - 0x00007ffc5f958000 	D:\Xilinx\Vivado\2019.1\lib\win64.o\libXil_lmgr11.dll
0x00007ffcb88b0000 - 0x00007ffcb88cb000 	D:\Xilinx\Vivado\2019.1\lib\win64.o\libboost_iostreams.dll
0x00007ffcd32b0000 - 0x00007ffcd338a000 	C:\WINDOWS\System32\COMDLG32.dll
0x00007ffcd3390000 - 0x00007ffcd36e3000 	C:\WINDOWS\System32\combase.dll
0x00007ffcb41c0000 - 0x00007ffcb41e5000 	D:\Xilinx\Vivado\2019.1\lib\win64.o\libisl_iosutils.dll
0x00007ffcd3070000 - 0x00007ffcd311d000 	C:\WINDOWS\System32\shcore.dll
0x00007ffcd2890000 - 0x00007ffcd28e5000 	C:\WINDOWS\System32\SHLWAPI.dll
0x00007ffcd4460000 - 0x00007ffcd452d000 	C:\WINDOWS\System32\OLEAUT32.dll
0x00007ffcd2660000 - 0x00007ffcd278b000 	C:\WINDOWS\System32\ole32.dll
0x00007ffcbf070000 - 0x00007ffcbf32f000 	C:\WINDOWS\SYSTEM32\iertutil.dll
0x00007ffcd22e0000 - 0x00007ffcd2353000 	C:\WINDOWS\System32\WINTRUST.dll
0x00007ffcd2360000 - 0x00007ffcd24bd000 	C:\WINDOWS\System32\CRYPT32.dll
0x00007ffcbf330000 - 0x00007ffcbf358000 	C:\WINDOWS\SYSTEM32\srvcli.dll
0x00007ffcd1070000 - 0x00007ffcd107c000 	C:\WINDOWS\SYSTEM32\netutils.dll
0x00007ffccfc90000 - 0x00007ffcd0433000 	C:\WINDOWS\SYSTEM32\windows.storage.dll
0x00007ffcbe4e0000 - 0x00007ffcbe590000 	C:\WINDOWS\WinSxS\amd64_microsoft.windows.common-controls_6595b64144ccf1df_5.82.19041.4355_none_792ecafd2442822f\COMCTL32.dll
0x00007ffccb1b0000 - 0x00007ffccb1cd000 	C:\WINDOWS\SYSTEM32\dhcpcsvc.DLL
0x00007ffcd1640000 - 0x00007ffcd166b000 	C:\WINDOWS\SYSTEM32\Wldp.dll
0x00007ffcb35b0000 - 0x00007ffcb35c4000 	D:\Xilinx\Vivado\2019.1\lib\win64.o\librdi_commonmain.dll
0x00007ffccbb60000 - 0x00007ffccbb6a000 	D:\Xilinx\Vivado\2019.1\lib\win64.o\librdi_commonversion.dll
0x00007ffcd3f80000 - 0x00007ffcd3faf000 	C:\WINDOWS\System32\IMM32.DLL
0x00007ffcd17d0000 - 0x00007ffcd17e2000 	C:\WINDOWS\SYSTEM32\MSASN1.dll
0x00007ffccfb00000 - 0x00007ffccfb12000 	C:\WINDOWS\SYSTEM32\kernel.appcore.dll
0x00007ffc59550000 - 0x00007ffc59a67000 	D:\Xilinx\Vivado\2019.1\lib\win64.o\librdi_commontasks.dll
0x00007ffccc830000 - 0x00007ffccc83a000 	C:\WINDOWS\SYSTEM32\VERSION.dll
0x00007ffc84a40000 - 0x00007ffc84cc6000 	D:\Xilinx\Vivado\2019.1\lib\win64.o\librdi_sio.dll
0x00007ffcd1030000 - 0x00007ffcd106b000 	C:\WINDOWS\SYSTEM32\IPHLPAPI.DLL
0x0000000053170000 - 0x0000000053b95000 	D:\Xilinx\Vivado\2019.1\tps\win64\jre9.0.4\bin\server\jvm.dll
0x00007ffcd2fb0000 - 0x00007ffcd2fb8000 	C:\WINDOWS\System32\PSAPI.DLL
0x00007ffcbe0e0000 - 0x00007ffcbe107000 	C:\WINDOWS\SYSTEM32\WINMM.dll
0x00007ffc96bc0000 - 0x00007ffc96caf000 	C:\WINDOWS\SYSTEM32\MSVCR120.dll
0x00007ffcd13a0000 - 0x00007ffcd140c000 	C:\WINDOWS\SYSTEM32\MSWSOCK.DLL
0x00007ffc57090000 - 0x00007ffc5954c000 	D:\Xilinx\Vivado\2019.1\lib\win64.o\librdi_tcltasks.dll
0x00007ffcb1970000 - 0x00007ffcb19e8000 	D:\Xilinx\Vivado\2019.1\lib\win64.o\librdi_boarddep.dll
0x00007ffc926f0000 - 0x00007ffc927db000 	D:\Xilinx\Vivado\2019.1\lib\win64.o\librdi_chipscope.dll
0x00007ffc56c80000 - 0x00007ffc57088000 	D:\Xilinx\Vivado\2019.1\lib\win64.o\librdi_bitstream.dll
0x00007ffc8bb10000 - 0x00007ffc8bca1000 	D:\Xilinx\Vivado\2019.1\lib\win64.o\librdi_board.dll
0x00007ffc8aa80000 - 0x00007ffc8abd6000 	D:\Xilinx\Vivado\2019.1\lib\win64.o\librdi_containers.dll
0x00007ffc88370000 - 0x00007ffc8852d000 	D:\Xilinx\Vivado\2019.1\lib\win64.o\librdi_chipscopeimpl.dll
0x00007ffc50ac0000 - 0x00007ffc54b03000 	D:\Xilinx\Vivado\2019.1\lib\win64.o\librdi_designutils.dll
0x00007ffc55290000 - 0x00007ffc56c7a000 	D:\Xilinx\Vivado\2019.1\lib\win64.o\librdi_constraints.dll
0x00007ffc507a0000 - 0x00007ffc50abe000 	D:\Xilinx\Vivado\2019.1\lib\win64.o\librdi_dlyest.dll
0x00007ffc50200000 - 0x00007ffc5079a000 	D:\Xilinx\Vivado\2019.1\lib\win64.o\librdi_drc.dll
0x00007ffc4e340000 - 0x00007ffc501f1000 	D:\Xilinx\Vivado\2019.1\lib\win64.o\librdi_coregen.dll
0x00007ffc9d800000 - 0x00007ffc9d8c4000 	D:\Xilinx\Vivado\2019.1\lib\win64.o\librdi_dsp.dll
0x00007ffc5f390000 - 0x00007ffc5f673000 	D:\Xilinx\Vivado\2019.1\lib\win64.o\librdi_guitools.dll
0x00007ffc4dcf0000 - 0x00007ffc4e33d000 	D:\Xilinx\Vivado\2019.1\lib\win64.o\librdi_filemgmt.dll
0x00007ffcab000000 - 0x00007ffcab065000 	D:\Xilinx\Vivado\2019.1\lib\win64.o\librdi_hdf.dll
0x00007ffc306c0000 - 0x00007ffc42aec000 	D:\Xilinx\Vivado\2019.1\lib\win64.o\librdi_device.dll
0x00007ffc4d610000 - 0x00007ffc4dcea000 	D:\Xilinx\Vivado\2019.1\lib\win64.o\librdi_coregenipxact.dll
0x00007ffc4cff0000 - 0x00007ffc4d605000 	D:\Xilinx\Vivado\2019.1\lib\win64.o\librdi_memdata.dll
0x00007ffc48e80000 - 0x00007ffc4a440000 	D:\Xilinx\Vivado\2019.1\lib\win64.o\librdi_implflow.dll
0x00007ffca19c0000 - 0x00007ffca1a33000 	D:\Xilinx\Vivado\2019.1\lib\win64.o\librdi_memoryarray.dll
0x00007ffcb15c0000 - 0x00007ffcb160b000 	D:\Xilinx\Vivado\2019.1\lib\win64.o\librdi_pfi.dll
0x00007ffc46190000 - 0x00007ffc48e76000 	D:\Xilinx\Vivado\2019.1\lib\win64.o\librdi_mig.dll
0x00007ffc45ae0000 - 0x00007ffc46182000 	D:\Xilinx\Vivado\2019.1\lib\win64.o\librdi_netlist.dll
0x00007ffc45390000 - 0x00007ffc45ada000 	D:\Xilinx\Vivado\2019.1\lib\win64.o\librdi_power.dll
0x00007ffc4cce0000 - 0x00007ffc4cfef000 	D:\Xilinx\Vivado\2019.1\lib\win64.o\librdi_platform.dll
0x00007ffc44e10000 - 0x00007ffc4538f000 	D:\Xilinx\Vivado\2019.1\lib\win64.o\librdi_project.dll
0x00007ffc2ffb0000 - 0x00007ffc306b6000 	D:\Xilinx\Vivado\2019.1\lib\win64.o\librdi_rsb.dll
0x00007ffc2d930000 - 0x00007ffc2ffa6000 	D:\Xilinx\Vivado\2019.1\lib\win64.o\librdi_place.dll
0x00007ffc2d220000 - 0x00007ffc2d929000 	D:\Xilinx\Vivado\2019.1\lib\win64.o\librdi_psta.dll
0x00007ffc55030000 - 0x00007ffc55286000 	D:\Xilinx\Vivado\2019.1\lib\win64.o\librdi_simdata.dll
0x00007ffc91740000 - 0x00007ffc9183a000 	D:\Xilinx\Vivado\2019.1\lib\win64.o\librdi_runsbase.dll
0x00007ffc2ce20000 - 0x00007ffc2d211000 	D:\Xilinx\Vivado\2019.1\lib\win64.o\librdi_runs.dll
0x00007ffc85110000 - 0x00007ffc85282000 	D:\Xilinx\Vivado\2019.1\lib\win64.o\librdi_advchipscopeimpl.dll
0x00007ffc2c000000 - 0x00007ffc2ce11000 	D:\Xilinx\Vivado\2019.1\lib\win64.o\librdi_timing.dll
0x00007ffcb0620000 - 0x00007ffcb066c000 	D:\Xilinx\Vivado\2019.1\lib\win64.o\libboost_serialization.dll
0x00007ffcabad0000 - 0x00007ffcabb13000 	D:\Xilinx\Vivado\2019.1\lib\win64.o\librdi_noc_frameworks.dll
0x00007ffc6aaa0000 - 0x00007ffc6ac3f000 	D:\Xilinx\Vivado\2019.1\lib\win64.o\librdi_hip_devdesign.dll
0x00007ffc2bc10000 - 0x00007ffc2bff5000 	D:\Xilinx\Vivado\2019.1\lib\win64.o\librdi_hip_config.dll
0x00007ffc2b6c0000 - 0x00007ffc2bc0e000 	D:\Xilinx\Vivado\2019.1\lib\win64.o\librdi_xdm.dll
0x00007ffc95690000 - 0x00007ffc95752000 	D:\Xilinx\Vivado\2019.1\lib\win64.o\librdi_ipconfig_readwrite.dll
0x00007ffc976b0000 - 0x00007ffc9774e000 	D:\Xilinx\Vivado\2019.1\lib\win64.o\libise.dll
0x00007ffcabe30000 - 0x00007ffcabe70000 	D:\Xilinx\Vivado\2019.1\lib\win64.o\librdi_wavedata_SimpleApi.dll
0x00007ffc2b0c0000 - 0x00007ffc2b6bc000 	D:\Xilinx\Vivado\2019.1\lib\win64.o\librdi_wavedata.dll
0x00007ffc2a570000 - 0x00007ffc2b0b7000 	D:\Xilinx\Vivado\2019.1\lib\win64.o\libverific.dll
0x00007ffca3ec0000 - 0x00007ffca3eff000 	D:\Xilinx\Vivado\2019.1\lib\win64.o\librdi_schedmon.dll
0x00007ffc2a310000 - 0x00007ffc2a569000 	D:\Xilinx\Vivado\2019.1\lib\win64.o\librdi_hsm.dll

VM Arguments:
jvm_args: -Dsun.java2d.pmoffscreen=false -Dsun.java2d.xrender=false -Dsun.java2d.d3d=false -Dsun.awt.nopixfmt=true -Dsun.java2d.dpiaware=true -Dsun.java2d.uiScale.enabled=false -Xverify:none -Dswing.aatext=true -XX:-UsePerfData -Djdk.map.althashing.threshold=512 -XX:StringTableSize=4072 --add-opens=java.base/java.nio=ALL-UNNAMED --add-opens=java.desktop/sun.swing=ALL-UNNAMED --add-opens=java.desktop/javax.swing=ALL-UNNAMED --add-opens=java.desktop/javax.swing.tree=ALL-UNNAMED --add-opens=java.desktop/javax.swing.plaf.basic=ALL-UNNAMED --add-opens=java.desktop/javax.swing.plaf.synth=ALL-UNNAMED --add-opens=java.desktop/com.sun.awt=ALL-UNNAMED -XX:NewSize=60m -XX:MaxNewSize=60m -Xms128m -Xmx3072m -Xss5m 
java_command: <unknown>
java_class_path (initial): D:/Xilinx/Vivado/2019.1\lib\classes\alloy.jar;D:/Xilinx/Vivado/2019.1\lib\classes\autopilot.scelaborator.jar;D:/Xilinx/Vivado/2019.1\lib\classes\autopilot.sourceprocessor.jar;D:/Xilinx/Vivado/2019.1\lib\classes\autopilot.tbprocessor.jar;D:/Xilinx/Vivado/2019.1\lib\classes\batik-anim.jar;D:/Xilinx/Vivado/2019.1\lib\classes\batik-awt-util.jar;D:/Xilinx/Vivado/2019.1\lib\classes\batik-bridge.jar;D:/Xilinx/Vivado/2019.1\lib\classes\batik-codec.jar;D:/Xilinx/Vivado/2019.1\lib\classes\batik-css.jar;D:/Xilinx/Vivado/2019.1\lib\classes\batik-dom.jar;D:/Xilinx/Vivado/2019.1\lib\classes\batik-ext.jar;D:/Xilinx/Vivado/2019.1\lib\classes\batik-gui-util.jar;D:/Xilinx/Vivado/2019.1\lib\classes\batik-gvt.jar;D:/Xilinx/Vivado/2019.1\lib\classes\batik-parser.jar;D:/Xilinx/Vivado/2019.1\lib\classes\batik-script.jar;D:/Xilinx/Vivado/2019.1\lib\classes\batik-svg-dom.jar;D:/Xilinx/Vivado/2019.1\lib\classes\batik-swing.jar;D:/Xilinx/Vivado/2019.1\lib\classes\batik-transcoder.jar;D:/Xilinx/Vivado/2019.1\lib\classes\batik-util.jar;D:/Xilinx/Vivado/2019.1\lib\classes\batik-xml.jar;D:/Xilinx/Vivado/2019.1\lib\classes\com.google.gson_2.7.0.v20170129-0911.jar;D:/Xilinx/Vivado/2019.1\lib\classes\com.google.guava_21.0.0.v20170206-1425.jar;D:/Xilinx/Vivado/2019.1\lib\classes\com.google.inject_3.0.0.v201605172100.jar;D:/Xilinx/Vivado/2019.1\lib\classes\com.ibm.icu_4.4.2.v20110208.jar;D:/Xilinx/Vivado/2019.1\lib\classes\com.sigasi.hdt.annotations.runtime_4.3.0.201903071210.jar;D:/Xilinx/Vivado/2019.1\lib\classes\com.sigasi.hdt.blockdiagram.model_4.3.0.201903071210.jar;D:/Xilinx/Vivado/2019.1\lib\classes\com.sigasi.hdt.connection_4.3.0.201903071210.jar;D:/Xilinx/Vivado/2019.1\lib\classes\com.sigasi.hdt.dependencies.model_4.3.0.201903071210.jar;D:/Xilinx/Vivado/2019.1\lib\classes\com.sigasi.hdt.epl_4.3.0.201903071210.jar;D:/Xilinx/Vivado/2019.1\lib\classes\com.sigasi.hdt.graphics.model_4.3.0.201903071210.jar;D:/Xilinx/Vivado/2019.1\lib\classes\com.sigasi.hdt.project_4.3.0
Launcher Type: generic

Logging:
Log output configuration:
#0: stdout all=warning uptime,level,tags
#1: stderr all=off uptime,level,tags

Environment Variables:
JAVA_HOME=D:\JAVA\jdk-11.0.9
PATH=D:/Xilinx/Vivado/2019.1/bin;D:/Xilinx/Vivado/2019.1/lib/win64.o;D:/Xilinx/Vivado/2019.1/tps/win64/jre9.0.4/bin/server;D:/Xilinx/Vivado/2019.1/tps/win64/jre9.0.4/bin;D:/Xilinx/SDK/2019.1/bin;D:/Xilinx/Vivado/2019.1/ids_lite/ISE/bin/nt64;D:/Xilinx/Vivado/2019.1/ids_lite/ISE/lib/nt64;F:\openjdk\bin;F:\VMWare_Workstation\bin\;D:\JAVA\jdk-11.0.9\bin;C:\Program Files\Common Files\Oracle\Java\javapath;C:\windows\system32;C:\windows;C:\windows\System32\Wbem;C:\windows\System32\WindowsPowerShell\v1.0\;C:\windows\System32\OpenSSH\;C:\Program Files (x86)\NVIDIA Corporation\PhysX\Common;C:\Program Files\NVIDIA Corporation\NVIDIA NvDLISR;E:\bin;D:\JAVA\apache-maven-3.8.5\bin;D:\Sumo\bin\;D:\Sumo\tools\;D:\calibre2\;D:\Git\cmd;E:\texlive\2023\bin\windows;E:\anaconda3;E:\anaconda3\Library\mingw-w64\bin;E:\anaconda3\Library\usr\bin;E:\anaconda3\Library\bin;E:\anaconda3\Scripts;D:\Anaconda;D:\Anaconda\Library\mingw-w64\bin;D:\Anaconda\Library\usr\bin;D:\Anaconda\Library\bin;D:\Anaconda\Scripts;D:\python\Scripts\;D:\python\;C:\Users\lxy\AppData\Local\Microsoft\WindowsApps;F:\Tencent\QQGameTempest\Hall.58036\;F:\Quartus\modelsim_ae\win32aloem;F:\FPGA_yh\Modelsim\win64;E:\Microsoft VS Code\bin;D:/Xilinx/Vivado/2019.1\tps\mingw\6.2.0\win64.o\nt\bin;D:/Xilinx/Vivado/2019.1\tps\mingw\6.2.0\win64.o\nt\libexec\gcc\x86_64-w64-mingw32\6.2.0;D:/Xilinx/Vivado/2019.1\tps\win64\python-2.7.5;D:/Xilinx/Vivado/2019.1\tps\win64\python-2.7.5\lib;D:/Xilinx/Vivado/2019.1\tps\win64\python-2.7.5\Lib\lib-tk;D:/Xilinx/Vivado/2019.1\tps\win64\python-2.7.5\lib\site-packages
USERNAME=lxy
OS=Windows_NT
PROCESSOR_IDENTIFIER=Intel64 Family 6 Model 165 Stepping 2, GenuineIntel



---------------  S Y S T E M  ---------------

OS: Windows 10 , 64 bit Build 19041 (10.0.19041.5794)

CPU:total 12 (initial active 12) (6 cores per cpu, 2 threads per core) family 6 model 165 stepping 2, cmov, cx8, fxsr, mmx, sse, sse2, sse3, ssse3, sse4.1, sse4.2, popcnt, avx, avx2, aes, clmul, erms, 3dnowpref, lzcnt, ht, tsc, tscinvbit, bmi1, bmi2, adx, fma

Memory: 4k page, physical 16547960k(7345636k free), swap 20742264k(9766852k free)

vm_info: Java HotSpot(TM) 64-Bit Server VM (9.0.4+11) for windows-amd64 JRE (9.0.4+11), built on Dec 20 2017 02:18:54 by "mach5one" with MS VC++ 12.0 (VS2013)

END.
