#
# A fatal error has been detected by the Java Runtime Environment:
#
#  EXCEPTION_ACCESS_VIOLATION (0xc0000005) at pc=0x00007ffa1f7ea1a5, pid=15152, tid=8348
#
# JRE version: Java(TM) SE Runtime Environment (9.0+11) (build 9.0.4+11)
# Java VM: Java HotSpot(TM) 64-Bit Server VM (9.0.4+11, mixed mode, tiered, compressed oops, g1 gc, windows-amd64)
# Problematic frame:
# C  [librdi_common.dll+0x17a1a5]
#
# No core dump will be written. Minidumps are not enabled by default on client versions of Windows
#
# If you would like to submit a bug report, please visit:
#   http://bugreport.java.com/bugreport/crash.jsp
# The crash happened outside the Java Virtual Machine in native code.
# See problematic frame for where to report the bug.
#

---------------  S U M M A R Y ------------

Command Line: -Dsun.java2d.pmoffscreen=false -Dsun.java2d.xrender=false -Dsun.java2d.d3d=false -Dsun.awt.nopixfmt=true -Dsun.java2d.dpiaware=true -Dsun.java2d.uiScale.enabled=false -Xverify:none -Dswing.aatext=true -XX:-UsePerfData -Djdk.map.althashing.threshold=512 -XX:StringTableSize=4072 --add-opens=java.base/java.nio=ALL-UNNAMED --add-opens=java.desktop/sun.swing=ALL-UNNAMED --add-opens=java.desktop/javax.swing=ALL-UNNAMED --add-opens=java.desktop/javax.swing.tree=ALL-UNNAMED --add-opens=java.desktop/javax.swing.plaf.basic=ALL-UNNAMED --add-opens=java.desktop/javax.swing.plaf.synth=ALL-UNNAMED --add-opens=java.desktop/com.sun.awt=ALL-UNNAMED -XX:NewSize=60m -XX:MaxNewSize=60m -Xms128m -Xmx3072m -Xss5m 

Host: Intel(R) Core(TM) i7-10750H CPU @ 2.60GHz, 12 cores, 15G,  Windows 10 , 64 bit Build 19041 (10.0.19041.5794)
Time: Sat May 17 11:04:01 2025 ?¡Â?¡¤??¨¢?¨º¡À elapsed time: 144983 seconds (1d 16h 16m 23s)

---------------  T H R E A D  ---------------

Current thread (0x000002fa80fcc000):  JavaThread "AWT-EventQueue-1" [_thread_in_native, id=8348, stack(0x000000fe6b100000,0x000000fe6b600000)]

Stack: [0x000000fe6b100000,0x000000fe6b600000],  sp=0x000000fe6b5fac60,  free space=5099k
Native frames: (J=compiled Java code, j=interpreted, Vv=VM code, C=native code)
C  [librdi_common.dll+0x17a1a5]
C  [librdi_common.dll+0x16ee15]
C  [librdi_common.dll+0x1386da]
C  [librdi_wavedata.dll+0x1e1eff]
C  [librdi_wavedata.dll+0x2621df]
C  [librdi_wavedata.dll+0x269e19]
C  [librdi_wavedata.dll+0x23a4cb]
C  [librdi_wavedata.dll+0x276de7]
C  0x000002fa9246fdba

Java frames: (J=compiled Java code, j=interpreted, Vv=VM code)
J 17510  ui.views.waveform.waveformi.WVExecutive_getTooltipTextDelayed(J)Ljava/lang/String; (0 bytes) @ 0x000002fa9246fd21 [0x000002fa9246fce0+0x0000000000000041]
J 21858 c2 ui.views.waveform.b.a.mouseMoved(Ljava/awt/event/MouseEvent;)V (32 bytes) @ 0x000002fa918a27f0 [0x000002fa918a2100+0x00000000000006f0]
J 17007 c2 java.awt.AWTEventMulticaster.mouseMoved(Ljava/awt/event/MouseEvent;)V java.desktop@9.0.4 (27 bytes) @ 0x000002fa923e25f4 [0x000002fa923e2540+0x00000000000000b4]
J 17007 c2 java.awt.AWTEventMulticaster.mouseMoved(Ljava/awt/event/MouseEvent;)V java.desktop@9.0.4 (27 bytes) @ 0x000002fa923e25b4 [0x000002fa923e2540+0x0000000000000074]
J 21845 c2 ui.frmwork.c.i.processMouseMotionEvent(Ljava/awt/event/MouseEvent;)V (131 bytes) @ 0x000002fa928462dc [0x000002fa92845fc0+0x000000000000031c]
J 13615 c2 java.awt.Container.processEvent(Ljava/awt/AWTEvent;)V java.desktop@9.0.4 (22 bytes) @ 0x000002fa91980e98 [0x000002fa91980d20+0x0000000000000178]
J 24695 c2 java.awt.Component.dispatchEventImpl(Ljava/awt/AWTEvent;)V java.desktop@9.0.4 (739 bytes) @ 0x000002fa92cbbc24 [0x000002fa92cbab00+0x0000000000001124]
J 19915 c2 java.awt.Container.dispatchEventImpl(Ljava/awt/AWTEvent;)V java.desktop@9.0.4 (129 bytes) @ 0x000002fa91ab7d18 [0x000002fa91ab7b20+0x00000000000001f8]
J 18486 c2 java.awt.LightweightDispatcher.retargetMouseEvent(Ljava/awt/Component;ILjava/awt/event/MouseEvent;)V java.desktop@9.0.4 (350 bytes) @ 0x000002fa925d01f8 [0x000002fa925cfc20+0x00000000000005d8]
J 18663 c2 java.awt.LightweightDispatcher.processMouseEvent(Ljava/awt/event/MouseEvent;)Z java.desktop@9.0.4 (265 bytes) @ 0x000002fa9262a550 [0x000002fa92629dc0+0x0000000000000790]
J 19915 c2 java.awt.Container.dispatchEventImpl(Ljava/awt/AWTEvent;)V java.desktop@9.0.4 (129 bytes) @ 0x000002fa91ab7fe4 [0x000002fa91ab7b20+0x00000000000004c4]
J 18550 c2 java.awt.Window.dispatchEventImpl(Ljava/awt/AWTEvent;)V java.desktop@9.0.4 (23 bytes) @ 0x000002fa925fb20c [0x000002fa925fb1c0+0x000000000000004c]
J 16033 c2 java.awt.EventQueue.dispatchEventImpl(Ljava/awt/AWTEvent;Ljava/lang/Object;)V java.desktop@9.0.4 (136 bytes) @ 0x000002fa922c5728 [0x000002fa922c5160+0x00000000000005c8]
J 16036 c2 java.awt.EventQueue$3.run()Ljava/lang/Object; java.desktop@9.0.4 (5 bytes) @ 0x000002fa922df92c [0x000002fa922df8c0+0x000000000000006c]
v  ~StubRoutines::call_stub
J 3858  java.security.AccessController.doPrivileged(Ljava/security/PrivilegedAction;Ljava/security/AccessControlContext;)Ljava/lang/Object; java.base@9.0.4 (0 bytes) @ 0x000002fa916dbbc6 [0x000002fa916dbb60+0x0000000000000066]
J 17485 c2 java.awt.EventQueue$4.run()Ljava/lang/Object; java.desktop@9.0.4 (5 bytes) @ 0x000002fa92468140 [0x000002fa92467ee0+0x0000000000000260]
v  ~StubRoutines::call_stub
J 3858  java.security.AccessController.doPrivileged(Ljava/security/PrivilegedAction;Ljava/security/AccessControlContext;)Ljava/lang/Object; java.base@9.0.4 (0 bytes) @ 0x000002fa916dbbc6 [0x000002fa916dbb60+0x0000000000000066]
J 20009 c2 java.awt.EventQueue.dispatchEvent(Ljava/awt/AWTEvent;)V java.desktop@9.0.4 (80 bytes) @ 0x000002fa91521d40 [0x000002fa915219c0+0x0000000000000380]
J 20013 c2 ui.frmwork.b.d.dispatchEvent(Ljava/awt/AWTEvent;)V (34 bytes) @ 0x000002fa91567300 [0x000002fa91567200+0x0000000000000100]
J 19592 c2 java.awt.EventDispatchThread.pumpOneEventForFilters(I)V java.desktop@9.0.4 (218 bytes) @ 0x000002fa926fa318 [0x000002fa926fa060+0x00000000000002b8]
J 20032% c2 java.awt.EventDispatchThread.pumpEventsForFilter(ILjava/awt/Conditional;Ljava/awt/EventFilter;)V java.desktop@9.0.4 (47 bytes) @ 0x000002fa9166a640 [0x000002fa9166a540+0x0000000000000100]
j  java.awt.EventDispatchThread.pumpEventsForHierarchy(ILjava/awt/Conditional;Ljava/awt/Component;)V+11 java.desktop@9.0.4
j  java.awt.EventDispatchThread.pumpEvents(ILjava/awt/Conditional;)V+4 java.desktop@9.0.4
j  java.awt.EventDispatchThread.pumpEvents(Ljava/awt/Conditional;)V+3 java.desktop@9.0.4
j  java.awt.EventDispatchThread.run()V+9 java.desktop@9.0.4
v  ~StubRoutines::call_stub

siginfo: EXCEPTION_ACCESS_VIOLATION (0xc0000005), reading address 0xffffffffffffffff


Register to memory mapping:

RIP=0x00007ffa1f7ea1a5 librdi_common.dll
RAX=0x000002faf52fc001 is an unknown value
RBX=0x8803f30090abd8d3 is an unknown value
RCX=0x000002faf52fc0b0 is an unknown value
RDX=0x8803f30090abd8d3 is an unknown value
RSP=0x000000fe6b5fac60 is pointing into the stack for thread: 0x000002fa80fcc000
RBP=0x000000fe6b5fad90 is pointing into the stack for thread: 0x000002fa80fcc000
RSI=0x000002faa7b91cd0 is an unknown value
RDI=0x000000fe6b5fae78 is pointing into the stack for thread: 0x000002fa80fcc000
R8 =0x000000fe6b5fae78 is pointing into the stack for thread: 0x000002fa80fcc000
R9 =0x0000000000000000 is an unknown value
R10=0x00007ffa64470000 VCRUNTIME140.dll
R11=0xdd72df8007f5fff9 is an unknown value
R12=0x000000fe6b5fae78 is pointing into the stack for thread: 0x000002fa80fcc000
R13=0x0000000000000000 is an unknown value
R14=0x000002faf2ac8290 is an unknown value
R15=0x8803f30090abd8d3 is an unknown value


Registers:
RAX=0x000002faf52fc001, RBX=0x8803f30090abd8d3, RCX=0x000002faf52fc0b0, RDX=0x8803f30090abd8d3
RSP=0x000000fe6b5fac60, RBP=0x000000fe6b5fad90, RSI=0x000002faa7b91cd0, RDI=0x000000fe6b5fae78
R8 =0x000000fe6b5fae78, R9 =0x0000000000000000, R10=0x00007ffa64470000, R11=0xdd72df8007f5fff9
R12=0x000000fe6b5fae78, R13=0x0000000000000000, R14=0x000002faf2ac8290, R15=0x8803f30090abd8d3
RIP=0x00007ffa1f7ea1a5, EFLAGS=0x0000000000010202

Top of Stack: (sp=0x000000fe6b5fac60)
0x000000fe6b5fac60:   0000000000000018 000002faa2f04670
0x000000fe6b5fac70:   000000000000209c 8803f30090abd8d3
0x000000fe6b5fac80:   8803f30090abd8d3 00007ffa1f7dee15
0x000000fe6b5fac90:   0000000002d03700 00007ffa639a27a8
0x000000fe6b5faca0:   fffffffffffffffe 0000000000000000
0x000000fe6b5facb0:   0000cabf017dd8dd 000002faa2f04608
0x000000fe6b5facc0:   0000000000000002 00007ffa1f848985
0x000000fe6b5facd0:   000002fafa1c1910 000002faa2f04628
0x000000fe6b5face0:   000000fe6b5fb010 00007ffa204a3fe0
0x000000fe6b5facf0:   fffffffffffffffe 00007ffa1fdb6a6d
0x000000fe6b5fad00:   fffffffffffffffe 00007ffa204a3fe0
0x000000fe6b5fad10:   000002faa2f045e0 000002faf2b06c48
0x000000fe6b5fad20:   000000fe6b5fae78 00007ffa1f847c76
0x000000fe6b5fad30:   000002faa2f045e0 000000fe6b5fae78
0x000000fe6b5fad40:   000002fa00000002 0000000000000000
0x000000fe6b5fad50:   fffffffffffffffe 000000000000000f 

Instructions: (pc=0x00007ffa1f7ea1a5)
0x00007ffa1f7ea185:   20 48 8b d9 e8 22 c4 04 00 48 8b c8 48 8b d3 e8
0x00007ffa1f7ea195:   27 0d 05 00 84 c0 75 08 33 c0 48 83 c4 20 5b c3
0x00007ffa1f7ea1a5:   48 8b 4b 50 48 85 c9 74 0a 48 83 c4 20 5b e9 68
0x00007ffa1f7ea1b5:   e2 04 00 48 8b d3 48 8d 0d 26 fc 73 00 e8 59 b7 



---------------  P R O C E S S  ---------------

Java Threads: ( => current thread )
  0x000002faa3daa000 JavaThread "Relaunch Simulation" [_thread_blocked, id=20492, stack(0x000000fe6a200000,0x000000fe6a700000)]
  0x000002faa3dab800 JavaThread "SyntheticaAnimation 50" daemon [_thread_blocked, id=20416, stack(0x000000fe70900000,0x000000fe70e00000)]
  0x000002faa3daa800 JavaThread "Monitor File Timestamp Swing Worker" [_thread_blocked, id=21740, stack(0x000000fe6ff00000,0x000000fe70400000)]
  0x000002faa3da1800 JavaThread "Timer-3" [_thread_blocked, id=13896, stack(0x000000fe6f000000,0x000000fe6f500000)]
  0x000002faa3da2800 JavaThread "Monitor File Timestamp Swing Worker" [_thread_blocked, id=16240, stack(0x000000fe6f500000,0x000000fe6fa00000)]
  0x000002faa3da1000 JavaThread "Timer-2" [_thread_blocked, id=7452, stack(0x000000fe6e200000,0x000000fe6e700000)]
  0x000002faa3da8800 JavaThread "Thread-6253" [_thread_in_native, id=14416, stack(0x000000fe63200000,0x000000fe63300000)]
  0x000002faa3da0000 JavaThread "Thread-6252" [_thread_in_native, id=17588, stack(0x000000fe63300000,0x000000fe63400000)]
  0x000002faa3da9000 JavaThread "Image Animator 0" daemon [_thread_blocked, id=17440, stack(0x000000fe6fa00000,0x000000fe6ff00000)]
  0x000002faa3da5800 JavaThread "Thread-695" [_thread_in_native, id=8952, stack(0x000000fe6e300000,0x000000fe6e400000)]
  0x000002faa3da4800 JavaThread "Thread-694" [_thread_in_native, id=14712, stack(0x000000fe6e200000,0x000000fe6e300000)]
  0x000002faa3da6000 JavaThread "SyntheticaAnimation 50" daemon [_thread_blocked, id=12604, stack(0x000000fe6d200000,0x000000fe6d700000)]
  0x000002faa3da3000 JavaThread "Update Runs Swing Worker" [_thread_blocked, id=3768, stack(0x000000fe6eb00000,0x000000fe6f000000)]
  0x000002faa3d9f800 JavaThread "hw_ila_monitor" [_thread_blocked, id=7880, stack(0x000000fe6dc00000,0x000000fe6e100000)]
  0x000002faf9f6b800 JavaThread "Refresh Filesets Swing Worker" [_thread_blocked, id=14932, stack(0x000000fe6b600000,0x000000fe6bb00000)]
  0x000002faf9f67000 JavaThread "SyntheticaAnimation 70" daemon [_thread_blocked, id=10076, stack(0x000000fe6d700000,0x000000fe6dc00000)]
  0x000002faf9f6a000 JavaThread "SyntheticaAnimation 25" daemon [_thread_blocked, id=3448, stack(0x000000fe6cd00000,0x000000fe6d200000)]
  0x000002faf9f6d000 JavaThread "SyntheticaAnimation 50" daemon [_thread_blocked, id=15516, stack(0x000000fe6c800000,0x000000fe6cd00000)]
  0x000002faf9f69800 JavaThread "Monitor HEventQueue" [_thread_blocked, id=10808, stack(0x000000fe6c300000,0x000000fe6c800000)]
  0x000002faf9f6c800 JavaThread "SyntheticaCleanerThread" daemon [_thread_blocked, id=9424, stack(0x000000fe6bb00000,0x000000fe6c000000)]
  0x000002faf9f68800 JavaThread "Batik CleanerThread" daemon [_thread_blocked, id=10556, stack(0x000000fe6a700000,0x000000fe6ac00000)]
=>0x000002fa80fcc000 JavaThread "AWT-EventQueue-1" [_thread_in_native, id=8348, stack(0x000000fe6b100000,0x000000fe6b600000)]
  0x000002fa80b2b800 JavaThread "Process Messages" [_thread_blocked, id=9724, stack(0x000000fe6ac00000,0x000000fe6b100000)]
  0x000002fa8094d000 JavaThread "Thread-1" [_thread_in_native, id=13128, stack(0x000000fe63500000,0x000000fe64900000)]
  0x000002faf749b800 JavaThread "TimerQueue" daemon [_thread_blocked, id=4088, stack(0x000000fe69d00000,0x000000fe6a200000)]
  0x000002faf6f3e000 JavaThread "AWT-Windows" daemon [_thread_in_native, id=15632, stack(0x000000fe69800000,0x000000fe69d00000)]
  0x000002faf74b0800 JavaThread "AWT-Shutdown" [_thread_blocked, id=13904, stack(0x000000fe69300000,0x000000fe69800000)]
  0x000002faf7176000 JavaThread "Java2D Disposer" daemon [_thread_blocked, id=9864, stack(0x000000fe68e00000,0x000000fe69300000)]
  0x000002faf6caf800 JavaThread "Service Thread" daemon [_thread_blocked, id=8844, stack(0x000000fe68800000,0x000000fe68d00000)]
  0x000002fafc0a5800 JavaThread "Common-Cleaner" daemon [_thread_blocked, id=4956, stack(0x000000fe68300000,0x000000fe68800000)]
  0x000002faf9f68000 JavaThread "Sweeper thread" daemon [_thread_blocked, id=13508, stack(0x000000fe67e00000,0x000000fe68300000)]
  0x000002faf68b4000 JavaThread "C1 CompilerThread3" daemon [_thread_blocked, id=9004, stack(0x000000fe67d00000,0x000000fe67e00000)]
  0x000002faf4a61000 JavaThread "C2 CompilerThread2" daemon [_thread_blocked, id=1780, stack(0x000000fe67c00000,0x000000fe67d00000)]
  0x000002faf4a61800 JavaThread "C2 CompilerThread1" daemon [_thread_blocked, id=1556, stack(0x000000fe67b00000,0x000000fe67c00000)]
  0x000002faf4a60000 JavaThread "C2 CompilerThread0" daemon [_thread_blocked, id=9888, stack(0x000000fe67a00000,0x000000fe67b00000)]
  0x000002faf68ac800 JavaThread "Attach Listener" daemon [_thread_blocked, id=4396, stack(0x000000fe67500000,0x000000fe67a00000)]
  0x000002faf2abc800 JavaThread "Signal Dispatcher" daemon [_thread_blocked, id=2344, stack(0x000000fe67000000,0x000000fe67500000)]
  0x000002faf689a000 JavaThread "Finalizer" daemon [_thread_blocked, id=6084, stack(0x000000fe66b00000,0x000000fe67000000)]
  0x000002faf6899800 JavaThread "Reference Handler" daemon [_thread_blocked, id=6512, stack(0x000000fe66600000,0x000000fe66b00000)]
  0x000002faff320800 JavaThread "main" [_thread_blocked, id=9128, stack(0x000000fe63400000,0x000000fe63500000)]

Other Threads:
  0x000002fafb9b8800 VMThread "VM Thread" [stack: 0x000000fe66500000,0x000000fe66600000] [id=9676]
  0x000002faf6bb7800 WatcherThread [stack: 0x000000fe68d00000,0x000000fe68e00000] [id=16064]
  0x000002faf4ad9000 GCTaskThread "GC Thread#0" [stack: 0x000000fe64c00000,0x000000fe64d00000] [id=10460]
  0x000002fafbba4000 GCTaskThread "GC Thread#1" [stack: 0x000000fe64d00000,0x000000fe64e00000] [id=168]
  0x000002fafbba4800 GCTaskThread "GC Thread#2" [stack: 0x000000fe64e00000,0x000000fe64f00000] [id=3228]
  0x000002fafa079800 GCTaskThread "GC Thread#3" [stack: 0x000000fe64f00000,0x000000fe65000000] [id=4976]
  0x000002fafee6c800 GCTaskThread "GC Thread#4" [stack: 0x000000fe65000000,0x000000fe65100000] [id=14664]
  0x000002fafbb3f800 GCTaskThread "GC Thread#5" [stack: 0x000000fe65100000,0x000000fe65200000] [id=4280]
  0x000002fafc096800 GCTaskThread "GC Thread#6" [stack: 0x000000fe65200000,0x000000fe65300000] [id=15300]
  0x000002fafc097800 GCTaskThread "GC Thread#7" [stack: 0x000000fe65300000,0x000000fe65400000] [id=2376]
  0x000002fa820d9800 GCTaskThread "GC Thread#8" [stack: 0x000000fe65400000,0x000000fe65500000] [id=9328]
  0x000002fa8233f800 GCTaskThread "GC Thread#9" [stack: 0x000000fe65500000,0x000000fe65600000] [id=7420]
  0x000002fafc2a2800 ConcurrentGCThread "G1 Main Marker" [stack: 0x000000fe66100000,0x000000fe66200000] [id=10980]
  0x000002faf9cde800 ConcurrentGCThread "G1 Marker#0" [stack: 0x000000fe66200000,0x000000fe66300000] [id=4632]
  0x000002faf9cdf000 ConcurrentGCThread "G1 Marker#1" [stack: 0x000000fe66300000,0x000000fe66400000] [id=10340]
  0x000002faf9cdf800 ConcurrentGCThread "G1 Marker#2" [stack: 0x000000fe66400000,0x000000fe66500000] [id=6356]
  0x000002fafee65000 ConcurrentGCThread "G1 Refine#0" [stack: 0x000000fe65f00000,0x000000fe66000000] [id=10492]
  0x000002fafee64800 ConcurrentGCThread "G1 Refine#1" [stack: 0x000000fe65e00000,0x000000fe65f00000] [id=6240]
  0x000002fa822e9800 ConcurrentGCThread "G1 Refine#2" [stack: 0x000000fe65d00000,0x000000fe65e00000] [id=10716]
  0x000002fafb8bb800 ConcurrentGCThread "G1 Refine#3" [stack: 0x000000fe65c00000,0x000000fe65d00000] [id=10804]
  0x000002fafb8ba800 ConcurrentGCThread "G1 Refine#4" [stack: 0x000000fe65b00000,0x000000fe65c00000] [id=4472]
  0x000002fafb9b1800 ConcurrentGCThread "G1 Refine#5" [stack: 0x000000fe65a00000,0x000000fe65b00000] [id=5096]
  0x000002fafbb88800 ConcurrentGCThread "G1 Refine#6" [stack: 0x000000fe65900000,0x000000fe65a00000] [id=14540]
  0x000002fafc09f000 ConcurrentGCThread "G1 Refine#7" [stack: 0x000000fe65800000,0x000000fe65900000] [id=13548]
  0x000002fafc09e800 ConcurrentGCThread "G1 Refine#8" [stack: 0x000000fe65700000,0x000000fe65800000] [id=4752]
  0x000002faff55b800 ConcurrentGCThread "G1 Refine#9" [stack: 0x000000fe65600000,0x000000fe65700000] [id=7340]
  0x000002fafee65800 ConcurrentGCThread "G1 Young RemSet Sampling" [stack: 0x000000fe66000000,0x000000fe66100000] [id=6940]

Threads with active compile tasks:

VM state:not at safepoint (normal execution)

VM Mutex/Monitor currently owned by a thread: None

Heap address: 0x0000000700000000, size: 3072 MB, Compressed Oops mode: Zero based, Oop shift amount: 3
Narrow klass base: 0x0000000000000000, Narrow klass shift: 3
Compressed class space size: 1073741824 Address: 0x00000007c0000000

Heap:
 garbage-first heap   total 254976K, used 133125K [0x0000000700000000, 0x00000007001007c8, 0x00000007c0000000)
  region size 1024K, 52 young (53248K), 1 survivors (1024K)
 Metaspace       used 83876K, capacity 85837K, committed 92080K, reserved 1128448K
  class space    used 10722K, capacity 11145K, committed 12464K, reserved 1048576K
Heap Regions: E=young(eden), S=young(survivor), O=old, HS=humongous(starts), HC=humongous(continues), CS=collection set, F=free, A=archive, TS=gc time stamp, AC=allocation context, TAMS=top-at-mark-start (previous, next)
|   0|0x0000000700000000, 0x00000007000f8fa8, 0x0000000700100000| 97%| O|  |TS  0|AC  0|TAMS 0x0000000700000000, 0x0000000700000000|
|   1|0x0000000700100000, 0x0000000700200000, 0x0000000700200000|100%|HS|  |TS  0|AC  0|TAMS 0x0000000700100000, 0x0000000700100000|
|   2|0x0000000700200000, 0x0000000700300000, 0x0000000700300000|100%|HC|  |TS  0|AC  0|TAMS 0x0000000700200000, 0x0000000700200000|
|   3|0x0000000700300000, 0x0000000700400000, 0x0000000700400000|100%|HS|  |TS  0|AC  0|TAMS 0x0000000700300000, 0x0000000700300000|
|   4|0x0000000700400000, 0x00000007004f6220, 0x0000000700500000| 96%| O|  |TS  0|AC  0|TAMS 0x0000000700400000, 0x0000000700400000|
|   5|0x0000000700500000, 0x00000007005fffe8, 0x0000000700600000| 99%| O|  |TS  0|AC  0|TAMS 0x0000000700500000, 0x0000000700500000|
|   6|0x0000000700600000, 0x00000007006fffb8, 0x0000000700700000| 99%| O|  |TS  0|AC  0|TAMS 0x0000000700600000, 0x0000000700600000|
|   7|0x0000000700700000, 0x00000007007ffff8, 0x0000000700800000| 99%| O|  |TS  0|AC  0|TAMS 0x0000000700700000, 0x0000000700700000|
|   8|0x0000000700800000, 0x00000007008ffff8, 0x0000000700900000| 99%| O|  |TS  0|AC  0|TAMS 0x0000000700800000, 0x0000000700800000|
|   9|0x0000000700900000, 0x00000007009ffea0, 0x0000000700a00000| 99%| O|  |TS  0|AC  0|TAMS 0x0000000700900000, 0x0000000700900000|
|  10|0x0000000700a00000, 0x0000000700aff378, 0x0000000700b00000| 99%| O|  |TS  0|AC  0|TAMS 0x0000000700a00000, 0x0000000700a00000|
|  11|0x0000000700b00000, 0x0000000700c00000, 0x0000000700c00000|100%|HS|  |TS  0|AC  0|TAMS 0x0000000700b00000, 0x0000000700b00000|
|  12|0x0000000700c00000, 0x0000000700cff6e0, 0x0000000700d00000| 99%| O|  |TS  0|AC  0|TAMS 0x0000000700c00000, 0x0000000700c00000|
|  13|0x0000000700d00000, 0x0000000700dfffe0, 0x0000000700e00000| 99%| O|  |TS  0|AC  0|TAMS 0x0000000700d00000, 0x0000000700d00000|
|  14|0x0000000700e00000, 0x0000000700efe3b0, 0x0000000700f00000| 99%| O|  |TS  0|AC  0|TAMS 0x0000000700e00000, 0x0000000700e00000|
|  15|0x0000000700f00000, 0x0000000700ff6508, 0x0000000701000000| 96%| O|  |TS  0|AC  0|TAMS 0x0000000700f00000, 0x0000000700f00000|
|  16|0x0000000701000000, 0x00000007010fc288, 0x0000000701100000| 98%| O|  |TS  0|AC  0|TAMS 0x0000000701000000, 0x0000000701000000|
|  17|0x0000000701100000, 0x0000000701200000, 0x0000000701200000|100%| O|  |TS  0|AC  0|TAMS 0x0000000701100000, 0x0000000701100000|
|  18|0x0000000701200000, 0x0000000701300000, 0x0000000701300000|100%| O|  |TS  0|AC  0|TAMS 0x0000000701200000, 0x0000000701200000|
|  19|0x0000000701300000, 0x00000007013a2f10, 0x0000000701400000| 63%| O|  |TS  0|AC  0|TAMS 0x0000000701300000, 0x0000000701300000|
|  20|0x0000000701400000, 0x00000007014ffff0, 0x0000000701500000| 99%| O|  |TS  0|AC  0|TAMS 0x0000000701400000, 0x0000000701400000|
|  21|0x0000000701500000, 0x00000007015ffef0, 0x0000000701600000| 99%| O|  |TS  0|AC  0|TAMS 0x0000000701500000, 0x0000000701500000|
|  22|0x0000000701600000, 0x00000007016fffd0, 0x0000000701700000| 99%| O|  |TS  0|AC  0|TAMS 0x0000000701600000, 0x0000000701600000|
|  23|0x0000000701700000, 0x00000007017fffb0, 0x0000000701800000| 99%| O|  |TS  0|AC  0|TAMS 0x0000000701700000, 0x0000000701700000|
|  24|0x0000000701800000, 0x00000007018ffff8, 0x0000000701900000| 99%| O|  |TS  0|AC  0|TAMS 0x0000000701800000, 0x0000000701800000|
|  25|0x0000000701900000, 0x00000007019fffe0, 0x0000000701a00000| 99%| O|  |TS  0|AC  0|TAMS 0x0000000701900000, 0x0000000701900000|
|  26|0x0000000701a00000, 0x0000000701affff8, 0x0000000701b00000| 99%| O|  |TS  0|AC  0|TAMS 0x0000000701a00000, 0x0000000701a00000|
|  27|0x0000000701b00000, 0x0000000701c00000, 0x0000000701c00000|100%| O|  |TS  0|AC  0|TAMS 0x0000000701b00000, 0x0000000701b00000|
|  28|0x0000000701c00000, 0x0000000701cfffe8, 0x0000000701d00000| 99%| O|  |TS  0|AC  0|TAMS 0x0000000701c00000, 0x0000000701c00000|
|  29|0x0000000701d00000, 0x0000000701dfffe0, 0x0000000701e00000| 99%| O|  |TS  0|AC  0|TAMS 0x0000000701d00000, 0x0000000701d00000|
|  30|0x0000000701e00000, 0x0000000701efff28, 0x0000000701f00000| 99%| O|  |TS  0|AC  0|TAMS 0x0000000701e00000, 0x0000000701e00000|
|  31|0x0000000701f00000, 0x0000000701fff648, 0x0000000702000000| 99%| O|  |TS  0|AC  0|TAMS 0x0000000701f00000, 0x0000000701f00000|
|  32|0x0000000702000000, 0x00000007020fff10, 0x0000000702100000| 99%| O|  |TS  0|AC  0|TAMS 0x0000000702000000, 0x0000000702000000|
|  33|0x0000000702100000, 0x00000007021fffd0, 0x0000000702200000| 99%| O|  |TS  0|AC  0|TAMS 0x0000000702100000, 0x0000000702100000|
|  34|0x0000000702200000, 0x00000007022ffec8, 0x0000000702300000| 99%| O|  |TS  0|AC  0|TAMS 0x0000000702200000, 0x0000000702200000|
|  35|0x0000000702300000, 0x00000007023ffff0, 0x0000000702400000| 99%| O|  |TS  0|AC  0|TAMS 0x0000000702300000, 0x0000000702300000|
|  36|0x0000000702400000, 0x00000007024ffff0, 0x0000000702500000| 99%| O|  |TS  0|AC  0|TAMS 0x0000000702400000, 0x0000000702400000|
|  37|0x0000000702500000, 0x00000007025d5c00, 0x0000000702600000| 83%| O|  |TS  0|AC  0|TAMS 0x0000000702500000, 0x0000000702500000|
|  38|0x0000000702600000, 0x00000007026ff6e0, 0x0000000702700000| 99%| O|  |TS  0|AC  0|TAMS 0x0000000702600000, 0x0000000702600000|
|  39|0x0000000702700000, 0x00000007027fff30, 0x0000000702800000| 99%| O|  |TS  0|AC  0|TAMS 0x0000000702700000, 0x0000000702700000|
|  40|0x0000000702800000, 0x00000007028ffd80, 0x0000000702900000| 99%| O|  |TS  0|AC  0|TAMS 0x0000000702800000, 0x0000000702800000|
|  41|0x0000000702900000, 0x0000000702a00000, 0x0000000702a00000|100%| O|  |TS  0|AC  0|TAMS 0x0000000702900000, 0x0000000702900000|
|  42|0x0000000702a00000, 0x0000000702affff0, 0x0000000702b00000| 99%| O|  |TS  0|AC  0|TAMS 0x0000000702a00000, 0x0000000702a00000|
|  43|0x0000000702b00000, 0x0000000702bffff8, 0x0000000702c00000| 99%| O|  |TS  0|AC  0|TAMS 0x0000000702b00000, 0x0000000702b00000|
|  44|0x0000000702c00000, 0x0000000702cfffd0, 0x0000000702d00000| 99%| O|  |TS  0|AC  0|TAMS 0x0000000702c00000, 0x0000000702c00000|
|  45|0x0000000702d00000, 0x0000000702dffff8, 0x0000000702e00000| 99%| O|  |TS  0|AC  0|TAMS 0x0000000702d00000, 0x0000000702d00000|
|  46|0x0000000702e00000, 0x0000000702efffd0, 0x0000000702f00000| 99%| O|  |TS  0|AC  0|TAMS 0x0000000702e00000, 0x0000000702e00000|
|  47|0x0000000702f00000, 0x0000000703000000, 0x0000000703000000|100%| O|  |TS  0|AC  0|TAMS 0x0000000702f00000, 0x0000000702f00000|
|  48|0x0000000703000000, 0x0000000703100000, 0x0000000703100000|100%|HS|  |TS  0|AC  0|TAMS 0x0000000703000000, 0x0000000703000000|
|  49|0x0000000703100000, 0x0000000703200000, 0x0000000703200000|100%|HC|  |TS  0|AC  0|TAMS 0x0000000703100000, 0x0000000703100000|
|  50|0x0000000703200000, 0x0000000703300000, 0x0000000703300000|100%|HC|  |TS  0|AC  0|TAMS 0x0000000703200000, 0x0000000703200000|
|  51|0x0000000703300000, 0x0000000703400000, 0x0000000703400000|100%|HC|  |TS  0|AC  0|TAMS 0x0000000703300000, 0x0000000703300000|
|  52|0x0000000703400000, 0x0000000703500000, 0x0000000703500000|100%|HC|  |TS  0|AC  0|TAMS 0x0000000703400000, 0x0000000703400000|
|  53|0x0000000703500000, 0x0000000703600000, 0x0000000703600000|100%|HC|  |TS  0|AC  0|TAMS 0x0000000703500000, 0x0000000703500000|
|  54|0x0000000703600000, 0x0000000703700000, 0x0000000703700000|100%|HC|  |TS  0|AC  0|TAMS 0x0000000703600000, 0x0000000703600000|
|  55|0x0000000703700000, 0x0000000703800000, 0x0000000703800000|100%|HC|  |TS  0|AC  0|TAMS 0x0000000703700000, 0x0000000703700000|
|  56|0x0000000703800000, 0x0000000703900000, 0x0000000703900000|100%| O|  |TS  0|AC  0|TAMS 0x0000000703800000, 0x0000000703800000|
|  57|0x0000000703900000, 0x00000007039fffe8, 0x0000000703a00000| 99%| O|  |TS  0|AC  0|TAMS 0x0000000703900000, 0x0000000703900000|
|  58|0x0000000703a00000, 0x0000000703b00000, 0x0000000703b00000|100%| O|  |TS  0|AC  0|TAMS 0x0000000703a00000, 0x0000000703a00000|
|  59|0x0000000703b00000, 0x0000000703bffff0, 0x0000000703c00000| 99%| O|  |TS  0|AC  0|TAMS 0x0000000703b00000, 0x0000000703b00000|
|  60|0x0000000703c00000, 0x0000000703cfffd8, 0x0000000703d00000| 99%| O|  |TS  0|AC  0|TAMS 0x0000000703c00000, 0x0000000703c00000|
|  61|0x0000000703d00000, 0x0000000703dfff30, 0x0000000703e00000| 99%| O|  |TS  0|AC  0|TAMS 0x0000000703d00000, 0x0000000703d00000|
|  62|0x0000000703e00000, 0x0000000703efe4e8, 0x0000000703f00000| 99%| O|  |TS  0|AC  0|TAMS 0x0000000703e00000, 0x0000000703e00000|
|  63|0x0000000703f00000, 0x0000000704000000, 0x0000000704000000|100%| O|  |TS  0|AC  0|TAMS 0x0000000703f00000, 0x0000000703f00000|
|  64|0x0000000704000000, 0x0000000704100000, 0x0000000704100000|100%| O|  |TS  0|AC  0|TAMS 0x0000000704000000, 0x0000000704000000|
|  65|0x0000000704100000, 0x0000000704200000, 0x0000000704200000|100%| O|  |TS  0|AC  0|TAMS 0x0000000704100000, 0x0000000704100000|
|  66|0x0000000704200000, 0x0000000704300000, 0x0000000704300000|100%| O|  |TS  0|AC  0|TAMS 0x0000000704200000, 0x0000000704200000|
|  67|0x0000000704300000, 0x00000007043fffe8, 0x0000000704400000| 99%| O|  |TS  0|AC  0|TAMS 0x0000000704300000, 0x0000000704300000|
|  68|0x0000000704400000, 0x0000000704500000, 0x0000000704500000|100%| O|  |TS  0|AC  0|TAMS 0x0000000704400000, 0x0000000704400000|
|  69|0x0000000704500000, 0x0000000704600000, 0x0000000704600000|100%| O|  |TS  0|AC  0|TAMS 0x0000000704500000, 0x0000000704500000|
|  70|0x0000000704600000, 0x00000007046ffff8, 0x0000000704700000| 99%| O|  |TS  0|AC  0|TAMS 0x0000000704600000, 0x0000000704600000|
|  71|0x0000000704700000, 0x00000007047ffff0, 0x0000000704800000| 99%| O|  |TS  0|AC  0|TAMS 0x0000000704700000, 0x0000000704700000|
|  72|0x0000000704800000, 0x0000000704802720, 0x0000000704900000|  0%| O|  |TS  0|AC  0|TAMS 0x0000000704800000, 0x0000000704800000|
|  73|0x0000000704900000, 0x0000000704a00000, 0x0000000704a00000|100%|HS|  |TS  0|AC  0|TAMS 0x0000000704900000, 0x0000000704900000|
|  74|0x0000000704a00000, 0x0000000704b00000, 0x0000000704b00000|100%|HC|  |TS  0|AC  0|TAMS 0x0000000704a00000, 0x0000000704a00000|
|  75|0x0000000704b00000, 0x0000000704c00000, 0x0000000704c00000|100%|HC|  |TS  0|AC  0|TAMS 0x0000000704b00000, 0x0000000704b00000|
|  76|0x0000000704c00000, 0x0000000704d00000, 0x0000000704d00000|100%|HC|  |TS  0|AC  0|TAMS 0x0000000704c00000, 0x0000000704c00000|
|  77|0x0000000704d00000, 0x0000000704d06600, 0x0000000704e00000|  2%| O|  |TS 35|AC  0|TAMS 0x0000000704d00000, 0x0000000704d00000|
|  78|0x0000000704e00000, 0x0000000704e00000, 0x0000000704f00000|  0%| F|  |TS  0|AC  0|TAMS 0x0000000704e00000, 0x0000000704e00000|
|  79|0x0000000704f00000, 0x0000000704f00000, 0x0000000705000000|  0%| F|  |TS  0|AC  0|TAMS 0x0000000704f00000, 0x0000000704f00000|
|  80|0x0000000705000000, 0x0000000705000000, 0x0000000705100000|  0%| F|  |TS  0|AC  0|TAMS 0x0000000705000000, 0x0000000705000000|
|  81|0x0000000705100000, 0x0000000705200000, 0x0000000705200000|100%|HS|  |TS  0|AC  0|TAMS 0x0000000705100000, 0x0000000705100000|
|  82|0x0000000705200000, 0x0000000705300000, 0x0000000705300000|100%|HC|  |TS  0|AC  0|TAMS 0x0000000705200000, 0x0000000705200000|
|  83|0x0000000705300000, 0x0000000705400000, 0x0000000705400000|100%|HC|  |TS  0|AC  0|TAMS 0x0000000705300000, 0x0000000705300000|
|  84|0x0000000705400000, 0x0000000705500000, 0x0000000705500000|100%|HC|  |TS  0|AC  0|TAMS 0x0000000705400000, 0x0000000705400000|
|  85|0x0000000705500000, 0x0000000705500000, 0x0000000705600000|  0%| F|  |TS  0|AC  0|TAMS 0x0000000705500000, 0x0000000705500000|
|  86|0x0000000705600000, 0x0000000705600000, 0x0000000705700000|  0%| F|  |TS  0|AC  0|TAMS 0x0000000705600000, 0x0000000705600000|
|  87|0x0000000705700000, 0x0000000705700000, 0x0000000705800000|  0%| F|  |TS  0|AC  0|TAMS 0x0000000705700000, 0x0000000705700000|
|  88|0x0000000705800000, 0x0000000705800000, 0x0000000705900000|  0%| F|  |TS  0|AC  0|TAMS 0x0000000705800000, 0x0000000705800000|
|  89|0x0000000705900000, 0x0000000705900000, 0x0000000705a00000|  0%| F|  |TS  0|AC  0|TAMS 0x0000000705900000, 0x0000000705900000|
|  90|0x0000000705a00000, 0x0000000705a00000, 0x0000000705b00000|  0%| F|  |TS  0|AC  0|TAMS 0x0000000705a00000, 0x0000000705a00000|
|  91|0x0000000705b00000, 0x0000000705b00000, 0x0000000705c00000|  0%| F|  |TS  0|AC  0|TAMS 0x0000000705b00000, 0x0000000705b00000|
|  92|0x0000000705c00000, 0x0000000705c00000, 0x0000000705d00000|  0%| F|  |TS  0|AC  0|TAMS 0x0000000705c00000, 0x0000000705c00000|
|  93|0x0000000705d00000, 0x0000000705d00000, 0x0000000705e00000|  0%| F|  |TS  0|AC  0|TAMS 0x0000000705d00000, 0x0000000705d00000|
|  94|0x0000000705e00000, 0x0000000705e00000, 0x0000000705f00000|  0%| F|  |TS  0|AC  0|TAMS 0x0000000705e00000, 0x0000000705e00000|
|  95|0x0000000705f00000, 0x0000000705f00000, 0x0000000706000000|  0%| F|  |TS  0|AC  0|TAMS 0x0000000705f00000, 0x0000000705f00000|
|  96|0x0000000706000000, 0x0000000706000000, 0x0000000706100000|  0%| F|  |TS  0|AC  0|TAMS 0x0000000706000000, 0x0000000706000000|
|  97|0x0000000706100000, 0x0000000706100000, 0x0000000706200000|  0%| F|  |TS  0|AC  0|TAMS 0x0000000706100000, 0x0000000706100000|
|  98|0x0000000706200000, 0x0000000706200000, 0x0000000706300000|  0%| F|  |TS  0|AC  0|TAMS 0x0000000706200000, 0x0000000706200000|
|  99|0x0000000706300000, 0x0000000706300000, 0x0000000706400000|  0%| F|  |TS  0|AC  0|TAMS 0x0000000706300000, 0x0000000706300000|
| 100|0x0000000706400000, 0x0000000706400000, 0x0000000706500000|  0%| F|  |TS  0|AC  0|TAMS 0x0000000706400000, 0x0000000706400000|
| 101|0x0000000706500000, 0x0000000706500000, 0x0000000706600000|  0%| F|  |TS  0|AC  0|TAMS 0x0000000706500000, 0x0000000706500000|
| 102|0x0000000706600000, 0x0000000706600000, 0x0000000706700000|  0%| F|  |TS  0|AC  0|TAMS 0x0000000706600000, 0x0000000706600000|
| 103|0x0000000706700000, 0x0000000706700000, 0x0000000706800000|  0%| F|  |TS  0|AC  0|TAMS 0x0000000706700000, 0x0000000706700000|
| 104|0x0000000706800000, 0x0000000706800000, 0x0000000706900000|  0%| F|  |TS  0|AC  0|TAMS 0x0000000706800000, 0x0000000706800000|
| 105|0x0000000706900000, 0x0000000706900000, 0x0000000706a00000|  0%| F|  |TS  0|AC  0|TAMS 0x0000000706900000, 0x0000000706900000|
| 106|0x0000000706a00000, 0x0000000706a00000, 0x0000000706b00000|  0%| F|  |TS  0|AC  0|TAMS 0x0000000706a00000, 0x0000000706a00000|
| 107|0x0000000706b00000, 0x0000000706b00000, 0x0000000706c00000|  0%| F|  |TS  0|AC  0|TAMS 0x0000000706b00000, 0x0000000706b00000|
| 108|0x0000000706c00000, 0x0000000706c00000, 0x0000000706d00000|  0%| F|  |TS  0|AC  0|TAMS 0x0000000706c00000, 0x0000000706c00000|
| 109|0x0000000706d00000, 0x0000000706d00000, 0x0000000706e00000|  0%| F|  |TS  0|AC  0|TAMS 0x0000000706d00000, 0x0000000706d00000|
| 110|0x0000000706e00000, 0x0000000706e00000, 0x0000000706f00000|  0%| F|  |TS  0|AC  0|TAMS 0x0000000706e00000, 0x0000000706e00000|
| 111|0x0000000706f00000, 0x0000000706f00000, 0x0000000707000000|  0%| F|  |TS  0|AC  0|TAMS 0x0000000706f00000, 0x0000000706f00000|
| 112|0x0000000707000000, 0x0000000707000000, 0x0000000707100000|  0%| F|  |TS  0|AC  0|TAMS 0x0000000707000000, 0x0000000707000000|
| 113|0x0000000707100000, 0x0000000707100000, 0x0000000707200000|  0%| F|  |TS  0|AC  0|TAMS 0x0000000707100000, 0x0000000707100000|
| 114|0x0000000707200000, 0x0000000707200000, 0x0000000707300000|  0%| F|  |TS  0|AC  0|TAMS 0x0000000707200000, 0x0000000707200000|
| 115|0x0000000707300000, 0x0000000707300000, 0x0000000707400000|  0%| F|  |TS  0|AC  0|TAMS 0x0000000707300000, 0x0000000707300000|
| 116|0x0000000707400000, 0x0000000707400000, 0x0000000707500000|  0%| F|  |TS  0|AC  0|TAMS 0x0000000707400000, 0x0000000707400000|
| 117|0x0000000707500000, 0x0000000707500000, 0x0000000707600000|  0%| F|  |TS  0|AC  0|TAMS 0x0000000707500000, 0x0000000707500000|
| 118|0x0000000707600000, 0x0000000707600000, 0x0000000707700000|  0%| F|  |TS  0|AC  0|TAMS 0x0000000707600000, 0x0000000707600000|
| 119|0x0000000707700000, 0x0000000707700000, 0x0000000707800000|  0%| F|  |TS  0|AC  0|TAMS 0x0000000707700000, 0x0000000707700000|
| 120|0x0000000707800000, 0x0000000707800000, 0x0000000707900000|  0%| F|  |TS  0|AC  0|TAMS 0x0000000707800000, 0x0000000707800000|
| 121|0x0000000707900000, 0x0000000707900000, 0x0000000707a00000|  0%| F|  |TS  0|AC  0|TAMS 0x0000000707900000, 0x0000000707900000|
| 122|0x0000000707a00000, 0x0000000707a00000, 0x0000000707b00000|  0%| F|  |TS  0|AC  0|TAMS 0x0000000707a00000, 0x0000000707a00000|
| 123|0x0000000707b00000, 0x0000000707b00000, 0x0000000707c00000|  0%| F|  |TS  0|AC  0|TAMS 0x0000000707b00000, 0x0000000707b00000|
| 124|0x0000000707c00000, 0x0000000707c00000, 0x0000000707d00000|  0%| F|  |TS  0|AC  0|TAMS 0x0000000707c00000, 0x0000000707c00000|
| 125|0x0000000707d00000, 0x0000000707d00000, 0x0000000707e00000|  0%| F|  |TS  0|AC  0|TAMS 0x0000000707d00000, 0x0000000707d00000|
| 126|0x0000000707e00000, 0x0000000707e00000, 0x0000000707f00000|  0%| F|  |TS  0|AC  0|TAMS 0x0000000707e00000, 0x0000000707e00000|
| 127|0x0000000707f00000, 0x0000000707f00000, 0x0000000708000000|  0%| F|  |TS  0|AC  0|TAMS 0x0000000707f00000, 0x0000000707f00000|
| 128|0x0000000708000000, 0x0000000708000000, 0x0000000708100000|  0%| F|  |TS  0|AC  0|TAMS 0x0000000708000000, 0x0000000708000000|
| 129|0x0000000708100000, 0x0000000708100000, 0x0000000708200000|  0%| F|  |TS  0|AC  0|TAMS 0x0000000708100000, 0x0000000708100000|
| 130|0x0000000708200000, 0x0000000708200000, 0x0000000708300000|  0%| F|  |TS  0|AC  0|TAMS 0x0000000708200000, 0x0000000708200000|
| 131|0x0000000708300000, 0x0000000708300000, 0x0000000708400000|  0%| F|  |TS  0|AC  0|TAMS 0x0000000708300000, 0x0000000708300000|
| 132|0x0000000708400000, 0x0000000708400000, 0x0000000708500000|  0%| F|  |TS  0|AC  0|TAMS 0x0000000708400000, 0x0000000708400000|
| 133|0x0000000708500000, 0x0000000708500000, 0x0000000708600000|  0%| F|  |TS  0|AC  0|TAMS 0x0000000708500000, 0x0000000708500000|
| 134|0x0000000708600000, 0x0000000708600000, 0x0000000708700000|  0%| F|  |TS  0|AC  0|TAMS 0x0000000708600000, 0x0000000708600000|
| 135|0x0000000708700000, 0x0000000708700000, 0x0000000708800000|  0%| F|  |TS  0|AC  0|TAMS 0x0000000708700000, 0x0000000708700000|
| 136|0x0000000708800000, 0x0000000708800000, 0x0000000708900000|  0%| F|  |TS  0|AC  0|TAMS 0x0000000708800000, 0x0000000708800000|
| 137|0x0000000708900000, 0x0000000708900000, 0x0000000708a00000|  0%| F|  |TS  0|AC  0|TAMS 0x0000000708900000, 0x0000000708900000|
| 138|0x0000000708a00000, 0x0000000708a00000, 0x0000000708b00000|  0%| F|  |TS  0|AC  0|TAMS 0x0000000708a00000, 0x0000000708a00000|
| 139|0x0000000708b00000, 0x0000000708b00000, 0x0000000708c00000|  0%| F|  |TS  0|AC  0|TAMS 0x0000000708b00000, 0x0000000708b00000|
| 140|0x0000000708c00000, 0x0000000708c00000, 0x0000000708d00000|  0%| F|  |TS  0|AC  0|TAMS 0x0000000708c00000, 0x0000000708c00000|
| 141|0x0000000708d00000, 0x0000000708d00000, 0x0000000708e00000|  0%| F|  |TS  0|AC  0|TAMS 0x0000000708d00000, 0x0000000708d00000|
| 142|0x0000000708e00000, 0x0000000708e00000, 0x0000000708f00000|  0%| F|  |TS  0|AC  0|TAMS 0x0000000708e00000, 0x0000000708e00000|
| 143|0x0000000708f00000, 0x0000000708f00000, 0x0000000709000000|  0%| F|  |TS  0|AC  0|TAMS 0x0000000708f00000, 0x0000000708f00000|
| 144|0x0000000709000000, 0x0000000709000000, 0x0000000709100000|  0%| F|  |TS  0|AC  0|TAMS 0x0000000709000000, 0x0000000709000000|
| 145|0x0000000709100000, 0x0000000709100000, 0x0000000709200000|  0%| F|  |TS  0|AC  0|TAMS 0x0000000709100000, 0x0000000709100000|
| 146|0x0000000709200000, 0x0000000709200000, 0x0000000709300000|  0%| F|  |TS  0|AC  0|TAMS 0x0000000709200000, 0x0000000709200000|
| 147|0x0000000709300000, 0x0000000709300000, 0x0000000709400000|  0%| F|  |TS  0|AC  0|TAMS 0x0000000709300000, 0x0000000709300000|
| 148|0x0000000709400000, 0x0000000709400000, 0x0000000709500000|  0%| F|  |TS  0|AC  0|TAMS 0x0000000709400000, 0x0000000709400000|
| 149|0x0000000709500000, 0x0000000709500000, 0x0000000709600000|  0%| F|  |TS  0|AC  0|TAMS 0x0000000709500000, 0x0000000709500000|
| 150|0x0000000709600000, 0x0000000709600000, 0x0000000709700000|  0%| F|  |TS  0|AC  0|TAMS 0x0000000709600000, 0x0000000709600000|
| 151|0x0000000709700000, 0x0000000709700000, 0x0000000709800000|  0%| F|  |TS  0|AC  0|TAMS 0x0000000709700000, 0x0000000709700000|
| 152|0x0000000709800000, 0x0000000709800000, 0x0000000709900000|  0%| F|  |TS  0|AC  0|TAMS 0x0000000709800000, 0x0000000709800000|
| 153|0x0000000709900000, 0x0000000709900000, 0x0000000709a00000|  0%| F|  |TS  0|AC  0|TAMS 0x0000000709900000, 0x0000000709900000|
| 154|0x0000000709a00000, 0x0000000709a00000, 0x0000000709b00000|  0%| F|  |TS  0|AC  0|TAMS 0x0000000709a00000, 0x0000000709a00000|
| 155|0x0000000709b00000, 0x0000000709b00000, 0x0000000709c00000|  0%| F|  |TS  0|AC  0|TAMS 0x0000000709b00000, 0x0000000709b00000|
| 156|0x0000000709c00000, 0x0000000709c00000, 0x0000000709d00000|  0%| F|  |TS  0|AC  0|TAMS 0x0000000709c00000, 0x0000000709c00000|
| 157|0x0000000709d00000, 0x0000000709d00000, 0x0000000709e00000|  0%| F|  |TS  0|AC  0|TAMS 0x0000000709d00000, 0x0000000709d00000|
| 158|0x0000000709e00000, 0x0000000709e00000, 0x0000000709f00000|  0%| F|  |TS  0|AC  0|TAMS 0x0000000709e00000, 0x0000000709e00000|
| 159|0x0000000709f00000, 0x0000000709f00000, 0x000000070a000000|  0%| F|  |TS  0|AC  0|TAMS 0x0000000709f00000, 0x0000000709f00000|
| 160|0x000000070a000000, 0x000000070a000000, 0x000000070a100000|  0%| F|  |TS  0|AC  0|TAMS 0x000000070a000000, 0x000000070a000000|
| 161|0x000000070a100000, 0x000000070a100000, 0x000000070a200000|  0%| F|  |TS  0|AC  0|TAMS 0x000000070a100000, 0x000000070a100000|
| 162|0x000000070a200000, 0x000000070a200000, 0x000000070a300000|  0%| F|  |TS  0|AC  0|TAMS 0x000000070a200000, 0x000000070a200000|
| 163|0x000000070a300000, 0x000000070a300000, 0x000000070a400000|  0%| F|  |TS  0|AC  0|TAMS 0x000000070a300000, 0x000000070a300000|
| 164|0x000000070a400000, 0x000000070a400000, 0x000000070a500000|  0%| F|  |TS  0|AC  0|TAMS 0x000000070a400000, 0x000000070a400000|
| 165|0x000000070a500000, 0x000000070a500000, 0x000000070a600000|  0%| F|  |TS  0|AC  0|TAMS 0x000000070a500000, 0x000000070a500000|
| 166|0x000000070a600000, 0x000000070a600000, 0x000000070a700000|  0%| F|  |TS  0|AC  0|TAMS 0x000000070a600000, 0x000000070a600000|
| 167|0x000000070a700000, 0x000000070a700000, 0x000000070a800000|  0%| F|  |TS  0|AC  0|TAMS 0x000000070a700000, 0x000000070a700000|
| 168|0x000000070a800000, 0x000000070a800000, 0x000000070a900000|  0%| F|  |TS  0|AC  0|TAMS 0x000000070a800000, 0x000000070a800000|
| 169|0x000000070a900000, 0x000000070a900000, 0x000000070aa00000|  0%| F|  |TS  0|AC  0|TAMS 0x000000070a900000, 0x000000070a900000|
| 170|0x000000070aa00000, 0x000000070aa00000, 0x000000070ab00000|  0%| F|  |TS  0|AC  0|TAMS 0x000000070aa00000, 0x000000070aa00000|
| 171|0x000000070ab00000, 0x000000070ab00000, 0x000000070ac00000|  0%| F|  |TS  0|AC  0|TAMS 0x000000070ab00000, 0x000000070ab00000|
| 172|0x000000070ac00000, 0x000000070ac00000, 0x000000070ad00000|  0%| F|  |TS  0|AC  0|TAMS 0x000000070ac00000, 0x000000070ac00000|
| 173|0x000000070ad00000, 0x000000070ad00000, 0x000000070ae00000|  0%| F|  |TS  0|AC  0|TAMS 0x000000070ad00000, 0x000000070ad00000|
| 174|0x000000070ae00000, 0x000000070ae00000, 0x000000070af00000|  0%| F|  |TS  0|AC  0|TAMS 0x000000070ae00000, 0x000000070ae00000|
| 175|0x000000070af00000, 0x000000070af00000, 0x000000070b000000|  0%| F|  |TS  0|AC  0|TAMS 0x000000070af00000, 0x000000070af00000|
| 176|0x000000070b000000, 0x000000070b000000, 0x000000070b100000|  0%| F|  |TS  0|AC  0|TAMS 0x000000070b000000, 0x000000070b000000|
| 177|0x000000070b100000, 0x000000070b100000, 0x000000070b200000|  0%| F|  |TS  0|AC  0|TAMS 0x000000070b100000, 0x000000070b100000|
| 178|0x000000070b200000, 0x000000070b200000, 0x000000070b300000|  0%| F|  |TS  0|AC  0|TAMS 0x000000070b200000, 0x000000070b200000|
| 179|0x000000070b300000, 0x000000070b300000, 0x000000070b400000|  0%| F|  |TS  0|AC  0|TAMS 0x000000070b300000, 0x000000070b300000|
| 180|0x000000070b400000, 0x000000070b400000, 0x000000070b500000|  0%| F|  |TS  0|AC  0|TAMS 0x000000070b400000, 0x000000070b400000|
| 181|0x000000070b500000, 0x000000070b500000, 0x000000070b600000|  0%| F|  |TS  0|AC  0|TAMS 0x000000070b500000, 0x000000070b500000|
| 182|0x000000070b600000, 0x000000070b600000, 0x000000070b700000|  0%| F|  |TS  0|AC  0|TAMS 0x000000070b600000, 0x000000070b600000|
| 183|0x000000070b700000, 0x000000070b700000, 0x000000070b800000|  0%| F|  |TS  0|AC  0|TAMS 0x000000070b700000, 0x000000070b700000|
| 184|0x000000070b800000, 0x000000070b800000, 0x000000070b900000|  0%| F|  |TS  0|AC  0|TAMS 0x000000070b800000, 0x000000070b800000|
| 185|0x000000070b900000, 0x000000070b900000, 0x000000070ba00000|  0%| F|  |TS  0|AC  0|TAMS 0x000000070b900000, 0x000000070b900000|
| 186|0x000000070ba00000, 0x000000070ba00000, 0x000000070bb00000|  0%| F|  |TS  0|AC  0|TAMS 0x000000070ba00000, 0x000000070ba00000|
| 187|0x000000070bb00000, 0x000000070bb00000, 0x000000070bc00000|  0%| F|  |TS  0|AC  0|TAMS 0x000000070bb00000, 0x000000070bb00000|
| 188|0x000000070bc00000, 0x000000070bc00000, 0x000000070bd00000|  0%| F|  |TS 35|AC  0|TAMS 0x000000070bc00000, 0x000000070bc00000|
| 189|0x000000070bd00000, 0x000000070bda52a0, 0x000000070be00000| 64%| S|CS|TS 35|AC  0|TAMS 0x000000070bd00000, 0x000000070bd00000|
| 190|0x000000070be00000, 0x000000070be00000, 0x000000070bf00000|  0%| F|  |TS 35|AC  0|TAMS 0x000000070be00000, 0x000000070be00000|
| 191|0x000000070bf00000, 0x000000070bf00000, 0x000000070c000000|  0%| F|  |TS 35|AC  0|TAMS 0x000000070bf00000, 0x000000070bf00000|
| 192|0x000000070c000000, 0x000000070c000000, 0x000000070c100000|  0%| F|  |TS 35|AC  0|TAMS 0x000000070c000000, 0x000000070c000000|
| 193|0x000000070c100000, 0x000000070c100000, 0x000000070c200000|  0%| F|  |TS 35|AC  0|TAMS 0x000000070c100000, 0x000000070c100000|
| 194|0x000000070c200000, 0x000000070c200000, 0x000000070c300000|  0%| F|  |TS 35|AC  0|TAMS 0x000000070c200000, 0x000000070c200000|
| 195|0x000000070c300000, 0x000000070c300000, 0x000000070c400000|  0%| F|  |TS 35|AC  0|TAMS 0x000000070c300000, 0x000000070c300000|
| 196|0x000000070c400000, 0x000000070c400000, 0x000000070c500000|  0%| F|  |TS 35|AC  0|TAMS 0x000000070c400000, 0x000000070c400000|
| 197|0x000000070c500000, 0x000000070c500000, 0x000000070c600000|  0%| F|  |TS 35|AC  0|TAMS 0x000000070c500000, 0x000000070c500000|
| 198|0x000000070c600000, 0x000000070c688ab8, 0x000000070c700000| 56%| E|  |TS 35|AC  0|TAMS 0x000000070c600000, 0x000000070c600000|
| 199|0x000000070c700000, 0x000000070c800000, 0x000000070c800000|100%| E|CS|TS 35|AC  0|TAMS 0x000000070c700000, 0x000000070c700000|
| 200|0x000000070c800000, 0x000000070c900000, 0x000000070c900000|100%| E|CS|TS 35|AC  0|TAMS 0x000000070c800000, 0x000000070c800000|
| 201|0x000000070c900000, 0x000000070ca00000, 0x000000070ca00000|100%| E|CS|TS 35|AC  0|TAMS 0x000000070c900000, 0x000000070c900000|
| 202|0x000000070ca00000, 0x000000070cb00000, 0x000000070cb00000|100%| E|CS|TS 35|AC  0|TAMS 0x000000070ca00000, 0x000000070ca00000|
| 203|0x000000070cb00000, 0x000000070cc00000, 0x000000070cc00000|100%| E|CS|TS 35|AC  0|TAMS 0x000000070cb00000, 0x000000070cb00000|
| 204|0x000000070cc00000, 0x000000070cd00000, 0x000000070cd00000|100%| E|CS|TS 35|AC  0|TAMS 0x000000070cc00000, 0x000000070cc00000|
| 205|0x000000070cd00000, 0x000000070ce00000, 0x000000070ce00000|100%| E|CS|TS 35|AC  0|TAMS 0x000000070cd00000, 0x000000070cd00000|
| 206|0x000000070ce00000, 0x000000070cf00000, 0x000000070cf00000|100%| E|CS|TS 35|AC  0|TAMS 0x000000070ce00000, 0x000000070ce00000|
| 207|0x000000070cf00000, 0x000000070d000000, 0x000000070d000000|100%| E|CS|TS 35|AC  0|TAMS 0x000000070cf00000, 0x000000070cf00000|
| 208|0x000000070d000000, 0x000000070d100000, 0x000000070d100000|100%| E|CS|TS 35|AC  0|TAMS 0x000000070d000000, 0x000000070d000000|
| 209|0x000000070d100000, 0x000000070d200000, 0x000000070d200000|100%| E|CS|TS 35|AC  0|TAMS 0x000000070d100000, 0x000000070d100000|
| 210|0x000000070d200000, 0x000000070d300000, 0x000000070d300000|100%| E|CS|TS 35|AC  0|TAMS 0x000000070d200000, 0x000000070d200000|
| 211|0x000000070d300000, 0x000000070d400000, 0x000000070d400000|100%| E|CS|TS 35|AC  0|TAMS 0x000000070d300000, 0x000000070d300000|
| 212|0x000000070d400000, 0x000000070d500000, 0x000000070d500000|100%| E|CS|TS 35|AC  0|TAMS 0x000000070d400000, 0x000000070d400000|
| 213|0x000000070d500000, 0x000000070d600000, 0x000000070d600000|100%| E|CS|TS 35|AC  0|TAMS 0x000000070d500000, 0x000000070d500000|
| 214|0x000000070d600000, 0x000000070d700000, 0x000000070d700000|100%| E|CS|TS 35|AC  0|TAMS 0x000000070d600000, 0x000000070d600000|
| 215|0x000000070d700000, 0x000000070d800000, 0x000000070d800000|100%| E|CS|TS 35|AC  0|TAMS 0x000000070d700000, 0x000000070d700000|
| 216|0x000000070d800000, 0x000000070d900000, 0x000000070d900000|100%| E|CS|TS 35|AC  0|TAMS 0x000000070d800000, 0x000000070d800000|
| 217|0x000000070d900000, 0x000000070da00000, 0x000000070da00000|100%| E|CS|TS 35|AC  0|TAMS 0x000000070d900000, 0x000000070d900000|
| 218|0x000000070da00000, 0x000000070db00000, 0x000000070db00000|100%| E|CS|TS 35|AC  0|TAMS 0x000000070da00000, 0x000000070da00000|
| 219|0x000000070db00000, 0x000000070dc00000, 0x000000070dc00000|100%| E|CS|TS 35|AC  0|TAMS 0x000000070db00000, 0x000000070db00000|
| 220|0x000000070dc00000, 0x000000070dd00000, 0x000000070dd00000|100%| E|CS|TS 35|AC  0|TAMS 0x000000070dc00000, 0x000000070dc00000|
| 221|0x000000070dd00000, 0x000000070de00000, 0x000000070de00000|100%| E|CS|TS 35|AC  0|TAMS 0x000000070dd00000, 0x000000070dd00000|
| 222|0x000000070de00000, 0x000000070df00000, 0x000000070df00000|100%| E|CS|TS 35|AC  0|TAMS 0x000000070de00000, 0x000000070de00000|
| 223|0x000000070df00000, 0x000000070e000000, 0x000000070e000000|100%| E|CS|TS 35|AC  0|TAMS 0x000000070df00000, 0x000000070df00000|
| 224|0x000000070e000000, 0x000000070e100000, 0x000000070e100000|100%| E|CS|TS 35|AC  0|TAMS 0x000000070e000000, 0x000000070e000000|
| 225|0x000000070e100000, 0x000000070e200000, 0x000000070e200000|100%| E|CS|TS 35|AC  0|TAMS 0x000000070e100000, 0x000000070e100000|
| 226|0x000000070e200000, 0x000000070e300000, 0x000000070e300000|100%| E|CS|TS 35|AC  0|TAMS 0x000000070e200000, 0x000000070e200000|
| 227|0x000000070e300000, 0x000000070e400000, 0x000000070e400000|100%| E|CS|TS 35|AC  0|TAMS 0x000000070e300000, 0x000000070e300000|
| 228|0x000000070e400000, 0x000000070e500000, 0x000000070e500000|100%| E|CS|TS 35|AC  0|TAMS 0x000000070e400000, 0x000000070e400000|
| 229|0x000000070e500000, 0x000000070e600000, 0x000000070e600000|100%| E|CS|TS 35|AC  0|TAMS 0x000000070e500000, 0x000000070e500000|
| 230|0x000000070e600000, 0x000000070e700000, 0x000000070e700000|100%| E|CS|TS 35|AC  0|TAMS 0x000000070e600000, 0x000000070e600000|
| 231|0x000000070e700000, 0x000000070e800000, 0x000000070e800000|100%| E|CS|TS 35|AC  0|TAMS 0x000000070e700000, 0x000000070e700000|
| 232|0x000000070e800000, 0x000000070e900000, 0x000000070e900000|100%| E|CS|TS 35|AC  0|TAMS 0x000000070e800000, 0x000000070e800000|
| 233|0x000000070e900000, 0x000000070ea00000, 0x000000070ea00000|100%| E|CS|TS 35|AC  0|TAMS 0x000000070e900000, 0x000000070e900000|
| 234|0x000000070ea00000, 0x000000070eb00000, 0x000000070eb00000|100%| E|CS|TS 35|AC  0|TAMS 0x000000070ea00000, 0x000000070ea00000|
| 235|0x000000070eb00000, 0x000000070ec00000, 0x000000070ec00000|100%| E|CS|TS 35|AC  0|TAMS 0x000000070eb00000, 0x000000070eb00000|
| 236|0x000000070ec00000, 0x000000070ed00000, 0x000000070ed00000|100%| E|CS|TS 35|AC  0|TAMS 0x000000070ec00000, 0x000000070ec00000|
| 237|0x000000070ed00000, 0x000000070ee00000, 0x000000070ee00000|100%| E|CS|TS 35|AC  0|TAMS 0x000000070ed00000, 0x000000070ed00000|
| 238|0x000000070ee00000, 0x000000070ef00000, 0x000000070ef00000|100%| E|CS|TS 35|AC  0|TAMS 0x000000070ee00000, 0x000000070ee00000|
| 239|0x000000070ef00000, 0x000000070f000000, 0x000000070f000000|100%| E|CS|TS 35|AC  0|TAMS 0x000000070ef00000, 0x000000070ef00000|
| 240|0x000000070f000000, 0x000000070f100000, 0x000000070f100000|100%| E|CS|TS 35|AC  0|TAMS 0x000000070f000000, 0x000000070f000000|
| 241|0x000000070f100000, 0x000000070f200000, 0x000000070f200000|100%| E|CS|TS 35|AC  0|TAMS 0x000000070f100000, 0x000000070f100000|
| 242|0x000000070f200000, 0x000000070f300000, 0x000000070f300000|100%| E|CS|TS 35|AC  0|TAMS 0x000000070f200000, 0x000000070f200000|
| 243|0x000000070f300000, 0x000000070f400000, 0x000000070f400000|100%| E|CS|TS 35|AC  0|TAMS 0x000000070f300000, 0x000000070f300000|
| 244|0x000000070f400000, 0x000000070f500000, 0x000000070f500000|100%| E|CS|TS 35|AC  0|TAMS 0x000000070f400000, 0x000000070f400000|
| 245|0x000000070f500000, 0x000000070f600000, 0x000000070f600000|100%| E|CS|TS 35|AC  0|TAMS 0x000000070f500000, 0x000000070f500000|
| 246|0x000000070f600000, 0x000000070f700000, 0x000000070f700000|100%| E|CS|TS 35|AC  0|TAMS 0x000000070f600000, 0x000000070f600000|
| 247|0x000000070f700000, 0x000000070f800000, 0x000000070f800000|100%| E|CS|TS 35|AC  0|TAMS 0x000000070f700000, 0x000000070f700000|
| 248|0x000000070f800000, 0x000000070f900000, 0x000000070f900000|100%| E|CS|TS 35|AC  0|TAMS 0x000000070f800000, 0x000000070f800000|

Card table byte_map: [0x000002fafd290000,0x000002fafd890000] byte_map_base: 0x000002faf9a90000

Marking Bits (Prev, Next): (CMBitMap*) 0x000002fafc2a1cd0, (CMBitMap*) 0x000002fafc2a1d08
 Prev Bits: [0x000002fa989f0000, 0x000002fa9b9f0000)
 Next Bits: [0x000002fa9b9f0000, 0x000002fa9e9f0000)

Polling page: 0x000002faf4670000

CodeHeap 'non-profiled nmethods': size=120000Kb used=25968Kb max_used=25968Kb free=94031Kb
 bounds [0x000002fa914c0000, 0x000002fa92e30000, 0x000002fa989f0000]
CodeHeap 'profiled nmethods': size=120000Kb used=43130Kb max_used=43685Kb free=76869Kb
 bounds [0x000002fa89f90000, 0x000002fa8cac0000, 0x000002fa914c0000]
CodeHeap 'non-nmethods': size=5760Kb used=1790Kb max_used=1848Kb free=3969Kb
 bounds [0x000002fa899f0000, 0x000002fa89c60000, 0x000002fa89f90000]
 total_blobs=39453 nmethods=19365 adapters=1121
 compilation: enabled

Compilation events (10 events):
Event: 144982.662 Thread 0x000002faf68b4000 26492  s    3       java.awt.SequencedEvent::getFirst (10 bytes)
Event: 144982.662 Thread 0x000002faf68b4000 nmethod 26492 0x000002fa8adedb10 code [0x000002fa8adedce0, 0x000002fa8adee1b0]
Event: 144982.662 Thread 0x000002faf68b4000 26493   !   3       java.awt.KeyboardFocusManager::setGlobalFocusedWindow (82 bytes)
Event: 144982.662 Thread 0x000002faf68b4000 nmethod 26493 0x000002fa8b9fd290 code [0x000002fa8b9fd500, 0x000002fa8b9fe0f0]
Event: 144982.673 Thread 0x000002faf4a61000 26494       4       ui.b.c.b.A::getMaxSelectionIndex (72 bytes)
Event: 144982.681 Thread 0x000002faf4a61000 nmethod 26494 0x000002fa92e1bf90 code [0x000002fa92e1c1e0, 0x000002fa92e1ca88]
Event: 144983.602 Thread 0x000002faf68b4000 26495       1       java.awt.Window::getFocusCycleRootAncestor (2 bytes)
Event: 144983.602 Thread 0x000002faf68b4000 nmethod 26495 0x000002fa92e1d390 code [0x000002fa92e1d540, 0x000002fa92e1d658]
Event: 144983.619 Thread 0x000002faf4a60000 26496       4       javax.swing.text.GapVector::open (72 bytes)
Event: 144983.647 Thread 0x000002faf4a60000 nmethod 26496 0x000002fa92e1d710 code [0x000002fa92e1d980, 0x000002fa92e1f910]

GC Heap History (10 events):
Event: 144871.176 GC heap before
{Heap before GC invocations=1827 (full 726):
 garbage-first heap   total 254976K, used 141885K [0x0000000700000000, 0x00000007001007c8, 0x00000007c0000000)
  region size 1024K, 60 young (61440K), 1 survivors (1024K)
 Metaspace       used 83757K, capacity 85709K, committed 92080K, reserved 1128448K
  class space    used 10710K, capacity 11131K, committed 12464K, reserved 1048576K
}
Event: 144871.178 GC heap after
{Heap after GC invocations=1828 (full 726):
 garbage-first heap   total 254976K, used 81666K [0x0000000700000000, 0x00000007001007c8, 0x00000007c0000000)
  region size 1024K, 1 young (1024K), 1 survivors (1024K)
 Metaspace       used 83757K, capacity 85709K, committed 92080K, reserved 1128448K
  class space    used 10710K, capacity 11131K, committed 12464K, reserved 1048576K
}
Event: 144887.432 GC heap before
{Heap before GC invocations=1828 (full 726):
 garbage-first heap   total 254976K, used 142082K [0x0000000700000000, 0x00000007001007c8, 0x00000007c0000000)
  region size 1024K, 60 young (61440K), 1 survivors (1024K)
 Metaspace       used 83806K, capacity 85773K, committed 92080K, reserved 1128448K
  class space    used 10714K, capacity 11131K, committed 12464K, reserved 1048576K
}
Event: 144887.433 GC heap after
{Heap after GC invocations=1829 (full 726):
 garbage-first heap   total 254976K, used 81690K [0x0000000700000000, 0x00000007001007c8, 0x00000007c0000000)
  region size 1024K, 1 young (1024K), 1 survivors (1024K)
 Metaspace       used 83806K, capacity 85773K, committed 92080K, reserved 1128448K
  class space    used 10714K, capacity 11131K, committed 12464K, reserved 1048576K
}
Event: 144943.112 GC heap before
{Heap before GC invocations=1829 (full 726):
 garbage-first heap   total 254976K, used 142106K [0x0000000700000000, 0x00000007001007c8, 0x00000007c0000000)
  region size 1024K, 60 young (61440K), 1 survivors (1024K)
 Metaspace       used 83844K, capacity 85831K, committed 92080K, reserved 1128448K
  class space    used 10722K, capacity 11144K, committed 12464K, reserved 1048576K
}
Event: 144943.114 GC heap after
{Heap after GC invocations=1830 (full 726):
 garbage-first heap   total 254976K, used 81651K [0x0000000700000000, 0x00000007001007c8, 0x00000007c0000000)
  region size 1024K, 1 young (1024K), 1 survivors (1024K)
 Metaspace       used 83844K, capacity 85831K, committed 92080K, reserved 1128448K
  class space    used 10722K, capacity 11144K, committed 12464K, reserved 1048576K
}
Event: 144981.820 GC heap before
{Heap before GC invocations=1830 (full 726):
 garbage-first heap   total 254976K, used 142067K [0x0000000700000000, 0x00000007001007c8, 0x00000007c0000000)
  region size 1024K, 60 young (61440K), 1 survivors (1024K)
 Metaspace       used 83867K, capacity 85837K, committed 92080K, reserved 1128448K
  class space    used 10722K, capacity 11145K, committed 12464K, reserved 1048576K
}
Event: 144981.822 GC heap after
{Heap after GC invocations=1831 (full 726):
 garbage-first heap   total 254976K, used 81905K [0x0000000700000000, 0x00000007001007c8, 0x00000007c0000000)
  region size 1024K, 1 young (1024K), 1 survivors (1024K)
 Metaspace       used 83867K, capacity 85837K, committed 92080K, reserved 1128448K
  class space    used 10722K, capacity 11145K, committed 12464K, reserved 1048576K
}
Event: 144981.949 GC heap before
{Heap before GC invocations=1831 (full 726):
 garbage-first heap   total 254976K, used 142321K [0x0000000700000000, 0x00000007001007c8, 0x00000007c0000000)
  region size 1024K, 60 young (61440K), 1 survivors (1024K)
 Metaspace       used 83867K, capacity 85837K, committed 92080K, reserved 1128448K
  class space    used 10722K, capacity 11145K, committed 12464K, reserved 1048576K
}
Event: 144981.951 GC heap after
{Heap after GC invocations=1832 (full 726):
 garbage-first heap   total 254976K, used 81925K [0x0000000700000000, 0x00000007001007c8, 0x00000007c0000000)
  region size 1024K, 1 young (1024K), 1 survivors (1024K)
 Metaspace       used 83867K, capacity 85837K, committed 92080K, reserved 1128448K
  class space    used 10722K, capacity 11145K, committed 12464K, reserved 1048576K
}

Deoptimization events (10 events):
Event: 144887.395 Thread 0x000002fa80fcc000 Uncommon trap: reason=class_check action=maybe_recompile pc=0x000002fa92a2db94 method=javax.swing.JMenu.isSelected()Z @ 4 c2
Event: 144887.395 Thread 0x000002fa80fcc000 Uncommon trap: reason=class_check action=maybe_recompile pc=0x000002fa92a2db94 method=javax.swing.JMenu.isSelected()Z @ 4 c2
Event: 144887.429 Thread 0x000002fa80fcc000 Uncommon trap: reason=class_check action=maybe_recompile pc=0x000002fa92a2db94 method=javax.swing.JMenu.isSelected()Z @ 4 c2
Event: 144887.429 Thread 0x000002fa80fcc000 Uncommon trap: reason=class_check action=maybe_recompile pc=0x000002fa92a2db94 method=javax.swing.JMenu.isSelected()Z @ 4 c2
Event: 144890.041 Thread 0x000002fa80fcc000 Uncommon trap: reason=unstable_if action=reinterpret pc=0x000002fa92a16fa0 method=javax.swing.text.GapContent.shiftGap(I)V @ 33 c2
Event: 144912.778 Thread 0x000002fa80fcc000 Uncommon trap: reason=unstable_if action=reinterpret pc=0x000002fa926ec134 method=javax.swing.text.GapContent.getPositionsInRange(Ljava/util/Vector;II)Ljava/util/Vector; @ 20 c2
Event: 144914.065 Thread 0x000002fa80fcc000 Uncommon trap: reason=unstable_if action=reinterpret pc=0x000002fa916b97f0 method=javax.swing.text.GapContent.findMarkAdjustIndex(I)I @ 51 c2
Event: 144914.067 Thread 0x000002fa80fcc000 Uncommon trap: reason=unstable_if action=reinterpret pc=0x000002fa92d90844 method=javax.swing.undo.UndoManager.canRedo()Z @ 13 c2
Event: 144975.913 Thread 0x000002fa80fcc000 Uncommon trap: reason=class_check action=maybe_recompile pc=0x000002fa927df004 method=java.util.concurrent.ConcurrentHashMap.replaceNode(Ljava/lang/Object;Ljava/lang/Object;Ljava/lang/Object;)Ljava/lang/Object; @ 147 c2
Event: 144975.914 Thread 0x000002fa80fcc000 Uncommon trap: reason=class_check action=maybe_recompile pc=0x000002fa927df004 method=java.util.concurrent.ConcurrentHashMap.replaceNode(Ljava/lang/Object;Ljava/lang/Object;Ljava/lang/Object;)Ljava/lang/Object; @ 147 c2

Classes redefined (0 events):
No events

Internal exceptions (10 events):
Event: 140659.148 Thread 0x000002fa80fcc000 Implicit null exception at 0x000002fa91d33dd3 to 0x000002fa91d33df1
Event: 140659.149 Thread 0x000002fa80fcc000 Implicit null exception at 0x000002fa926b2690 to 0x000002fa926b2b75
Event: 140659.163 Thread 0x000002fa80fcc000 Implicit null exception at 0x000002fa92610fd6 to 0x000002fa92611985
Event: 140659.163 Thread 0x000002fa80fcc000 Implicit null exception at 0x000002fa924e8597 to 0x000002fa924e8711
Event: 140659.452 Thread 0x000002fa80fcc000 Implicit null exception at 0x000002fa9279e530 to 0x000002fa927a1f95
Event: 140946.112 Thread 0x000002fa80fcc000 Implicit null exception at 0x000002fa922a7001 to 0x000002fa922a872d
Event: 142040.005 Thread 0x000002fa80fcc000 Implicit null exception at 0x000002fa9246c9e9 to 0x000002fa9246ced9
Event: 143252.731 Thread 0x000002faa3da4000 Exception <a 'java/lang/InterruptedException'{0x000000070c9b4e60}: sleep interrupted> (0x000000070c9b4e60) thrown at [t:/workspace/hotspot/src/share/vm/prims/jvm.cpp, line 3023]
Event: 144804.498 Thread 0x000002fa80fcc000 Exception <a 'java/lang/NoSuchMethodError'{0x000000070bd64510}: java.lang.invoke.DelegatingMethodHandle$Holder.reinvoke_L(Ljava/lang/Object;IIILjava/lang/Object;Ljava/lang/Object;Ljava/lang/Object;Ljava/lang/Object;)Ljava/lang/Object;> (0x000000070bd64510
Event: 144979.218 Thread 0x000002faa3da4000 Exception <a 'java/lang/InterruptedException'{0x000000070cd428e0}: sleep interrupted> (0x000000070cd428e0) thrown at [t:/workspace/hotspot/src/share/vm/prims/jvm.cpp, line 3023]

Events (10 events):
Event: 144981.951 Executing VM operation: G1IncCollectionPause done
Event: 144982.295 Thread 0x000002faa3da4000 Thread added: 0x000002faa3da4000
Event: 144982.297 Thread 0x000002faa3da4000 Thread exited: 0x000002faa3da4000
Event: 144982.644 Thread 0x000002faa3daa000 Thread added: 0x000002faa3daa000
Event: 144982.646 Executing VM operation: BulkRevokeBias
Event: 144982.649 Executing VM operation: BulkRevokeBias done
Event: 144982.650 Executing VM operation: RevokeBias
Event: 144982.650 Executing VM operation: RevokeBias done
Event: 144983.295 Thread 0x000002faa3da4000 Thread added: 0x000002faa3da4000
Event: 144983.298 Thread 0x000002faa3da4000 Thread exited: 0x000002faa3da4000


Dynamic libraries:
0x00007ff6c9000000 - 0x00007ff6c9030000 	D:\Xilinx\Vivado\2019.1\bin\unwrapped\win64.o\vivado.exe
0x00007ffa7cb50000 - 0x00007ffa7cd48000 	C:\WINDOWS\SYSTEM32\ntdll.dll
0x00007ffa7b130000 - 0x00007ffa7b1f2000 	C:\WINDOWS\System32\KERNEL32.DLL
0x00007ffa7a4d0000 - 0x00007ffa7a7c6000 	C:\WINDOWS\System32\KERNELBASE.dll
0x00007ffa7a350000 - 0x00007ffa7a450000 	C:\WINDOWS\System32\ucrtbase.dll
0x00007ffa63990000 - 0x00007ffa63a1d000 	C:\WINDOWS\SYSTEM32\MSVCP140.dll
0x00007ffa762b0000 - 0x00007ffa762c4000 	D:\Xilinx\Vivado\2019.1\lib\win64.o\libboost_signals.dll
0x00007ffa76290000 - 0x00007ffa762a4000 	D:\Xilinx\Vivado\2019.1\lib\win64.o\librdi_commonmain.dll
0x00007ffa64470000 - 0x00007ffa6448e000 	C:\WINDOWS\SYSTEM32\VCRUNTIME140.dll
0x00007ffa1f670000 - 0x00007ffa20552000 	D:\Xilinx\Vivado\2019.1\lib\win64.o\librdi_common.dll
0x00007ffa7bb40000 - 0x00007ffa7bcdd000 	C:\WINDOWS\System32\USER32.dll
0x00007ffa64460000 - 0x00007ffa6446c000 	C:\WINDOWS\SYSTEM32\VCRUNTIME140_1.dll
0x00007ffa7a7d0000 - 0x00007ffa7a7f2000 	C:\WINDOWS\System32\win32u.dll
0x00007ffa7c840000 - 0x00007ffa7c86b000 	C:\WINDOWS\System32\GDI32.dll
0x00007ffa76200000 - 0x00007ffa76226000 	D:\Xilinx\Vivado\2019.1\lib\win64.o\libboost_filesystem.dll
0x00007ffa7a830000 - 0x00007ffa7a94a000 	C:\WINDOWS\System32\gdi32full.dll
0x00007ffa76280000 - 0x00007ffa7628a000 	D:\Xilinx\Vivado\2019.1\lib\win64.o\librdi_commonversion.dll
0x00007ffa7be90000 - 0x00007ffa7bf3f000 	C:\WINDOWS\System32\ADVAPI32.dll
0x00007ffa7aae0000 - 0x00007ffa7ab7d000 	C:\WINDOWS\System32\msvcp_win.dll
0x00007ffa6dca0000 - 0x00007ffa6ddc1000 	D:\Xilinx\Vivado\2019.1\lib\win64.o\librdi_commonxillic.dll
0x00007ffa7bce0000 - 0x00007ffa7bd7e000 	C:\WINDOWS\System32\msvcrt.dll
0x00007ffa7b3b0000 - 0x00007ffa7bb1e000 	C:\WINDOWS\System32\SHELL32.dll
0x00007ffa7ac90000 - 0x00007ffa7ad2f000 	C:\WINDOWS\System32\sechost.dll
0x0000000050460000 - 0x000000005058b000 	D:\Xilinx\Vivado\2019.1\lib\win64.o\tcl85t.dll
0x00007ffa7b2d0000 - 0x00007ffa7b33b000 	C:\WINDOWS\System32\WS2_32.dll
0x00007ffa7ad90000 - 0x00007ffa7aeb3000 	C:\WINDOWS\System32\RPCRT4.dll
0x00007ffa7a800000 - 0x00007ffa7a827000 	C:\WINDOWS\System32\bcrypt.dll
0x00007ffa67b50000 - 0x00007ffa67ebe000 	D:\Xilinx\Vivado\2019.1\lib\win64.o\libCOIN-all.dll
0x00007ffa761e0000 - 0x00007ffa761f4000 	D:\Xilinx\Vivado\2019.1\lib\win64.o\libboost_date_time.dll
0x00007ffa75a30000 - 0x00007ffa75aaf000 	D:\Xilinx\Vivado\2019.1\lib\win64.o\libboost_program_options.dll
0x00007ffa76270000 - 0x00007ffa7627b000 	D:\Xilinx\Vivado\2019.1\lib\win64.o\libboost_system.dll
0x00007ffa759d0000 - 0x00007ffa759f1000 	D:\Xilinx\Vivado\2019.1\lib\win64.o\libboost_thread.dll
0x00007ffa6db80000 - 0x00007ffa6dc94000 	D:\Xilinx\Vivado\2019.1\lib\win64.o\libboost_regex.dll
0x00007ffa75a20000 - 0x00007ffa75a2f000 	D:\Xilinx\Vivado\2019.1\lib\win64.o\libboost_xilinx.dll
0x00007ffa737a0000 - 0x00007ffa73822000 	D:\Xilinx\Vivado\2019.1\lib\win64.o\libhdlpsolve.dll
0x00007ffa67aa0000 - 0x00007ffa67b45000 	D:\Xilinx\Vivado\2019.1\lib\win64.o\libhdxml.dll
0x00007ffa2e380000 - 0x00007ffa2ef2f400 	D:\Xilinx\Vivado\2019.1\lib\win64.o\libisl_iostreams.dll
0x00007ffa73600000 - 0x00007ffa7362e000 	D:\Xilinx\Vivado\2019.1\lib\win64.o\libisl_sysinfo.dll
0x00007ffa73730000 - 0x00007ffa73795000 	D:\Xilinx\Vivado\2019.1\lib\win64.o\liblmx6.0.dll
0x00007ffa72e20000 - 0x00007ffa72e3a000 	D:\Xilinx\Vivado\2019.1\lib\win64.o\pthreadVC2.dll
0x00007ffa72860000 - 0x00007ffa7287c000 	D:\Xilinx\Vivado\2019.1\lib\win64.o\librdiconfig.dll
0x00007ffa6ee90000 - 0x00007ffa6eeb1000 	D:\Xilinx\Vivado\2019.1\lib\win64.o\librdizlib.dll
0x0000000012000000 - 0x0000000012270000 	D:\Xilinx\Vivado\2019.1\lib\win64.o\xerces-c_3_1.dll
0x00007ffa4cc60000 - 0x00007ffa4cc79000 	C:\WINDOWS\SYSTEM32\NETAPI32.dll
0x00007ffa550a0000 - 0x00007ffa55576000 	C:\WINDOWS\SYSTEM32\WININET.dll
0x00007ffa73a00000 - 0x00007ffa73b0a000 	C:\WINDOWS\SYSTEM32\WINHTTP.dll
0x00007ffa66da0000 - 0x00007ffa66f90000 	C:\WINDOWS\SYSTEM32\urlmon.dll
0x00007ffa2cb40000 - 0x00007ffa2ce18000 	D:\Xilinx\Vivado\2019.1\lib\win64.o\libXil_lmgr11.dll
0x00007ffa7ab80000 - 0x00007ffa7ac5a000 	C:\WINDOWS\System32\COMDLG32.dll
0x00007ffa7c4e0000 - 0x00007ffa7c833000 	C:\WINDOWS\System32\combase.dll
0x00007ffa7aff0000 - 0x00007ffa7b09d000 	C:\WINDOWS\System32\shcore.dll
0x00007ffa541c0000 - 0x00007ffa541c9000 	C:\WINDOWS\SYSTEM32\WSOCK32.dll
0x00007ffa1dd50000 - 0x00007ffa1ebe1000 	D:\Xilinx\Vivado\2019.1\lib\win64.o\gurobi65.dll
0x00007ffa7bd80000 - 0x00007ffa7bdd5000 	C:\WINDOWS\System32\SHLWAPI.dll
0x00007ffa6ee60000 - 0x00007ffa6ee90000 	C:\WINDOWS\SYSTEM32\VCOMP140.DLL
0x00007ffa7b200000 - 0x00007ffa7b2cd000 	C:\WINDOWS\System32\OLEAUT32.dll
0x00007ffa7aec0000 - 0x00007ffa7afeb000 	C:\WINDOWS\System32\ole32.dll
0x00007ffa7a450000 - 0x00007ffa7a4c3000 	C:\WINDOWS\System32\WINTRUST.dll
0x00007ffa759c0000 - 0x00007ffa759cd000 	D:\Xilinx\Vivado\2019.1\lib\win64.o\libboost_chrono.dll
0x00007ffa7a1f0000 - 0x00007ffa7a34d000 	C:\WINDOWS\System32\CRYPT32.dll
0x00007ffa6dea0000 - 0x00007ffa6dec5000 	D:\Xilinx\Vivado\2019.1\lib\win64.o\libisl_iosutils.dll
0x00007ffa6de30000 - 0x00007ffa6de4b000 	D:\Xilinx\Vivado\2019.1\lib\win64.o\libboost_iostreams.dll
0x00007ffa5dba0000 - 0x00007ffa5de5f000 	C:\WINDOWS\SYSTEM32\iertutil.dll
0x00007ffa5db70000 - 0x00007ffa5db98000 	C:\WINDOWS\SYSTEM32\srvcli.dll
0x00007ffa79650000 - 0x00007ffa7965c000 	C:\WINDOWS\SYSTEM32\netutils.dll
0x00007ffa78270000 - 0x00007ffa78a13000 	C:\WINDOWS\SYSTEM32\windows.storage.dll
0x00007ffa4ae80000 - 0x00007ffa4af30000 	C:\WINDOWS\WinSxS\amd64_microsoft.windows.common-controls_6595b64144ccf1df_5.82.19041.4355_none_792ecafd2442822f\COMCTL32.dll
0x00007ffa75900000 - 0x00007ffa7591d000 	C:\WINDOWS\SYSTEM32\dhcpcsvc.DLL
0x00007ffa79c20000 - 0x00007ffa79c4b000 	C:\WINDOWS\SYSTEM32\Wldp.dll
0x00007ffa7ac60000 - 0x00007ffa7ac8f000 	C:\WINDOWS\System32\IMM32.DLL
0x00007ffa79db0000 - 0x00007ffa79dc2000 	C:\WINDOWS\SYSTEM32\MSASN1.dll
0x00007ffa780c0000 - 0x00007ffa780d2000 	C:\WINDOWS\SYSTEM32\kernel.appcore.dll
0x00007ffa1f150000 - 0x00007ffa1f667000 	D:\Xilinx\Vivado\2019.1\lib\win64.o\librdi_commontasks.dll
0x00007ffa71be0000 - 0x00007ffa71bea000 	C:\WINDOWS\SYSTEM32\VERSION.dll
0x00007ffa2c250000 - 0x00007ffa2c4d6000 	D:\Xilinx\Vivado\2019.1\lib\win64.o\librdi_sio.dll
0x0000000076d80000 - 0x00000000777a5000 	D:\Xilinx\Vivado\2019.1\tps\win64\jre9.0.4\bin\server\jvm.dll
0x00007ffa7c3b0000 - 0x00007ffa7c3b8000 	C:\WINDOWS\System32\PSAPI.DLL
0x00007ffa79610000 - 0x00007ffa7964b000 	C:\WINDOWS\SYSTEM32\IPHLPAPI.DLL
0x00007ffa70650000 - 0x00007ffa70677000 	C:\WINDOWS\SYSTEM32\WINMM.dll
0x00007ffa4a870000 - 0x00007ffa4a95f000 	C:\WINDOWS\SYSTEM32\MSVCR120.dll
0x00007ffa79980000 - 0x00007ffa799ec000 	C:\WINDOWS\SYSTEM32\MSWSOCK.DLL
0x00007ffa1b890000 - 0x00007ffa1dd4c000 	D:\Xilinx\Vivado\2019.1\lib\win64.o\librdi_tcltasks.dll
0x00007ffa1ed40000 - 0x00007ffa1f148000 	D:\Xilinx\Vivado\2019.1\lib\win64.o\librdi_bitstream.dll
0x00007ffa4a3d0000 - 0x00007ffa4a561000 	D:\Xilinx\Vivado\2019.1\lib\win64.o\librdi_board.dll
0x00007ffa67a20000 - 0x00007ffa67a98000 	D:\Xilinx\Vivado\2019.1\lib\win64.o\librdi_boarddep.dll
0x00007ffa4a780000 - 0x00007ffa4a86b000 	D:\Xilinx\Vivado\2019.1\lib\win64.o\librdi_chipscope.dll
0x00007ffa453c0000 - 0x00007ffa4557d000 	D:\Xilinx\Vivado\2019.1\lib\win64.o\librdi_chipscopeimpl.dll
0x00007ffa351a0000 - 0x00007ffa352f6000 	D:\Xilinx\Vivado\2019.1\lib\win64.o\librdi_containers.dll
0x00007ffa18930000 - 0x00007ffa1900a000 	D:\Xilinx\Vivado\2019.1\lib\win64.o\librdi_coregenipxact.dll
0x00007ff9fd0f0000 - 0x00007ff9feada000 	D:\Xilinx\Vivado\2019.1\lib\win64.o\librdi_constraints.dll
0x00007ff9feae0000 - 0x00007ffa00991000 	D:\Xilinx\Vivado\2019.1\lib\win64.o\librdi_coregen.dll
0x00007ffa1b570000 - 0x00007ffa1b88e000 	D:\Xilinx\Vivado\2019.1\lib\win64.o\librdi_dlyest.dll
0x00007ff9f90a0000 - 0x00007ff9fd0e3000 	D:\Xilinx\Vivado\2019.1\lib\win64.o\librdi_designutils.dll
0x00007ffa49e10000 - 0x00007ffa49ed4000 	D:\Xilinx\Vivado\2019.1\lib\win64.o\librdi_dsp.dll
0x00007ff9e66d0000 - 0x00007ff9e6c6a000 	D:\Xilinx\Vivado\2019.1\lib\win64.o\librdi_drc.dll
0x00007ffa18640000 - 0x00007ffa18923000 	D:\Xilinx\Vivado\2019.1\lib\win64.o\librdi_guitools.dll
0x00007ffa4b750000 - 0x00007ffa4b7b5000 	D:\Xilinx\Vivado\2019.1\lib\win64.o\librdi_hdf.dll
0x00007ff9e6080000 - 0x00007ff9e66cd000 	D:\Xilinx\Vivado\2019.1\lib\win64.o\librdi_filemgmt.dll
0x00007ffa4abd0000 - 0x00007ffa4ac43000 	D:\Xilinx\Vivado\2019.1\lib\win64.o\librdi_memoryarray.dll
0x00007ff9e4ac0000 - 0x00007ff9e6080000 	D:\Xilinx\Vivado\2019.1\lib\win64.o\librdi_implflow.dll
0x00007ff9e1100000 - 0x00007ff9e17a2000 	D:\Xilinx\Vivado\2019.1\lib\win64.o\librdi_netlist.dll
0x00007ff9e6c70000 - 0x00007ff9f909c000 	D:\Xilinx\Vivado\2019.1\lib\win64.o\librdi_device.dll
0x00007ff9e44a0000 - 0x00007ff9e4ab5000 	D:\Xilinx\Vivado\2019.1\lib\win64.o\librdi_memdata.dll
0x00007ffa6a2a0000 - 0x00007ffa6a2eb000 	D:\Xilinx\Vivado\2019.1\lib\win64.o\librdi_pfi.dll
0x00007ff9de770000 - 0x00007ff9dea7f000 	D:\Xilinx\Vivado\2019.1\lib\win64.o\librdi_platform.dll
0x00007ff9de020000 - 0x00007ff9de76a000 	D:\Xilinx\Vivado\2019.1\lib\win64.o\librdi_power.dll
0x00007ff9dd390000 - 0x00007ff9dda99000 	D:\Xilinx\Vivado\2019.1\lib\win64.o\librdi_psta.dll
0x00007ff9ddaa0000 - 0x00007ff9de01f000 	D:\Xilinx\Vivado\2019.1\lib\win64.o\librdi_project.dll
0x00007ff9e17b0000 - 0x00007ff9e4496000 	D:\Xilinx\Vivado\2019.1\lib\win64.o\librdi_mig.dll
0x00007ff9dcc80000 - 0x00007ff9dd386000 	D:\Xilinx\Vivado\2019.1\lib\win64.o\librdi_rsb.dll
0x00007ff9dc880000 - 0x00007ff9dcc71000 	D:\Xilinx\Vivado\2019.1\lib\win64.o\librdi_runs.dll
0x00007ffa460c0000 - 0x00007ffa461ba000 	D:\Xilinx\Vivado\2019.1\lib\win64.o\librdi_runsbase.dll
0x00007ff9dea80000 - 0x00007ff9e10f6000 	D:\Xilinx\Vivado\2019.1\lib\win64.o\librdi_place.dll
0x00007ff9dc620000 - 0x00007ff9dc876000 	D:\Xilinx\Vivado\2019.1\lib\win64.o\librdi_simdata.dll
0x00007ff9db800000 - 0x00007ff9dc611000 	D:\Xilinx\Vivado\2019.1\lib\win64.o\librdi_timing.dll
0x00007ffa30f50000 - 0x00007ffa310c2000 	D:\Xilinx\Vivado\2019.1\lib\win64.o\librdi_advchipscopeimpl.dll
0x00007ffa679d0000 - 0x00007ffa67a1c000 	D:\Xilinx\Vivado\2019.1\lib\win64.o\libboost_serialization.dll
0x00007ffa30710000 - 0x00007ffa308af000 	D:\Xilinx\Vivado\2019.1\lib\win64.o\librdi_hip_devdesign.dll
0x00007ffa3bbc0000 - 0x00007ffa3bc82000 	D:\Xilinx\Vivado\2019.1\lib\win64.o\librdi_ipconfig_readwrite.dll
0x00007ffa67730000 - 0x00007ffa67773000 	D:\Xilinx\Vivado\2019.1\lib\win64.o\librdi_noc_frameworks.dll
0x00007ffa4a330000 - 0x00007ffa4a3ce000 	D:\Xilinx\Vivado\2019.1\lib\win64.o\libise.dll
0x00007ff9da8c0000 - 0x00007ff9daca5000 	D:\Xilinx\Vivado\2019.1\lib\win64.o\librdi_hip_config.dll
0x00007ff9da370000 - 0x00007ff9da8be000 	D:\Xilinx\Vivado\2019.1\lib\win64.o\librdi_xdm.dll
0x00007ffa63460000 - 0x00007ffa634a0000 	D:\Xilinx\Vivado\2019.1\lib\win64.o\librdi_wavedata_SimpleApi.dll
0x00007ff9dacb0000 - 0x00007ff9db7f7000 	D:\Xilinx\Vivado\2019.1\lib\win64.o\libverific.dll
0x00007ff9d9d70000 - 0x00007ff9da36c000 	D:\Xilinx\Vivado\2019.1\lib\win64.o\librdi_wavedata.dll
0x00007ffa54b90000 - 0x00007ffa54bcf000 	D:\Xilinx\Vivado\2019.1\lib\win64.o\librdi_schedmon.dll
0x00007ffa41110000 - 0x00007ffa41198000 	D:\Xilinx\Vivado\2019.1\lib\win64.o\librdi_meir_core.dll

VM Arguments:
jvm_args: -Dsun.java2d.pmoffscreen=false -Dsun.java2d.xrender=false -Dsun.java2d.d3d=false -Dsun.awt.nopixfmt=true -Dsun.java2d.dpiaware=true -Dsun.java2d.uiScale.enabled=false -Xverify:none -Dswing.aatext=true -XX:-UsePerfData -Djdk.map.althashing.threshold=512 -XX:StringTableSize=4072 --add-opens=java.base/java.nio=ALL-UNNAMED --add-opens=java.desktop/sun.swing=ALL-UNNAMED --add-opens=java.desktop/javax.swing=ALL-UNNAMED --add-opens=java.desktop/javax.swing.tree=ALL-UNNAMED --add-opens=java.desktop/javax.swing.plaf.basic=ALL-UNNAMED --add-opens=java.desktop/javax.swing.plaf.synth=ALL-UNNAMED --add-opens=java.desktop/com.sun.awt=ALL-UNNAMED -XX:NewSize=60m -XX:MaxNewSize=60m -Xms128m -Xmx3072m -Xss5m 
java_command: <unknown>
java_class_path (initial): D:/Xilinx/Vivado/2019.1\lib\classes\alloy.jar;D:/Xilinx/Vivado/2019.1\lib\classes\autopilot.scelaborator.jar;D:/Xilinx/Vivado/2019.1\lib\classes\autopilot.sourceprocessor.jar;D:/Xilinx/Vivado/2019.1\lib\classes\autopilot.tbprocessor.jar;D:/Xilinx/Vivado/2019.1\lib\classes\batik-anim.jar;D:/Xilinx/Vivado/2019.1\lib\classes\batik-awt-util.jar;D:/Xilinx/Vivado/2019.1\lib\classes\batik-bridge.jar;D:/Xilinx/Vivado/2019.1\lib\classes\batik-codec.jar;D:/Xilinx/Vivado/2019.1\lib\classes\batik-css.jar;D:/Xilinx/Vivado/2019.1\lib\classes\batik-dom.jar;D:/Xilinx/Vivado/2019.1\lib\classes\batik-ext.jar;D:/Xilinx/Vivado/2019.1\lib\classes\batik-gui-util.jar;D:/Xilinx/Vivado/2019.1\lib\classes\batik-gvt.jar;D:/Xilinx/Vivado/2019.1\lib\classes\batik-parser.jar;D:/Xilinx/Vivado/2019.1\lib\classes\batik-script.jar;D:/Xilinx/Vivado/2019.1\lib\classes\batik-svg-dom.jar;D:/Xilinx/Vivado/2019.1\lib\classes\batik-swing.jar;D:/Xilinx/Vivado/2019.1\lib\classes\batik-transcoder.jar;D:/Xilinx/Vivado/2019.1\lib\classes\batik-util.jar;D:/Xilinx/Vivado/2019.1\lib\classes\batik-xml.jar;D:/Xilinx/Vivado/2019.1\lib\classes\com.google.gson_2.7.0.v20170129-0911.jar;D:/Xilinx/Vivado/2019.1\lib\classes\com.google.guava_21.0.0.v20170206-1425.jar;D:/Xilinx/Vivado/2019.1\lib\classes\com.google.inject_3.0.0.v201605172100.jar;D:/Xilinx/Vivado/2019.1\lib\classes\com.ibm.icu_4.4.2.v20110208.jar;D:/Xilinx/Vivado/2019.1\lib\classes\com.sigasi.hdt.annotations.runtime_4.3.0.201903071210.jar;D:/Xilinx/Vivado/2019.1\lib\classes\com.sigasi.hdt.blockdiagram.model_4.3.0.201903071210.jar;D:/Xilinx/Vivado/2019.1\lib\classes\com.sigasi.hdt.connection_4.3.0.201903071210.jar;D:/Xilinx/Vivado/2019.1\lib\classes\com.sigasi.hdt.dependencies.model_4.3.0.201903071210.jar;D:/Xilinx/Vivado/2019.1\lib\classes\com.sigasi.hdt.epl_4.3.0.201903071210.jar;D:/Xilinx/Vivado/2019.1\lib\classes\com.sigasi.hdt.graphics.model_4.3.0.201903071210.jar;D:/Xilinx/Vivado/2019.1\lib\classes\com.sigasi.hdt.project_4.3.0
Launcher Type: generic

Logging:
Log output configuration:
#0: stdout all=warning uptime,level,tags
#1: stderr all=off uptime,level,tags

Environment Variables:
JAVA_HOME=D:\JAVA\jdk-11.0.9
PATH=D:/Xilinx/Vivado/2019.1/bin;D:/Xilinx/Vivado/2019.1/lib/win64.o;D:/Xilinx/Vivado/2019.1/tps/win64/jre9.0.4/bin/server;D:/Xilinx/Vivado/2019.1/tps/win64/jre9.0.4/bin;D:/Xilinx/SDK/2019.1/bin;D:/Xilinx/Vivado/2019.1/ids_lite/ISE/bin/nt64;D:/Xilinx/Vivado/2019.1/ids_lite/ISE/lib/nt64;F:\openjdk\bin;F:\VMWare_Workstation\bin\;D:\JAVA\jdk-11.0.9\bin;C:\Program Files\Common Files\Oracle\Java\javapath;C:\windows\system32;C:\windows;C:\windows\System32\Wbem;C:\windows\System32\WindowsPowerShell\v1.0\;C:\windows\System32\OpenSSH\;C:\Program Files (x86)\NVIDIA Corporation\PhysX\Common;C:\Program Files\NVIDIA Corporation\NVIDIA NvDLISR;E:\bin;D:\JAVA\apache-maven-3.8.5\bin;D:\Sumo\bin\;D:\Sumo\tools\;D:\calibre2\;D:\Git\cmd;E:\texlive\2023\bin\windows;E:\anaconda3;E:\anaconda3\Library\mingw-w64\bin;E:\anaconda3\Library\usr\bin;E:\anaconda3\Library\bin;E:\anaconda3\Scripts;D:\Anaconda;D:\Anaconda\Library\mingw-w64\bin;D:\Anaconda\Library\usr\bin;D:\Anaconda\Library\bin;D:\Anaconda\Scripts;D:\python\Scripts\;D:\python\;C:\Users\lxy\AppData\Local\Microsoft\WindowsApps;F:\Tencent\QQGameTempest\Hall.58036\;F:\Quartus\modelsim_ae\win32aloem;F:\FPGA_yh\Modelsim\win64;E:\Microsoft VS Code\bin;D:/Xilinx/Vivado/2019.1\tps\mingw\6.2.0\win64.o\nt\bin;D:/Xilinx/Vivado/2019.1\tps\mingw\6.2.0\win64.o\nt\libexec\gcc\x86_64-w64-mingw32\6.2.0;D:/Xilinx/Vivado/2019.1\tps\win64\python-2.7.5;D:/Xilinx/Vivado/2019.1\tps\win64\python-2.7.5\lib;D:/Xilinx/Vivado/2019.1\tps\win64\python-2.7.5\Lib\lib-tk;D:/Xilinx/Vivado/2019.1\tps\win64\python-2.7.5\lib\site-packages
USERNAME=lxy
OS=Windows_NT
PROCESSOR_IDENTIFIER=Intel64 Family 6 Model 165 Stepping 2, GenuineIntel



---------------  S Y S T E M  ---------------

OS: Windows 10 , 64 bit Build 19041 (10.0.19041.5794)

CPU:total 12 (initial active 12) (6 cores per cpu, 2 threads per core) family 6 model 165 stepping 2, cmov, cx8, fxsr, mmx, sse, sse2, sse3, ssse3, sse4.1, sse4.2, popcnt, avx, avx2, aes, clmul, erms, 3dnowpref, lzcnt, ht, tsc, tscinvbit, bmi1, bmi2, adx, fma

Memory: 4k page, physical 16547960k(5895124k free), swap 20742264k(5199956k free)

vm_info: Java HotSpot(TM) 64-Bit Server VM (9.0.4+11) for windows-amd64 JRE (9.0.4+11), built on Dec 20 2017 02:18:54 by "mach5one" with MS VC++ 12.0 (VS2013)

END.
