#
# A fatal error has been detected by the Java Runtime Environment:
#
#  EXCEPTION_ACCESS_VIOLATION (0xc0000005) at pc=0x00007ffc811aa1a5, pid=6984, tid=15240
#
# JRE version: Java(TM) SE Runtime Environment (9.0+11) (build 9.0.4+11)
# Java VM: Java HotSpot(TM) 64-Bit Server VM (9.0.4+11, mixed mode, tiered, compressed oops, g1 gc, windows-amd64)
# Problematic frame:
# C  [librdi_common.dll+0x17a1a5]
#
# No core dump will be written. Minidumps are not enabled by default on client versions of Windows
#
# If you would like to submit a bug report, please visit:
#   http://bugreport.java.com/bugreport/crash.jsp
# The crash happened outside the Java Virtual Machine in native code.
# See problematic frame for where to report the bug.
#

---------------  S U M M A R Y ------------

Command Line: -Dsun.java2d.pmoffscreen=false -Dsun.java2d.xrender=false -Dsun.java2d.d3d=false -Dsun.awt.nopixfmt=true -Dsun.java2d.dpiaware=true -Dsun.java2d.uiScale.enabled=false -Xverify:none -Dswing.aatext=true -XX:-UsePerfData -Djdk.map.althashing.threshold=512 -XX:StringTableSize=4072 --add-opens=java.base/java.nio=ALL-UNNAMED --add-opens=java.desktop/sun.swing=ALL-UNNAMED --add-opens=java.desktop/javax.swing=ALL-UNNAMED --add-opens=java.desktop/javax.swing.tree=ALL-UNNAMED --add-opens=java.desktop/javax.swing.plaf.basic=ALL-UNNAMED --add-opens=java.desktop/javax.swing.plaf.synth=ALL-UNNAMED --add-opens=java.desktop/com.sun.awt=ALL-UNNAMED -XX:NewSize=60m -XX:MaxNewSize=60m -Xms128m -Xmx3072m -Xss5m 

Host: Intel(R) Core(TM) i7-10750H CPU @ 2.60GHz, 12 cores, 15G,  Windows 10 , 64 bit Build 19041 (10.0.19041.5794)
Time: Sun May 18 00:43:13 2025 ?¡Â?¡¤??¨¢?¨º¡À elapsed time: 1684 seconds (0d 0h 28m 4s)

---------------  T H R E A D  ---------------

Current thread (0x0000018428e98000):  JavaThread "AWT-EventQueue-1" [_thread_in_native, id=15240, stack(0x0000005f00a00000,0x0000005f00f00000)]

Stack: [0x0000005f00a00000,0x0000005f00f00000],  sp=0x0000005f00efb1d0,  free space=5100k
Native frames: (J=compiled Java code, j=interpreted, Vv=VM code, C=native code)
C  [librdi_common.dll+0x17a1a5]
C  [librdi_common.dll+0x16ee15]
C  [librdi_common.dll+0x1386da]
C  0x00007ffc3e061eff
C  0x00007ffc3e0e21df
C  0x00007ffc3e0e9e19
C  0x00007ffc3e0ba4cb
C  0x00007ffc3e0f6de7
C  0x0000018418219c3a

Java frames: (J=compiled Java code, j=interpreted, Vv=VM code)
J 16293  ui.views.waveform.waveformi.WVExecutive_getTooltipTextDelayed(J)Ljava/lang/String; (0 bytes) @ 0x0000018418219ba1 [0x0000018418219b60+0x0000000000000041]
J 18457 c2 ui.views.waveform.b.a.mouseMoved(Ljava/awt/event/MouseEvent;)V (32 bytes) @ 0x0000018417dfc6c4 [0x0000018417dfc520+0x00000000000001a4]
J 16737 c2 java.awt.AWTEventMulticaster.mouseMoved(Ljava/awt/event/MouseEvent;)V java.desktop@9.0.4 (27 bytes) @ 0x00000184182fb374 [0x00000184182fb2c0+0x00000000000000b4]
J 18454 c2 ui.frmwork.c.i.processMouseMotionEvent(Ljava/awt/event/MouseEvent;)V (131 bytes) @ 0x0000018417de44d4 [0x0000018417de4160+0x0000000000000374]
J 16953 c2 java.awt.Container.processEvent(Ljava/awt/AWTEvent;)V java.desktop@9.0.4 (22 bytes) @ 0x0000018417c2f044 [0x0000018417c2eec0+0x0000000000000184]
J 19802 c2 java.awt.Component.dispatchEventImpl(Ljava/awt/AWTEvent;)V java.desktop@9.0.4 (739 bytes) @ 0x00000184185621f4 [0x0000018418561380+0x0000000000000e74]
J 15022 c2 java.awt.Container.dispatchEventImpl(Ljava/awt/AWTEvent;)V java.desktop@9.0.4 (129 bytes) @ 0x0000018418178238 [0x00000184181781e0+0x0000000000000058]
J 16364 c2 java.awt.LightweightDispatcher.retargetMouseEvent(Ljava/awt/Component;ILjava/awt/event/MouseEvent;)V java.desktop@9.0.4 (350 bytes) @ 0x000001841824ae70 [0x000001841824a8a0+0x00000000000005d0]
J 17643 c2 java.awt.LightweightDispatcher.processMouseEvent(Ljava/awt/event/MouseEvent;)Z java.desktop@9.0.4 (265 bytes) @ 0x000001841844ecd8 [0x000001841844e7a0+0x0000000000000538]
J 15022 c2 java.awt.Container.dispatchEventImpl(Ljava/awt/AWTEvent;)V java.desktop@9.0.4 (129 bytes) @ 0x0000018418178634 [0x00000184181781e0+0x0000000000000454]
J 17311 c2 java.awt.Window.dispatchEventImpl(Ljava/awt/AWTEvent;)V java.desktop@9.0.4 (23 bytes) @ 0x00000184183d0e8c [0x00000184183d0e40+0x000000000000004c]
J 14691 c2 java.awt.EventQueue$3.run()Ljava/lang/Object; java.desktop@9.0.4 (5 bytes) @ 0x00000184180be87c [0x00000184180be280+0x00000000000005fc]
v  ~StubRoutines::call_stub
J 3838  java.security.AccessController.doPrivileged(Ljava/security/PrivilegedAction;Ljava/security/AccessControlContext;)Ljava/lang/Object; java.base@9.0.4 (0 bytes) @ 0x00000184176100c6 [0x0000018417610060+0x0000000000000066]
J 16878 c2 java.awt.EventQueue$4.run()Ljava/lang/Object; java.desktop@9.0.4 (5 bytes) @ 0x0000018417b674c0 [0x0000018417b67260+0x0000000000000260]
v  ~StubRoutines::call_stub
J 3838  java.security.AccessController.doPrivileged(Ljava/security/PrivilegedAction;Ljava/security/AccessControlContext;)Ljava/lang/Object; java.base@9.0.4 (0 bytes) @ 0x00000184176100c6 [0x0000018417610060+0x0000000000000066]
J 15018 c2 ui.frmwork.b.d.dispatchEvent(Ljava/awt/AWTEvent;)V (34 bytes) @ 0x0000018418175d4c [0x0000018418175900+0x000000000000044c]
J 16306 c2 java.awt.EventDispatchThread.pumpOneEventForFilters(I)V java.desktop@9.0.4 (218 bytes) @ 0x000001841821e478 [0x000001841821e0a0+0x00000000000003d8]
J 18953% c1 java.awt.EventDispatchThread.pumpEventsForFilter(ILjava/awt/Conditional;Ljava/awt/EventFilter;)V java.desktop@9.0.4 (47 bytes) @ 0x000001841020b464 [0x000001841020b120+0x0000000000000344]
j  java.awt.EventDispatchThread.pumpEventsForHierarchy(ILjava/awt/Conditional;Ljava/awt/Component;)V+11 java.desktop@9.0.4
j  java.awt.EventDispatchThread.pumpEvents(ILjava/awt/Conditional;)V+4 java.desktop@9.0.4
j  java.awt.EventDispatchThread.pumpEvents(Ljava/awt/Conditional;)V+3 java.desktop@9.0.4
j  java.awt.EventDispatchThread.run()V+9 java.desktop@9.0.4
v  ~StubRoutines::call_stub

siginfo: EXCEPTION_ACCESS_VIOLATION (0xc0000005), reading address 0xffffffffffffffff


Register to memory mapping:

RIP=0x00007ffc811aa1a5 librdi_common.dll
RAX=0x000001847a430e01 is an unknown value
RBX=0x90024d50cd22746b is an unknown value
RCX=0x000001847a430e90 is an unknown value
RDX=0x90024d50cd22746b is an unknown value
RSP=0x0000005f00efb1d0 is pointing into the stack for thread: 0x0000018428e98000
RBP=0x0000005f00efb300 is pointing into the stack for thread: 0x0000018428e98000
RSI=0x000001842e0635a0 is an unknown value
RDI=0x0000005f00efb3e8 is pointing into the stack for thread: 0x0000018428e98000
R8 =0x0000005f00efb3e8 is pointing into the stack for thread: 0x0000018428e98000
R9 =0x0000000000000000 is an unknown value
R10=0x00007ffcb0020000 VCRUNTIME140.dll
R11=0xefffff7ffb7fffff is an unknown value
R12=0x0000005f00efb3e8 is pointing into the stack for thread: 0x0000018428e98000
R13=0x0000000000000000 is an unknown value
R14=0x0000018478a0db50 is an unknown value
R15=0x90024d50cd22746b is an unknown value


Registers:
RAX=0x000001847a430e01, RBX=0x90024d50cd22746b, RCX=0x000001847a430e90, RDX=0x90024d50cd22746b
RSP=0x0000005f00efb1d0, RBP=0x0000005f00efb300, RSI=0x000001842e0635a0, RDI=0x0000005f00efb3e8
R8 =0x0000005f00efb3e8, R9 =0x0000000000000000, R10=0x00007ffcb0020000, R11=0xefffff7ffb7fffff
R12=0x0000005f00efb3e8, R13=0x0000000000000000, R14=0x0000018478a0db50, R15=0x90024d50cd22746b
RIP=0x00007ffc811aa1a5, EFLAGS=0x0000000000010202

Top of Stack: (sp=0x0000005f00efb1d0)
0x0000005f00efb1d0:   0000000000000018 000001842cd1dd40
0x0000005f00efb1e0:   0000000000003b88 90024d50cd22746b
0x0000005f00efb1f0:   90024d50cd22746b 00007ffc8119ee15
0x0000005f00efb200:   00000000353b1daa 00007ffcaf9527a8
0x0000005f00efb210:   fffffffffffffffe 0000000000000000
0x0000005f00efb220:   00007a56543d5572 000001842cd1dcd8
0x0000005f00efb230:   0000000000000002 00007ffc81208985
0x0000005f00efb240:   000001842d72c820 000001842cd1dcf8
0x0000005f00efb250:   0000005f00efb580 00007ffc81e63fe0
0x0000005f00efb260:   fffffffffffffffe 00007ffc81776a6d
0x0000005f00efb270:   fffffffffffffffe 00007ffc81e63fe0
0x0000005f00efb280:   000001842cd1dcb0 00000184789c0618
0x0000005f00efb290:   0000005f00efb3e8 00007ffc81207c76
0x0000005f00efb2a0:   000001842cd1dcb0 0000005f00efb3e8
0x0000005f00efb2b0:   0000018400000002 0000000000000000
0x0000005f00efb2c0:   fffffffffffffffe 000000000000000f 

Instructions: (pc=0x00007ffc811aa1a5)
0x00007ffc811aa185:   20 48 8b d9 e8 22 c4 04 00 48 8b c8 48 8b d3 e8
0x00007ffc811aa195:   27 0d 05 00 84 c0 75 08 33 c0 48 83 c4 20 5b c3
0x00007ffc811aa1a5:   48 8b 4b 50 48 85 c9 74 0a 48 83 c4 20 5b e9 68
0x00007ffc811aa1b5:   e2 04 00 48 8b d3 48 8d 0d 26 fc 73 00 e8 59 b7 



---------------  P R O C E S S  ---------------

Java Threads: ( => current thread )
  0x0000018431c9e000 JavaThread "Relaunch Simulation" [_thread_blocked, id=13448, stack(0x0000005f04900000,0x0000005f04e00000)]
  0x0000018431c96800 JavaThread "Thread-850" [_thread_in_native, id=12296, stack(0x0000005f01a00000,0x0000005f01b00000)]
  0x0000018431c9c800 JavaThread "Thread-849" [_thread_in_native, id=1620, stack(0x0000005f01b00000,0x0000005f01c00000)]
  0x0000018431c9a000 JavaThread "SyntheticaAnimation 50" daemon [_thread_blocked, id=1472, stack(0x0000005f03a00000,0x0000005f03f00000)]
  0x0000018431c98800 JavaThread "Update Runs Swing Worker" [_thread_blocked, id=11680, stack(0x0000005f04400000,0x0000005f04900000)]
  0x00000184053e1000 JavaThread "hw_ila_monitor" [_thread_blocked, id=5712, stack(0x0000005f00f00000,0x0000005f01400000)]
  0x00000184053e3800 JavaThread "Refresh Filesets Swing Worker" [_thread_blocked, id=13668, stack(0x0000005f03500000,0x0000005f03a00000)]
  0x00000184053e5000 JavaThread "SyntheticaAnimation 70" daemon [_thread_blocked, id=8156, stack(0x0000005f03000000,0x0000005f03500000)]
  0x00000184053e4000 JavaThread "SyntheticaAnimation 25" daemon [_thread_blocked, id=8828, stack(0x0000005f02600000,0x0000005f02b00000)]
  0x00000184053e2800 JavaThread "SyntheticaAnimation 50" daemon [_thread_blocked, id=4852, stack(0x0000005f02100000,0x0000005f02600000)]
  0x00000184053e0800 JavaThread "Monitor HEventQueue" [_thread_blocked, id=9396, stack(0x0000005f01c00000,0x0000005f02100000)]
  0x00000184053df000 JavaThread "SyntheticaCleanerThread" daemon [_thread_blocked, id=3716, stack(0x0000005f01400000,0x0000005f01900000)]
  0x00000184053e2000 JavaThread "Batik CleanerThread" daemon [_thread_blocked, id=10044, stack(0x0000005f00000000,0x0000005f00500000)]
=>0x0000018428e98000 JavaThread "AWT-EventQueue-1" [_thread_in_native, id=15240, stack(0x0000005f00a00000,0x0000005f00f00000)]
  0x0000018428e4b000 JavaThread "Process Messages" [_thread_blocked, id=6900, stack(0x0000005f00500000,0x0000005f00a00000)]
  0x0000018428fb4000 JavaThread "Thread-1" [_thread_in_native, id=12156, stack(0x0000005f78c00000,0x0000005f7a000000)]
  0x0000018428cf7000 JavaThread "TimerQueue" daemon [_thread_blocked, id=3164, stack(0x0000005f7f400000,0x0000005f7f900000)]
  0x0000018400d60000 JavaThread "AWT-Windows" daemon [_thread_in_native, id=8480, stack(0x0000005f7ef00000,0x0000005f7f400000)]
  0x0000018400d5f000 JavaThread "AWT-Shutdown" [_thread_blocked, id=3296, stack(0x0000005f7ea00000,0x0000005f7ef00000)]
  0x0000018400e10000 JavaThread "Java2D Disposer" daemon [_thread_blocked, id=11268, stack(0x0000005f7e500000,0x0000005f7ea00000)]
  0x000001840031d800 JavaThread "Service Thread" daemon [_thread_blocked, id=13884, stack(0x0000005f7df00000,0x0000005f7e400000)]
  0x00000184053f1000 JavaThread "Common-Cleaner" daemon [_thread_blocked, id=9368, stack(0x0000005f7da00000,0x0000005f7df00000)]
  0x00000184053e5800 JavaThread "Sweeper thread" daemon [_thread_blocked, id=1876, stack(0x0000005f7d500000,0x0000005f7da00000)]
  0x0000018408513000 JavaThread "C1 CompilerThread3" daemon [_thread_blocked, id=2956, stack(0x0000005f7d400000,0x0000005f7d500000)]
  0x0000018408511800 JavaThread "C2 CompilerThread2" daemon [_thread_blocked, id=10416, stack(0x0000005f7d300000,0x0000005f7d400000)]
  0x000001847bde7800 JavaThread "C2 CompilerThread1" daemon [_thread_blocked, id=13932, stack(0x0000005f7d200000,0x0000005f7d300000)]
  0x000001847bde7000 JavaThread "C2 CompilerThread0" daemon [_thread_blocked, id=10308, stack(0x0000005f7d100000,0x0000005f7d200000)]
  0x000001847897c800 JavaThread "Attach Listener" daemon [_thread_blocked, id=13632, stack(0x0000005f7cc00000,0x0000005f7d100000)]
  0x0000018405909800 JavaThread "Signal Dispatcher" daemon [_thread_blocked, id=592, stack(0x0000005f7c700000,0x0000005f7cc00000)]
  0x0000018408c09000 JavaThread "Finalizer" daemon [_thread_blocked, id=12776, stack(0x0000005f7c200000,0x0000005f7c700000)]
  0x000001840580c800 JavaThread "Reference Handler" daemon [_thread_blocked, id=2952, stack(0x0000005f7bd00000,0x0000005f7c200000)]
  0x00000184051e7800 JavaThread "main" [_thread_blocked, id=2880, stack(0x0000005f7a200000,0x0000005f7a300000)]

Other Threads:
  0x0000018401be5800 VMThread "VM Thread" [stack: 0x0000005f7bc00000,0x0000005f7bd00000] [id=3612]
  0x0000018408ba3000 WatcherThread [stack: 0x0000005f7e400000,0x0000005f7e500000] [id=3924]
  0x0000018405efe800 GCTaskThread "GC Thread#0" [stack: 0x0000005f7a300000,0x0000005f7a400000] [id=3508]
  0x0000018405eff000 GCTaskThread "GC Thread#1" [stack: 0x0000005f7a400000,0x0000005f7a500000] [id=6956]
  0x0000018405f00000 GCTaskThread "GC Thread#2" [stack: 0x0000005f7a500000,0x0000005f7a600000] [id=3400]
  0x0000018405f00800 GCTaskThread "GC Thread#3" [stack: 0x0000005f7a600000,0x0000005f7a700000] [id=6600]
  0x0000018405efd800 GCTaskThread "GC Thread#4" [stack: 0x0000005f7a700000,0x0000005f7a800000] [id=14248]
  0x0000018405efe000 GCTaskThread "GC Thread#5" [stack: 0x0000005f7a800000,0x0000005f7a900000] [id=3324]
  0x00000184086a6000 GCTaskThread "GC Thread#6" [stack: 0x0000005f7a900000,0x0000005f7aa00000] [id=3472]
  0x00000184086a0800 GCTaskThread "GC Thread#7" [stack: 0x0000005f7aa00000,0x0000005f7ab00000] [id=15268]
  0x00000184086a3000 GCTaskThread "GC Thread#8" [stack: 0x0000005f7ab00000,0x0000005f7ac00000] [id=13124]
  0x000001840869f000 GCTaskThread "GC Thread#9" [stack: 0x0000005f7ac00000,0x0000005f7ad00000] [id=2580]
  0x0000018400220800 ConcurrentGCThread "G1 Main Marker" [stack: 0x0000005f7b800000,0x0000005f7b900000] [id=12144]
  0x000001840869f800 ConcurrentGCThread "G1 Marker#0" [stack: 0x0000005f7b900000,0x0000005f7ba00000] [id=10256]
  0x00000184086a3800 ConcurrentGCThread "G1 Marker#1" [stack: 0x0000005f7ba00000,0x0000005f7bb00000] [id=4304]
  0x00000184086a6800 ConcurrentGCThread "G1 Marker#2" [stack: 0x0000005f7bb00000,0x0000005f7bc00000] [id=13724]
  0x0000018401cad000 ConcurrentGCThread "G1 Refine#0" [stack: 0x0000005f7b600000,0x0000005f7b700000] [id=10016]
  0x00000184051f1800 ConcurrentGCThread "G1 Refine#1" [stack: 0x0000005f7b500000,0x0000005f7b600000] [id=11696]
  0x00000184051f1000 ConcurrentGCThread "G1 Refine#2" [stack: 0x0000005f7b400000,0x0000005f7b500000] [id=10372]
  0x00000184051f0800 ConcurrentGCThread "G1 Refine#3" [stack: 0x0000005f7b300000,0x0000005f7b400000] [id=12652]
  0x000001847f489800 ConcurrentGCThread "G1 Refine#4" [stack: 0x0000005f7b200000,0x0000005f7b300000] [id=12188]
  0x00000184087a4800 ConcurrentGCThread "G1 Refine#5" [stack: 0x0000005f7b100000,0x0000005f7b200000] [id=11192]
  0x0000018405cfb800 ConcurrentGCThread "G1 Refine#6" [stack: 0x0000005f7b000000,0x0000005f7b100000] [id=3268]
  0x0000018408de7800 ConcurrentGCThread "G1 Refine#7" [stack: 0x0000005f7af00000,0x0000005f7b000000] [id=10300]
  0x0000018408de7000 ConcurrentGCThread "G1 Refine#8" [stack: 0x0000005f7ae00000,0x0000005f7af00000] [id=6828]
  0x000001847f7ae000 ConcurrentGCThread "G1 Refine#9" [stack: 0x0000005f7ad00000,0x0000005f7ae00000] [id=4036]
  0x000001847f587800 ConcurrentGCThread "G1 Young RemSet Sampling" [stack: 0x0000005f7b700000,0x0000005f7b800000] [id=10260]

Threads with active compile tasks:

VM state:not at safepoint (normal execution)

VM Mutex/Monitor currently owned by a thread: None

Heap address: 0x0000000700000000, size: 3072 MB, Compressed Oops mode: Zero based, Oop shift amount: 3
Narrow klass base: 0x0000000000000000, Narrow klass shift: 3
Compressed class space size: 1073741824 Address: 0x00000007c0000000

Heap:
 garbage-first heap   total 209920K, used 75005K [0x0000000700000000, 0x0000000700100668, 0x00000007c0000000)
  region size 1024K, 11 young (11264K), 1 survivors (1024K)
 Metaspace       used 80635K, capacity 86197K, committed 86320K, reserved 1124352K
  class space    used 10812K, capacity 11781K, committed 11824K, reserved 1048576K
Heap Regions: E=young(eden), S=young(survivor), O=old, HS=humongous(starts), HC=humongous(continues), CS=collection set, F=free, A=archive, TS=gc time stamp, AC=allocation context, TAMS=top-at-mark-start (previous, next)
|   0|0x0000000700000000, 0x00000007000fca30, 0x0000000700100000| 98%| O|  |TS  0|AC  0|TAMS 0x0000000700000000, 0x0000000700000000|
|   1|0x0000000700100000, 0x0000000700200000, 0x0000000700200000|100%|HS|  |TS  0|AC  0|TAMS 0x0000000700100000, 0x0000000700100000|
|   2|0x0000000700200000, 0x0000000700300000, 0x0000000700300000|100%|HC|  |TS  0|AC  0|TAMS 0x0000000700200000, 0x0000000700200000|
|   3|0x0000000700300000, 0x0000000700400000, 0x0000000700400000|100%|HS|  |TS  0|AC  0|TAMS 0x0000000700300000, 0x0000000700300000|
|   4|0x0000000700400000, 0x00000007004de3b8, 0x0000000700500000| 86%| O|  |TS  0|AC  0|TAMS 0x0000000700400000, 0x0000000700400000|
|   5|0x0000000700500000, 0x00000007005d4688, 0x0000000700600000| 82%| O|  |TS  0|AC  0|TAMS 0x0000000700500000, 0x0000000700500000|
|   6|0x0000000700600000, 0x00000007006ffa10, 0x0000000700700000| 99%| O|  |TS  0|AC  0|TAMS 0x0000000700600000, 0x0000000700600000|
|   7|0x0000000700700000, 0x00000007007fffe8, 0x0000000700800000| 99%| O|  |TS  0|AC  0|TAMS 0x0000000700700000, 0x0000000700700000|
|   8|0x0000000700800000, 0x00000007008ffff8, 0x0000000700900000| 99%| O|  |TS  0|AC  0|TAMS 0x0000000700800000, 0x0000000700800000|
|   9|0x0000000700900000, 0x0000000700a00000, 0x0000000700a00000|100%| O|  |TS  0|AC  0|TAMS 0x0000000700900000, 0x0000000700900000|
|  10|0x0000000700a00000, 0x0000000700b00000, 0x0000000700b00000|100%| O|  |TS  0|AC  0|TAMS 0x0000000700a00000, 0x0000000700a00000|
|  11|0x0000000700b00000, 0x0000000700bffff0, 0x0000000700c00000| 99%| O|  |TS  0|AC  0|TAMS 0x0000000700b00000, 0x0000000700b00000|
|  12|0x0000000700c00000, 0x0000000700cfe968, 0x0000000700d00000| 99%| O|  |TS  0|AC  0|TAMS 0x0000000700c00000, 0x0000000700c00000|
|  13|0x0000000700d00000, 0x0000000700dfafa8, 0x0000000700e00000| 98%| O|  |TS  0|AC  0|TAMS 0x0000000700d00000, 0x0000000700d00000|
|  14|0x0000000700e00000, 0x0000000700eff6b8, 0x0000000700f00000| 99%| O|  |TS  0|AC  0|TAMS 0x0000000700e00000, 0x0000000700e00000|
|  15|0x0000000700f00000, 0x0000000700ff18d8, 0x0000000701000000| 94%| O|  |TS  0|AC  0|TAMS 0x0000000700f00000, 0x0000000700f00000|
|  16|0x0000000701000000, 0x00000007010ffff0, 0x0000000701100000| 99%| O|  |TS  0|AC  0|TAMS 0x0000000701000000, 0x0000000701000000|
|  17|0x0000000701100000, 0x00000007011fffd0, 0x0000000701200000| 99%| O|  |TS  0|AC  0|TAMS 0x0000000701100000, 0x0000000701100000|
|  18|0x0000000701200000, 0x00000007012fffc8, 0x0000000701300000| 99%| O|  |TS  0|AC  0|TAMS 0x0000000701200000, 0x0000000701200000|
|  19|0x0000000701300000, 0x00000007013fbbb0, 0x0000000701400000| 98%| O|  |TS  0|AC  0|TAMS 0x0000000701300000, 0x0000000701300000|
|  20|0x0000000701400000, 0x00000007014e99f0, 0x0000000701500000| 91%| O|  |TS  0|AC  0|TAMS 0x0000000701400000, 0x0000000701400000|
|  21|0x0000000701500000, 0x0000000701600000, 0x0000000701600000|100%|HS|  |TS  0|AC  0|TAMS 0x0000000701500000, 0x0000000701500000|
|  22|0x0000000701600000, 0x00000007016ffff0, 0x0000000701700000| 99%| O|  |TS  0|AC  0|TAMS 0x0000000701600000, 0x0000000701600000|
|  23|0x0000000701700000, 0x00000007017ffff0, 0x0000000701800000| 99%| O|  |TS  0|AC  0|TAMS 0x0000000701700000, 0x0000000701700000|
|  24|0x0000000701800000, 0x00000007018fee90, 0x0000000701900000| 99%| O|  |TS  0|AC  0|TAMS 0x0000000701800000, 0x0000000701800000|
|  25|0x0000000701900000, 0x00000007019fe940, 0x0000000701a00000| 99%| O|  |TS  0|AC  0|TAMS 0x0000000701900000, 0x0000000701900000|
|  26|0x0000000701a00000, 0x0000000701afffc8, 0x0000000701b00000| 99%| O|  |TS  0|AC  0|TAMS 0x0000000701a00000, 0x0000000701a00000|
|  27|0x0000000701b00000, 0x0000000701c00000, 0x0000000701c00000|100%| O|  |TS  0|AC  0|TAMS 0x0000000701b00000, 0x0000000701b00000|
|  28|0x0000000701c00000, 0x0000000701cff0f0, 0x0000000701d00000| 99%| O|  |TS  0|AC  0|TAMS 0x0000000701c00000, 0x0000000701c00000|
|  29|0x0000000701d00000, 0x0000000701dffff8, 0x0000000701e00000| 99%| O|  |TS  0|AC  0|TAMS 0x0000000701d00000, 0x0000000701d00000|
|  30|0x0000000701e00000, 0x0000000701f00000, 0x0000000701f00000|100%| O|  |TS  0|AC  0|TAMS 0x0000000701e00000, 0x0000000701e00000|
|  31|0x0000000701f00000, 0x0000000701fffff0, 0x0000000702000000| 99%| O|  |TS  0|AC  0|TAMS 0x0000000701f00000, 0x0000000701f00000|
|  32|0x0000000702000000, 0x00000007020ffff8, 0x0000000702100000| 99%| O|  |TS  0|AC  0|TAMS 0x0000000702000000, 0x0000000702000000|
|  33|0x0000000702100000, 0x00000007021ffff0, 0x0000000702200000| 99%| O|  |TS  0|AC  0|TAMS 0x0000000702100000, 0x0000000702100000|
|  34|0x0000000702200000, 0x00000007022ffff0, 0x0000000702300000| 99%| O|  |TS  0|AC  0|TAMS 0x0000000702200000, 0x0000000702200000|
|  35|0x0000000702300000, 0x00000007023c8810, 0x0000000702400000| 78%| O|  |TS  0|AC  0|TAMS 0x0000000702300000, 0x0000000702300000|
|  36|0x0000000702400000, 0x00000007024e38e0, 0x0000000702500000| 88%| O|  |TS  0|AC  0|TAMS 0x0000000702400000, 0x0000000702400000|
|  37|0x0000000702500000, 0x0000000702600000, 0x0000000702600000|100%| O|  |TS  0|AC  0|TAMS 0x0000000702500000, 0x0000000702500000|
|  38|0x0000000702600000, 0x00000007026fffa8, 0x0000000702700000| 99%| O|  |TS  0|AC  0|TAMS 0x0000000702600000, 0x0000000702600000|
|  39|0x0000000702700000, 0x00000007027fffe8, 0x0000000702800000| 99%| O|  |TS  0|AC  0|TAMS 0x0000000702700000, 0x0000000702700000|
|  40|0x0000000702800000, 0x00000007028fffa8, 0x0000000702900000| 99%| O|  |TS  0|AC  0|TAMS 0x0000000702800000, 0x0000000702800000|
|  41|0x0000000702900000, 0x00000007029fffe8, 0x0000000702a00000| 99%| O|  |TS  0|AC  0|TAMS 0x0000000702900000, 0x0000000702900000|
|  42|0x0000000702a00000, 0x0000000702affff0, 0x0000000702b00000| 99%| O|  |TS  0|AC  0|TAMS 0x0000000702a00000, 0x0000000702a00000|
|  43|0x0000000702b00000, 0x0000000702bfdc20, 0x0000000702c00000| 99%| O|  |TS  0|AC  0|TAMS 0x0000000702b00000, 0x0000000702b00000|
|  44|0x0000000702c00000, 0x0000000702cffff8, 0x0000000702d00000| 99%| O|  |TS  0|AC  0|TAMS 0x0000000702c00000, 0x0000000702c00000|
|  45|0x0000000702d00000, 0x0000000702dffff8, 0x0000000702e00000| 99%| O|  |TS  0|AC  0|TAMS 0x0000000702d00000, 0x0000000702d00000|
|  46|0x0000000702e00000, 0x0000000702efe438, 0x0000000702f00000| 99%| O|  |TS  0|AC  0|TAMS 0x0000000702e00000, 0x0000000702e00000|
|  47|0x0000000702f00000, 0x0000000702fffff8, 0x0000000703000000| 99%| O|  |TS  0|AC  0|TAMS 0x0000000702f00000, 0x0000000702f00000|
|  48|0x0000000703000000, 0x0000000703100000, 0x0000000703100000|100%|HS|  |TS  0|AC  0|TAMS 0x0000000703000000, 0x0000000703000000|
|  49|0x0000000703100000, 0x0000000703200000, 0x0000000703200000|100%|HC|  |TS  0|AC  0|TAMS 0x0000000703100000, 0x0000000703100000|
|  50|0x0000000703200000, 0x0000000703300000, 0x0000000703300000|100%|HC|  |TS  0|AC  0|TAMS 0x0000000703200000, 0x0000000703200000|
|  51|0x0000000703300000, 0x0000000703400000, 0x0000000703400000|100%|HC|  |TS  0|AC  0|TAMS 0x0000000703300000, 0x0000000703300000|
|  52|0x0000000703400000, 0x0000000703500000, 0x0000000703500000|100%|HC|  |TS  0|AC  0|TAMS 0x0000000703400000, 0x0000000703400000|
|  53|0x0000000703500000, 0x0000000703600000, 0x0000000703600000|100%|HC|  |TS  0|AC  0|TAMS 0x0000000703500000, 0x0000000703500000|
|  54|0x0000000703600000, 0x0000000703700000, 0x0000000703700000|100%|HC|  |TS  0|AC  0|TAMS 0x0000000703600000, 0x0000000703600000|
|  55|0x0000000703700000, 0x0000000703800000, 0x0000000703800000|100%|HC|  |TS  0|AC  0|TAMS 0x0000000703700000, 0x0000000703700000|
|  56|0x0000000703800000, 0x00000007038fffd8, 0x0000000703900000| 99%| O|  |TS  0|AC  0|TAMS 0x0000000703800000, 0x0000000703800000|
|  57|0x0000000703900000, 0x00000007039ffff8, 0x0000000703a00000| 99%| O|  |TS  0|AC  0|TAMS 0x0000000703900000, 0x0000000703900000|
|  58|0x0000000703a00000, 0x0000000703afff20, 0x0000000703b00000| 99%| O|  |TS  0|AC  0|TAMS 0x0000000703a00000, 0x0000000703a00000|
|  59|0x0000000703b00000, 0x0000000703bfffd0, 0x0000000703c00000| 99%| O|  |TS  0|AC  0|TAMS 0x0000000703b00000, 0x0000000703b00000|
|  60|0x0000000703c00000, 0x0000000703c4a188, 0x0000000703d00000| 28%| O|  |TS  0|AC  0|TAMS 0x0000000703c00000, 0x0000000703c00000|
|  61|0x0000000703d00000, 0x0000000703d19a00, 0x0000000703e00000| 10%| O|  |TS 31|AC  0|TAMS 0x0000000703d00000, 0x0000000703d00000|
|  62|0x0000000703e00000, 0x0000000703e00000, 0x0000000703f00000|  0%| F|  |TS  0|AC  0|TAMS 0x0000000703e00000, 0x0000000703e00000|
|  63|0x0000000703f00000, 0x0000000703f00000, 0x0000000704000000|  0%| F|  |TS  0|AC  0|TAMS 0x0000000703f00000, 0x0000000703f00000|
|  64|0x0000000704000000, 0x0000000704000000, 0x0000000704100000|  0%| F|  |TS  0|AC  0|TAMS 0x0000000704000000, 0x0000000704000000|
|  65|0x0000000704100000, 0x0000000704200000, 0x0000000704200000|100%|HS|  |TS  0|AC  0|TAMS 0x0000000704100000, 0x0000000704100000|
|  66|0x0000000704200000, 0x0000000704300000, 0x0000000704300000|100%|HC|  |TS  0|AC  0|TAMS 0x0000000704200000, 0x0000000704200000|
|  67|0x0000000704300000, 0x0000000704400000, 0x0000000704400000|100%|HC|  |TS  0|AC  0|TAMS 0x0000000704300000, 0x0000000704300000|
|  68|0x0000000704400000, 0x0000000704500000, 0x0000000704500000|100%|HC|  |TS  0|AC  0|TAMS 0x0000000704400000, 0x0000000704400000|
|  69|0x0000000704500000, 0x0000000704500000, 0x0000000704600000|  0%| F|  |TS  0|AC  0|TAMS 0x0000000704500000, 0x0000000704500000|
|  70|0x0000000704600000, 0x0000000704600000, 0x0000000704700000|  0%| F|  |TS  0|AC  0|TAMS 0x0000000704600000, 0x0000000704600000|
|  71|0x0000000704700000, 0x0000000704700000, 0x0000000704800000|  0%| F|  |TS  0|AC  0|TAMS 0x0000000704700000, 0x0000000704700000|
|  72|0x0000000704800000, 0x0000000704800000, 0x0000000704900000|  0%| F|  |TS  0|AC  0|TAMS 0x0000000704800000, 0x0000000704800000|
|  73|0x0000000704900000, 0x0000000704900000, 0x0000000704a00000|  0%| F|  |TS  0|AC  0|TAMS 0x0000000704900000, 0x0000000704900000|
|  74|0x0000000704a00000, 0x0000000704a00000, 0x0000000704b00000|  0%| F|  |TS  0|AC  0|TAMS 0x0000000704a00000, 0x0000000704a00000|
|  75|0x0000000704b00000, 0x0000000704b00000, 0x0000000704c00000|  0%| F|  |TS  0|AC  0|TAMS 0x0000000704b00000, 0x0000000704b00000|
|  76|0x0000000704c00000, 0x0000000704c00000, 0x0000000704d00000|  0%| F|  |TS  0|AC  0|TAMS 0x0000000704c00000, 0x0000000704c00000|
|  77|0x0000000704d00000, 0x0000000704d00000, 0x0000000704e00000|  0%| F|  |TS  0|AC  0|TAMS 0x0000000704d00000, 0x0000000704d00000|
|  78|0x0000000704e00000, 0x0000000704e00000, 0x0000000704f00000|  0%| F|  |TS  0|AC  0|TAMS 0x0000000704e00000, 0x0000000704e00000|
|  79|0x0000000704f00000, 0x0000000704f00000, 0x0000000705000000|  0%| F|  |TS  0|AC  0|TAMS 0x0000000704f00000, 0x0000000704f00000|
|  80|0x0000000705000000, 0x0000000705000000, 0x0000000705100000|  0%| F|  |TS  0|AC  0|TAMS 0x0000000705000000, 0x0000000705000000|
|  81|0x0000000705100000, 0x0000000705100000, 0x0000000705200000|  0%| F|  |TS  0|AC  0|TAMS 0x0000000705100000, 0x0000000705100000|
|  82|0x0000000705200000, 0x0000000705200000, 0x0000000705300000|  0%| F|  |TS  0|AC  0|TAMS 0x0000000705200000, 0x0000000705200000|
|  83|0x0000000705300000, 0x0000000705300000, 0x0000000705400000|  0%| F|  |TS  0|AC  0|TAMS 0x0000000705300000, 0x0000000705300000|
|  84|0x0000000705400000, 0x0000000705400000, 0x0000000705500000|  0%| F|  |TS  0|AC  0|TAMS 0x0000000705400000, 0x0000000705400000|
|  85|0x0000000705500000, 0x0000000705500000, 0x0000000705600000|  0%| F|  |TS  0|AC  0|TAMS 0x0000000705500000, 0x0000000705500000|
|  86|0x0000000705600000, 0x0000000705600000, 0x0000000705700000|  0%| F|  |TS  0|AC  0|TAMS 0x0000000705600000, 0x0000000705600000|
|  87|0x0000000705700000, 0x0000000705700000, 0x0000000705800000|  0%| F|  |TS  0|AC  0|TAMS 0x0000000705700000, 0x0000000705700000|
|  88|0x0000000705800000, 0x0000000705800000, 0x0000000705900000|  0%| F|  |TS  0|AC  0|TAMS 0x0000000705800000, 0x0000000705800000|
|  89|0x0000000705900000, 0x0000000705900000, 0x0000000705a00000|  0%| F|  |TS  0|AC  0|TAMS 0x0000000705900000, 0x0000000705900000|
|  90|0x0000000705a00000, 0x0000000705a00000, 0x0000000705b00000|  0%| F|  |TS  0|AC  0|TAMS 0x0000000705a00000, 0x0000000705a00000|
|  91|0x0000000705b00000, 0x0000000705b00000, 0x0000000705c00000|  0%| F|  |TS  0|AC  0|TAMS 0x0000000705b00000, 0x0000000705b00000|
|  92|0x0000000705c00000, 0x0000000705c00000, 0x0000000705d00000|  0%| F|  |TS  0|AC  0|TAMS 0x0000000705c00000, 0x0000000705c00000|
|  93|0x0000000705d00000, 0x0000000705d00000, 0x0000000705e00000|  0%| F|  |TS  0|AC  0|TAMS 0x0000000705d00000, 0x0000000705d00000|
|  94|0x0000000705e00000, 0x0000000705e00000, 0x0000000705f00000|  0%| F|  |TS  0|AC  0|TAMS 0x0000000705e00000, 0x0000000705e00000|
|  95|0x0000000705f00000, 0x0000000705f00000, 0x0000000706000000|  0%| F|  |TS  0|AC  0|TAMS 0x0000000705f00000, 0x0000000705f00000|
|  96|0x0000000706000000, 0x0000000706000000, 0x0000000706100000|  0%| F|  |TS  0|AC  0|TAMS 0x0000000706000000, 0x0000000706000000|
|  97|0x0000000706100000, 0x0000000706100000, 0x0000000706200000|  0%| F|  |TS  0|AC  0|TAMS 0x0000000706100000, 0x0000000706100000|
|  98|0x0000000706200000, 0x0000000706200000, 0x0000000706300000|  0%| F|  |TS  0|AC  0|TAMS 0x0000000706200000, 0x0000000706200000|
|  99|0x0000000706300000, 0x0000000706300000, 0x0000000706400000|  0%| F|  |TS  0|AC  0|TAMS 0x0000000706300000, 0x0000000706300000|
| 100|0x0000000706400000, 0x0000000706400000, 0x0000000706500000|  0%| F|  |TS  0|AC  0|TAMS 0x0000000706400000, 0x0000000706400000|
| 101|0x0000000706500000, 0x0000000706500000, 0x0000000706600000|  0%| F|  |TS  0|AC  0|TAMS 0x0000000706500000, 0x0000000706500000|
| 102|0x0000000706600000, 0x0000000706600000, 0x0000000706700000|  0%| F|  |TS  0|AC  0|TAMS 0x0000000706600000, 0x0000000706600000|
| 103|0x0000000706700000, 0x0000000706700000, 0x0000000706800000|  0%| F|  |TS  0|AC  0|TAMS 0x0000000706700000, 0x0000000706700000|
| 104|0x0000000706800000, 0x0000000706800000, 0x0000000706900000|  0%| F|  |TS  0|AC  0|TAMS 0x0000000706800000, 0x0000000706800000|
| 105|0x0000000706900000, 0x0000000706900000, 0x0000000706a00000|  0%| F|  |TS  0|AC  0|TAMS 0x0000000706900000, 0x0000000706900000|
| 106|0x0000000706a00000, 0x0000000706a00000, 0x0000000706b00000|  0%| F|  |TS  0|AC  0|TAMS 0x0000000706a00000, 0x0000000706a00000|
| 107|0x0000000706b00000, 0x0000000706b00000, 0x0000000706c00000|  0%| F|  |TS  0|AC  0|TAMS 0x0000000706b00000, 0x0000000706b00000|
| 108|0x0000000706c00000, 0x0000000706c00000, 0x0000000706d00000|  0%| F|  |TS  0|AC  0|TAMS 0x0000000706c00000, 0x0000000706c00000|
| 109|0x0000000706d00000, 0x0000000706d00000, 0x0000000706e00000|  0%| F|  |TS  0|AC  0|TAMS 0x0000000706d00000, 0x0000000706d00000|
| 110|0x0000000706e00000, 0x0000000706e00000, 0x0000000706f00000|  0%| F|  |TS  0|AC  0|TAMS 0x0000000706e00000, 0x0000000706e00000|
| 111|0x0000000706f00000, 0x0000000706f00000, 0x0000000707000000|  0%| F|  |TS  0|AC  0|TAMS 0x0000000706f00000, 0x0000000706f00000|
| 112|0x0000000707000000, 0x0000000707000000, 0x0000000707100000|  0%| F|  |TS  0|AC  0|TAMS 0x0000000707000000, 0x0000000707000000|
| 113|0x0000000707100000, 0x0000000707100000, 0x0000000707200000|  0%| F|  |TS  0|AC  0|TAMS 0x0000000707100000, 0x0000000707100000|
| 114|0x0000000707200000, 0x0000000707200000, 0x0000000707300000|  0%| F|  |TS  0|AC  0|TAMS 0x0000000707200000, 0x0000000707200000|
| 115|0x0000000707300000, 0x0000000707300000, 0x0000000707400000|  0%| F|  |TS  0|AC  0|TAMS 0x0000000707300000, 0x0000000707300000|
| 116|0x0000000707400000, 0x0000000707400000, 0x0000000707500000|  0%| F|  |TS  0|AC  0|TAMS 0x0000000707400000, 0x0000000707400000|
| 117|0x0000000707500000, 0x0000000707500000, 0x0000000707600000|  0%| F|  |TS  0|AC  0|TAMS 0x0000000707500000, 0x0000000707500000|
| 118|0x0000000707600000, 0x0000000707600000, 0x0000000707700000|  0%| F|  |TS  0|AC  0|TAMS 0x0000000707600000, 0x0000000707600000|
| 119|0x0000000707700000, 0x0000000707700000, 0x0000000707800000|  0%| F|  |TS  0|AC  0|TAMS 0x0000000707700000, 0x0000000707700000|
| 120|0x0000000707800000, 0x0000000707800000, 0x0000000707900000|  0%| F|  |TS  0|AC  0|TAMS 0x0000000707800000, 0x0000000707800000|
| 121|0x0000000707900000, 0x0000000707900000, 0x0000000707a00000|  0%| F|  |TS  0|AC  0|TAMS 0x0000000707900000, 0x0000000707900000|
| 122|0x0000000707a00000, 0x0000000707a00000, 0x0000000707b00000|  0%| F|  |TS  0|AC  0|TAMS 0x0000000707a00000, 0x0000000707a00000|
| 123|0x0000000707b00000, 0x0000000707b00000, 0x0000000707c00000|  0%| F|  |TS  0|AC  0|TAMS 0x0000000707b00000, 0x0000000707b00000|
| 124|0x0000000707c00000, 0x0000000707c00000, 0x0000000707d00000|  0%| F|  |TS  0|AC  0|TAMS 0x0000000707c00000, 0x0000000707c00000|
| 125|0x0000000707d00000, 0x0000000707d00000, 0x0000000707e00000|  0%| F|  |TS  0|AC  0|TAMS 0x0000000707d00000, 0x0000000707d00000|
| 126|0x0000000707e00000, 0x0000000707e00000, 0x0000000707f00000|  0%| F|  |TS  0|AC  0|TAMS 0x0000000707e00000, 0x0000000707e00000|
| 127|0x0000000707f00000, 0x0000000707f00000, 0x0000000708000000|  0%| F|  |TS  0|AC  0|TAMS 0x0000000707f00000, 0x0000000707f00000|
| 128|0x0000000708000000, 0x0000000708000000, 0x0000000708100000|  0%| F|  |TS  0|AC  0|TAMS 0x0000000708000000, 0x0000000708000000|
| 129|0x0000000708100000, 0x0000000708100000, 0x0000000708200000|  0%| F|  |TS  0|AC  0|TAMS 0x0000000708100000, 0x0000000708100000|
| 130|0x0000000708200000, 0x0000000708200000, 0x0000000708300000|  0%| F|  |TS  0|AC  0|TAMS 0x0000000708200000, 0x0000000708200000|
| 131|0x0000000708300000, 0x0000000708300000, 0x0000000708400000|  0%| F|  |TS  0|AC  0|TAMS 0x0000000708300000, 0x0000000708300000|
| 132|0x0000000708400000, 0x0000000708400000, 0x0000000708500000|  0%| F|  |TS  0|AC  0|TAMS 0x0000000708400000, 0x0000000708400000|
| 133|0x0000000708500000, 0x0000000708500000, 0x0000000708600000|  0%| F|  |TS  0|AC  0|TAMS 0x0000000708500000, 0x0000000708500000|
| 134|0x0000000708600000, 0x0000000708600000, 0x0000000708700000|  0%| F|  |TS  0|AC  0|TAMS 0x0000000708600000, 0x0000000708600000|
| 135|0x0000000708700000, 0x0000000708700000, 0x0000000708800000|  0%| F|  |TS  0|AC  0|TAMS 0x0000000708700000, 0x0000000708700000|
| 136|0x0000000708800000, 0x0000000708800000, 0x0000000708900000|  0%| F|  |TS  0|AC  0|TAMS 0x0000000708800000, 0x0000000708800000|
| 137|0x0000000708900000, 0x0000000708900000, 0x0000000708a00000|  0%| F|  |TS  0|AC  0|TAMS 0x0000000708900000, 0x0000000708900000|
| 138|0x0000000708a00000, 0x0000000708a00000, 0x0000000708b00000|  0%| F|  |TS  0|AC  0|TAMS 0x0000000708a00000, 0x0000000708a00000|
| 139|0x0000000708b00000, 0x0000000708b00000, 0x0000000708c00000|  0%| F|  |TS  0|AC  0|TAMS 0x0000000708b00000, 0x0000000708b00000|
| 140|0x0000000708c00000, 0x0000000708c00000, 0x0000000708d00000|  0%| F|  |TS  0|AC  0|TAMS 0x0000000708c00000, 0x0000000708c00000|
| 141|0x0000000708d00000, 0x0000000708d00000, 0x0000000708e00000|  0%| F|  |TS  0|AC  0|TAMS 0x0000000708d00000, 0x0000000708d00000|
| 142|0x0000000708e00000, 0x0000000708e00000, 0x0000000708f00000|  0%| F|  |TS  0|AC  0|TAMS 0x0000000708e00000, 0x0000000708e00000|
| 143|0x0000000708f00000, 0x0000000708f00000, 0x0000000709000000|  0%| F|  |TS 25|AC  0|TAMS 0x0000000708f00000, 0x0000000708f00000|
| 144|0x0000000709000000, 0x00000007090b8708, 0x0000000709100000| 72%| S|CS|TS 31|AC  0|TAMS 0x0000000709000000, 0x0000000709000000|
| 145|0x0000000709100000, 0x0000000709100000, 0x0000000709200000|  0%| F|  |TS 31|AC  0|TAMS 0x0000000709100000, 0x0000000709100000|
| 146|0x0000000709200000, 0x0000000709200000, 0x0000000709300000|  0%| F|  |TS 31|AC  0|TAMS 0x0000000709200000, 0x0000000709200000|
| 147|0x0000000709300000, 0x0000000709300000, 0x0000000709400000|  0%| F|  |TS 31|AC  0|TAMS 0x0000000709300000, 0x0000000709300000|
| 148|0x0000000709400000, 0x0000000709400000, 0x0000000709500000|  0%| F|  |TS 31|AC  0|TAMS 0x0000000709400000, 0x0000000709400000|
| 149|0x0000000709500000, 0x0000000709500000, 0x0000000709600000|  0%| F|  |TS 31|AC  0|TAMS 0x0000000709500000, 0x0000000709500000|
| 150|0x0000000709600000, 0x0000000709600000, 0x0000000709700000|  0%| F|  |TS 31|AC  0|TAMS 0x0000000709600000, 0x0000000709600000|
| 151|0x0000000709700000, 0x0000000709700000, 0x0000000709800000|  0%| F|  |TS 31|AC  0|TAMS 0x0000000709700000, 0x0000000709700000|
| 152|0x0000000709800000, 0x0000000709800000, 0x0000000709900000|  0%| F|  |TS 31|AC  0|TAMS 0x0000000709800000, 0x0000000709800000|
| 153|0x0000000709900000, 0x0000000709900000, 0x0000000709a00000|  0%| F|  |TS 31|AC  0|TAMS 0x0000000709900000, 0x0000000709900000|
| 154|0x0000000709a00000, 0x0000000709a00000, 0x0000000709b00000|  0%| F|  |TS 31|AC  0|TAMS 0x0000000709a00000, 0x0000000709a00000|
| 155|0x0000000709b00000, 0x0000000709b00000, 0x0000000709c00000|  0%| F|  |TS 31|AC  0|TAMS 0x0000000709b00000, 0x0000000709b00000|
| 156|0x0000000709c00000, 0x0000000709c00000, 0x0000000709d00000|  0%| F|  |TS 31|AC  0|TAMS 0x0000000709c00000, 0x0000000709c00000|
| 157|0x0000000709d00000, 0x0000000709d00000, 0x0000000709e00000|  0%| F|  |TS 31|AC  0|TAMS 0x0000000709d00000, 0x0000000709d00000|
| 158|0x0000000709e00000, 0x0000000709e00000, 0x0000000709f00000|  0%| F|  |TS 31|AC  0|TAMS 0x0000000709e00000, 0x0000000709e00000|
| 159|0x0000000709f00000, 0x0000000709f00000, 0x000000070a000000|  0%| F|  |TS 31|AC  0|TAMS 0x0000000709f00000, 0x0000000709f00000|
| 160|0x000000070a000000, 0x000000070a000000, 0x000000070a100000|  0%| F|  |TS 31|AC  0|TAMS 0x000000070a000000, 0x000000070a000000|
| 161|0x000000070a100000, 0x000000070a100000, 0x000000070a200000|  0%| F|  |TS 31|AC  0|TAMS 0x000000070a100000, 0x000000070a100000|
| 162|0x000000070a200000, 0x000000070a200000, 0x000000070a300000|  0%| F|  |TS 31|AC  0|TAMS 0x000000070a200000, 0x000000070a200000|
| 163|0x000000070a300000, 0x000000070a300000, 0x000000070a400000|  0%| F|  |TS 31|AC  0|TAMS 0x000000070a300000, 0x000000070a300000|
| 164|0x000000070a400000, 0x000000070a400000, 0x000000070a500000|  0%| F|  |TS 31|AC  0|TAMS 0x000000070a400000, 0x000000070a400000|
| 165|0x000000070a500000, 0x000000070a500000, 0x000000070a600000|  0%| F|  |TS 31|AC  0|TAMS 0x000000070a500000, 0x000000070a500000|
| 166|0x000000070a600000, 0x000000070a600000, 0x000000070a700000|  0%| F|  |TS 31|AC  0|TAMS 0x000000070a600000, 0x000000070a600000|
| 167|0x000000070a700000, 0x000000070a700000, 0x000000070a800000|  0%| F|  |TS 31|AC  0|TAMS 0x000000070a700000, 0x000000070a700000|
| 168|0x000000070a800000, 0x000000070a800000, 0x000000070a900000|  0%| F|  |TS 31|AC  0|TAMS 0x000000070a800000, 0x000000070a800000|
| 169|0x000000070a900000, 0x000000070a900000, 0x000000070aa00000|  0%| F|  |TS 31|AC  0|TAMS 0x000000070a900000, 0x000000070a900000|
| 170|0x000000070aa00000, 0x000000070aa00000, 0x000000070ab00000|  0%| F|  |TS 31|AC  0|TAMS 0x000000070aa00000, 0x000000070aa00000|
| 171|0x000000070ab00000, 0x000000070ab00000, 0x000000070ac00000|  0%| F|  |TS 31|AC  0|TAMS 0x000000070ab00000, 0x000000070ab00000|
| 172|0x000000070ac00000, 0x000000070ac00000, 0x000000070ad00000|  0%| F|  |TS 31|AC  0|TAMS 0x000000070ac00000, 0x000000070ac00000|
| 173|0x000000070ad00000, 0x000000070ad00000, 0x000000070ae00000|  0%| F|  |TS 31|AC  0|TAMS 0x000000070ad00000, 0x000000070ad00000|
| 174|0x000000070ae00000, 0x000000070ae00000, 0x000000070af00000|  0%| F|  |TS 31|AC  0|TAMS 0x000000070ae00000, 0x000000070ae00000|
| 175|0x000000070af00000, 0x000000070af00000, 0x000000070b000000|  0%| F|  |TS 31|AC  0|TAMS 0x000000070af00000, 0x000000070af00000|
| 176|0x000000070b000000, 0x000000070b000000, 0x000000070b100000|  0%| F|  |TS 31|AC  0|TAMS 0x000000070b000000, 0x000000070b000000|
| 177|0x000000070b100000, 0x000000070b100000, 0x000000070b200000|  0%| F|  |TS 31|AC  0|TAMS 0x000000070b100000, 0x000000070b100000|
| 178|0x000000070b200000, 0x000000070b200000, 0x000000070b300000|  0%| F|  |TS 31|AC  0|TAMS 0x000000070b200000, 0x000000070b200000|
| 179|0x000000070b300000, 0x000000070b300000, 0x000000070b400000|  0%| F|  |TS 31|AC  0|TAMS 0x000000070b300000, 0x000000070b300000|
| 180|0x000000070b400000, 0x000000070b400000, 0x000000070b500000|  0%| F|  |TS 31|AC  0|TAMS 0x000000070b400000, 0x000000070b400000|
| 181|0x000000070b500000, 0x000000070b500000, 0x000000070b600000|  0%| F|  |TS 31|AC  0|TAMS 0x000000070b500000, 0x000000070b500000|
| 182|0x000000070b600000, 0x000000070b600000, 0x000000070b700000|  0%| F|  |TS 31|AC  0|TAMS 0x000000070b600000, 0x000000070b600000|
| 183|0x000000070b700000, 0x000000070b700000, 0x000000070b800000|  0%| F|  |TS 31|AC  0|TAMS 0x000000070b700000, 0x000000070b700000|
| 184|0x000000070b800000, 0x000000070b800000, 0x000000070b900000|  0%| F|  |TS 31|AC  0|TAMS 0x000000070b800000, 0x000000070b800000|
| 185|0x000000070b900000, 0x000000070b900000, 0x000000070ba00000|  0%| F|  |TS 31|AC  0|TAMS 0x000000070b900000, 0x000000070b900000|
| 186|0x000000070ba00000, 0x000000070ba00000, 0x000000070bb00000|  0%| F|  |TS 31|AC  0|TAMS 0x000000070ba00000, 0x000000070ba00000|
| 187|0x000000070bb00000, 0x000000070bb00000, 0x000000070bc00000|  0%| F|  |TS 31|AC  0|TAMS 0x000000070bb00000, 0x000000070bb00000|
| 188|0x000000070bc00000, 0x000000070bc00000, 0x000000070bd00000|  0%| F|  |TS 31|AC  0|TAMS 0x000000070bc00000, 0x000000070bc00000|
| 189|0x000000070bd00000, 0x000000070bd00000, 0x000000070be00000|  0%| F|  |TS 31|AC  0|TAMS 0x000000070bd00000, 0x000000070bd00000|
| 190|0x000000070be00000, 0x000000070be00000, 0x000000070bf00000|  0%| F|  |TS 31|AC  0|TAMS 0x000000070be00000, 0x000000070be00000|
| 191|0x000000070bf00000, 0x000000070bf00000, 0x000000070c000000|  0%| F|  |TS 31|AC  0|TAMS 0x000000070bf00000, 0x000000070bf00000|
| 192|0x000000070c000000, 0x000000070c000000, 0x000000070c100000|  0%| F|  |TS 31|AC  0|TAMS 0x000000070c000000, 0x000000070c000000|
| 193|0x000000070c100000, 0x000000070c100000, 0x000000070c200000|  0%| F|  |TS 31|AC  0|TAMS 0x000000070c100000, 0x000000070c100000|
| 194|0x000000070c200000, 0x000000070c200000, 0x000000070c300000|  0%| F|  |TS 31|AC  0|TAMS 0x000000070c200000, 0x000000070c200000|
| 195|0x000000070c300000, 0x000000070c392748, 0x000000070c400000| 57%| E|  |TS 31|AC  0|TAMS 0x000000070c300000, 0x000000070c300000|
| 196|0x000000070c400000, 0x000000070c500000, 0x000000070c500000|100%| E|CS|TS 31|AC  0|TAMS 0x000000070c400000, 0x000000070c400000|
| 197|0x000000070c500000, 0x000000070c600000, 0x000000070c600000|100%| E|CS|TS 31|AC  0|TAMS 0x000000070c500000, 0x000000070c500000|
| 198|0x000000070c600000, 0x000000070c700000, 0x000000070c700000|100%| E|CS|TS 31|AC  0|TAMS 0x000000070c600000, 0x000000070c600000|
| 199|0x000000070c700000, 0x000000070c800000, 0x000000070c800000|100%| E|CS|TS 31|AC  0|TAMS 0x000000070c700000, 0x000000070c700000|
| 200|0x000000070c800000, 0x000000070c900000, 0x000000070c900000|100%| E|CS|TS 31|AC  0|TAMS 0x000000070c800000, 0x000000070c800000|
| 201|0x000000070c900000, 0x000000070ca00000, 0x000000070ca00000|100%| E|CS|TS 31|AC  0|TAMS 0x000000070c900000, 0x000000070c900000|
| 202|0x000000070ca00000, 0x000000070cb00000, 0x000000070cb00000|100%| E|CS|TS 31|AC  0|TAMS 0x000000070ca00000, 0x000000070ca00000|
| 203|0x000000070cb00000, 0x000000070cc00000, 0x000000070cc00000|100%| E|CS|TS 31|AC  0|TAMS 0x000000070cb00000, 0x000000070cb00000|
| 204|0x000000070cc00000, 0x000000070cd00000, 0x000000070cd00000|100%| E|CS|TS 31|AC  0|TAMS 0x000000070cc00000, 0x000000070cc00000|

Card table byte_map: [0x00000184042e0000,0x00000184048e0000] byte_map_base: 0x0000018400ae0000

Marking Bits (Prev, Next): (CMBitMap*) 0x0000018400220120, (CMBitMap*) 0x0000018400220158
 Prev Bits: [0x000001841e930000, 0x0000018421930000)
 Next Bits: [0x0000018421930000, 0x0000018424930000)

Polling page: 0x0000018401050000

CodeHeap 'non-profiled nmethods': size=120000Kb used=18710Kb max_used=18710Kb free=101289Kb
 bounds [0x0000018417400000, 0x0000018418650000, 0x000001841e930000]
CodeHeap 'profiled nmethods': size=120000Kb used=38275Kb max_used=41308Kb free=81724Kb
 bounds [0x000001840fed0000, 0x0000018412750000, 0x0000018417400000]
CodeHeap 'non-nmethods': size=5760Kb used=1754Kb max_used=1803Kb free=4005Kb
 bounds [0x000001840f930000, 0x000001840fba0000, 0x000001840fed0000]
 total_blobs=29555 nmethods=16105 adapters=1068
 compilation: enabled

Compilation events (10 events):
Event: 1683.479 Thread 0x0000018408513000 20456       3       javax.swing.CompareTabOrderComparator::compare (13 bytes)
Event: 1683.479 Thread 0x0000018408513000 nmethod 20456 0x00000184119bc890 code [0x00000184119bca80, 0x00000184119bd130]
Event: 1683.479 Thread 0x0000018408513000 20457       3       javax.swing.CompareTabOrderComparator::compare (25 bytes)
Event: 1683.479 Thread 0x0000018408513000 nmethod 20457 0x00000184119bef10 code [0x00000184119bf0e0, 0x00000184119bf4f0]
Event: 1683.479 Thread 0x0000018408513000 20458       3       sun.awt.KeyboardFocusManagerPeerImpl$KfmAccessor::access$000 (4 bytes)
Event: 1683.479 Thread 0x0000018408513000 nmethod 20458 0x00000184114b3390 code [0x00000184114b3540, 0x00000184114b3698]
Event: 1683.865 Thread 0x0000018408513000 20459       3       ui.data.common.H::AM (8 bytes)
Event: 1683.866 Thread 0x0000018408513000 nmethod 20459 0x00000184118ed210 code [0x00000184118ed3c0, 0x00000184118ed550]
Event: 1684.023 Thread 0x0000018408513000 20461       3       java.util.concurrent.locks.LockSupport::park (23 bytes)
Event: 1684.023 Thread 0x0000018408513000 nmethod 20461 0x00000184119c9b90 code [0x00000184119c9d60, 0x00000184119ca150]

GC Heap History (10 events):
Event: 1678.481 GC heap before
{Heap before GC invocations=393 (full 225):
 garbage-first heap   total 209920K, used 125971K [0x0000000700000000, 0x0000000700100668, 0x00000007c0000000)
  region size 1024K, 60 young (61440K), 1 survivors (1024K)
 Metaspace       used 80597K, capacity 86133K, committed 86320K, reserved 1124352K
  class space    used 10812K, capacity 11781K, committed 11824K, reserved 1048576K
}
Event: 1678.483 GC heap after
{Heap after GC invocations=394 (full 225):
 garbage-first heap   total 209920K, used 66306K [0x0000000700000000, 0x0000000700100668, 0x00000007c0000000)
  region size 1024K, 2 young (2048K), 2 survivors (2048K)
 Metaspace       used 80597K, capacity 86133K, committed 86320K, reserved 1124352K
  class space    used 10812K, capacity 11781K, committed 11824K, reserved 1048576K
}
Event: 1678.631 GC heap before
{Heap before GC invocations=394 (full 225):
 garbage-first heap   total 209920K, used 125698K [0x0000000700000000, 0x0000000700100668, 0x00000007c0000000)
  region size 1024K, 60 young (61440K), 2 survivors (2048K)
 Metaspace       used 80600K, capacity 86133K, committed 86320K, reserved 1124352K
  class space    used 10812K, capacity 11781K, committed 11824K, reserved 1048576K
}
Event: 1678.632 GC heap after
{Heap after GC invocations=395 (full 225):
 garbage-first heap   total 209920K, used 65608K [0x0000000700000000, 0x0000000700100668, 0x00000007c0000000)
  region size 1024K, 1 young (1024K), 1 survivors (1024K)
 Metaspace       used 80600K, capacity 86133K, committed 86320K, reserved 1124352K
  class space    used 10812K, capacity 11781K, committed 11824K, reserved 1048576K
}
Event: 1680.592 GC heap before
{Heap before GC invocations=395 (full 225):
 garbage-first heap   total 209920K, used 126024K [0x0000000700000000, 0x0000000700100668, 0x00000007c0000000)
  region size 1024K, 60 young (61440K), 1 survivors (1024K)
 Metaspace       used 80625K, capacity 86197K, committed 86320K, reserved 1124352K
  class space    used 10812K, capacity 11781K, committed 11824K, reserved 1048576K
}
Event: 1680.594 GC heap after
{Heap after GC invocations=396 (full 225):
 garbage-first heap   total 209920K, used 65649K [0x0000000700000000, 0x0000000700100668, 0x00000007c0000000)
  region size 1024K, 1 young (1024K), 1 survivors (1024K)
 Metaspace       used 80625K, capacity 86197K, committed 86320K, reserved 1124352K
  class space    used 10812K, capacity 11781K, committed 11824K, reserved 1048576K
}
Event: 1682.522 GC heap before
{Heap before GC invocations=396 (full 225):
 garbage-first heap   total 209920K, used 126065K [0x0000000700000000, 0x0000000700100668, 0x00000007c0000000)
  region size 1024K, 60 young (61440K), 1 survivors (1024K)
 Metaspace       used 80630K, capacity 86197K, committed 86320K, reserved 1124352K
  class space    used 10812K, capacity 11781K, committed 11824K, reserved 1048576K
}
Event: 1682.523 GC heap after
{Heap after GC invocations=397 (full 225):
 garbage-first heap   total 209920K, used 65709K [0x0000000700000000, 0x0000000700100668, 0x00000007c0000000)
  region size 1024K, 1 young (1024K), 1 survivors (1024K)
 Metaspace       used 80630K, capacity 86197K, committed 86320K, reserved 1124352K
  class space    used 10812K, capacity 11781K, committed 11824K, reserved 1048576K
}
Event: 1684.466 GC heap before
{Heap before GC invocations=397 (full 225):
 garbage-first heap   total 209920K, used 126125K [0x0000000700000000, 0x0000000700100668, 0x00000007c0000000)
  region size 1024K, 60 young (61440K), 1 survivors (1024K)
 Metaspace       used 80635K, capacity 86197K, committed 86320K, reserved 1124352K
  class space    used 10812K, capacity 11781K, committed 11824K, reserved 1048576K
}
Event: 1684.468 GC heap after
{Heap after GC invocations=398 (full 225):
 garbage-first heap   total 209920K, used 65789K [0x0000000700000000, 0x0000000700100668, 0x00000007c0000000)
  region size 1024K, 1 young (1024K), 1 survivors (1024K)
 Metaspace       used 80635K, capacity 86197K, committed 86320K, reserved 1124352K
  class space    used 10812K, capacity 11781K, committed 11824K, reserved 1048576K
}

Deoptimization events (10 events):
Event: 909.840 Thread 0x0000018428e98000 Uncommon trap: reason=bimorphic_or_optimized_type_check action=maybe_recompile pc=0x00000184178bddb4 method=sun.java2d.marlin.Stroker$PolyStack.popAll(Lsun/awt/geom/PathConsumer2D;)V @ 202 c2
Event: 1014.928 Thread 0x0000018428e98000 Uncommon trap: reason=unstable_if action=reinterpret pc=0x0000018418433438 method=ui.utils.o.h.b.f(Ljava/awt/Rectangle;Ljava/awt/Rectangle;)Z @ 73 c2
Event: 1014.929 Thread 0x0000018428e98000 Uncommon trap: reason=unstable_if action=reinterpret pc=0x000001841789f87c method=ui.utils.o.h.b.f(Ljava/awt/Rectangle;Ljava/awt/Rectangle;)Z @ 73 c2
Event: 1014.929 Thread 0x0000018428e98000 Uncommon trap: reason=unstable_if action=reinterpret pc=0x00000184178b3388 method=ui.utils.o.h.b.f(Ljava/awt/Rectangle;Ljava/awt/Rectangle;)Z @ 73 c2
Event: 1023.225 Thread 0x0000018428e98000 Uncommon trap: reason=bimorphic_or_optimized_type_check action=maybe_recompile pc=0x00000184178bddb4 method=sun.java2d.marlin.Stroker$PolyStack.popAll(Lsun/awt/geom/PathConsumer2D;)V @ 202 c2
Event: 1023.714 Thread 0x0000018428e98000 Uncommon trap: reason=bimorphic_or_optimized_type_check action=maybe_recompile pc=0x00000184181ede24 method=sun.java2d.marlin.Stroker$PolyStack.popAll(Lsun/awt/geom/PathConsumer2D;)V @ 202 c2
Event: 1298.379 Thread 0x0000018428e98000 Uncommon trap: reason=class_check action=maybe_recompile pc=0x00000184184be7dc method=java.util.HashMap.removeNode(ILjava/lang/Object;Ljava/lang/Object;ZZ)Ljava/util/HashMap$Node; @ 143 c2
Event: 1301.317 Thread 0x0000018428e98000 Uncommon trap: reason=null_check action=make_not_entrant pc=0x0000018417c789b8 method=javax.swing.text.GapContent$MarkData.getPosition()Ljavax/swing/text/GapContent$StickyPosition; @ 4 c2
Event: 1678.548 Thread 0x0000018428e98000 Uncommon trap: reason=unstable_if action=reinterpret pc=0x0000018417e1a9ac method=javax.swing.SwingUtilities.computeIntersection(IIIILjava/awt/Rectangle;)Ljava/awt/Rectangle; @ 151 c2
Event: 1678.548 Thread 0x0000018428e98000 Uncommon trap: reason=unstable_if action=reinterpret pc=0x0000018417bfbf3c method=javax.swing.SwingUtilities.computeIntersection(IIIILjava/awt/Rectangle;)Ljava/awt/Rectangle; @ 151 c2

Classes redefined (0 events):
No events

Internal exceptions (10 events):
Event: 61.573 Thread 0x0000018428e98000 Exception <a 'java/lang/NoSuchMethodError'{0x0000000706a25910}: java.lang.invoke.DirectMethodHandle$Holder.invokeSpecial(Ljava/lang/Object;Ljava/lang/Object;IIILjava/lang/Object;Ljava/lang/Object;ILjava/lang/Object;II)Ljava/lang/Object;> (0x0000000706a259
Event: 61.574 Thread 0x0000018428e98000 Exception <a 'java/lang/NoSuchMethodError'{0x0000000706a29438}: java.lang.invoke.DelegatingMethodHandle$Holder.reinvoke_L(Ljava/lang/Object;IIILjava/lang/Object;Ljava/lang/Object;ILjava/lang/Object;II)Ljava/lang/Object;> (0x0000000706a29438) thrown at [t:
Event: 61.574 Thread 0x0000018428e98000 Exception <a 'java/lang/NoSuchMethodError'{0x0000000706a476f8}: method resolution failed> (0x0000000706a476f8) thrown at [t:/workspace/hotspot/src/share/vm/prims/methodHandles.cpp, line 1256]
Event: 61.621 Thread 0x0000018428e98000 Exception <a 'java/lang/NoSuchMethodError'{0x00000007064ba6d0}: java.lang.invoke.DirectMethodHandle$Holder.invokeSpecial(Ljava/lang/Object;Ljava/lang/Object;ILjava/lang/Object;)V> (0x00000007064ba6d0) thrown at [t:/workspace/hotspot/src/share/vm/interpret
Event: 61.621 Thread 0x0000018428e98000 Exception <a 'java/lang/NoSuchMethodError'{0x00000007064bfff8}: java.lang.invoke.DirectMethodHandle$Holder.invokeStatic(Ljava/lang/Object;Ljava/lang/Object;ILjava/lang/Object;)Ljava/lang/Object;> (0x00000007064bfff8) thrown at [t:/workspace/hotspot/src/sh
Event: 104.801 Thread 0x0000018428e98000 Exception <a 'java/lang/NoSuchMethodError'{0x00000007095e0a50}: java.lang.invoke.DirectMethodHandle$Holder.invokeSpecial(Ljava/lang/Object;Ljava/lang/Object;IILjava/lang/Object;ILjava/lang/Object;I)Ljava/lang/Object;> (0x00000007095e0a50) thrown at [t:/wo
Event: 104.801 Thread 0x0000018428e98000 Exception <a 'java/lang/NoSuchMethodError'{0x00000007095e41c0}: java.lang.invoke.DelegatingMethodHandle$Holder.reinvoke_L(Ljava/lang/Object;IILjava/lang/Object;ILjava/lang/Object;I)Ljava/lang/Object;> (0x00000007095e41c0) thrown at [t:/workspace/hotspot/s
Event: 104.801 Thread 0x0000018428e98000 Exception <a 'java/lang/NoSuchMethodError'{0x00000007094143a8}: method resolution failed> (0x00000007094143a8) thrown at [t:/workspace/hotspot/src/share/vm/prims/methodHandles.cpp, line 1256]
Event: 680.670 Thread 0x0000018431c9c800 Implicit null exception at 0x0000018417c7f569 to 0x0000018417c7fadd
Event: 1301.317 Thread 0x0000018428e98000 Implicit null exception at 0x0000018417c70c7e to 0x0000018417c7896d

Events (10 events):
Event: 1683.466 Executing VM operation: RevokeBias
Event: 1683.468 Executing VM operation: RevokeBias done
Event: 1683.470 Executing VM operation: RevokeBias
Event: 1683.470 Executing VM operation: RevokeBias done
Event: 1683.478 Executing VM operation: BulkRevokeBias
Event: 1683.479 Executing VM operation: BulkRevokeBias done
Event: 1683.493 Thread 0x0000018431c9e800 Thread added: 0x0000018431c9e800
Event: 1683.497 Thread 0x0000018431c9e800 Thread exited: 0x0000018431c9e800
Event: 1684.466 Executing VM operation: G1IncCollectionPause
Event: 1684.468 Executing VM operation: G1IncCollectionPause done


Dynamic libraries:
0x00007ff7c7cd0000 - 0x00007ff7c7d00000 	D:\Xilinx\Vivado\2019.1\bin\unwrapped\win64.o\vivado.exe
0x00007ffcd4570000 - 0x00007ffcd4768000 	C:\WINDOWS\SYSTEM32\ntdll.dll
0x00007ffcd4260000 - 0x00007ffcd4322000 	C:\WINDOWS\System32\KERNEL32.DLL
0x00007ffcd1f40000 - 0x00007ffcd2236000 	C:\WINDOWS\System32\KERNELBASE.dll
0x00007ffcd1e40000 - 0x00007ffcd1f40000 	C:\WINDOWS\System32\ucrtbase.dll
0x00007ffcaf940000 - 0x00007ffcaf9cd000 	C:\WINDOWS\SYSTEM32\MSVCP140.dll
0x00007ffc81030000 - 0x00007ffc81f12000 	D:\Xilinx\Vivado\2019.1\lib\win64.o\librdi_common.dll
0x00007ffca76a0000 - 0x00007ffca76b4000 	D:\Xilinx\Vivado\2019.1\lib\win64.o\libboost_signals.dll
0x00007ffcb0020000 - 0x00007ffcb003e000 	C:\WINDOWS\SYSTEM32\VCRUNTIME140.dll
0x00007ffcd3fb0000 - 0x00007ffcd414d000 	C:\WINDOWS\System32\USER32.dll
0x00007ffcd1ca0000 - 0x00007ffcd1cc2000 	C:\WINDOWS\System32\win32u.dll
0x00007ffcb01e0000 - 0x00007ffcb01ec000 	C:\WINDOWS\SYSTEM32\VCRUNTIME140_1.dll
0x00007ffcd25a0000 - 0x00007ffcd25cb000 	C:\WINDOWS\System32\GDI32.dll
0x00007ffc80cc0000 - 0x00007ffc8102e000 	D:\Xilinx\Vivado\2019.1\lib\win64.o\libCOIN-all.dll
0x00007ffcd1cd0000 - 0x00007ffcd1dea000 	C:\WINDOWS\System32\gdi32full.dll
0x00007ffcd2240000 - 0x00007ffcd22dd000 	C:\WINDOWS\System32\msvcp_win.dll
0x00007ffca7540000 - 0x00007ffca7554000 	D:\Xilinx\Vivado\2019.1\lib\win64.o\libboost_date_time.dll
0x00007ffca7640000 - 0x00007ffca7666000 	D:\Xilinx\Vivado\2019.1\lib\win64.o\libboost_filesystem.dll
0x00007ffcd3120000 - 0x00007ffcd31cf000 	C:\WINDOWS\System32\ADVAPI32.dll
0x00007ffcd27f0000 - 0x00007ffcd288e000 	C:\WINDOWS\System32\msvcrt.dll
0x00007ffcd2fd0000 - 0x00007ffcd306f000 	C:\WINDOWS\System32\sechost.dll
0x00007ffca3f00000 - 0x00007ffca3f7f000 	D:\Xilinx\Vivado\2019.1\lib\win64.o\libboost_program_options.dll
0x00007ffc93200000 - 0x00007ffc93314000 	D:\Xilinx\Vivado\2019.1\lib\win64.o\libboost_regex.dll
0x00007ffcd4330000 - 0x00007ffcd4453000 	C:\WINDOWS\System32\RPCRT4.dll
0x00007ffcd2570000 - 0x00007ffcd2597000 	C:\WINDOWS\System32\bcrypt.dll
0x00007ffca7630000 - 0x00007ffca763b000 	D:\Xilinx\Vivado\2019.1\lib\win64.o\libboost_system.dll
0x00007ffca2540000 - 0x00007ffca2561000 	D:\Xilinx\Vivado\2019.1\lib\win64.o\libboost_thread.dll
0x00007ffcd36f0000 - 0x00007ffcd3e5e000 	C:\WINDOWS\System32\SHELL32.dll
0x00007ffca7530000 - 0x00007ffca753f000 	D:\Xilinx\Vivado\2019.1\lib\win64.o\libboost_xilinx.dll
0x00007ffca2160000 - 0x00007ffca21e2000 	D:\Xilinx\Vivado\2019.1\lib\win64.o\libhdlpsolve.dll
0x00007ffca2080000 - 0x00007ffca2125000 	D:\Xilinx\Vivado\2019.1\lib\win64.o\libhdxml.dll
0x00007ffc7f270000 - 0x00007ffc7fe1f400 	D:\Xilinx\Vivado\2019.1\lib\win64.o\libisl_iostreams.dll
0x00007ffca2510000 - 0x00007ffca253e000 	D:\Xilinx\Vivado\2019.1\lib\win64.o\libisl_sysinfo.dll
0x00007ffcd28f0000 - 0x00007ffcd295b000 	C:\WINDOWS\System32\WS2_32.dll
0x00007ffca75c0000 - 0x00007ffca7625000 	D:\Xilinx\Vivado\2019.1\lib\win64.o\liblmx6.0.dll
0x00007ffca75a0000 - 0x00007ffca75ba000 	D:\Xilinx\Vivado\2019.1\lib\win64.o\pthreadVC2.dll
0x00007ffca1a20000 - 0x00007ffca1b41000 	D:\Xilinx\Vivado\2019.1\lib\win64.o\librdi_commonxillic.dll
0x00007ffca7580000 - 0x00007ffca759c000 	D:\Xilinx\Vivado\2019.1\lib\win64.o\librdiconfig.dll
0x00007ffca23d0000 - 0x00007ffca23f1000 	D:\Xilinx\Vivado\2019.1\lib\win64.o\librdizlib.dll
0x0000000012000000 - 0x0000000012270000 	D:\Xilinx\Vivado\2019.1\lib\win64.o\xerces-c_3_1.dll
0x0000000054180000 - 0x00000000542ab000 	D:\Xilinx\Vivado\2019.1\lib\win64.o\tcl85t.dll
0x00007ffcaead0000 - 0x00007ffcaefa6000 	C:\WINDOWS\SYSTEM32\WININET.dll
0x00007ffca5b40000 - 0x00007ffca5b59000 	C:\WINDOWS\SYSTEM32\NETAPI32.dll
0x00007ffcca670000 - 0x00007ffcca77a000 	C:\WINDOWS\SYSTEM32\WINHTTP.dll
0x00007ffcbf360000 - 0x00007ffcbf550000 	C:\WINDOWS\SYSTEM32\urlmon.dll
0x00007ffca7570000 - 0x00007ffca757d000 	D:\Xilinx\Vivado\2019.1\lib\win64.o\libboost_chrono.dll
0x00007ffcade10000 - 0x00007ffcade19000 	C:\WINDOWS\SYSTEM32\WSOCK32.dll
0x00007ffc7fe20000 - 0x00007ffc80cb1000 	D:\Xilinx\Vivado\2019.1\lib\win64.o\gurobi65.dll
0x00007ffca23a0000 - 0x00007ffca23d0000 	C:\WINDOWS\SYSTEM32\VCOMP140.DLL
0x00007ffca22b0000 - 0x00007ffca22d5000 	D:\Xilinx\Vivado\2019.1\lib\win64.o\libisl_iosutils.dll
0x00007ffca3fb0000 - 0x00007ffca3fcb000 	D:\Xilinx\Vivado\2019.1\lib\win64.o\libboost_iostreams.dll
0x00007ffc84000000 - 0x00007ffc842d8000 	D:\Xilinx\Vivado\2019.1\lib\win64.o\libXil_lmgr11.dll
0x00007ffcd32b0000 - 0x00007ffcd338a000 	C:\WINDOWS\System32\COMDLG32.dll
0x00007ffcbf330000 - 0x00007ffcbf358000 	C:\WINDOWS\SYSTEM32\srvcli.dll
0x00007ffcbf070000 - 0x00007ffcbf32f000 	C:\WINDOWS\SYSTEM32\iertutil.dll
0x00007ffcd3390000 - 0x00007ffcd36e3000 	C:\WINDOWS\System32\combase.dll
0x00007ffcd3070000 - 0x00007ffcd311d000 	C:\WINDOWS\System32\shcore.dll
0x00007ffcd1070000 - 0x00007ffcd107c000 	C:\WINDOWS\SYSTEM32\netutils.dll
0x00007ffcd2890000 - 0x00007ffcd28e5000 	C:\WINDOWS\System32\SHLWAPI.dll
0x00007ffccfc90000 - 0x00007ffcd0433000 	C:\WINDOWS\SYSTEM32\windows.storage.dll
0x00007ffcd4460000 - 0x00007ffcd452d000 	C:\WINDOWS\System32\OLEAUT32.dll
0x00007ffcd2660000 - 0x00007ffcd278b000 	C:\WINDOWS\System32\ole32.dll
0x00007ffcd22e0000 - 0x00007ffcd2353000 	C:\WINDOWS\System32\WINTRUST.dll
0x00007ffcd2360000 - 0x00007ffcd24bd000 	C:\WINDOWS\System32\CRYPT32.dll
0x00007ffcbe4e0000 - 0x00007ffcbe590000 	C:\WINDOWS\WinSxS\amd64_microsoft.windows.common-controls_6595b64144ccf1df_5.82.19041.4355_none_792ecafd2442822f\COMCTL32.dll
0x00007ffcd1640000 - 0x00007ffcd166b000 	C:\WINDOWS\SYSTEM32\Wldp.dll
0x00007ffccb1b0000 - 0x00007ffccb1cd000 	C:\WINDOWS\SYSTEM32\dhcpcsvc.DLL
0x00007ffca7680000 - 0x00007ffca7694000 	D:\Xilinx\Vivado\2019.1\lib\win64.o\librdi_commonmain.dll
0x00007ffca7670000 - 0x00007ffca767a000 	D:\Xilinx\Vivado\2019.1\lib\win64.o\librdi_commonversion.dll
0x00007ffcd3f80000 - 0x00007ffcd3faf000 	C:\WINDOWS\System32\IMM32.DLL
0x00007ffcd17d0000 - 0x00007ffcd17e2000 	C:\WINDOWS\SYSTEM32\MSASN1.dll
0x00007ffccfb00000 - 0x00007ffccfb12000 	C:\WINDOWS\SYSTEM32\kernel.appcore.dll
0x00007ffc7ed50000 - 0x00007ffc7f267000 	D:\Xilinx\Vivado\2019.1\lib\win64.o\librdi_commontasks.dll
0x00007ffccc830000 - 0x00007ffccc83a000 	C:\WINDOWS\SYSTEM32\VERSION.dll
0x00007ffc7eac0000 - 0x00007ffc7ed46000 	D:\Xilinx\Vivado\2019.1\lib\win64.o\librdi_sio.dll
0x00007ffcd1030000 - 0x00007ffcd106b000 	C:\WINDOWS\SYSTEM32\IPHLPAPI.DLL
0x0000000053170000 - 0x0000000053b95000 	D:\Xilinx\Vivado\2019.1\tps\win64\jre9.0.4\bin\server\jvm.dll
0x00007ffcd2fb0000 - 0x00007ffcd2fb8000 	C:\WINDOWS\System32\PSAPI.DLL
0x00007ffcbe0e0000 - 0x00007ffcbe107000 	C:\WINDOWS\SYSTEM32\WINMM.dll
0x00007ffc83cc0000 - 0x00007ffc83daf000 	C:\WINDOWS\SYSTEM32\MSVCR120.dll
0x00007ffcd13a0000 - 0x00007ffcd140c000 	C:\WINDOWS\SYSTEM32\MSWSOCK.DLL
0x00007ffc7c600000 - 0x00007ffc7eabc000 	D:\Xilinx\Vivado\2019.1\lib\win64.o\librdi_tcltasks.dll
0x00007ffca1fc0000 - 0x00007ffca2038000 	D:\Xilinx\Vivado\2019.1\lib\win64.o\librdi_boarddep.dll
0x00007ffc7c510000 - 0x00007ffc7c5fb000 	D:\Xilinx\Vivado\2019.1\lib\win64.o\librdi_chipscope.dll
0x00007ffc7c100000 - 0x00007ffc7c508000 	D:\Xilinx\Vivado\2019.1\lib\win64.o\librdi_bitstream.dll
0x00007ffc7bf60000 - 0x00007ffc7c0f1000 	D:\Xilinx\Vivado\2019.1\lib\win64.o\librdi_board.dll
0x00007ffc7bc40000 - 0x00007ffc7bdfd000 	D:\Xilinx\Vivado\2019.1\lib\win64.o\librdi_chipscopeimpl.dll
0x00007ffc7be00000 - 0x00007ffc7bf56000 	D:\Xilinx\Vivado\2019.1\lib\win64.o\librdi_containers.dll
0x00007ffc77bf0000 - 0x00007ffc7bc33000 	D:\Xilinx\Vivado\2019.1\lib\win64.o\librdi_designutils.dll
0x00007ffc76200000 - 0x00007ffc77bea000 	D:\Xilinx\Vivado\2019.1\lib\win64.o\librdi_constraints.dll
0x00007ffc75ee0000 - 0x00007ffc761fe000 	D:\Xilinx\Vivado\2019.1\lib\win64.o\librdi_dlyest.dll
0x00007ffc75940000 - 0x00007ffc75eda000 	D:\Xilinx\Vivado\2019.1\lib\win64.o\librdi_drc.dll
0x00007ffc73a80000 - 0x00007ffc75931000 	D:\Xilinx\Vivado\2019.1\lib\win64.o\librdi_coregen.dll
0x00007ffc83f30000 - 0x00007ffc83ff4000 	D:\Xilinx\Vivado\2019.1\lib\win64.o\librdi_dsp.dll
0x00007ffc730b0000 - 0x00007ffc73393000 	D:\Xilinx\Vivado\2019.1\lib\win64.o\librdi_guitools.dll
0x00007ffc60630000 - 0x00007ffc72a5c000 	D:\Xilinx\Vivado\2019.1\lib\win64.o\librdi_device.dll
0x00007ffc72a60000 - 0x00007ffc730ad000 	D:\Xilinx\Vivado\2019.1\lib\win64.o\librdi_filemgmt.dll
0x00007ffca19b0000 - 0x00007ffca1a15000 	D:\Xilinx\Vivado\2019.1\lib\win64.o\librdi_hdf.dll
0x00007ffc733a0000 - 0x00007ffc73a7a000 	D:\Xilinx\Vivado\2019.1\lib\win64.o\librdi_coregenipxact.dll
0x00007ffc970c0000 - 0x00007ffc97133000 	D:\Xilinx\Vivado\2019.1\lib\win64.o\librdi_memoryarray.dll
0x00007ffc60010000 - 0x00007ffc60625000 	D:\Xilinx\Vivado\2019.1\lib\win64.o\librdi_memdata.dll
0x00007ffc5ea50000 - 0x00007ffc60010000 	D:\Xilinx\Vivado\2019.1\lib\win64.o\librdi_implflow.dll
0x00007ffc931b0000 - 0x00007ffc931fb000 	D:\Xilinx\Vivado\2019.1\lib\win64.o\librdi_pfi.dll
0x00007ffc5b6b0000 - 0x00007ffc5bd52000 	D:\Xilinx\Vivado\2019.1\lib\win64.o\librdi_netlist.dll
0x00007ffc5bd60000 - 0x00007ffc5ea46000 	D:\Xilinx\Vivado\2019.1\lib\win64.o\librdi_mig.dll
0x00007ffc5ac50000 - 0x00007ffc5b39a000 	D:\Xilinx\Vivado\2019.1\lib\win64.o\librdi_power.dll
0x00007ffc5b3a0000 - 0x00007ffc5b6af000 	D:\Xilinx\Vivado\2019.1\lib\win64.o\librdi_platform.dll
0x00007ffc585d0000 - 0x00007ffc5ac46000 	D:\Xilinx\Vivado\2019.1\lib\win64.o\librdi_place.dll
0x00007ffc58050000 - 0x00007ffc585cf000 	D:\Xilinx\Vivado\2019.1\lib\win64.o\librdi_project.dll
0x00007ffc57230000 - 0x00007ffc57939000 	D:\Xilinx\Vivado\2019.1\lib\win64.o\librdi_psta.dll
0x00007ffc57940000 - 0x00007ffc58046000 	D:\Xilinx\Vivado\2019.1\lib\win64.o\librdi_rsb.dll
0x00007ffc56d30000 - 0x00007ffc57121000 	D:\Xilinx\Vivado\2019.1\lib\win64.o\librdi_runs.dll
0x00007ffc56ad0000 - 0x00007ffc56d26000 	D:\Xilinx\Vivado\2019.1\lib\win64.o\librdi_simdata.dll
0x00007ffc57130000 - 0x00007ffc5722a000 	D:\Xilinx\Vivado\2019.1\lib\win64.o\librdi_runsbase.dll
0x00007ffc55ae0000 - 0x00007ffc55b2c000 	D:\Xilinx\Vivado\2019.1\lib\win64.o\libboost_serialization.dll
0x00007ffc56950000 - 0x00007ffc56ac2000 	D:\Xilinx\Vivado\2019.1\lib\win64.o\librdi_advchipscopeimpl.dll
0x00007ffc55b30000 - 0x00007ffc56941000 	D:\Xilinx\Vivado\2019.1\lib\win64.o\librdi_timing.dll
0x00007ffc55540000 - 0x00007ffc556df000 	D:\Xilinx\Vivado\2019.1\lib\win64.o\librdi_hip_devdesign.dll
0x00007ffc43440000 - 0x00007ffc43f87000 	D:\Xilinx\Vivado\2019.1\lib\win64.o\libverific.dll
0x00007ffc55150000 - 0x00007ffc55535000 	D:\Xilinx\Vivado\2019.1\lib\win64.o\librdi_hip_config.dll
0x00007ffc556e0000 - 0x00007ffc55723000 	D:\Xilinx\Vivado\2019.1\lib\win64.o\librdi_noc_frameworks.dll
0x00007ffc54b30000 - 0x00007ffc54bf2000 	D:\Xilinx\Vivado\2019.1\lib\win64.o\librdi_ipconfig_readwrite.dll
0x00007ffc54c00000 - 0x00007ffc5514e000 	D:\Xilinx\Vivado\2019.1\lib\win64.o\librdi_xdm.dll
0x00007ffc54a90000 - 0x00007ffc54b2e000 	D:\Xilinx\Vivado\2019.1\lib\win64.o\libise.dll
0x00007ffc54a50000 - 0x00007ffc54a90000 	D:\Xilinx\Vivado\2019.1\lib\win64.o\librdi_wavedata_SimpleApi.dll
0x00007ffc402a0000 - 0x00007ffc4142d000 	D:\Xilinx\Vivado\2019.1\lib\win64.o\librdi_route.dll
0x00007ffc43400000 - 0x00007ffc4343f000 	D:\Xilinx\Vivado\2019.1\lib\win64.o\librdi_schedmon.dll
0x00007ffc41430000 - 0x00007ffc433fd000 	D:\Xilinx\Vivado\2019.1\lib\win64.o\librdi_synth.dll

VM Arguments:
jvm_args: -Dsun.java2d.pmoffscreen=false -Dsun.java2d.xrender=false -Dsun.java2d.d3d=false -Dsun.awt.nopixfmt=true -Dsun.java2d.dpiaware=true -Dsun.java2d.uiScale.enabled=false -Xverify:none -Dswing.aatext=true -XX:-UsePerfData -Djdk.map.althashing.threshold=512 -XX:StringTableSize=4072 --add-opens=java.base/java.nio=ALL-UNNAMED --add-opens=java.desktop/sun.swing=ALL-UNNAMED --add-opens=java.desktop/javax.swing=ALL-UNNAMED --add-opens=java.desktop/javax.swing.tree=ALL-UNNAMED --add-opens=java.desktop/javax.swing.plaf.basic=ALL-UNNAMED --add-opens=java.desktop/javax.swing.plaf.synth=ALL-UNNAMED --add-opens=java.desktop/com.sun.awt=ALL-UNNAMED -XX:NewSize=60m -XX:MaxNewSize=60m -Xms128m -Xmx3072m -Xss5m 
java_command: <unknown>
java_class_path (initial): D:/Xilinx/Vivado/2019.1\lib\classes\alloy.jar;D:/Xilinx/Vivado/2019.1\lib\classes\autopilot.scelaborator.jar;D:/Xilinx/Vivado/2019.1\lib\classes\autopilot.sourceprocessor.jar;D:/Xilinx/Vivado/2019.1\lib\classes\autopilot.tbprocessor.jar;D:/Xilinx/Vivado/2019.1\lib\classes\batik-anim.jar;D:/Xilinx/Vivado/2019.1\lib\classes\batik-awt-util.jar;D:/Xilinx/Vivado/2019.1\lib\classes\batik-bridge.jar;D:/Xilinx/Vivado/2019.1\lib\classes\batik-codec.jar;D:/Xilinx/Vivado/2019.1\lib\classes\batik-css.jar;D:/Xilinx/Vivado/2019.1\lib\classes\batik-dom.jar;D:/Xilinx/Vivado/2019.1\lib\classes\batik-ext.jar;D:/Xilinx/Vivado/2019.1\lib\classes\batik-gui-util.jar;D:/Xilinx/Vivado/2019.1\lib\classes\batik-gvt.jar;D:/Xilinx/Vivado/2019.1\lib\classes\batik-parser.jar;D:/Xilinx/Vivado/2019.1\lib\classes\batik-script.jar;D:/Xilinx/Vivado/2019.1\lib\classes\batik-svg-dom.jar;D:/Xilinx/Vivado/2019.1\lib\classes\batik-swing.jar;D:/Xilinx/Vivado/2019.1\lib\classes\batik-transcoder.jar;D:/Xilinx/Vivado/2019.1\lib\classes\batik-util.jar;D:/Xilinx/Vivado/2019.1\lib\classes\batik-xml.jar;D:/Xilinx/Vivado/2019.1\lib\classes\com.google.gson_2.7.0.v20170129-0911.jar;D:/Xilinx/Vivado/2019.1\lib\classes\com.google.guava_21.0.0.v20170206-1425.jar;D:/Xilinx/Vivado/2019.1\lib\classes\com.google.inject_3.0.0.v201605172100.jar;D:/Xilinx/Vivado/2019.1\lib\classes\com.ibm.icu_4.4.2.v20110208.jar;D:/Xilinx/Vivado/2019.1\lib\classes\com.sigasi.hdt.annotations.runtime_4.3.0.201903071210.jar;D:/Xilinx/Vivado/2019.1\lib\classes\com.sigasi.hdt.blockdiagram.model_4.3.0.201903071210.jar;D:/Xilinx/Vivado/2019.1\lib\classes\com.sigasi.hdt.connection_4.3.0.201903071210.jar;D:/Xilinx/Vivado/2019.1\lib\classes\com.sigasi.hdt.dependencies.model_4.3.0.201903071210.jar;D:/Xilinx/Vivado/2019.1\lib\classes\com.sigasi.hdt.epl_4.3.0.201903071210.jar;D:/Xilinx/Vivado/2019.1\lib\classes\com.sigasi.hdt.graphics.model_4.3.0.201903071210.jar;D:/Xilinx/Vivado/2019.1\lib\classes\com.sigasi.hdt.project_4.3.0
Launcher Type: generic

Logging:
Log output configuration:
#0: stdout all=warning uptime,level,tags
#1: stderr all=off uptime,level,tags

Environment Variables:
JAVA_HOME=D:\JAVA\jdk-11.0.9
PATH=D:/Xilinx/Vivado/2019.1/bin;D:/Xilinx/Vivado/2019.1/lib/win64.o;D:/Xilinx/Vivado/2019.1/tps/win64/jre9.0.4/bin/server;D:/Xilinx/Vivado/2019.1/tps/win64/jre9.0.4/bin;D:/Xilinx/SDK/2019.1/bin;D:/Xilinx/Vivado/2019.1/ids_lite/ISE/bin/nt64;D:/Xilinx/Vivado/2019.1/ids_lite/ISE/lib/nt64;F:\openjdk\bin;F:\VMWare_Workstation\bin\;D:\JAVA\jdk-11.0.9\bin;C:\Program Files\Common Files\Oracle\Java\javapath;C:\windows\system32;C:\windows;C:\windows\System32\Wbem;C:\windows\System32\WindowsPowerShell\v1.0\;C:\windows\System32\OpenSSH\;C:\Program Files (x86)\NVIDIA Corporation\PhysX\Common;C:\Program Files\NVIDIA Corporation\NVIDIA NvDLISR;E:\bin;D:\JAVA\apache-maven-3.8.5\bin;D:\Sumo\bin\;D:\Sumo\tools\;D:\calibre2\;D:\Git\cmd;E:\texlive\2023\bin\windows;E:\anaconda3;E:\anaconda3\Library\mingw-w64\bin;E:\anaconda3\Library\usr\bin;E:\anaconda3\Library\bin;E:\anaconda3\Scripts;D:\Anaconda;D:\Anaconda\Library\mingw-w64\bin;D:\Anaconda\Library\usr\bin;D:\Anaconda\Library\bin;D:\Anaconda\Scripts;D:\python\Scripts\;D:\python\;C:\Users\lxy\AppData\Local\Microsoft\WindowsApps;F:\Tencent\QQGameTempest\Hall.58036\;F:\Quartus\modelsim_ae\win32aloem;F:\FPGA_yh\Modelsim\win64;E:\Microsoft VS Code\bin;D:/Xilinx/Vivado/2019.1\tps\mingw\6.2.0\win64.o\nt\bin;D:/Xilinx/Vivado/2019.1\tps\mingw\6.2.0\win64.o\nt\libexec\gcc\x86_64-w64-mingw32\6.2.0;D:/Xilinx/Vivado/2019.1\tps\win64\python-2.7.5;D:/Xilinx/Vivado/2019.1\tps\win64\python-2.7.5\lib;D:/Xilinx/Vivado/2019.1\tps\win64\python-2.7.5\Lib\lib-tk;D:/Xilinx/Vivado/2019.1\tps\win64\python-2.7.5\lib\site-packages
USERNAME=lxy
OS=Windows_NT
PROCESSOR_IDENTIFIER=Intel64 Family 6 Model 165 Stepping 2, GenuineIntel



---------------  S Y S T E M  ---------------

OS: Windows 10 , 64 bit Build 19041 (10.0.19041.5794)

CPU:total 12 (initial active 12) (6 cores per cpu, 2 threads per core) family 6 model 165 stepping 2, cmov, cx8, fxsr, mmx, sse, sse2, sse3, ssse3, sse4.1, sse4.2, popcnt, avx, avx2, aes, clmul, erms, 3dnowpref, lzcnt, ht, tsc, tscinvbit, bmi1, bmi2, adx, fma

Memory: 4k page, physical 16547960k(8878944k free), swap 20742264k(11797756k free)

vm_info: Java HotSpot(TM) 64-Bit Server VM (9.0.4+11) for windows-amd64 JRE (9.0.4+11), built on Dec 20 2017 02:18:54 by "mach5one" with MS VC++ 12.0 (VS2013)

END.
