#
# A fatal error has been detected by the Java Runtime Environment:
#
#  EXCEPTION_ACCESS_VIOLATION (0xc0000005) at pc=0x00007ffc6b12a1a5, pid=10776, tid=2564
#
# JRE version: Java(TM) SE Runtime Environment (9.0+11) (build 9.0.4+11)
# Java VM: Java HotSpot(TM) 64-Bit Server VM (9.0.4+11, mixed mode, tiered, compressed oops, g1 gc, windows-amd64)
# Problematic frame:
# C  [librdi_common.dll+0x17a1a5]
#
# No core dump will be written. Minidumps are not enabled by default on client versions of Windows
#
# If you would like to submit a bug report, please visit:
#   http://bugreport.java.com/bugreport/crash.jsp
# The crash happened outside the Java Virtual Machine in native code.
# See problematic frame for where to report the bug.
#

---------------  S U M M A R Y ------------

Command Line: -Dsun.java2d.pmoffscreen=false -Dsun.java2d.xrender=false -Dsun.java2d.d3d=false -Dsun.awt.nopixfmt=true -Dsun.java2d.dpiaware=true -Dsun.java2d.uiScale.enabled=false -Xverify:none -Dswing.aatext=true -XX:-UsePerfData -Djdk.map.althashing.threshold=512 -XX:StringTableSize=4072 --add-opens=java.base/java.nio=ALL-UNNAMED --add-opens=java.desktop/sun.swing=ALL-UNNAMED --add-opens=java.desktop/javax.swing=ALL-UNNAMED --add-opens=java.desktop/javax.swing.tree=ALL-UNNAMED --add-opens=java.desktop/javax.swing.plaf.basic=ALL-UNNAMED --add-opens=java.desktop/javax.swing.plaf.synth=ALL-UNNAMED --add-opens=java.desktop/com.sun.awt=ALL-UNNAMED -XX:NewSize=60m -XX:MaxNewSize=60m -Xms128m -Xmx3072m -Xss5m 

Host: Intel(R) Core(TM) i7-10750H CPU @ 2.60GHz, 12 cores, 15G,  Windows 10 , 64 bit Build 19041 (10.0.19041.5794)
Time: Wed May 21 13:39:37 2025 ?¡Â?¡¤??¨¢?¨º¡À elapsed time: 9896 seconds (0d 2h 44m 56s)

---------------  T H R E A D  ---------------

Current thread (0x000002ac02932800):  JavaThread "AWT-EventQueue-1" [_thread_in_native, id=2564, stack(0x000000d85cf00000,0x000000d85d400000)]

Stack: [0x000000d85cf00000,0x000000d85d400000],  sp=0x000000d85d3facf0,  free space=5099k
Native frames: (J=compiled Java code, j=interpreted, Vv=VM code, C=native code)
C  [librdi_common.dll+0x17a1a5]
C  [librdi_common.dll+0x16ee15]
C  [librdi_common.dll+0x1386da]
C  [librdi_wavedata.dll+0x1e1eff]
C  [librdi_wavedata.dll+0x2621df]
C  [librdi_wavedata.dll+0x269e19]
C  [librdi_wavedata.dll+0x23a4cb]
C  [librdi_wavedata.dll+0x276de7]
C  0x000002ac718df1ba

Java frames: (J=compiled Java code, j=interpreted, Vv=VM code)
J 17500  ui.views.waveform.waveformi.WVExecutive_getTooltipTextDelayed(J)Ljava/lang/String; (0 bytes) @ 0x000002ac718df121 [0x000002ac718df0e0+0x0000000000000041]
J 17495 c1 ui.views.waveform.b.a.bG(Ljava/awt/event/MouseEvent;)V (135 bytes) @ 0x000002ac6b865524 [0x000002ac6b864e80+0x00000000000006a4]
J 17438 c1 ui.views.waveform.b.a.mouseMoved(Ljava/awt/event/MouseEvent;)V (32 bytes) @ 0x000002ac6b828dec [0x000002ac6b8288a0+0x000000000000054c]
J 16625 c2 java.awt.AWTEventMulticaster.mouseMoved(Ljava/awt/event/MouseEvent;)V java.desktop@9.0.4 (27 bytes) @ 0x000002ac717b40f4 [0x000002ac717b4040+0x00000000000000b4]
J 16625 c2 java.awt.AWTEventMulticaster.mouseMoved(Ljava/awt/event/MouseEvent;)V java.desktop@9.0.4 (27 bytes) @ 0x000002ac717b40b4 [0x000002ac717b4040+0x0000000000000074]
J 19152 c2 javax.swing.JComponent.processMouseMotionEvent(Ljava/awt/event/MouseEvent;)V java.desktop@9.0.4 (46 bytes) @ 0x000002ac710bc0c8 [0x000002ac710bbf80+0x0000000000000148]
J 16363 c1 ui.frmwork.c.i.processMouseMotionEvent(Ljava/awt/event/MouseEvent;)V (131 bytes) @ 0x000002ac6aebcfc4 [0x000002ac6aebc100+0x0000000000000ec4]
J 17609 c2 java.awt.Container.processEvent(Ljava/awt/AWTEvent;)V java.desktop@9.0.4 (22 bytes) @ 0x000002ac718fc7c4 [0x000002ac718fc640+0x0000000000000184]
J 18702 c2 java.awt.Component.dispatchEventImpl(Ljava/awt/AWTEvent;)V java.desktop@9.0.4 (739 bytes) @ 0x000002ac70fa9a20 [0x000002ac70fa8a00+0x0000000000001020]
J 15439 c2 java.awt.Container.dispatchEventImpl(Ljava/awt/AWTEvent;)V java.desktop@9.0.4 (129 bytes) @ 0x000002ac7165af38 [0x000002ac7165aee0+0x0000000000000058]
J 16317 c2 java.awt.LightweightDispatcher.retargetMouseEvent(Ljava/awt/Component;ILjava/awt/event/MouseEvent;)V java.desktop@9.0.4 (350 bytes) @ 0x000002ac716ef064 [0x000002ac716eeae0+0x0000000000000584]
J 18729 c2 java.awt.LightweightDispatcher.processMouseEvent(Ljava/awt/event/MouseEvent;)Z java.desktop@9.0.4 (265 bytes) @ 0x000002ac70c5de50 [0x000002ac70c5d8a0+0x00000000000005b0]
J 15439 c2 java.awt.Container.dispatchEventImpl(Ljava/awt/AWTEvent;)V java.desktop@9.0.4 (129 bytes) @ 0x000002ac7165b298 [0x000002ac7165aee0+0x00000000000003b8]
J 18690 c2 java.awt.Window.dispatchEventImpl(Ljava/awt/AWTEvent;)V java.desktop@9.0.4 (23 bytes) @ 0x000002ac70a6250c [0x000002ac70a624c0+0x000000000000004c]
J 14723 c2 java.awt.EventQueue$3.run()Ljava/lang/Object; java.desktop@9.0.4 (5 bytes) @ 0x000002ac7108a4fc [0x000002ac71089f00+0x00000000000005fc]
v  ~StubRoutines::call_stub
J 3850  java.security.AccessController.doPrivileged(Ljava/security/PrivilegedAction;Ljava/security/AccessControlContext;)Ljava/lang/Object; java.base@9.0.4 (0 bytes) @ 0x000002ac70b1a246 [0x000002ac70b1a1e0+0x0000000000000066]
J 17748 c2 java.awt.EventQueue$4.run()Ljava/lang/Object; java.desktop@9.0.4 (5 bytes) @ 0x000002ac7193e5b4 [0x000002ac7193e360+0x0000000000000254]
v  ~StubRoutines::call_stub
J 3850  java.security.AccessController.doPrivileged(Ljava/security/PrivilegedAction;Ljava/security/AccessControlContext;)Ljava/lang/Object; java.base@9.0.4 (0 bytes) @ 0x000002ac70b1a246 [0x000002ac70b1a1e0+0x0000000000000066]
J 19979 c2 java.awt.EventDispatchThread.pumpOneEventForFilters(I)V java.desktop@9.0.4 (218 bytes) @ 0x000002ac71a77b94 [0x000002ac71a773c0+0x00000000000007d4]
J 19778% c2 java.awt.EventDispatchThread.pumpEventsForFilter(ILjava/awt/Conditional;Ljava/awt/EventFilter;)V java.desktop@9.0.4 (47 bytes) @ 0x000002ac715d97c0 [0x000002ac715d96c0+0x0000000000000100]
j  java.awt.EventDispatchThread.pumpEventsForHierarchy(ILjava/awt/Conditional;Ljava/awt/Component;)V+11 java.desktop@9.0.4
j  java.awt.EventDispatchThread.pumpEvents(ILjava/awt/Conditional;)V+4 java.desktop@9.0.4
j  java.awt.EventDispatchThread.pumpEvents(Ljava/awt/Conditional;)V+3 java.desktop@9.0.4
j  java.awt.EventDispatchThread.run()V+9 java.desktop@9.0.4
v  ~StubRoutines::call_stub

siginfo: EXCEPTION_ACCESS_VIOLATION (0xc0000005), reading address 0xffffffffffffffff


Register to memory mapping:

RIP=0x00007ffc6b12a1a5 librdi_common.dll
RAX=0x000002ac57600e01 is an unknown value
RBX=0x90008cacf044e12c is an unknown value
RCX=0x000002ac57600ee0 is an unknown value
RDX=0x90008cacf044e12c is an unknown value
RSP=0x000000d85d3facf0 is pointing into the stack for thread: 0x000002ac02932800
RBP=0x000000d85d3fae20 is pointing into the stack for thread: 0x000002ac02932800
RSI=0x000002ac097e2af0 is an unknown value
RDI=0x000000d85d3faf08 is pointing into the stack for thread: 0x000002ac02932800
R8 =0x000000d85d3faf08 is pointing into the stack for thread: 0x000002ac02932800
R9 =0x0000000000000000 is an unknown value
R10=0x00007ffcb0020000 VCRUNTIME140.dll
R11=0x02441000b0010800 is an unknown value
R12=0x000000d85d3faf08 is pointing into the stack for thread: 0x000002ac02932800
R13=0x0000000000000000 is an unknown value
R14=0x000002ac574db8b0 is an unknown value
R15=0x90008cacf044e12c is an unknown value


Registers:
RAX=0x000002ac57600e01, RBX=0x90008cacf044e12c, RCX=0x000002ac57600ee0, RDX=0x90008cacf044e12c
RSP=0x000000d85d3facf0, RBP=0x000000d85d3fae20, RSI=0x000002ac097e2af0, RDI=0x000000d85d3faf08
R8 =0x000000d85d3faf08, R9 =0x0000000000000000, R10=0x00007ffcb0020000, R11=0x02441000b0010800
R12=0x000000d85d3faf08, R13=0x0000000000000000, R14=0x000002ac574db8b0, R15=0x90008cacf044e12c
RIP=0x00007ffc6b12a1a5, EFLAGS=0x0000000000010202

Top of Stack: (sp=0x000000d85d3facf0)
0x000000d85d3facf0:   0000000000000018 000002ac5fcd5af0
0x000000d85d3fad00:   0000000000000a04 90008cacf044e12c
0x000000d85d3fad10:   90008cacf044e12c 00007ffc6b11ee15
0x000000d85d3fad20:   000000001a586280 00007ffcaf9527a8
0x000000d85d3fad30:   fffffffffffffffe 0000000000000000
0x000000d85d3fad40:   0000b64c6165e451 000002ac5fcd5a88
0x000000d85d3fad50:   0000000000000002 00007ffc6b188985
0x000000d85d3fad60:   000002ac08807c30 000002ac5fcd5aa8
0x000000d85d3fad70:   000000d85d3fb0a0 00007ffc6bde3fe0
0x000000d85d3fad80:   fffffffffffffffe 00007ffc6b6f6a6d
0x000000d85d3fad90:   fffffffffffffffe 00007ffc6bde3fe0
0x000000d85d3fada0:   000002ac5fcd5a60 000002ac555b29b8
0x000000d85d3fadb0:   000000d85d3faf08 00007ffc6b187c76
0x000000d85d3fadc0:   000002ac5fcd5a60 000000d85d3faf08
0x000000d85d3fadd0:   000002ac00000002 0000000000000000
0x000000d85d3fade0:   fffffffffffffffe 000000000000000f 

Instructions: (pc=0x00007ffc6b12a1a5)
0x00007ffc6b12a185:   20 48 8b d9 e8 22 c4 04 00 48 8b c8 48 8b d3 e8
0x00007ffc6b12a195:   27 0d 05 00 84 c0 75 08 33 c0 48 83 c4 20 5b c3
0x00007ffc6b12a1a5:   48 8b 4b 50 48 85 c9 74 0a 48 83 c4 20 5b e9 68
0x00007ffc6b12a1b5:   e2 04 00 48 8b d3 48 8d 0d 26 fc 73 00 e8 59 b7 



---------------  P R O C E S S  ---------------

Java Threads: ( => current thread )
  0x000002ac08e44800 JavaThread "Relaunch Simulation" [_thread_blocked, id=12832, stack(0x000000d85d400000,0x000000d85d900000)]
  0x000002ac08e45000 JavaThread "SyntheticaAnimation 50" daemon [_thread_blocked, id=13972, stack(0x000000d860400000,0x000000d860900000)]
  0x000002ac08e3f000 JavaThread "Update Runs Swing Worker" [_thread_blocked, id=6188, stack(0x000000d860900000,0x000000d860e00000)]
  0x000002ac08e40800 JavaThread "hw_ila_monitor" [_thread_blocked, id=3152, stack(0x000000d85ff00000,0x000000d860400000)]
  0x000002ac5f764000 JavaThread "Refresh Filesets Swing Worker" [_thread_blocked, id=9904, stack(0x000000d85fa00000,0x000000d85ff00000)]
  0x000002ac5f763000 JavaThread "SyntheticaAnimation 70" daemon [_thread_blocked, id=15120, stack(0x000000d85f500000,0x000000d85fa00000)]
  0x000002ac5f760000 JavaThread "SyntheticaAnimation 25" daemon [_thread_blocked, id=5612, stack(0x000000d85eb00000,0x000000d85f000000)]
  0x000002ac5f764800 JavaThread "SyntheticaAnimation 50" daemon [_thread_blocked, id=11572, stack(0x000000d85e600000,0x000000d85eb00000)]
  0x000002ac5f75e800 JavaThread "Monitor HEventQueue" [_thread_blocked, id=12972, stack(0x000000d85e100000,0x000000d85e600000)]
  0x000002ac5f75f800 JavaThread "SyntheticaCleanerThread" daemon [_thread_blocked, id=1704, stack(0x000000d85d900000,0x000000d85de00000)]
  0x000002ac5f765800 JavaThread "Batik CleanerThread" daemon [_thread_blocked, id=18408, stack(0x000000d85c500000,0x000000d85ca00000)]
=>0x000002ac02932800 JavaThread "AWT-EventQueue-1" [_thread_in_native, id=2564, stack(0x000000d85cf00000,0x000000d85d400000)]
  0x000002ac02080000 JavaThread "Process Messages" [_thread_blocked, id=9980, stack(0x000000d85ca00000,0x000000d85cf00000)]
  0x000002ac02338800 JavaThread "Thread-1" [_thread_in_native, id=6660, stack(0x000000d855300000,0x000000d856700000)]
  0x000002ac024fc000 JavaThread "TimerQueue" daemon [_thread_blocked, id=9596, stack(0x000000d85bb00000,0x000000d85c000000)]
  0x000002ac603a4800 JavaThread "AWT-Windows" daemon [_thread_in_native, id=7340, stack(0x000000d85b600000,0x000000d85bb00000)]
  0x000002ac601df000 JavaThread "AWT-Shutdown" [_thread_blocked, id=15504, stack(0x000000d85b100000,0x000000d85b600000)]
  0x000002ac0210c800 JavaThread "Java2D Disposer" daemon [_thread_blocked, id=7904, stack(0x000000d85ac00000,0x000000d85b100000)]
  0x000002ac5fbe8800 JavaThread "Service Thread" daemon [_thread_blocked, id=11632, stack(0x000000d85a600000,0x000000d85ab00000)]
  0x000002ac6226e000 JavaThread "Common-Cleaner" daemon [_thread_blocked, id=4040, stack(0x000000d85a100000,0x000000d85a600000)]
  0x000002ac5f762800 JavaThread "Sweeper thread" daemon [_thread_blocked, id=14940, stack(0x000000d859c00000,0x000000d85a100000)]
  0x000002ac5f759800 JavaThread "C1 CompilerThread3" daemon [_thread_blocked, id=12144, stack(0x000000d859b00000,0x000000d859c00000)]
  0x000002ac5f758000 JavaThread "C2 CompilerThread2" daemon [_thread_blocked, id=7748, stack(0x000000d859a00000,0x000000d859b00000)]
  0x000002ac5f756800 JavaThread "C2 CompilerThread1" daemon [_thread_blocked, id=18132, stack(0x000000d859900000,0x000000d859a00000)]
  0x000002ac5f756000 JavaThread "C2 CompilerThread0" daemon [_thread_blocked, id=13256, stack(0x000000d859800000,0x000000d859900000)]
  0x000002ac5f755000 JavaThread "Attach Listener" daemon [_thread_blocked, id=14796, stack(0x000000d859300000,0x000000d859800000)]
  0x000002ac5556c800 JavaThread "Signal Dispatcher" daemon [_thread_blocked, id=436, stack(0x000000d858e00000,0x000000d859300000)]
  0x000002ac62251800 JavaThread "Finalizer" daemon [_thread_blocked, id=17092, stack(0x000000d858900000,0x000000d858e00000)]
  0x000002ac622ed800 JavaThread "Reference Handler" daemon [_thread_blocked, id=13536, stack(0x000000d858400000,0x000000d858900000)]
  0x000002ac622ae800 JavaThread "main" [_thread_blocked, id=15824, stack(0x000000d855200000,0x000000d855300000)]

Other Threads:
  0x000002ac620f3800 VMThread "VM Thread" [stack: 0x000000d858300000,0x000000d858400000] [id=17084]
  0x000002ac5facf000 WatcherThread [stack: 0x000000d85ab00000,0x000000d85ac00000] [id=14244]
  0x000002ac5d001000 GCTaskThread "GC Thread#0" [stack: 0x000000d856a00000,0x000000d856b00000] [id=7104]
  0x000002ac5a300000 GCTaskThread "GC Thread#1" [stack: 0x000000d856b00000,0x000000d856c00000] [id=1772]
  0x000002ac5a2fe800 GCTaskThread "GC Thread#2" [stack: 0x000000d856c00000,0x000000d856d00000] [id=12332]
  0x000002ac5a2fe000 GCTaskThread "GC Thread#3" [stack: 0x000000d856d00000,0x000000d856e00000] [id=2928]
  0x000002ac5a300800 GCTaskThread "GC Thread#4" [stack: 0x000000d856e00000,0x000000d856f00000] [id=10876]
  0x000002ac5a305000 GCTaskThread "GC Thread#5" [stack: 0x000000d856f00000,0x000000d857000000] [id=4052]
  0x000002ac5a2ff800 GCTaskThread "GC Thread#6" [stack: 0x000000d857000000,0x000000d857100000] [id=14532]
  0x000002ac5a302800 GCTaskThread "GC Thread#7" [stack: 0x000000d857100000,0x000000d857200000] [id=3504]
  0x000002ac5a301000 GCTaskThread "GC Thread#8" [stack: 0x000000d857200000,0x000000d857300000] [id=6140]
  0x000002ac5a302000 GCTaskThread "GC Thread#9" [stack: 0x000000d857300000,0x000000d857400000] [id=10924]
  0x000002ac61fe4800 ConcurrentGCThread "G1 Main Marker" [stack: 0x000000d857f00000,0x000000d858000000] [id=12840]
  0x000002ac5a303000 ConcurrentGCThread "G1 Marker#0" [stack: 0x000000d858000000,0x000000d858100000] [id=17052]
  0x000002ac5a303800 ConcurrentGCThread "G1 Marker#1" [stack: 0x000000d858100000,0x000000d858200000] [id=3612]
  0x000002ac5a304800 ConcurrentGCThread "G1 Marker#2" [stack: 0x000000d858200000,0x000000d858300000] [id=5920]
  0x000002ac61d55800 ConcurrentGCThread "G1 Refine#0" [stack: 0x000000d857d00000,0x000000d857e00000] [id=13412]
  0x000002ac59f55800 ConcurrentGCThread "G1 Refine#1" [stack: 0x000000d857c00000,0x000000d857d00000] [id=9512]
  0x000002ac59f55000 ConcurrentGCThread "G1 Refine#2" [stack: 0x000000d857b00000,0x000000d857c00000] [id=640]
  0x000002ac5a13c000 ConcurrentGCThread "G1 Refine#3" [stack: 0x000000d857a00000,0x000000d857b00000] [id=1976]
  0x000002ac61d52800 ConcurrentGCThread "G1 Refine#4" [stack: 0x000000d857900000,0x000000d857a00000] [id=15604]
  0x000002ac5d110800 ConcurrentGCThread "G1 Refine#5" [stack: 0x000000d857800000,0x000000d857900000] [id=3320]
  0x000002ac5a2f1800 ConcurrentGCThread "G1 Refine#6" [stack: 0x000000d857700000,0x000000d857800000] [id=12312]
  0x000002ac5a2f0000 ConcurrentGCThread "G1 Refine#7" [stack: 0x000000d857600000,0x000000d857700000] [id=8032]
  0x000002ac61e0a000 ConcurrentGCThread "G1 Refine#8" [stack: 0x000000d857500000,0x000000d857600000] [id=8360]
  0x000002ac61e09800 ConcurrentGCThread "G1 Refine#9" [stack: 0x000000d857400000,0x000000d857500000] [id=13564]
  0x000002ac61fdc800 ConcurrentGCThread "G1 Young RemSet Sampling" [stack: 0x000000d857e00000,0x000000d857f00000] [id=9872]

Threads with active compile tasks:

VM state:not at safepoint (normal execution)

VM Mutex/Monitor currently owned by a thread: None

Heap address: 0x0000000700000000, size: 3072 MB, Compressed Oops mode: Zero based, Oop shift amount: 3
Narrow klass base: 0x0000000000000000, Narrow klass shift: 3
Compressed class space size: 1073741824 Address: 0x00000007c0000000

Heap:
 garbage-first heap   total 197632K, used 101637K [0x0000000700000000, 0x0000000700100608, 0x00000007c0000000)
  region size 1024K, 43 young (44032K), 1 survivors (1024K)
 Metaspace       used 77485K, capacity 78919K, committed 85424K, reserved 1122304K
  class space    used 10069K, capacity 10386K, committed 11696K, reserved 1048576K
Heap Regions: E=young(eden), S=young(survivor), O=old, HS=humongous(starts), HC=humongous(continues), CS=collection set, F=free, A=archive, TS=gc time stamp, AC=allocation context, TAMS=top-at-mark-start (previous, next)
|   0|0x0000000700000000, 0x00000007000ea340, 0x0000000700100000| 91%| O|  |TS  0|AC  0|TAMS 0x0000000700000000, 0x0000000700000000|
|   1|0x0000000700100000, 0x0000000700200000, 0x0000000700200000|100%|HS|  |TS  0|AC  0|TAMS 0x0000000700100000, 0x0000000700100000|
|   2|0x0000000700200000, 0x0000000700300000, 0x0000000700300000|100%|HC|  |TS  0|AC  0|TAMS 0x0000000700200000, 0x0000000700200000|
|   3|0x0000000700300000, 0x0000000700400000, 0x0000000700400000|100%|HS|  |TS  0|AC  0|TAMS 0x0000000700300000, 0x0000000700300000|
|   4|0x0000000700400000, 0x00000007004f6208, 0x0000000700500000| 96%| O|  |TS  0|AC  0|TAMS 0x0000000700400000, 0x0000000700400000|
|   5|0x0000000700500000, 0x00000007005fa8f0, 0x0000000700600000| 97%| O|  |TS  0|AC  0|TAMS 0x0000000700500000, 0x0000000700500000|
|   6|0x0000000700600000, 0x00000007006fffb0, 0x0000000700700000| 99%| O|  |TS  0|AC  0|TAMS 0x0000000700600000, 0x0000000700600000|
|   7|0x0000000700700000, 0x00000007007ffff8, 0x0000000700800000| 99%| O|  |TS  0|AC  0|TAMS 0x0000000700700000, 0x0000000700700000|
|   8|0x0000000700800000, 0x00000007008fffe8, 0x0000000700900000| 99%| O|  |TS  0|AC  0|TAMS 0x0000000700800000, 0x0000000700800000|
|   9|0x0000000700900000, 0x00000007009ffce0, 0x0000000700a00000| 99%| O|  |TS  0|AC  0|TAMS 0x0000000700900000, 0x0000000700900000|
|  10|0x0000000700a00000, 0x0000000700af8c30, 0x0000000700b00000| 97%| O|  |TS  0|AC  0|TAMS 0x0000000700a00000, 0x0000000700a00000|
|  11|0x0000000700b00000, 0x0000000700c00000, 0x0000000700c00000|100%|HS|  |TS  0|AC  0|TAMS 0x0000000700b00000, 0x0000000700b00000|
|  12|0x0000000700c00000, 0x0000000700ce96b8, 0x0000000700d00000| 91%| O|  |TS  0|AC  0|TAMS 0x0000000700c00000, 0x0000000700c00000|
|  13|0x0000000700d00000, 0x0000000700ddae08, 0x0000000700e00000| 85%| O|  |TS  0|AC  0|TAMS 0x0000000700d00000, 0x0000000700d00000|
|  14|0x0000000700e00000, 0x0000000700efc558, 0x0000000700f00000| 98%| O|  |TS  0|AC  0|TAMS 0x0000000700e00000, 0x0000000700e00000|
|  15|0x0000000700f00000, 0x0000000700ffa488, 0x0000000701000000| 97%| O|  |TS  0|AC  0|TAMS 0x0000000700f00000, 0x0000000700f00000|
|  16|0x0000000701000000, 0x00000007010fe7f0, 0x0000000701100000| 99%| O|  |TS  0|AC  0|TAMS 0x0000000701000000, 0x0000000701000000|
|  17|0x0000000701100000, 0x00000007011fffb0, 0x0000000701200000| 99%| O|  |TS  0|AC  0|TAMS 0x0000000701100000, 0x0000000701100000|
|  18|0x0000000701200000, 0x00000007012ffec0, 0x0000000701300000| 99%| O|  |TS  0|AC  0|TAMS 0x0000000701200000, 0x0000000701200000|
|  19|0x0000000701300000, 0x00000007013fffe0, 0x0000000701400000| 99%| O|  |TS  0|AC  0|TAMS 0x0000000701300000, 0x0000000701300000|
|  20|0x0000000701400000, 0x00000007014ffff0, 0x0000000701500000| 99%| O|  |TS  0|AC  0|TAMS 0x0000000701400000, 0x0000000701400000|
|  21|0x0000000701500000, 0x0000000701600000, 0x0000000701600000|100%| O|  |TS  0|AC  0|TAMS 0x0000000701500000, 0x0000000701500000|
|  22|0x0000000701600000, 0x00000007016fffd0, 0x0000000701700000| 99%| O|  |TS  0|AC  0|TAMS 0x0000000701600000, 0x0000000701600000|
|  23|0x0000000701700000, 0x0000000701800000, 0x0000000701800000|100%| O|  |TS  0|AC  0|TAMS 0x0000000701700000, 0x0000000701700000|
|  24|0x0000000701800000, 0x00000007018ffd28, 0x0000000701900000| 99%| O|  |TS  0|AC  0|TAMS 0x0000000701800000, 0x0000000701800000|
|  25|0x0000000701900000, 0x00000007019fffe8, 0x0000000701a00000| 99%| O|  |TS  0|AC  0|TAMS 0x0000000701900000, 0x0000000701900000|
|  26|0x0000000701a00000, 0x0000000701afffd8, 0x0000000701b00000| 99%| O|  |TS  0|AC  0|TAMS 0x0000000701a00000, 0x0000000701a00000|
|  27|0x0000000701b00000, 0x0000000701bffb58, 0x0000000701c00000| 99%| O|  |TS  0|AC  0|TAMS 0x0000000701b00000, 0x0000000701b00000|
|  28|0x0000000701c00000, 0x0000000701cffff0, 0x0000000701d00000| 99%| O|  |TS  0|AC  0|TAMS 0x0000000701c00000, 0x0000000701c00000|
|  29|0x0000000701d00000, 0x0000000701dffef0, 0x0000000701e00000| 99%| O|  |TS  0|AC  0|TAMS 0x0000000701d00000, 0x0000000701d00000|
|  30|0x0000000701e00000, 0x0000000701effff0, 0x0000000701f00000| 99%| O|  |TS  0|AC  0|TAMS 0x0000000701e00000, 0x0000000701e00000|
|  31|0x0000000701f00000, 0x0000000702000000, 0x0000000702000000|100%| O|  |TS  0|AC  0|TAMS 0x0000000701f00000, 0x0000000701f00000|
|  32|0x0000000702000000, 0x00000007020ffff8, 0x0000000702100000| 99%| O|  |TS  0|AC  0|TAMS 0x0000000702000000, 0x0000000702000000|
|  33|0x0000000702100000, 0x00000007021fffd8, 0x0000000702200000| 99%| O|  |TS  0|AC  0|TAMS 0x0000000702100000, 0x0000000702100000|
|  34|0x0000000702200000, 0x00000007022fffe8, 0x0000000702300000| 99%| O|  |TS  0|AC  0|TAMS 0x0000000702200000, 0x0000000702200000|
|  35|0x0000000702300000, 0x00000007023ffff0, 0x0000000702400000| 99%| O|  |TS  0|AC  0|TAMS 0x0000000702300000, 0x0000000702300000|
|  36|0x0000000702400000, 0x00000007024fff40, 0x0000000702500000| 99%| O|  |TS  0|AC  0|TAMS 0x0000000702400000, 0x0000000702400000|
|  37|0x0000000702500000, 0x00000007025ffff8, 0x0000000702600000| 99%| O|  |TS  0|AC  0|TAMS 0x0000000702500000, 0x0000000702500000|
|  38|0x0000000702600000, 0x00000007026fe568, 0x0000000702700000| 99%| O|  |TS  0|AC  0|TAMS 0x0000000702600000, 0x0000000702600000|
|  39|0x0000000702700000, 0x00000007027ffff0, 0x0000000702800000| 99%| O|  |TS  0|AC  0|TAMS 0x0000000702700000, 0x0000000702700000|
|  40|0x0000000702800000, 0x00000007028ff7b8, 0x0000000702900000| 99%| O|  |TS  0|AC  0|TAMS 0x0000000702800000, 0x0000000702800000|
|  41|0x0000000702900000, 0x00000007029fffe0, 0x0000000702a00000| 99%| O|  |TS  0|AC  0|TAMS 0x0000000702900000, 0x0000000702900000|
|  42|0x0000000702a00000, 0x0000000702b00000, 0x0000000702b00000|100%| O|  |TS  0|AC  0|TAMS 0x0000000702a00000, 0x0000000702a00000|
|  43|0x0000000702b00000, 0x0000000702bfff78, 0x0000000702c00000| 99%| O|  |TS  0|AC  0|TAMS 0x0000000702b00000, 0x0000000702b00000|
|  44|0x0000000702c00000, 0x0000000702cffff8, 0x0000000702d00000| 99%| O|  |TS  0|AC  0|TAMS 0x0000000702c00000, 0x0000000702c00000|
|  45|0x0000000702d00000, 0x0000000702dffff0, 0x0000000702e00000| 99%| O|  |TS  0|AC  0|TAMS 0x0000000702d00000, 0x0000000702d00000|
|  46|0x0000000702e00000, 0x0000000702e20550, 0x0000000702f00000| 12%| O|  |TS  0|AC  0|TAMS 0x0000000702e00000, 0x0000000702e00000|
|  47|0x0000000702f00000, 0x0000000702f00000, 0x0000000703000000|  0%| F|  |TS  0|AC  0|TAMS 0x0000000702f00000, 0x0000000702f00000|
|  48|0x0000000703000000, 0x0000000703000000, 0x0000000703100000|  0%| F|  |TS  0|AC  0|TAMS 0x0000000703000000, 0x0000000703000000|
|  49|0x0000000703100000, 0x0000000703100000, 0x0000000703200000|  0%| F|  |TS  0|AC  0|TAMS 0x0000000703100000, 0x0000000703100000|
|  50|0x0000000703200000, 0x0000000703200000, 0x0000000703300000|  0%| F|  |TS  0|AC  0|TAMS 0x0000000703200000, 0x0000000703200000|
|  51|0x0000000703300000, 0x0000000703300000, 0x0000000703400000|  0%| F|  |TS  0|AC  0|TAMS 0x0000000703300000, 0x0000000703300000|
|  52|0x0000000703400000, 0x0000000703400000, 0x0000000703500000|  0%| F|  |TS  0|AC  0|TAMS 0x0000000703400000, 0x0000000703400000|
|  53|0x0000000703500000, 0x0000000703500000, 0x0000000703600000|  0%| F|  |TS  0|AC  0|TAMS 0x0000000703500000, 0x0000000703500000|
|  54|0x0000000703600000, 0x0000000703600000, 0x0000000703700000|  0%| F|  |TS  0|AC  0|TAMS 0x0000000703600000, 0x0000000703600000|
|  55|0x0000000703700000, 0x0000000703700000, 0x0000000703800000|  0%| F|  |TS  0|AC  0|TAMS 0x0000000703700000, 0x0000000703700000|
|  56|0x0000000703800000, 0x0000000703900000, 0x0000000703900000|100%|HS|  |TS  0|AC  0|TAMS 0x0000000703800000, 0x0000000703800000|
|  57|0x0000000703900000, 0x0000000703a00000, 0x0000000703a00000|100%|HC|  |TS  0|AC  0|TAMS 0x0000000703900000, 0x0000000703900000|
|  58|0x0000000703a00000, 0x0000000703b00000, 0x0000000703b00000|100%|HC|  |TS  0|AC  0|TAMS 0x0000000703a00000, 0x0000000703a00000|
|  59|0x0000000703b00000, 0x0000000703c00000, 0x0000000703c00000|100%|HC|  |TS  0|AC  0|TAMS 0x0000000703b00000, 0x0000000703b00000|
|  60|0x0000000703c00000, 0x0000000703d00000, 0x0000000703d00000|100%|HS|  |TS  0|AC  0|TAMS 0x0000000703c00000, 0x0000000703c00000|
|  61|0x0000000703d00000, 0x0000000703e00000, 0x0000000703e00000|100%|HC|  |TS  0|AC  0|TAMS 0x0000000703d00000, 0x0000000703d00000|
|  62|0x0000000703e00000, 0x0000000703f00000, 0x0000000703f00000|100%|HC|  |TS  0|AC  0|TAMS 0x0000000703e00000, 0x0000000703e00000|
|  63|0x0000000703f00000, 0x0000000704000000, 0x0000000704000000|100%|HC|  |TS  0|AC  0|TAMS 0x0000000703f00000, 0x0000000703f00000|
|  64|0x0000000704000000, 0x0000000704100000, 0x0000000704100000|100%|HC|  |TS  0|AC  0|TAMS 0x0000000704000000, 0x0000000704000000|
|  65|0x0000000704100000, 0x0000000704200000, 0x0000000704200000|100%|HC|  |TS  0|AC  0|TAMS 0x0000000704100000, 0x0000000704100000|
|  66|0x0000000704200000, 0x0000000704300000, 0x0000000704300000|100%|HC|  |TS  0|AC  0|TAMS 0x0000000704200000, 0x0000000704200000|
|  67|0x0000000704300000, 0x0000000704400000, 0x0000000704400000|100%|HC|  |TS  0|AC  0|TAMS 0x0000000704300000, 0x0000000704300000|
|  68|0x0000000704400000, 0x0000000704400000, 0x0000000704500000|  0%| F|  |TS  0|AC  0|TAMS 0x0000000704400000, 0x0000000704400000|
|  69|0x0000000704500000, 0x0000000704500000, 0x0000000704600000|  0%| F|  |TS  0|AC  0|TAMS 0x0000000704500000, 0x0000000704500000|
|  70|0x0000000704600000, 0x0000000704600000, 0x0000000704700000|  0%| F|  |TS  0|AC  0|TAMS 0x0000000704600000, 0x0000000704600000|
|  71|0x0000000704700000, 0x0000000704700000, 0x0000000704800000|  0%| F|  |TS  0|AC  0|TAMS 0x0000000704700000, 0x0000000704700000|
|  72|0x0000000704800000, 0x0000000704800000, 0x0000000704900000|  0%| F|  |TS  0|AC  0|TAMS 0x0000000704800000, 0x0000000704800000|
|  73|0x0000000704900000, 0x0000000704900000, 0x0000000704a00000|  0%| F|  |TS  0|AC  0|TAMS 0x0000000704900000, 0x0000000704900000|
|  74|0x0000000704a00000, 0x0000000704a00000, 0x0000000704b00000|  0%| F|  |TS  0|AC  0|TAMS 0x0000000704a00000, 0x0000000704a00000|
|  75|0x0000000704b00000, 0x0000000704b00000, 0x0000000704c00000|  0%| F|  |TS  0|AC  0|TAMS 0x0000000704b00000, 0x0000000704b00000|
|  76|0x0000000704c00000, 0x0000000704c00000, 0x0000000704d00000|  0%| F|  |TS  0|AC  0|TAMS 0x0000000704c00000, 0x0000000704c00000|
|  77|0x0000000704d00000, 0x0000000704d00000, 0x0000000704e00000|  0%| F|  |TS  0|AC  0|TAMS 0x0000000704d00000, 0x0000000704d00000|
|  78|0x0000000704e00000, 0x0000000704e00000, 0x0000000704f00000|  0%| F|  |TS  0|AC  0|TAMS 0x0000000704e00000, 0x0000000704e00000|
|  79|0x0000000704f00000, 0x0000000704f00000, 0x0000000705000000|  0%| F|  |TS  0|AC  0|TAMS 0x0000000704f00000, 0x0000000704f00000|
|  80|0x0000000705000000, 0x0000000705000000, 0x0000000705100000|  0%| F|  |TS  0|AC  0|TAMS 0x0000000705000000, 0x0000000705000000|
|  81|0x0000000705100000, 0x0000000705100000, 0x0000000705200000|  0%| F|  |TS  0|AC  0|TAMS 0x0000000705100000, 0x0000000705100000|
|  82|0x0000000705200000, 0x0000000705200000, 0x0000000705300000|  0%| F|  |TS  0|AC  0|TAMS 0x0000000705200000, 0x0000000705200000|
|  83|0x0000000705300000, 0x0000000705300000, 0x0000000705400000|  0%| F|  |TS  0|AC  0|TAMS 0x0000000705300000, 0x0000000705300000|
|  84|0x0000000705400000, 0x0000000705400000, 0x0000000705500000|  0%| F|  |TS  0|AC  0|TAMS 0x0000000705400000, 0x0000000705400000|
|  85|0x0000000705500000, 0x0000000705500000, 0x0000000705600000|  0%| F|  |TS  0|AC  0|TAMS 0x0000000705500000, 0x0000000705500000|
|  86|0x0000000705600000, 0x0000000705600000, 0x0000000705700000|  0%| F|  |TS  0|AC  0|TAMS 0x0000000705600000, 0x0000000705600000|
|  87|0x0000000705700000, 0x0000000705700000, 0x0000000705800000|  0%| F|  |TS  0|AC  0|TAMS 0x0000000705700000, 0x0000000705700000|
|  88|0x0000000705800000, 0x0000000705800000, 0x0000000705900000|  0%| F|  |TS  0|AC  0|TAMS 0x0000000705800000, 0x0000000705800000|
|  89|0x0000000705900000, 0x0000000705900000, 0x0000000705a00000|  0%| F|  |TS  0|AC  0|TAMS 0x0000000705900000, 0x0000000705900000|
|  90|0x0000000705a00000, 0x0000000705a00000, 0x0000000705b00000|  0%| F|  |TS  0|AC  0|TAMS 0x0000000705a00000, 0x0000000705a00000|
|  91|0x0000000705b00000, 0x0000000705b00000, 0x0000000705c00000|  0%| F|  |TS  0|AC  0|TAMS 0x0000000705b00000, 0x0000000705b00000|
|  92|0x0000000705c00000, 0x0000000705c00000, 0x0000000705d00000|  0%| F|  |TS  0|AC  0|TAMS 0x0000000705c00000, 0x0000000705c00000|
|  93|0x0000000705d00000, 0x0000000705d00000, 0x0000000705e00000|  0%| F|  |TS  0|AC  0|TAMS 0x0000000705d00000, 0x0000000705d00000|
|  94|0x0000000705e00000, 0x0000000705e00000, 0x0000000705f00000|  0%| F|  |TS  0|AC  0|TAMS 0x0000000705e00000, 0x0000000705e00000|
|  95|0x0000000705f00000, 0x0000000705f00000, 0x0000000706000000|  0%| F|  |TS  0|AC  0|TAMS 0x0000000705f00000, 0x0000000705f00000|
|  96|0x0000000706000000, 0x0000000706000000, 0x0000000706100000|  0%| F|  |TS  0|AC  0|TAMS 0x0000000706000000, 0x0000000706000000|
|  97|0x0000000706100000, 0x0000000706100000, 0x0000000706200000|  0%| F|  |TS  0|AC  0|TAMS 0x0000000706100000, 0x0000000706100000|
|  98|0x0000000706200000, 0x0000000706200000, 0x0000000706300000|  0%| F|  |TS  0|AC  0|TAMS 0x0000000706200000, 0x0000000706200000|
|  99|0x0000000706300000, 0x0000000706300000, 0x0000000706400000|  0%| F|  |TS  0|AC  0|TAMS 0x0000000706300000, 0x0000000706300000|
| 100|0x0000000706400000, 0x0000000706400000, 0x0000000706500000|  0%| F|  |TS  0|AC  0|TAMS 0x0000000706400000, 0x0000000706400000|
| 101|0x0000000706500000, 0x0000000706500000, 0x0000000706600000|  0%| F|  |TS  0|AC  0|TAMS 0x0000000706500000, 0x0000000706500000|
| 102|0x0000000706600000, 0x0000000706600000, 0x0000000706700000|  0%| F|  |TS  0|AC  0|TAMS 0x0000000706600000, 0x0000000706600000|
| 103|0x0000000706700000, 0x0000000706700000, 0x0000000706800000|  0%| F|  |TS  0|AC  0|TAMS 0x0000000706700000, 0x0000000706700000|
| 104|0x0000000706800000, 0x0000000706800000, 0x0000000706900000|  0%| F|  |TS  0|AC  0|TAMS 0x0000000706800000, 0x0000000706800000|
| 105|0x0000000706900000, 0x0000000706900000, 0x0000000706a00000|  0%| F|  |TS  0|AC  0|TAMS 0x0000000706900000, 0x0000000706900000|
| 106|0x0000000706a00000, 0x0000000706a00000, 0x0000000706b00000|  0%| F|  |TS  0|AC  0|TAMS 0x0000000706a00000, 0x0000000706a00000|
| 107|0x0000000706b00000, 0x0000000706b00000, 0x0000000706c00000|  0%| F|  |TS  0|AC  0|TAMS 0x0000000706b00000, 0x0000000706b00000|
| 108|0x0000000706c00000, 0x0000000706c00000, 0x0000000706d00000|  0%| F|  |TS  0|AC  0|TAMS 0x0000000706c00000, 0x0000000706c00000|
| 109|0x0000000706d00000, 0x0000000706d00000, 0x0000000706e00000|  0%| F|  |TS  0|AC  0|TAMS 0x0000000706d00000, 0x0000000706d00000|
| 110|0x0000000706e00000, 0x0000000706e00000, 0x0000000706f00000|  0%| F|  |TS  0|AC  0|TAMS 0x0000000706e00000, 0x0000000706e00000|
| 111|0x0000000706f00000, 0x0000000706f00000, 0x0000000707000000|  0%| F|  |TS  0|AC  0|TAMS 0x0000000706f00000, 0x0000000706f00000|
| 112|0x0000000707000000, 0x0000000707000000, 0x0000000707100000|  0%| F|  |TS  0|AC  0|TAMS 0x0000000707000000, 0x0000000707000000|
| 113|0x0000000707100000, 0x0000000707100000, 0x0000000707200000|  0%| F|  |TS  0|AC  0|TAMS 0x0000000707100000, 0x0000000707100000|
| 114|0x0000000707200000, 0x0000000707200000, 0x0000000707300000|  0%| F|  |TS  0|AC  0|TAMS 0x0000000707200000, 0x0000000707200000|
| 115|0x0000000707300000, 0x0000000707300000, 0x0000000707400000|  0%| F|  |TS  0|AC  0|TAMS 0x0000000707300000, 0x0000000707300000|
| 116|0x0000000707400000, 0x0000000707400000, 0x0000000707500000|  0%| F|  |TS  0|AC  0|TAMS 0x0000000707400000, 0x0000000707400000|
| 117|0x0000000707500000, 0x0000000707500000, 0x0000000707600000|  0%| F|  |TS  0|AC  0|TAMS 0x0000000707500000, 0x0000000707500000|
| 118|0x0000000707600000, 0x0000000707600000, 0x0000000707700000|  0%| F|  |TS  0|AC  0|TAMS 0x0000000707600000, 0x0000000707600000|
| 119|0x0000000707700000, 0x0000000707700000, 0x0000000707800000|  0%| F|  |TS  0|AC  0|TAMS 0x0000000707700000, 0x0000000707700000|
| 120|0x0000000707800000, 0x0000000707800000, 0x0000000707900000|  0%| F|  |TS  0|AC  0|TAMS 0x0000000707800000, 0x0000000707800000|
| 121|0x0000000707900000, 0x0000000707900000, 0x0000000707a00000|  0%| F|  |TS  0|AC  0|TAMS 0x0000000707900000, 0x0000000707900000|
| 122|0x0000000707a00000, 0x0000000707a00000, 0x0000000707b00000|  0%| F|  |TS  0|AC  0|TAMS 0x0000000707a00000, 0x0000000707a00000|
| 123|0x0000000707b00000, 0x0000000707b00000, 0x0000000707c00000|  0%| F|  |TS  0|AC  0|TAMS 0x0000000707b00000, 0x0000000707b00000|
| 124|0x0000000707c00000, 0x0000000707c00000, 0x0000000707d00000|  0%| F|  |TS  0|AC  0|TAMS 0x0000000707c00000, 0x0000000707c00000|
| 125|0x0000000707d00000, 0x0000000707d00000, 0x0000000707e00000|  0%| F|  |TS  0|AC  0|TAMS 0x0000000707d00000, 0x0000000707d00000|
| 126|0x0000000707e00000, 0x0000000707e00000, 0x0000000707f00000|  0%| F|  |TS  0|AC  0|TAMS 0x0000000707e00000, 0x0000000707e00000|
| 127|0x0000000707f00000, 0x0000000707f00000, 0x0000000708000000|  0%| F|  |TS  0|AC  0|TAMS 0x0000000707f00000, 0x0000000707f00000|
| 128|0x0000000708000000, 0x0000000708000000, 0x0000000708100000|  0%| F|  |TS  0|AC  0|TAMS 0x0000000708000000, 0x0000000708000000|
| 129|0x0000000708100000, 0x0000000708100000, 0x0000000708200000|  0%| F|  |TS  0|AC  0|TAMS 0x0000000708100000, 0x0000000708100000|
| 130|0x0000000708200000, 0x0000000708200000, 0x0000000708300000|  0%| F|  |TS  0|AC  0|TAMS 0x0000000708200000, 0x0000000708200000|
| 131|0x0000000708300000, 0x0000000708300000, 0x0000000708400000|  0%| F|  |TS  0|AC  0|TAMS 0x0000000708300000, 0x0000000708300000|
| 132|0x0000000708400000, 0x0000000708400000, 0x0000000708500000|  0%| F|  |TS  3|AC  0|TAMS 0x0000000708400000, 0x0000000708400000|
| 133|0x0000000708500000, 0x00000007085973c8, 0x0000000708600000| 59%| S|CS|TS  3|AC  0|TAMS 0x0000000708500000, 0x0000000708500000|
| 134|0x0000000708600000, 0x0000000708600000, 0x0000000708700000|  0%| F|  |TS  3|AC  0|TAMS 0x0000000708600000, 0x0000000708600000|
| 135|0x0000000708700000, 0x0000000708700000, 0x0000000708800000|  0%| F|  |TS  3|AC  0|TAMS 0x0000000708700000, 0x0000000708700000|
| 136|0x0000000708800000, 0x0000000708800000, 0x0000000708900000|  0%| F|  |TS  3|AC  0|TAMS 0x0000000708800000, 0x0000000708800000|
| 137|0x0000000708900000, 0x0000000708900000, 0x0000000708a00000|  0%| F|  |TS  3|AC  0|TAMS 0x0000000708900000, 0x0000000708900000|
| 138|0x0000000708a00000, 0x0000000708a00000, 0x0000000708b00000|  0%| F|  |TS  3|AC  0|TAMS 0x0000000708a00000, 0x0000000708a00000|
| 139|0x0000000708b00000, 0x0000000708b00000, 0x0000000708c00000|  0%| F|  |TS  3|AC  0|TAMS 0x0000000708b00000, 0x0000000708b00000|
| 140|0x0000000708c00000, 0x0000000708c00000, 0x0000000708d00000|  0%| F|  |TS  3|AC  0|TAMS 0x0000000708c00000, 0x0000000708c00000|
| 141|0x0000000708d00000, 0x0000000708d00000, 0x0000000708e00000|  0%| F|  |TS  3|AC  0|TAMS 0x0000000708d00000, 0x0000000708d00000|
| 142|0x0000000708e00000, 0x0000000708e00000, 0x0000000708f00000|  0%| F|  |TS  3|AC  0|TAMS 0x0000000708e00000, 0x0000000708e00000|
| 143|0x0000000708f00000, 0x0000000708f00000, 0x0000000709000000|  0%| F|  |TS  3|AC  0|TAMS 0x0000000708f00000, 0x0000000708f00000|
| 144|0x0000000709000000, 0x0000000709000000, 0x0000000709100000|  0%| F|  |TS  3|AC  0|TAMS 0x0000000709000000, 0x0000000709000000|
| 145|0x0000000709100000, 0x0000000709100000, 0x0000000709200000|  0%| F|  |TS  3|AC  0|TAMS 0x0000000709100000, 0x0000000709100000|
| 146|0x0000000709200000, 0x0000000709200000, 0x0000000709300000|  0%| F|  |TS  3|AC  0|TAMS 0x0000000709200000, 0x0000000709200000|
| 147|0x0000000709300000, 0x0000000709300000, 0x0000000709400000|  0%| F|  |TS  3|AC  0|TAMS 0x0000000709300000, 0x0000000709300000|
| 148|0x0000000709400000, 0x0000000709400000, 0x0000000709500000|  0%| F|  |TS  3|AC  0|TAMS 0x0000000709400000, 0x0000000709400000|
| 149|0x0000000709500000, 0x0000000709500000, 0x0000000709600000|  0%| F|  |TS  3|AC  0|TAMS 0x0000000709500000, 0x0000000709500000|
| 150|0x0000000709600000, 0x0000000709600000, 0x0000000709700000|  0%| F|  |TS  3|AC  0|TAMS 0x0000000709600000, 0x0000000709600000|
| 151|0x0000000709700000, 0x0000000709800000, 0x0000000709800000|100%| E|  |TS  3|AC  0|TAMS 0x0000000709700000, 0x0000000709700000|
| 152|0x0000000709800000, 0x0000000709900000, 0x0000000709900000|100%| E|CS|TS  3|AC  0|TAMS 0x0000000709800000, 0x0000000709800000|
| 153|0x0000000709900000, 0x0000000709a00000, 0x0000000709a00000|100%| E|CS|TS  3|AC  0|TAMS 0x0000000709900000, 0x0000000709900000|
| 154|0x0000000709a00000, 0x0000000709b00000, 0x0000000709b00000|100%| E|CS|TS  3|AC  0|TAMS 0x0000000709a00000, 0x0000000709a00000|
| 155|0x0000000709b00000, 0x0000000709c00000, 0x0000000709c00000|100%| E|CS|TS  3|AC  0|TAMS 0x0000000709b00000, 0x0000000709b00000|
| 156|0x0000000709c00000, 0x0000000709d00000, 0x0000000709d00000|100%| E|CS|TS  3|AC  0|TAMS 0x0000000709c00000, 0x0000000709c00000|
| 157|0x0000000709d00000, 0x0000000709e00000, 0x0000000709e00000|100%| E|CS|TS  3|AC  0|TAMS 0x0000000709d00000, 0x0000000709d00000|
| 158|0x0000000709e00000, 0x0000000709f00000, 0x0000000709f00000|100%| E|CS|TS  3|AC  0|TAMS 0x0000000709e00000, 0x0000000709e00000|
| 159|0x0000000709f00000, 0x000000070a000000, 0x000000070a000000|100%| E|CS|TS  3|AC  0|TAMS 0x0000000709f00000, 0x0000000709f00000|
| 160|0x000000070a000000, 0x000000070a100000, 0x000000070a100000|100%| E|CS|TS  3|AC  0|TAMS 0x000000070a000000, 0x000000070a000000|
| 161|0x000000070a100000, 0x000000070a200000, 0x000000070a200000|100%| E|CS|TS  3|AC  0|TAMS 0x000000070a100000, 0x000000070a100000|
| 162|0x000000070a200000, 0x000000070a300000, 0x000000070a300000|100%| E|CS|TS  3|AC  0|TAMS 0x000000070a200000, 0x000000070a200000|
| 163|0x000000070a300000, 0x000000070a400000, 0x000000070a400000|100%| E|CS|TS  3|AC  0|TAMS 0x000000070a300000, 0x000000070a300000|
| 164|0x000000070a400000, 0x000000070a500000, 0x000000070a500000|100%| E|CS|TS  3|AC  0|TAMS 0x000000070a400000, 0x000000070a400000|
| 165|0x000000070a500000, 0x000000070a600000, 0x000000070a600000|100%| E|CS|TS  3|AC  0|TAMS 0x000000070a500000, 0x000000070a500000|
| 166|0x000000070a600000, 0x000000070a700000, 0x000000070a700000|100%| E|CS|TS  3|AC  0|TAMS 0x000000070a600000, 0x000000070a600000|
| 167|0x000000070a700000, 0x000000070a800000, 0x000000070a800000|100%| E|CS|TS  3|AC  0|TAMS 0x000000070a700000, 0x000000070a700000|
| 168|0x000000070a800000, 0x000000070a900000, 0x000000070a900000|100%| E|CS|TS  3|AC  0|TAMS 0x000000070a800000, 0x000000070a800000|
| 169|0x000000070a900000, 0x000000070aa00000, 0x000000070aa00000|100%| E|CS|TS  3|AC  0|TAMS 0x000000070a900000, 0x000000070a900000|
| 170|0x000000070aa00000, 0x000000070ab00000, 0x000000070ab00000|100%| E|CS|TS  3|AC  0|TAMS 0x000000070aa00000, 0x000000070aa00000|
| 171|0x000000070ab00000, 0x000000070ac00000, 0x000000070ac00000|100%| E|CS|TS  3|AC  0|TAMS 0x000000070ab00000, 0x000000070ab00000|
| 172|0x000000070ac00000, 0x000000070ad00000, 0x000000070ad00000|100%| E|CS|TS  3|AC  0|TAMS 0x000000070ac00000, 0x000000070ac00000|
| 173|0x000000070ad00000, 0x000000070ae00000, 0x000000070ae00000|100%| E|CS|TS  3|AC  0|TAMS 0x000000070ad00000, 0x000000070ad00000|
| 174|0x000000070ae00000, 0x000000070af00000, 0x000000070af00000|100%| E|CS|TS  3|AC  0|TAMS 0x000000070ae00000, 0x000000070ae00000|
| 175|0x000000070af00000, 0x000000070b000000, 0x000000070b000000|100%| E|CS|TS  3|AC  0|TAMS 0x000000070af00000, 0x000000070af00000|
| 176|0x000000070b000000, 0x000000070b100000, 0x000000070b100000|100%| E|CS|TS  3|AC  0|TAMS 0x000000070b000000, 0x000000070b000000|
| 177|0x000000070b100000, 0x000000070b200000, 0x000000070b200000|100%| E|CS|TS  3|AC  0|TAMS 0x000000070b100000, 0x000000070b100000|
| 178|0x000000070b200000, 0x000000070b300000, 0x000000070b300000|100%| E|CS|TS  3|AC  0|TAMS 0x000000070b200000, 0x000000070b200000|
| 179|0x000000070b300000, 0x000000070b400000, 0x000000070b400000|100%| E|CS|TS  3|AC  0|TAMS 0x000000070b300000, 0x000000070b300000|
| 180|0x000000070b400000, 0x000000070b500000, 0x000000070b500000|100%| E|CS|TS  3|AC  0|TAMS 0x000000070b400000, 0x000000070b400000|
| 181|0x000000070b500000, 0x000000070b600000, 0x000000070b600000|100%| E|CS|TS  3|AC  0|TAMS 0x000000070b500000, 0x000000070b500000|
| 182|0x000000070b600000, 0x000000070b700000, 0x000000070b700000|100%| E|CS|TS  3|AC  0|TAMS 0x000000070b600000, 0x000000070b600000|
| 183|0x000000070b700000, 0x000000070b800000, 0x000000070b800000|100%| E|CS|TS  3|AC  0|TAMS 0x000000070b700000, 0x000000070b700000|
| 184|0x000000070b800000, 0x000000070b900000, 0x000000070b900000|100%| E|CS|TS  3|AC  0|TAMS 0x000000070b800000, 0x000000070b800000|
| 185|0x000000070b900000, 0x000000070ba00000, 0x000000070ba00000|100%| E|CS|TS  3|AC  0|TAMS 0x000000070b900000, 0x000000070b900000|
| 186|0x000000070ba00000, 0x000000070bb00000, 0x000000070bb00000|100%| E|CS|TS  3|AC  0|TAMS 0x000000070ba00000, 0x000000070ba00000|
| 187|0x000000070bb00000, 0x000000070bc00000, 0x000000070bc00000|100%| E|CS|TS  3|AC  0|TAMS 0x000000070bb00000, 0x000000070bb00000|
| 188|0x000000070bc00000, 0x000000070bd00000, 0x000000070bd00000|100%| E|CS|TS  3|AC  0|TAMS 0x000000070bc00000, 0x000000070bc00000|
| 189|0x000000070bd00000, 0x000000070be00000, 0x000000070be00000|100%| E|CS|TS  3|AC  0|TAMS 0x000000070bd00000, 0x000000070bd00000|
| 190|0x000000070be00000, 0x000000070bf00000, 0x000000070bf00000|100%| E|CS|TS  3|AC  0|TAMS 0x000000070be00000, 0x000000070be00000|
| 191|0x000000070bf00000, 0x000000070c000000, 0x000000070c000000|100%| E|CS|TS  3|AC  0|TAMS 0x000000070bf00000, 0x000000070bf00000|
| 192|0x000000070c000000, 0x000000070c100000, 0x000000070c100000|100%| E|CS|TS  3|AC  0|TAMS 0x000000070c000000, 0x000000070c000000|

Card table byte_map: [0x000002ac60aa0000,0x000002ac610a0000] byte_map_base: 0x000002ac5d2a0000

Marking Bits (Prev, Next): (CMBitMap*) 0x000002ac5d300090, (CMBitMap*) 0x000002ac5d3000c8
 Prev Bits: [0x000002ac78430000, 0x000002ac7b430000)
 Next Bits: [0x000002ac7b430000, 0x000002ac7e430000)

Polling page: 0x000002ac56fd0000

CodeHeap 'non-profiled nmethods': size=120000Kb used=17830Kb max_used=17967Kb free=102169Kb
 bounds [0x000002ac70900000, 0x000002ac71aa0000, 0x000002ac77e30000]
CodeHeap 'profiled nmethods': size=120000Kb used=34025Kb max_used=40647Kb free=85975Kb
 bounds [0x000002ac693d0000, 0x000002ac6bbb0000, 0x000002ac70900000]
CodeHeap 'non-nmethods': size=5760Kb used=1751Kb max_used=1798Kb free=4008Kb
 bounds [0x000002ac68e30000, 0x000002ac690a0000, 0x000002ac693d0000]
 total_blobs=28995 nmethods=15213 adapters=1069
 compilation: enabled

Compilation events (10 events):
Event: 9896.166 Thread 0x000002ac5f759800 20074       1       sun.awt.util.IdentityArrayList::size (5 bytes)
Event: 9896.166 Thread 0x000002ac5f759800 nmethod 20074 0x000002ac70a80390 code [0x000002ac70a80540, 0x000002ac70a80658]
Event: 9896.216 Thread 0x000002ac5f756000 20075   !   4       java.awt.Container::clearMostRecentFocusOwnerOnHide (117 bytes)
Event: 9896.228 Thread 0x000002ac5f756000 nmethod 20075 0x000002ac71039810 code [0x000002ac71039a40, 0x000002ac7103a7f8]
Event: 9896.334 Thread 0x000002ac5f759800 20076       3       ui.views.S.b.l::<init> (25 bytes)
Event: 9896.334 Thread 0x000002ac5f759800 nmethod 20076 0x000002ac69c8a910 code [0x000002ac69c8aac0, 0x000002ac69c8ad10]
Event: 9896.372 Thread 0x000002ac5f759800 20077       3       ui.views.O.i.p::abB (5 bytes)
Event: 9896.372 Thread 0x000002ac5f759800 nmethod 20077 0x000002ac6a0cfa10 code [0x000002ac6a0cfbe0, 0x000002ac6a0cff60]
Event: 9896.409 Thread 0x000002ac5f756800 20078       4       ui.views.S.b.i::a (85 bytes)
Event: 9896.411 Thread 0x000002ac5f756800 nmethod 20078 0x000002ac71039290 code [0x000002ac71039440, 0x000002ac710395e8]

GC Heap History (10 events):
Event: 9270.133 GC heap before
{Heap before GC invocations=362 (full 197):
 garbage-first heap   total 198656K, used 128861K [0x0000000700000000, 0x0000000700100610, 0x00000007c0000000)
  region size 1024K, 60 young (61440K), 1 survivors (1024K)
 Metaspace       used 77457K, capacity 78855K, committed 85424K, reserved 1122304K
  class space    used 10069K, capacity 10386K, committed 11696K, reserved 1048576K
}
Event: 9270.144 GC heap after
{Heap after GC invocations=363 (full 197):
 garbage-first heap   total 198656K, used 68551K [0x0000000700000000, 0x0000000700100610, 0x00000007c0000000)
  region size 1024K, 1 young (1024K), 1 survivors (1024K)
 Metaspace       used 77457K, capacity 78855K, committed 85424K, reserved 1122304K
  class space    used 10069K, capacity 10386K, committed 11696K, reserved 1048576K
}
Event: 9538.931 GC heap before
{Heap before GC invocations=363 (full 197):
 garbage-first heap   total 198656K, used 128967K [0x0000000700000000, 0x0000000700100610, 0x00000007c0000000)
  region size 1024K, 60 young (61440K), 1 survivors (1024K)
 Metaspace       used 77457K, capacity 78855K, committed 85424K, reserved 1122304K
  class space    used 10069K, capacity 10386K, committed 11696K, reserved 1048576K
}
Event: 9538.936 GC heap after
{Heap after GC invocations=364 (full 197):
 garbage-first heap   total 198656K, used 68560K [0x0000000700000000, 0x0000000700100610, 0x00000007c0000000)
  region size 1024K, 1 young (1024K), 1 survivors (1024K)
 Metaspace       used 77457K, capacity 78855K, committed 85424K, reserved 1122304K
  class space    used 10069K, capacity 10386K, committed 11696K, reserved 1048576K
}
Event: 9562.920 GC heap before
{Heap before GC invocations=364 (full 197):
 garbage-first heap   total 198656K, used 73680K [0x0000000700000000, 0x0000000700100610, 0x00000007c0000000)
  region size 1024K, 7 young (7168K), 1 survivors (1024K)
 Metaspace       used 77457K, capacity 78855K, committed 85424K, reserved 1122304K
  class space    used 10069K, capacity 10386K, committed 11696K, reserved 1048576K
}
Event: 9563.139 GC heap after
{Heap after GC invocations=365 (full 198):
 garbage-first heap   total 197632K, used 59048K [0x0000000700000000, 0x0000000700100608, 0x00000007c0000000)
  region size 1024K, 0 young (0K), 0 survivors (0K)
 Metaspace       used 77457K, capacity 78855K, committed 85424K, reserved 1122304K
  class space    used 10069K, capacity 10386K, committed 11696K, reserved 1048576K
}
Event: 9819.567 GC heap before
{Heap before GC invocations=365 (full 198):
 garbage-first heap   total 197632K, used 120488K [0x0000000700000000, 0x0000000700100608, 0x00000007c0000000)
  region size 1024K, 60 young (61440K), 0 survivors (0K)
 Metaspace       used 77459K, capacity 78855K, committed 85424K, reserved 1122304K
  class space    used 10069K, capacity 10386K, committed 11696K, reserved 1048576K
}
Event: 9819.577 GC heap after
{Heap after GC invocations=366 (full 198):
 garbage-first heap   total 197632K, used 59594K [0x0000000700000000, 0x0000000700100608, 0x00000007c0000000)
  region size 1024K, 1 young (1024K), 1 survivors (1024K)
 Metaspace       used 77459K, capacity 78855K, committed 85424K, reserved 1122304K
  class space    used 10069K, capacity 10386K, committed 11696K, reserved 1048576K
}
Event: 9896.188 GC heap before
{Heap before GC invocations=366 (full 198):
 garbage-first heap   total 197632K, used 120010K [0x0000000700000000, 0x0000000700100608, 0x00000007c0000000)
  region size 1024K, 60 young (61440K), 1 survivors (1024K)
 Metaspace       used 77485K, capacity 78919K, committed 85424K, reserved 1122304K
  class space    used 10069K, capacity 10386K, committed 11696K, reserved 1048576K
}
Event: 9896.191 GC heap after
{Heap after GC invocations=367 (full 198):
 garbage-first heap   total 197632K, used 59653K [0x0000000700000000, 0x0000000700100608, 0x00000007c0000000)
  region size 1024K, 1 young (1024K), 1 survivors (1024K)
 Metaspace       used 77485K, capacity 78919K, committed 85424K, reserved 1122304K
  class space    used 10069K, capacity 10386K, committed 11696K, reserved 1048576K
}

Deoptimization events (10 events):
Event: 8140.205 Thread 0x000002ac02932800 Uncommon trap: reason=unstable_if action=reinterpret pc=0x000002ac719be5bc method=sun.awt.image.VolatileSurfaceManager.validate(Ljava/awt/GraphicsConfiguration;)I @ 189 c2
Event: 8140.220 Thread 0x000002ac02932800 Uncommon trap: reason=unstable_if action=reinterpret pc=0x000002ac717ccf80 method=sun.java2d.SurfaceData.canRenderLCDText(Lsun/java2d/SunGraphics2D;)Z @ 38 c2
Event: 8899.587 Thread 0x000002ac603a4800 Uncommon trap: reason=unstable_if action=reinterpret pc=0x000002ac70a8045c method=sun.awt.windows.WWindowPeer.preprocessPostEvent(Ljava/awt/AWTEvent;)V @ 4 c2
Event: 8899.593 Thread 0x000002ac02932800 Uncommon trap: reason=unstable_if action=reinterpret pc=0x000002ac71044ad8 method=javax.swing.RepaintManager.addDirtyRegion0(Ljava/awt/Container;IIII)V @ 108 c2
Event: 8899.593 Thread 0x000002ac02932800 Uncommon trap: reason=unstable_if action=reinterpret pc=0x000002ac71037c40 method=javax.swing.RepaintManager.addDirtyRegion0(Ljava/awt/Container;IIII)V @ 108 c2
Event: 8899.594 Thread 0x000002ac02932800 Uncommon trap: reason=unstable_if action=reinterpret pc=0x000002ac7105b5d4 method=javax.swing.RepaintManager.addDirtyRegion0(Ljava/awt/Container;IIII)V @ 108 c2
Event: 9893.580 Thread 0x000002ac02932800 Uncommon trap: reason=bimorphic_or_optimized_type_check action=maybe_recompile pc=0x000002ac71a29f78 method=javax.swing.RepaintManager$4.run()Ljava/lang/Void; @ 91 c2
Event: 9895.076 Thread 0x000002ac02932800 Uncommon trap: reason=null_check action=make_not_entrant pc=0x000002ac70b29eec method=java.lang.Class.reflectionData()Ljava/lang/Class$ReflectionData; @ 18 c2
Event: 9895.077 Thread 0x000002ac02932800 Uncommon trap: reason=null_check action=make_not_entrant pc=0x000002ac70fe9a08 method=sun.util.locale.provider.LocaleResources.getDecimalFormatSymbolsData()[Ljava/lang/Object; @ 15 c2
Event: 9895.078 Thread 0x000002ac02932800 Uncommon trap: reason=null_check action=make_not_entrant pc=0x000002ac7113e45c method=java.text.DecimalFormatSymbols.initialize(Ljava/util/Locale;)V @ 182 c2

Classes redefined (0 events):
No events

Internal exceptions (10 events):
Event: 271.183 Thread 0x000002ac02932800 Exception <a 'java/lang/NoSuchMethodError'{0x000000070c6988d0}: java.lang.invoke.DelegatingMethodHandle$Holder.reinvoke_L(Ljava/lang/Object;IILjava/lang/Object;ILjava/lang/Object;I)Ljava/lang/Object;> (0x000000070c6988d0) thrown at [t:/workspace/hotspot/s
Event: 271.183 Thread 0x000002ac02932800 Exception <a 'java/lang/NoSuchMethodError'{0x000000070c6c7ea0}: method resolution failed> (0x000000070c6c7ea0) thrown at [t:/workspace/hotspot/src/share/vm/prims/methodHandles.cpp, line 1256]
Event: 5152.002 Thread 0x000002ac603a4800 Implicit null exception at 0x000002ac70e8228f to 0x000002ac70e82d0d
Event: 5895.653 Thread 0x000002ac08e44800 Implicit null exception at 0x000002ac7194384c to 0x000002ac7194418d
Event: 7763.112 Thread 0x000002ac5f764000 Exception <a 'java/lang/NoSuchMethodError'{0x000000070c065bd0}: java.lang.invoke.DirectMethodHandle$Holder.invokeSpecial(Ljava/lang/Object;Ljava/lang/Object;IILjava/lang/Object;JJ)Ljava/lang/Object;> (0x000000070c065bd0) thrown at [t:/workspace/hotspot/sr
Event: 7763.112 Thread 0x000002ac5f764000 Exception <a 'java/lang/NoSuchMethodError'{0x000000070c069ab8}: java.lang.invoke.DelegatingMethodHandle$Holder.reinvoke_L(Ljava/lang/Object;IILjava/lang/Object;JJ)Ljava/lang/Object;> (0x000000070c069ab8) thrown at [t:/workspace/hotspot/src/share/vm/interp
Event: 7763.113 Thread 0x000002ac5f764000 Exception <a 'java/lang/NoSuchMethodError'{0x000000070c08a640}: method resolution failed> (0x000000070c08a640) thrown at [t:/workspace/hotspot/src/share/vm/prims/methodHandles.cpp, line 1256]
Event: 8140.194 Thread 0x000002ac02932800 Implicit null exception at 0x000002ac719b621e to 0x000002ac719b6501
Event: 9895.076 Thread 0x000002ac02932800 Implicit null exception at 0x000002ac70b295cc to 0x000002ac70b29ed5
Event: 9895.078 Thread 0x000002ac02932800 Implicit null exception at 0x000002ac7113db99 to 0x000002ac7113e44d

Events (10 events):
Event: 9895.079 Thread 0x000002ac08e44800 Thread added: 0x000002ac08e44800
Event: 9895.080 Executing VM operation: RevokeBias
Event: 9895.085 Executing VM operation: RevokeBias done
Event: 9895.086 Executing VM operation: RevokeBias
Event: 9895.086 Executing VM operation: RevokeBias done
Event: 9895.466 Thread 0x000002ac08e3d800 Thread added: 0x000002ac08e3d800
Event: 9895.470 Thread 0x000002ac08e3d800 Thread exited: 0x000002ac08e3d800
Event: 9896.188 Executing VM operation: G1IncCollectionPause
Event: 9896.191 Executing VM operation: G1IncCollectionPause done
Event: 9896.466 Thread 0x000002ac08e41800 Thread added: 0x000002ac08e41800


Dynamic libraries:
0x00007ff673ef0000 - 0x00007ff673f20000 	D:\Xilinx\Vivado\2019.1\bin\unwrapped\win64.o\vivado.exe
0x00007ffcd4570000 - 0x00007ffcd4768000 	C:\WINDOWS\SYSTEM32\ntdll.dll
0x00007ffcd4260000 - 0x00007ffcd4322000 	C:\WINDOWS\System32\KERNEL32.DLL
0x00007ffcd1f40000 - 0x00007ffcd2236000 	C:\WINDOWS\System32\KERNELBASE.dll
0x00007ffcd1e40000 - 0x00007ffcd1f40000 	C:\WINDOWS\System32\ucrtbase.dll
0x00007ffcaf940000 - 0x00007ffcaf9cd000 	C:\WINDOWS\SYSTEM32\MSVCP140.dll
0x00007ffc6afb0000 - 0x00007ffc6be92000 	D:\Xilinx\Vivado\2019.1\lib\win64.o\librdi_common.dll
0x00007ffccc300000 - 0x00007ffccc314000 	D:\Xilinx\Vivado\2019.1\lib\win64.o\libboost_signals.dll
0x00007ffcb35b0000 - 0x00007ffcb35c4000 	D:\Xilinx\Vivado\2019.1\lib\win64.o\librdi_commonmain.dll
0x00007ffcb0020000 - 0x00007ffcb003e000 	C:\WINDOWS\SYSTEM32\VCRUNTIME140.dll
0x00007ffcd3fb0000 - 0x00007ffcd414d000 	C:\WINDOWS\System32\USER32.dll
0x00007ffcb01e0000 - 0x00007ffcb01ec000 	C:\WINDOWS\SYSTEM32\VCRUNTIME140_1.dll
0x00007ffcd1ca0000 - 0x00007ffcd1cc2000 	C:\WINDOWS\System32\win32u.dll
0x00007ffcd25a0000 - 0x00007ffcd25cb000 	C:\WINDOWS\System32\GDI32.dll
0x00007ffc6ac40000 - 0x00007ffc6afae000 	D:\Xilinx\Vivado\2019.1\lib\win64.o\libCOIN-all.dll
0x00007ffcca010000 - 0x00007ffcca024000 	D:\Xilinx\Vivado\2019.1\lib\win64.o\libboost_date_time.dll
0x00007ffcd1cd0000 - 0x00007ffcd1dea000 	C:\WINDOWS\System32\gdi32full.dll
0x00007ffcc4420000 - 0x00007ffcc4446000 	D:\Xilinx\Vivado\2019.1\lib\win64.o\libboost_filesystem.dll
0x00007ffcd2240000 - 0x00007ffcd22dd000 	C:\WINDOWS\System32\msvcp_win.dll
0x00007ffcd3120000 - 0x00007ffcd31cf000 	C:\WINDOWS\System32\ADVAPI32.dll
0x00007ffcb43c0000 - 0x00007ffcb443f000 	D:\Xilinx\Vivado\2019.1\lib\win64.o\libboost_program_options.dll
0x00007ffcd36f0000 - 0x00007ffcd3e5e000 	C:\WINDOWS\System32\SHELL32.dll
0x00007ffcd27f0000 - 0x00007ffcd288e000 	C:\WINDOWS\System32\msvcrt.dll
0x00007ffcb2e10000 - 0x00007ffcb2f24000 	D:\Xilinx\Vivado\2019.1\lib\win64.o\libboost_regex.dll
0x00007ffcd2fd0000 - 0x00007ffcd306f000 	C:\WINDOWS\System32\sechost.dll
0x00007ffcd4330000 - 0x00007ffcd4453000 	C:\WINDOWS\System32\RPCRT4.dll
0x00007ffccc540000 - 0x00007ffccc54b000 	D:\Xilinx\Vivado\2019.1\lib\win64.o\libboost_system.dll
0x00007ffcd2570000 - 0x00007ffcd2597000 	C:\WINDOWS\System32\bcrypt.dll
0x00007ffcc1ab0000 - 0x00007ffcc1ad1000 	D:\Xilinx\Vivado\2019.1\lib\win64.o\libboost_thread.dll
0x00007ffccc290000 - 0x00007ffccc29f000 	D:\Xilinx\Vivado\2019.1\lib\win64.o\libboost_xilinx.dll
0x00007ffccbb60000 - 0x00007ffccbb6a000 	D:\Xilinx\Vivado\2019.1\lib\win64.o\librdi_commonversion.dll
0x00007ffcb4330000 - 0x00007ffcb43b2000 	D:\Xilinx\Vivado\2019.1\lib\win64.o\libhdlpsolve.dll
0x00007ffc93330000 - 0x00007ffc93451000 	D:\Xilinx\Vivado\2019.1\lib\win64.o\librdi_commonxillic.dll
0x0000000054130000 - 0x000000005425b000 	D:\Xilinx\Vivado\2019.1\lib\win64.o\tcl85t.dll
0x00007ffc9dc70000 - 0x00007ffc9dd15000 	D:\Xilinx\Vivado\2019.1\lib\win64.o\libhdxml.dll
0x00007ffcd28f0000 - 0x00007ffcd295b000 	C:\WINDOWS\System32\WS2_32.dll
0x00007ffc68430000 - 0x00007ffc68fdf400 	D:\Xilinx\Vivado\2019.1\lib\win64.o\libisl_iostreams.dll
0x00007ffcc1830000 - 0x00007ffcc185e000 	D:\Xilinx\Vivado\2019.1\lib\win64.o\libisl_sysinfo.dll
0x00007ffcb3170000 - 0x00007ffcb31d5000 	D:\Xilinx\Vivado\2019.1\lib\win64.o\liblmx6.0.dll
0x00007ffcc1a90000 - 0x00007ffcc1aaa000 	D:\Xilinx\Vivado\2019.1\lib\win64.o\pthreadVC2.dll
0x00007ffcc1810000 - 0x00007ffcc182c000 	D:\Xilinx\Vivado\2019.1\lib\win64.o\librdiconfig.dll
0x00007ffcb69e0000 - 0x00007ffcb6a01000 	D:\Xilinx\Vivado\2019.1\lib\win64.o\librdizlib.dll
0x0000000012000000 - 0x0000000012270000 	D:\Xilinx\Vivado\2019.1\lib\win64.o\xerces-c_3_1.dll
0x00007ffca5b40000 - 0x00007ffca5b59000 	C:\WINDOWS\SYSTEM32\NETAPI32.dll
0x00007ffcaead0000 - 0x00007ffcaefa6000 	C:\WINDOWS\SYSTEM32\WININET.dll
0x00007ffcca670000 - 0x00007ffcca77a000 	C:\WINDOWS\SYSTEM32\WINHTTP.dll
0x00007ffcbf360000 - 0x00007ffcbf550000 	C:\WINDOWS\SYSTEM32\urlmon.dll
0x00007ffc59a70000 - 0x00007ffc5a901000 	D:\Xilinx\Vivado\2019.1\lib\win64.o\gurobi65.dll
0x00007ffcade10000 - 0x00007ffcade19000 	C:\WINDOWS\SYSTEM32\WSOCK32.dll
0x00007ffcb4a50000 - 0x00007ffcb4a80000 	C:\WINDOWS\SYSTEM32\VCOMP140.DLL
0x00007ffccbc10000 - 0x00007ffccbc1d000 	D:\Xilinx\Vivado\2019.1\lib\win64.o\libboost_chrono.dll
0x00007ffc5f680000 - 0x00007ffc5f958000 	D:\Xilinx\Vivado\2019.1\lib\win64.o\libXil_lmgr11.dll
0x00007ffcd32b0000 - 0x00007ffcd338a000 	C:\WINDOWS\System32\COMDLG32.dll
0x00007ffcb88b0000 - 0x00007ffcb88cb000 	D:\Xilinx\Vivado\2019.1\lib\win64.o\libboost_iostreams.dll
0x00007ffcb41c0000 - 0x00007ffcb41e5000 	D:\Xilinx\Vivado\2019.1\lib\win64.o\libisl_iosutils.dll
0x00007ffcd3390000 - 0x00007ffcd36e3000 	C:\WINDOWS\System32\combase.dll
0x00007ffcd3070000 - 0x00007ffcd311d000 	C:\WINDOWS\System32\shcore.dll
0x00007ffcd2890000 - 0x00007ffcd28e5000 	C:\WINDOWS\System32\SHLWAPI.dll
0x00007ffcbf070000 - 0x00007ffcbf32f000 	C:\WINDOWS\SYSTEM32\iertutil.dll
0x00007ffcbf330000 - 0x00007ffcbf358000 	C:\WINDOWS\SYSTEM32\srvcli.dll
0x00007ffcd1070000 - 0x00007ffcd107c000 	C:\WINDOWS\SYSTEM32\netutils.dll
0x00007ffcd4460000 - 0x00007ffcd452d000 	C:\WINDOWS\System32\OLEAUT32.dll
0x00007ffccfc90000 - 0x00007ffcd0433000 	C:\WINDOWS\SYSTEM32\windows.storage.dll
0x00007ffcd2660000 - 0x00007ffcd278b000 	C:\WINDOWS\System32\ole32.dll
0x00007ffcd22e0000 - 0x00007ffcd2353000 	C:\WINDOWS\System32\WINTRUST.dll
0x00007ffcd2360000 - 0x00007ffcd24bd000 	C:\WINDOWS\System32\CRYPT32.dll
0x00007ffcbe4e0000 - 0x00007ffcbe590000 	C:\WINDOWS\WinSxS\amd64_microsoft.windows.common-controls_6595b64144ccf1df_5.82.19041.4355_none_792ecafd2442822f\COMCTL32.dll
0x00007ffcd1640000 - 0x00007ffcd166b000 	C:\WINDOWS\SYSTEM32\Wldp.dll
0x00007ffccb1b0000 - 0x00007ffccb1cd000 	C:\WINDOWS\SYSTEM32\dhcpcsvc.DLL
0x00007ffcd3f80000 - 0x00007ffcd3faf000 	C:\WINDOWS\System32\IMM32.DLL
0x00007ffcd17d0000 - 0x00007ffcd17e2000 	C:\WINDOWS\SYSTEM32\MSASN1.dll
0x00007ffccfb00000 - 0x00007ffccfb12000 	C:\WINDOWS\SYSTEM32\kernel.appcore.dll
0x00007ffc59550000 - 0x00007ffc59a67000 	D:\Xilinx\Vivado\2019.1\lib\win64.o\librdi_commontasks.dll
0x00007ffccc830000 - 0x00007ffccc83a000 	C:\WINDOWS\SYSTEM32\VERSION.dll
0x0000000053170000 - 0x0000000053b95000 	D:\Xilinx\Vivado\2019.1\tps\win64\jre9.0.4\bin\server\jvm.dll
0x00007ffc84a40000 - 0x00007ffc84cc6000 	D:\Xilinx\Vivado\2019.1\lib\win64.o\librdi_sio.dll
0x00007ffcd2fb0000 - 0x00007ffcd2fb8000 	C:\WINDOWS\System32\PSAPI.DLL
0x00007ffcbe0e0000 - 0x00007ffcbe107000 	C:\WINDOWS\SYSTEM32\WINMM.dll
0x00007ffcd1030000 - 0x00007ffcd106b000 	C:\WINDOWS\SYSTEM32\IPHLPAPI.DLL
0x00007ffc96bc0000 - 0x00007ffc96caf000 	C:\WINDOWS\SYSTEM32\MSVCR120.dll
0x00007ffcd13a0000 - 0x00007ffcd140c000 	C:\WINDOWS\SYSTEM32\MSWSOCK.DLL
0x00007ffc57090000 - 0x00007ffc5954c000 	D:\Xilinx\Vivado\2019.1\lib\win64.o\librdi_tcltasks.dll
0x00007ffc56c80000 - 0x00007ffc57088000 	D:\Xilinx\Vivado\2019.1\lib\win64.o\librdi_bitstream.dll
0x00007ffcb1970000 - 0x00007ffcb19e8000 	D:\Xilinx\Vivado\2019.1\lib\win64.o\librdi_boarddep.dll
0x00007ffc8bb10000 - 0x00007ffc8bca1000 	D:\Xilinx\Vivado\2019.1\lib\win64.o\librdi_board.dll
0x00007ffc926f0000 - 0x00007ffc927db000 	D:\Xilinx\Vivado\2019.1\lib\win64.o\librdi_chipscope.dll
0x00007ffc55290000 - 0x00007ffc56c7a000 	D:\Xilinx\Vivado\2019.1\lib\win64.o\librdi_constraints.dll
0x00007ffc88370000 - 0x00007ffc8852d000 	D:\Xilinx\Vivado\2019.1\lib\win64.o\librdi_chipscopeimpl.dll
0x00007ffc4e340000 - 0x00007ffc501f1000 	D:\Xilinx\Vivado\2019.1\lib\win64.o\librdi_coregen.dll
0x00007ffc8aa80000 - 0x00007ffc8abd6000 	D:\Xilinx\Vivado\2019.1\lib\win64.o\librdi_containers.dll
0x00007ffc4d610000 - 0x00007ffc4dcea000 	D:\Xilinx\Vivado\2019.1\lib\win64.o\librdi_coregenipxact.dll
0x00007ffc50ac0000 - 0x00007ffc54b03000 	D:\Xilinx\Vivado\2019.1\lib\win64.o\librdi_designutils.dll
0x00007ffc507a0000 - 0x00007ffc50abe000 	D:\Xilinx\Vivado\2019.1\lib\win64.o\librdi_dlyest.dll
0x00007ffc306c0000 - 0x00007ffc42aec000 	D:\Xilinx\Vivado\2019.1\lib\win64.o\librdi_device.dll
0x00007ffc4dcf0000 - 0x00007ffc4e33d000 	D:\Xilinx\Vivado\2019.1\lib\win64.o\librdi_filemgmt.dll
0x00007ffc9d800000 - 0x00007ffc9d8c4000 	D:\Xilinx\Vivado\2019.1\lib\win64.o\librdi_dsp.dll
0x00007ffc50200000 - 0x00007ffc5079a000 	D:\Xilinx\Vivado\2019.1\lib\win64.o\librdi_drc.dll
0x00007ffc5f390000 - 0x00007ffc5f673000 	D:\Xilinx\Vivado\2019.1\lib\win64.o\librdi_guitools.dll
0x00007ffc48e80000 - 0x00007ffc4a440000 	D:\Xilinx\Vivado\2019.1\lib\win64.o\librdi_implflow.dll
0x00007ffc4cff0000 - 0x00007ffc4d605000 	D:\Xilinx\Vivado\2019.1\lib\win64.o\librdi_memdata.dll
0x00007ffcab000000 - 0x00007ffcab065000 	D:\Xilinx\Vivado\2019.1\lib\win64.o\librdi_hdf.dll
0x00007ffca19c0000 - 0x00007ffca1a33000 	D:\Xilinx\Vivado\2019.1\lib\win64.o\librdi_memoryarray.dll
0x00007ffc46190000 - 0x00007ffc48e76000 	D:\Xilinx\Vivado\2019.1\lib\win64.o\librdi_mig.dll
0x00007ffcb15c0000 - 0x00007ffcb160b000 	D:\Xilinx\Vivado\2019.1\lib\win64.o\librdi_pfi.dll
0x00007ffc45ae0000 - 0x00007ffc46182000 	D:\Xilinx\Vivado\2019.1\lib\win64.o\librdi_netlist.dll
0x00007ffc2d930000 - 0x00007ffc2ffa6000 	D:\Xilinx\Vivado\2019.1\lib\win64.o\librdi_place.dll
0x00007ffc4cce0000 - 0x00007ffc4cfef000 	D:\Xilinx\Vivado\2019.1\lib\win64.o\librdi_platform.dll
0x00007ffc45390000 - 0x00007ffc45ada000 	D:\Xilinx\Vivado\2019.1\lib\win64.o\librdi_power.dll
0x00007ffc44e10000 - 0x00007ffc4538f000 	D:\Xilinx\Vivado\2019.1\lib\win64.o\librdi_project.dll
0x00007ffc2d220000 - 0x00007ffc2d929000 	D:\Xilinx\Vivado\2019.1\lib\win64.o\librdi_psta.dll
0x00007ffc2ffb0000 - 0x00007ffc306b6000 	D:\Xilinx\Vivado\2019.1\lib\win64.o\librdi_rsb.dll
0x00007ffc2ce20000 - 0x00007ffc2d211000 	D:\Xilinx\Vivado\2019.1\lib\win64.o\librdi_runs.dll
0x00007ffc91740000 - 0x00007ffc9183a000 	D:\Xilinx\Vivado\2019.1\lib\win64.o\librdi_runsbase.dll
0x00007ffc55030000 - 0x00007ffc55286000 	D:\Xilinx\Vivado\2019.1\lib\win64.o\librdi_simdata.dll
0x00007ffc2c000000 - 0x00007ffc2ce11000 	D:\Xilinx\Vivado\2019.1\lib\win64.o\librdi_timing.dll
0x00007ffc85110000 - 0x00007ffc85282000 	D:\Xilinx\Vivado\2019.1\lib\win64.o\librdi_advchipscopeimpl.dll
0x00007ffcb0620000 - 0x00007ffcb066c000 	D:\Xilinx\Vivado\2019.1\lib\win64.o\libboost_serialization.dll
0x00007ffc95690000 - 0x00007ffc95752000 	D:\Xilinx\Vivado\2019.1\lib\win64.o\librdi_ipconfig_readwrite.dll
0x00007ffc6aaa0000 - 0x00007ffc6ac3f000 	D:\Xilinx\Vivado\2019.1\lib\win64.o\librdi_hip_devdesign.dll
0x00007ffcabad0000 - 0x00007ffcabb13000 	D:\Xilinx\Vivado\2019.1\lib\win64.o\librdi_noc_frameworks.dll
0x00007ffc2a570000 - 0x00007ffc2b0b7000 	D:\Xilinx\Vivado\2019.1\lib\win64.o\libverific.dll
0x00007ffc976b0000 - 0x00007ffc9774e000 	D:\Xilinx\Vivado\2019.1\lib\win64.o\libise.dll
0x00007ffc2bc10000 - 0x00007ffc2bff5000 	D:\Xilinx\Vivado\2019.1\lib\win64.o\librdi_hip_config.dll
0x00007ffc2b6c0000 - 0x00007ffc2bc0e000 	D:\Xilinx\Vivado\2019.1\lib\win64.o\librdi_xdm.dll
0x00007ffc2b0c0000 - 0x00007ffc2b6bc000 	D:\Xilinx\Vivado\2019.1\lib\win64.o\librdi_wavedata.dll
0x00007ffcabe30000 - 0x00007ffcabe70000 	D:\Xilinx\Vivado\2019.1\lib\win64.o\librdi_wavedata_SimpleApi.dll
0x00007ffc29180000 - 0x00007ffc2a30d000 	D:\Xilinx\Vivado\2019.1\lib\win64.o\librdi_route.dll
0x00007ffca3ec0000 - 0x00007ffca3eff000 	D:\Xilinx\Vivado\2019.1\lib\win64.o\librdi_schedmon.dll

VM Arguments:
jvm_args: -Dsun.java2d.pmoffscreen=false -Dsun.java2d.xrender=false -Dsun.java2d.d3d=false -Dsun.awt.nopixfmt=true -Dsun.java2d.dpiaware=true -Dsun.java2d.uiScale.enabled=false -Xverify:none -Dswing.aatext=true -XX:-UsePerfData -Djdk.map.althashing.threshold=512 -XX:StringTableSize=4072 --add-opens=java.base/java.nio=ALL-UNNAMED --add-opens=java.desktop/sun.swing=ALL-UNNAMED --add-opens=java.desktop/javax.swing=ALL-UNNAMED --add-opens=java.desktop/javax.swing.tree=ALL-UNNAMED --add-opens=java.desktop/javax.swing.plaf.basic=ALL-UNNAMED --add-opens=java.desktop/javax.swing.plaf.synth=ALL-UNNAMED --add-opens=java.desktop/com.sun.awt=ALL-UNNAMED -XX:NewSize=60m -XX:MaxNewSize=60m -Xms128m -Xmx3072m -Xss5m 
java_command: <unknown>
java_class_path (initial): D:/Xilinx/Vivado/2019.1\lib\classes\alloy.jar;D:/Xilinx/Vivado/2019.1\lib\classes\autopilot.scelaborator.jar;D:/Xilinx/Vivado/2019.1\lib\classes\autopilot.sourceprocessor.jar;D:/Xilinx/Vivado/2019.1\lib\classes\autopilot.tbprocessor.jar;D:/Xilinx/Vivado/2019.1\lib\classes\batik-anim.jar;D:/Xilinx/Vivado/2019.1\lib\classes\batik-awt-util.jar;D:/Xilinx/Vivado/2019.1\lib\classes\batik-bridge.jar;D:/Xilinx/Vivado/2019.1\lib\classes\batik-codec.jar;D:/Xilinx/Vivado/2019.1\lib\classes\batik-css.jar;D:/Xilinx/Vivado/2019.1\lib\classes\batik-dom.jar;D:/Xilinx/Vivado/2019.1\lib\classes\batik-ext.jar;D:/Xilinx/Vivado/2019.1\lib\classes\batik-gui-util.jar;D:/Xilinx/Vivado/2019.1\lib\classes\batik-gvt.jar;D:/Xilinx/Vivado/2019.1\lib\classes\batik-parser.jar;D:/Xilinx/Vivado/2019.1\lib\classes\batik-script.jar;D:/Xilinx/Vivado/2019.1\lib\classes\batik-svg-dom.jar;D:/Xilinx/Vivado/2019.1\lib\classes\batik-swing.jar;D:/Xilinx/Vivado/2019.1\lib\classes\batik-transcoder.jar;D:/Xilinx/Vivado/2019.1\lib\classes\batik-util.jar;D:/Xilinx/Vivado/2019.1\lib\classes\batik-xml.jar;D:/Xilinx/Vivado/2019.1\lib\classes\com.google.gson_2.7.0.v20170129-0911.jar;D:/Xilinx/Vivado/2019.1\lib\classes\com.google.guava_21.0.0.v20170206-1425.jar;D:/Xilinx/Vivado/2019.1\lib\classes\com.google.inject_3.0.0.v201605172100.jar;D:/Xilinx/Vivado/2019.1\lib\classes\com.ibm.icu_4.4.2.v20110208.jar;D:/Xilinx/Vivado/2019.1\lib\classes\com.sigasi.hdt.annotations.runtime_4.3.0.201903071210.jar;D:/Xilinx/Vivado/2019.1\lib\classes\com.sigasi.hdt.blockdiagram.model_4.3.0.201903071210.jar;D:/Xilinx/Vivado/2019.1\lib\classes\com.sigasi.hdt.connection_4.3.0.201903071210.jar;D:/Xilinx/Vivado/2019.1\lib\classes\com.sigasi.hdt.dependencies.model_4.3.0.201903071210.jar;D:/Xilinx/Vivado/2019.1\lib\classes\com.sigasi.hdt.epl_4.3.0.201903071210.jar;D:/Xilinx/Vivado/2019.1\lib\classes\com.sigasi.hdt.graphics.model_4.3.0.201903071210.jar;D:/Xilinx/Vivado/2019.1\lib\classes\com.sigasi.hdt.project_4.3.0
Launcher Type: generic

Logging:
Log output configuration:
#0: stdout all=warning uptime,level,tags
#1: stderr all=off uptime,level,tags

Environment Variables:
JAVA_HOME=D:\JAVA\jdk-11.0.9
PATH=D:/Xilinx/Vivado/2019.1/bin;D:/Xilinx/Vivado/2019.1/lib/win64.o;D:/Xilinx/Vivado/2019.1/tps/win64/jre9.0.4/bin/server;D:/Xilinx/Vivado/2019.1/tps/win64/jre9.0.4/bin;D:/Xilinx/SDK/2019.1/bin;D:/Xilinx/Vivado/2019.1/ids_lite/ISE/bin/nt64;D:/Xilinx/Vivado/2019.1/ids_lite/ISE/lib/nt64;F:\openjdk\bin;F:\VMWare_Workstation\bin\;D:\JAVA\jdk-11.0.9\bin;C:\Program Files\Common Files\Oracle\Java\javapath;C:\windows\system32;C:\windows;C:\windows\System32\Wbem;C:\windows\System32\WindowsPowerShell\v1.0\;C:\windows\System32\OpenSSH\;C:\Program Files (x86)\NVIDIA Corporation\PhysX\Common;C:\Program Files\NVIDIA Corporation\NVIDIA NvDLISR;E:\bin;D:\JAVA\apache-maven-3.8.5\bin;D:\Sumo\bin\;D:\Sumo\tools\;D:\calibre2\;D:\Git\cmd;E:\texlive\2023\bin\windows;E:\anaconda3;E:\anaconda3\Library\mingw-w64\bin;E:\anaconda3\Library\usr\bin;E:\anaconda3\Library\bin;E:\anaconda3\Scripts;D:\Anaconda;D:\Anaconda\Library\mingw-w64\bin;D:\Anaconda\Library\usr\bin;D:\Anaconda\Library\bin;D:\Anaconda\Scripts;D:\python\Scripts\;D:\python\;C:\Users\lxy\AppData\Local\Microsoft\WindowsApps;F:\Tencent\QQGameTempest\Hall.58036\;F:\Quartus\modelsim_ae\win32aloem;F:\FPGA_yh\Modelsim\win64;E:\Microsoft VS Code\bin;D:/Xilinx/Vivado/2019.1\tps\mingw\6.2.0\win64.o\nt\bin;D:/Xilinx/Vivado/2019.1\tps\mingw\6.2.0\win64.o\nt\libexec\gcc\x86_64-w64-mingw32\6.2.0;D:/Xilinx/Vivado/2019.1\tps\win64\python-2.7.5;D:/Xilinx/Vivado/2019.1\tps\win64\python-2.7.5\lib;D:/Xilinx/Vivado/2019.1\tps\win64\python-2.7.5\Lib\lib-tk;D:/Xilinx/Vivado/2019.1\tps\win64\python-2.7.5\lib\site-packages
USERNAME=lxy
OS=Windows_NT
PROCESSOR_IDENTIFIER=Intel64 Family 6 Model 165 Stepping 2, GenuineIntel



---------------  S Y S T E M  ---------------

OS: Windows 10 , 64 bit Build 19041 (10.0.19041.5794)

CPU:total 12 (initial active 12) (6 cores per cpu, 2 threads per core) family 6 model 165 stepping 2, cmov, cx8, fxsr, mmx, sse, sse2, sse3, ssse3, sse4.1, sse4.2, popcnt, avx, avx2, aes, clmul, erms, 3dnowpref, lzcnt, ht, tsc, tscinvbit, bmi1, bmi2, adx, fma

Memory: 4k page, physical 16547960k(7615256k free), swap 20742264k(9292492k free)

vm_info: Java HotSpot(TM) 64-Bit Server VM (9.0.4+11) for windows-amd64 JRE (9.0.4+11), built on Dec 20 2017 02:18:54 by "mach5one" with MS VC++ 12.0 (VS2013)

END.
